[32m2023-11-05 15:45:48 INFO (MainThread) [scrapy.utils.log] Scrapy 2.11.0 started (bot: scrapybot)[0m
[32m2023-11-05 15:45:48 INFO (MainThread) [scrapy.utils.log] Versions: lxml 4.9.3.0, libxml2 2.10.3, cssselect 1.2.0, parsel 1.8.1, w3lib 2.1.2, Twisted 22.10.0, Python 3.10.12 (main, Jun 11 2023, 05:26:28) [GCC 11.4.0], pyOpenSSL 23.2.0 (OpenSSL 3.1.3 19 Sep 2023), cryptography 41.0.4, Platform Linux-5.15.90.1-microsoft-standard-WSL2-x86_64-with-glibc2.35[0m
[32m2023-11-05 15:45:48 INFO (MainThread) [scrapy.addons] Enabled addons:
[][0m
[33m2023-11-05 15:45:48 WARNING (MainThread) [py.warnings] /home/js/.local/lib/python3.10/site-packages/scrapy/utils/request.py:254: ScrapyDeprecationWarning: '2.6' is a deprecated value for the 'REQUEST_FINGERPRINTER_IMPLEMENTATION' setting.

It is also the default value. In other words, it is normal to get this warning if you have not defined a value for the 'REQUEST_FINGERPRINTER_IMPLEMENTATION' setting. This is so for backward compatibility reasons, but it will change in a future version of Scrapy.

See the documentation of the 'REQUEST_FINGERPRINTER_IMPLEMENTATION' setting for information on how to handle this deprecation.
  return cls(crawler)
[0m
[36m2023-11-05 15:45:48 DEBUG (MainThread) [scrapy.utils.log] Using reactor: twisted.internet.epollreactor.EPollReactor[0m
[32m2023-11-05 15:45:48 INFO (MainThread) [scrapy.extensions.telnet] Telnet Password: 553be14ac89c950c[0m
[32m2023-11-05 15:45:48 INFO (MainThread) [scrapy.middleware] Enabled extensions:
['scrapy.extensions.corestats.CoreStats',
 'scrapy.extensions.telnet.TelnetConsole',
 'scrapy.extensions.memusage.MemoryUsage',
 'scrapy.extensions.logstats.LogStats'][0m
[32m2023-11-05 15:45:48 INFO (MainThread) [scrapy.crawler] Overridden settings:
{'CONCURRENT_REQUESTS_PER_DOMAIN': 1,
 'DEPTH_PRIORITY': 1,
 'DOWNLOAD_DELAY': 0.5,
 'DOWNLOAD_TIMEOUT': 20,
 'ROBOTSTXT_OBEY': True,
 'SCHEDULER_DISK_QUEUE': 'scrapy.squeues.PickleFifoDiskQueue',
 'SCHEDULER_MEMORY_QUEUE': 'scrapy.squeues.FifoMemoryQueue'}[0m
[33m2023-11-05 15:45:48 WARNING (MainThread) [scrapy.middleware] Disabled scrapy_selenium.SeleniumMiddleware: SELENIUM_DRIVER_NAME and SELENIUM_DRIVER_EXECUTABLE_PATH must be set[0m
[32m2023-11-05 15:45:48 INFO (MainThread) [scrapy.middleware] Enabled downloader middlewares:
['scrapy.downloadermiddlewares.robotstxt.RobotsTxtMiddleware',
 'scrapy.downloadermiddlewares.httpauth.HttpAuthMiddleware',
 'scrapy.downloadermiddlewares.downloadtimeout.DownloadTimeoutMiddleware',
 'scrapy.downloadermiddlewares.defaultheaders.DefaultHeadersMiddleware',
 'scrapy.downloadermiddlewares.useragent.UserAgentMiddleware',
 'scrapy.downloadermiddlewares.retry.RetryMiddleware',
 'scrapy.downloadermiddlewares.redirect.MetaRefreshMiddleware',
 'scrapy.downloadermiddlewares.httpcompression.HttpCompressionMiddleware',
 'scrapy.downloadermiddlewares.redirect.RedirectMiddleware',
 'scrapy.downloadermiddlewares.cookies.CookiesMiddleware',
 'scrapy.downloadermiddlewares.httpproxy.HttpProxyMiddleware',
 'scrapy.downloadermiddlewares.stats.DownloaderStats'][0m
[32m2023-11-05 15:45:48 INFO (MainThread) [scrapy.middleware] Enabled spider middlewares:
['scrapy.spidermiddlewares.httperror.HttpErrorMiddleware',
 'scrapy.spidermiddlewares.offsite.OffsiteMiddleware',
 'scrapy.spidermiddlewares.referer.RefererMiddleware',
 'scrapy.spidermiddlewares.urllength.UrlLengthMiddleware',
 'scrapy.spidermiddlewares.depth.DepthMiddleware'][0m
[32m2023-11-05 15:45:48 INFO (MainThread) [scrapy.middleware] Enabled item pipelines:
[][0m
[32m2023-11-05 15:45:48 INFO (MainThread) [scrapy.core.engine] Spider opened[0m
[32m2023-11-05 15:45:48 INFO (MainThread) [scrapy.extensions.logstats] Crawled 0 pages (at 0 pages/min), scraped 0 items (at 0 items/min)[0m
[32m2023-11-05 15:45:48 INFO (MainThread) [scrapy.extensions.telnet] Telnet console listening on 127.0.0.1:6023[0m
[32m2023-11-05 15:45:48 INFO (MainThread) [website_downloader] ----------download started-----------[0m
[32m2023-11-05 15:45:48 INFO (MainThread) [website_downloader] Working on JeremyDRodden->House->https://www.jeremyrodden.com[0m
[36m2023-11-05 15:45:49 DEBUG (MainThread) [scrapy.core.engine] Crawled (301) <GET https://www.jeremyrodden.com/robots.txt> (referer: None)[0m
[36m2023-11-05 15:45:49 DEBUG (MainThread) [scrapy.core.engine] Crawled (301) <GET https://www.jeremyrodden.com> (referer: None)[0m
[36m2023-11-05 15:45:49 DEBUG (MainThread) [website_downloader] https://www.jeremyrodden.com, 301, https://www.jeremyrodden.com[0m
[31m2023-11-05 15:45:49 ERROR (MainThread) [website_downloader] 301 error on url https://www.jeremyrodden.com
[0m
[32m2023-11-05 15:45:49 INFO (MainThread) [website_downloader] Saving https://www.jeremyrodden.com, Path -> html/House/JeremyDRodden/www.jeremyrodden.com16992171495833657[0m
[36m2023-11-05 15:45:49 DEBUG (MainThread) [charset_normalizer] Encoding detection on empty bytes, assuming utf_8 intention.[0m
[36m2023-11-05 15:45:49 DEBUG (MainThread) [website_downloader] No Links... https://www.jeremyrodden.com, https://www.jeremyrodden.com, 301[0m
[32m2023-11-05 15:45:49 INFO (MainThread) [scrapy.core.engine] Closing spider (finished)[0m
[32m2023-11-05 15:45:49 INFO (MainThread) [scrapy.statscollectors] Dumping Scrapy stats:
{'downloader/request_bytes': 806,
 'downloader/request_count': 2,
 'downloader/request_method_count/GET': 2,
 'downloader/response_bytes': 598,
 'downloader/response_count': 2,
 'downloader/response_status_count/301': 2,
 'elapsed_time_seconds': 0.776621,
 'finish_reason': 'finished',
 'finish_time': datetime.datetime(2023, 11, 5, 20, 45, 49, 585498, tzinfo=datetime.timezone.utc),
 'log_count/DEBUG': 6,
 'log_count/ERROR': 1,
 'log_count/INFO': 13,
 'log_count/WARNING': 2,
 'memusage/max': 117379072,
 'memusage/startup': 117379072,
 'response_received_count': 2,
 'robotstxt/request_count': 1,
 'robotstxt/response_count': 1,
 'robotstxt/response_status_count/301': 1,
 'scheduler/dequeued': 1,
 'scheduler/dequeued/memory': 1,
 'scheduler/enqueued': 1,
 'scheduler/enqueued/memory': 1,
 'start_time': datetime.datetime(2023, 11, 5, 20, 45, 48, 808877, tzinfo=datetime.timezone.utc)}[0m
[32m2023-11-05 15:45:49 INFO (MainThread) [scrapy.core.engine] Spider closed (finished)[0m
[32m2023-11-05 15:45:49 INFO (MainThread) [website_downloader] ----Time taken in seconds----:0.8711912631988525[0m
