[32m2024-03-13 19:43:40 INFO (MainThread) [form_extractor] Starting form_extractor[0m
[36m2024-03-13 19:43:40 DEBUG (MainThread) [form_extractor] Working on PatrickAHope,House[0m
[36m2024-03-13 19:43:55 DEBUG (MainThread) [form_extractor] extracted fields for PatrickAHope-House:['zip code', 'doorknock', 'phone', 'email', 'phonebank', 'first name', 'other', 'last name'][0m
[36m2024-03-13 19:43:55 DEBUG (MainThread) [form_extractor] Working on AdeleYMcClure,House[0m
[36m2024-03-13 19:43:57 DEBUG (MainThread) [utils] Skipping html\House\AdeleYMcClure\javascript as it is a directory.[0m
[36m2024-03-13 19:43:57 DEBUG (MainThread) [form_extractor] extracted fields for AdeleYMcClure-House:['message to the campaign', 'postal code', 'phone banking', 'phone', 'how would you like to volunteer?', 'email', 'door knocking', 'first name', 'layout', 'hosting event', 'preferred language', 'other', 'last name'][0m
[36m2024-03-13 19:43:57 DEBUG (MainThread) [form_extractor] Working on AlfonsoHLopez,House[0m
[36m2024-03-13 19:44:01 DEBUG (MainThread) [utils] Skipping html\House\AlfonsoHLopez\javascript as it is a directory.[0m
[36m2024-03-13 19:44:11 DEBUG (MainThread) [form_extractor] extracted fields for AlfonsoHLopez-House:['', 'social media blitz', 'address', 'host fundraiser', 'email', 'first name', 'make calls', 'knock on doors', 'message', 'last name'][0m
[36m2024-03-13 19:44:11 DEBUG (MainThread) [form_extractor] Working on CharnieleLHerring,House[0m
[36m2024-03-13 19:44:12 DEBUG (MainThread) [utils] Skipping html\House\CharnieleLHerring\javascript as it is a directory.[0m
[36m2024-03-13 19:44:14 DEBUG (MainThread) [form_extractor] extracted fields for CharnieleLHerring-House:['indicates required field', 'comment', 'email', 'first', 'name', 'last'][0m
[36m2024-03-13 19:44:14 DEBUG (MainThread) [form_extractor] Working on ElizabethBBennett-Parker,House[0m
[36m2024-03-13 19:44:14 DEBUG (MainThread) [utils] Skipping html\House\ElizabethBBennett-Parker\javascript as it is a directory.[0m
[36m2024-03-13 19:44:16 DEBUG (MainThread) [form_extractor] extracted fields for ElizabethBBennett-Parker-House:[][0m
[36m2024-03-13 19:44:16 DEBUG (MainThread) [form_extractor] Working on RichardCRipSullivanJr,House[0m
[36m2024-03-13 19:44:16 DEBUG (MainThread) [utils] Skipping html\House\RichardCRipSullivanJr\pdfs as it is a directory.[0m
[36m2024-03-13 19:44:17 DEBUG (MainThread) [utils] Skipping html\House\RichardCRipSullivanJr\javascript as it is a directory.[0m
[36m2024-03-13 19:44:18 DEBUG (MainThread) [form_extractor] extracted fields for RichardCRipSullivanJr-House:['email', 'phone', 'first name', 'last name'][0m
[36m2024-03-13 19:44:18 DEBUG (MainThread) [form_extractor] Working on KarenAKeys-Gamarra,House[0m
[36m2024-03-13 19:44:53 DEBUG (MainThread) [form_extractor] extracted fields for KarenAKeys-Gamarra-House:[][0m
[36m2024-03-13 19:44:53 DEBUG (MainThread) [form_extractor] Working on KarrieKDelaney,House[0m
[36m2024-03-13 19:44:53 DEBUG (MainThread) [utils] Skipping html\House\KarrieKDelaney\javascript as it is a directory.[0m
[36m2024-03-13 19:44:55 DEBUG (MainThread) [form_extractor] extracted fields for KarrieKDelaney-House:['indicates required field', 'sign up for our newsletter', 'volunteer', 'comment', 'email', 'first', 'choose any', 'name', 'last'][0m
[36m2024-03-13 19:44:55 DEBUG (MainThread) [form_extractor] Working on NhanCHuynh,House[0m
[36m2024-03-13 19:44:56 DEBUG (MainThread) [utils] Skipping html\House\NhanCHuynh\javascript as it is a directory.[0m
[36m2024-03-13 19:44:56 DEBUG (MainThread) [form_extractor] extracted fields for NhanCHuynh-House:['zip code', 'street address', 'city', 'host an event or fundraiser', 'request a yard sign or bumper sticker', 'phone', 'knock on doors', 'email(required)', 'first', 'attend campaign events', 'how would you like to help?', 'name', 'sign up for campaign updates', 'other', 'last', 'make phone calls'][0m
[36m2024-03-13 19:44:56 DEBUG (MainThread) [form_extractor] Working on DanIHelmer,House[0m
[36m2024-03-13 19:44:57 DEBUG (MainThread) [form_extractor] extracted fields for DanIHelmer-House:[][0m
[36m2024-03-13 19:44:57 DEBUG (MainThread) [form_extractor] Working on JamesAThomasJr,House[0m
[36m2024-03-13 19:44:57 DEBUG (MainThread) [utils] Skipping html\House\JamesAThomasJr\javascript as it is a directory.[0m
[36m2024-03-13 19:44:58 DEBUG (MainThread) [form_extractor] extracted fields for JamesAThomasJr-House:[][0m
[36m2024-03-13 19:44:58 DEBUG (MainThread) [form_extractor] Working on DavidLBulova,House[0m
[36m2024-03-13 19:44:58 DEBUG (MainThread) [form_extractor] extracted fields for DavidLBulova-House:[][0m
[36m2024-03-13 19:44:58 DEBUG (MainThread) [form_extractor] Working on AlmiraMohammed,House[0m
[36m2024-03-13 19:44:58 DEBUG (MainThread) [utils] Skipping html\House\AlmiraMohammed\javascript as it is a directory.[0m
[36m2024-03-13 19:44:58 DEBUG (MainThread) [form_extractor] extracted fields for AlmiraMohammed-House:['zip code', 'other volunteer', 'host a meet and greet', 'last name (required)', 'knock doors', 'email (required)', 'email', 'zip code (required)', 'first name', 'first name (required)', 'cell phone (required)', 'cell phone', 'host a fundraiser', 'social media warrior', 'make phone calls', 'last name'][0m
[36m2024-03-13 19:44:58 DEBUG (MainThread) [form_extractor] Working on HollyMSeibold,House[0m
[36m2024-03-13 19:45:03 DEBUG (MainThread) [utils] Skipping html\House\HollyMSeibold\javascript as it is a directory.[0m
[36m2024-03-13 19:45:16 DEBUG (MainThread) [form_extractor] extracted fields for HollyMSeibold-House:['enter your name', 'enter your email', 'message', 'enter your subject'][0m
[36m2024-03-13 19:45:16 DEBUG (MainThread) [form_extractor] Working on MarcusBSimon,House[0m
[36m2024-03-13 19:45:17 DEBUG (MainThread) [utils] Skipping html\House\MarcusBSimon\javascript as it is a directory.[0m
[36m2024-03-13 19:45:18 DEBUG (MainThread) [form_extractor] extracted fields for MarcusBSimon-House:[][0m
[36m2024-03-13 19:45:18 DEBUG (MainThread) [form_extractor] Working on DaveACranceJr,House[0m
[36m2024-03-13 19:45:19 DEBUG (MainThread) [utils] Skipping html\House\DaveACranceJr\javascript as it is a directory.[0m
[36m2024-03-13 19:45:22 DEBUG (MainThread) [form_extractor] extracted fields for DaveACranceJr-House:['other', 'hosting a meet-and-greet', 'yard sign', 'email', 'door knocking', 'first name', 'subject', 'making phone calls / texts', 'message', 'last name'][0m
[36m2024-03-13 19:45:22 DEBUG (MainThread) [form_extractor] Working on VivianEWatts,House[0m
[36m2024-03-13 19:45:22 DEBUG (MainThread) [utils] Skipping html\House\VivianEWatts\pdfs as it is a directory.[0m
[36m2024-03-13 19:45:23 DEBUG (MainThread) [utils] Skipping html\House\VivianEWatts\javascript as it is a directory.[0m
[36m2024-03-13 19:45:26 DEBUG (MainThread) [form_extractor] extracted fields for VivianEWatts-House:[][0m
[36m2024-03-13 19:45:26 DEBUG (MainThread) [form_extractor] Working on MarcusTEvans,House[0m
[36m2024-03-13 19:45:36 DEBUG (MainThread) [form_extractor] extracted fields for MarcusTEvans-House:['name', 'email', 'message', 'subject'][0m
[36m2024-03-13 19:45:36 DEBUG (MainThread) [form_extractor] Working on PaulEKrizek,House[0m
[36m2024-03-13 19:45:46 DEBUG (MainThread) [utils] Skipping html\House\PaulEKrizek\pdfs as it is a directory.[0m
