[32m2023-11-28 23:10:36 INFO (MainThread) [__main__] Starting form_extractor[0m
[36m2023-11-28 23:10:36 DEBUG (MainThread) [__main__] Working on PatrickAHope,House[0m
[36m2023-11-28 23:10:50 DEBUG (MainThread) [__main__] extracted fields for PatrickAHope-House:['Last Name', 'Phone', 'Phonebank', 'Doorknock', 'First Name', 'Other', 'Email', 'Zip Code'][0m
[36m2023-11-28 23:10:50 DEBUG (MainThread) [__main__] Working on AdeleYMcClure,House[0m
[36m2023-11-28 23:10:51 DEBUG (MainThread) [utils] Skipping html\House\AdeleYMcClure\javascript as it is a directory.[0m
[36m2023-11-28 23:10:51 DEBUG (MainThread) [__main__] extracted fields for AdeleYMcClure-House:['\n\n\n\n\n\nPhone Banking\n', 'Last Name', '\n\n\n\n\n\nDoor Knocking\n', 'Email *', 'Preferred Language', 'Layout', 'Phone', 'Message to the Campaign', '\n\n\n\n\n\nHosting Event\n', 'First Name', '\n\n\n\n\n\nOther\n', 'How would you like to volunteer?', 'Other', 'Postal Code'][0m
[36m2023-11-28 23:10:51 DEBUG (MainThread) [__main__] Working on AlfonsoHLopez,House[0m
[36m2023-11-28 23:10:54 DEBUG (MainThread) [utils] Skipping html\House\AlfonsoHLopez\javascript as it is a directory.[0m
[36m2023-11-28 23:11:00 DEBUG (MainThread) [__main__] extracted fields for AlfonsoHLopez-House:['', 'Address', 'Knock on Doors', 'Message', 'Last Name', 'Make Calls', 'Social Media Blitz', 'First Name', 'Host Fundraiser', 'Email'][0m
[36m2023-11-28 23:11:00 DEBUG (MainThread) [__main__] Working on MajorMikeWebb,House[0m
[36m2023-11-28 23:11:00 DEBUG (MainThread) [__main__] extracted fields for MajorMikeWebb-House:[][0m
[36m2023-11-28 23:11:00 DEBUG (MainThread) [__main__] Working on CharnieleLHerring,House[0m
[36m2023-11-28 23:11:01 DEBUG (MainThread) [utils] Skipping html\House\CharnieleLHerring\javascript as it is a directory.[0m
[36m2023-11-28 23:11:03 DEBUG (MainThread) [__main__] extracted fields for CharnieleLHerring-House:['First', 'Email *', '* Indicates required field', 'Last', 'Name *', 'Comment *'][0m
[36m2023-11-28 23:11:03 DEBUG (MainThread) [__main__] Working on ElizabethBBennett-Parker,House[0m
[36m2023-11-28 23:11:03 DEBUG (MainThread) [utils] Skipping html\House\ElizabethBBennett-Parker\javascript as it is a directory.[0m
[36m2023-11-28 23:11:04 DEBUG (MainThread) [__main__] extracted fields for ElizabethBBennett-Parker-House:[][0m
[36m2023-11-28 23:11:04 DEBUG (MainThread) [__main__] Working on RichardCRipSullivanJr,House[0m
[36m2023-11-28 23:11:05 DEBUG (MainThread) [utils] Skipping html\House\RichardCRipSullivanJr\pdfs as it is a directory.[0m
[36m2023-11-28 23:11:05 DEBUG (MainThread) [utils] Skipping html\House\RichardCRipSullivanJr\javascript as it is a directory.[0m
[36m2023-11-28 23:11:06 DEBUG (MainThread) [__main__] extracted fields for RichardCRipSullivanJr-House:['\n\t\t\t\t\t\t\t\tEmail\t\t\t\t\t\t\t', '\n\t\t\t\t\t\t\t\tFirst Name\t\t\t\t\t\t\t', '\n\t\t\t\t\t\t\t\tLast Name\t\t\t\t\t\t\t', '\n\t\t\t\t\t\t\t\tPhone\t\t\t\t\t\t\t'][0m
[36m2023-11-28 23:11:06 DEBUG (MainThread) [__main__] Working on KarenAKeys-Gamarra,House[0m
[36m2023-11-28 23:11:36 DEBUG (MainThread) [__main__] extracted fields for KarenAKeys-Gamarra-House:[][0m
[36m2023-11-28 23:11:36 DEBUG (MainThread) [__main__] Working on LuellenHoffmanMaskeny,House[0m
[36m2023-11-28 23:11:36 DEBUG (MainThread) [__main__] extracted fields for LuellenHoffmanMaskeny-House:[][0m
[36m2023-11-28 23:11:36 DEBUG (MainThread) [__main__] Working on KarrieKDelaney,House[0m
[36m2023-11-28 23:11:36 DEBUG (MainThread) [utils] Skipping html\House\KarrieKDelaney\javascript as it is a directory.[0m
[36m2023-11-28 23:11:38 DEBUG (MainThread) [__main__] extracted fields for KarrieKDelaney-House:['First', 'Email *', 'Sign Up For Our Newsletter', 'Volunteer', '* Indicates required field', 'Choose Any *', 'Last', 'Name *', 'Comment *'][0m
[36m2023-11-28 23:11:38 DEBUG (MainThread) [__main__] Working on NhanCHuynh,House[0m
[36m2023-11-28 23:11:39 DEBUG (MainThread) [utils] Skipping html\House\NhanCHuynh\javascript as it is a directory.[0m
[36m2023-11-28 23:11:39 DEBUG (MainThread) [__main__] extracted fields for NhanCHuynh-House:['First', 'Street Address', 'Sign up for campaign updates', 'Name', 'Knock on doors', 'Request a yard sign or bumper sticker', 'Other', 'Phone', 'Email(Required)', 'How would you like to help?', 'ZIP Code', 'Last', 'Host an event or fundraiser', 'Make phone calls', 'Attend campaign events', 'City'][0m
[36m2023-11-28 23:11:39 DEBUG (MainThread) [__main__] Working on DanIHelmer,House[0m
[36m2023-11-28 23:11:39 DEBUG (MainThread) [__main__] extracted fields for DanIHelmer-House:[][0m
[36m2023-11-28 23:11:39 DEBUG (MainThread) [__main__] Working on JamesAThomasJr,House[0m
[36m2023-11-28 23:11:40 DEBUG (MainThread) [utils] Skipping html\House\JamesAThomasJr\javascript as it is a directory.[0m
[36m2023-11-28 23:11:40 DEBUG (MainThread) [__main__] extracted fields for JamesAThomasJr-House:[][0m
[36m2023-11-28 23:11:40 DEBUG (MainThread) [__main__] Working on DavidLBulova,House[0m
[36m2023-11-28 23:11:40 DEBUG (MainThread) [__main__] extracted fields for DavidLBulova-House:[][0m
[36m2023-11-28 23:11:40 DEBUG (MainThread) [__main__] Working on AlmiraMohammed,House[0m
[36m2023-11-28 23:11:40 DEBUG (MainThread) [utils] Skipping html\House\AlmiraMohammed\javascript as it is a directory.[0m
[36m2023-11-28 23:11:41 DEBUG (MainThread) [__main__] extracted fields for AlmiraMohammed-House:['\n        Cell Phone\n    ', '\n\n\n\n\n\n        Social Media Warrior\n    \n', '\n        Zip Code (Required)\n    ', '\n        First Name (Required)\n    ', '\n        Last Name\n    ', '\n        Last Name (Required)\n    ', '\n        Cell Phone (Required)\n    ', '\n\n\n\n\n\n        Knock Doors\n    \n', '\n\n\n\n\n\n        Make Phone Calls\n    \n', '\n\n\n\n\n\n        Host a Meet and Greet\n    \n', '\n\n\n\n\n\n        Host a Fundraiser\n    \n', '\n        Email\n    ', '\n        First Name\n    ', '\n        Zip Code\n    ', '\n\n\n\n\n\n        Other Volunteer\n    \n', '\n        Email (Required)\n    '][0m
[36m2023-11-28 23:11:41 DEBUG (MainThread) [__main__] Working on HollyMSeibold,House[0m
[36m2023-11-28 23:11:44 DEBUG (MainThread) [utils] Skipping html\House\HollyMSeibold\javascript as it is a directory.[0m
[36m2023-11-28 23:11:54 DEBUG (MainThread) [__main__] extracted fields for HollyMSeibold-House:['Enter Your Email', 'Message', 'Enter Your Subject', 'Enter Your Name '][0m
[36m2023-11-28 23:11:54 DEBUG (MainThread) [__main__] Working on MarcusBSimon,House[0m
[36m2023-11-28 23:11:55 DEBUG (MainThread) [utils] Skipping html\House\MarcusBSimon\javascript as it is a directory.[0m
[36m2023-11-28 23:11:56 DEBUG (MainThread) [__main__] extracted fields for MarcusBSimon-House:[][0m
[36m2023-11-28 23:11:56 DEBUG (MainThread) [__main__] Working on DaveACranceJr,House[0m
[36m2023-11-28 23:11:57 DEBUG (MainThread) [utils] Skipping html\House\DaveACranceJr\javascript as it is a directory.[0m
[36m2023-11-28 23:11:59 DEBUG (MainThread) [__main__] extracted fields for DaveACranceJr-House:['\n              Subject\n              \n                *\n', '\n\nLast Name\n', '\n              Email\n              \n                *\n', ' Door Knocking', ' Making Phone Calls / Texts', ' Other', ' Yard Sign', '\n\nFirst Name\n', '\n              Message\n              \n                *\n', ' Hosting a Meet-and-Greet'][0m
[36m2023-11-28 23:11:59 DEBUG (MainThread) [__main__] Working on VivianEWatts,House[0m
[36m2023-11-28 23:11:59 DEBUG (MainThread) [utils] Skipping html\House\VivianEWatts\pdfs as it is a directory.[0m
[36m2023-11-28 23:12:00 DEBUG (MainThread) [utils] Skipping html\House\VivianEWatts\javascript as it is a directory.[0m
[36m2023-11-28 23:12:02 DEBUG (MainThread) [__main__] extracted fields for VivianEWatts-House:[][0m
[36m2023-11-28 23:12:02 DEBUG (MainThread) [__main__] Working on LauraJaneHCohen,House[0m
[36m2023-11-28 23:12:02 DEBUG (MainThread) [__main__] extracted fields for LauraJaneHCohen-House:[][0m
[36m2023-11-28 23:12:02 DEBUG (MainThread) [__main__] Working on MarcusTEvans,House[0m
[36m2023-11-28 23:12:08 DEBUG (MainThread) [__main__] extracted fields for MarcusTEvans-House:['Subject', 'Name', 'Email', 'Message'][0m
[36m2023-11-28 23:12:08 DEBUG (MainThread) [__main__] Working on PaulEKrizek,House[0m
[36m2023-11-28 23:12:14 DEBUG (MainThread) [utils] Skipping html\House\PaulEKrizek\pdfs as it is a directory.[0m
