[32m2023-11-28 23:45:55 INFO (MainThread) [__main__] Starting form_extractor[0m
[36m2023-11-28 23:45:55 DEBUG (MainThread) [__main__] Working on PatrickAHope,House[0m
[36m2023-11-28 23:45:57 DEBUG (MainThread) [__main__] extracted fields for PatrickAHope-House:[][0m
[36m2023-11-28 23:45:57 DEBUG (MainThread) [__main__] Working on AdeleYMcClure,House[0m
[36m2023-11-28 23:45:57 DEBUG (MainThread) [__main__] extracted fields for AdeleYMcClure-House:[][0m
[36m2023-11-28 23:45:57 DEBUG (MainThread) [__main__] Working on AlfonsoHLopez,House[0m
[36m2023-11-28 23:45:59 DEBUG (MainThread) [utils] Skipping html\House\AlfonsoHLopez\javascript as it is a directory.[0m
[36m2023-11-28 23:46:06 DEBUG (MainThread) [__main__] extracted fields for AlfonsoHLopez-House:['', 'Social Media Blitz', 'Host Fundraiser', 'Address', 'Last Name', 'Email', 'Knock on Doors', 'Message', 'First Name', 'Make Calls'][0m
[36m2023-11-28 23:46:06 DEBUG (MainThread) [__main__] Working on MajorMikeWebb,House[0m
[36m2023-11-28 23:46:06 DEBUG (MainThread) [__main__] extracted fields for MajorMikeWebb-House:[][0m
[36m2023-11-28 23:46:06 DEBUG (MainThread) [__main__] Working on CharnieleLHerring,House[0m
[36m2023-11-28 23:46:06 DEBUG (MainThread) [__main__] extracted fields for CharnieleLHerring-House:[][0m
[36m2023-11-28 23:46:06 DEBUG (MainThread) [__main__] Working on ElizabethBBennett-Parker,House[0m
[36m2023-11-28 23:46:06 DEBUG (MainThread) [utils] Skipping html\House\ElizabethBBennett-Parker\javascript as it is a directory.[0m
[36m2023-11-28 23:46:08 DEBUG (MainThread) [__main__] extracted fields for ElizabethBBennett-Parker-House:[][0m
[36m2023-11-28 23:46:08 DEBUG (MainThread) [__main__] Working on RichardCRipSullivanJr,House[0m
[36m2023-11-28 23:46:08 DEBUG (MainThread) [utils] Skipping html\House\RichardCRipSullivanJr\pdfs as it is a directory.[0m
[36m2023-11-28 23:46:08 DEBUG (MainThread) [utils] Skipping html\House\RichardCRipSullivanJr\javascript as it is a directory.[0m
[36m2023-11-28 23:46:09 DEBUG (MainThread) [__main__] extracted fields for RichardCRipSullivanJr-House:['\n\t\t\t\t\t\t\t\tLast Name\t\t\t\t\t\t\t', '\n\t\t\t\t\t\t\t\tPhone\t\t\t\t\t\t\t', '\n\t\t\t\t\t\t\t\tEmail\t\t\t\t\t\t\t', '\n\t\t\t\t\t\t\t\tFirst Name\t\t\t\t\t\t\t'][0m
[36m2023-11-28 23:46:09 DEBUG (MainThread) [__main__] Working on KarenAKeys-Gamarra,House[0m
[36m2023-11-28 23:46:10 DEBUG (MainThread) [__main__] extracted fields for KarenAKeys-Gamarra-House:[][0m
[36m2023-11-28 23:46:10 DEBUG (MainThread) [__main__] Working on LuellenHoffmanMaskeny,House[0m
[36m2023-11-28 23:46:10 DEBUG (MainThread) [__main__] extracted fields for LuellenHoffmanMaskeny-House:[][0m
[36m2023-11-28 23:46:10 DEBUG (MainThread) [__main__] Working on KarrieKDelaney,House[0m
[36m2023-11-28 23:46:10 DEBUG (MainThread) [utils] Skipping html\House\KarrieKDelaney\javascript as it is a directory.[0m
