[32m2023-11-28 23:28:48 INFO (MainThread) [__main__] Starting form_extractor[0m
[36m2023-11-28 23:28:48 DEBUG (MainThread) [__main__] Working on PatrickAHope,House[0m
[36m2023-11-28 23:28:49 DEBUG (MainThread) [__main__] extracted fields for PatrickAHope-House:['Doorknock', 'Last Name', 'First Name', 'Phone', 'Phonebank', 'Other', 'Zip Code', 'Email'][0m
[36m2023-11-28 23:28:49 DEBUG (MainThread) [__main__] Working on AdeleYMcClure,House[0m
[36m2023-11-28 23:28:49 DEBUG (MainThread) [utils] Skipping html/House/AdeleYMcClure/javascript as it is a directory.[0m
[36m2023-11-28 23:28:49 DEBUG (MainThread) [__main__] extracted fields for AdeleYMcClure-House:['Email *', 'Last Name', 'Door Knocking', 'First Name', 'Postal Code', 'Phone', 'Phone Banking', 'Other', 'Message to the Campaign', 'Layout', 'How would you like to volunteer?', 'Preferred Language', 'Hosting Event'][0m
[36m2023-11-28 23:28:49 DEBUG (MainThread) [__main__] Working on AlfonsoHLopez,House[0m
[36m2023-11-28 23:28:49 DEBUG (MainThread) [utils] Skipping html/House/AlfonsoHLopez/javascript as it is a directory.[0m
[36m2023-11-28 23:28:50 DEBUG (MainThread) [__main__] extracted fields for AlfonsoHLopez-House:['Make Calls', '', 'Message', 'Last Name', 'First Name', 'Host Fundraiser', 'Address', 'Social Media Blitz', 'Email', 'Knock on Doors'][0m
[36m2023-11-28 23:28:50 DEBUG (MainThread) [__main__] Working on MajorMikeWebb,House[0m
[36m2023-11-28 23:28:50 DEBUG (MainThread) [__main__] extracted fields for MajorMikeWebb-House:[][0m
[36m2023-11-28 23:28:50 DEBUG (MainThread) [__main__] Working on CharnieleLHerring,House[0m
[36m2023-11-28 23:28:50 DEBUG (MainThread) [utils] Skipping html/House/CharnieleLHerring/javascript as it is a directory.[0m
[36m2023-11-28 23:28:50 DEBUG (MainThread) [__main__] extracted fields for CharnieleLHerring-House:['Name *', 'Last', '* Indicates required field', 'Email *', 'First', 'Comment *'][0m
[36m2023-11-28 23:28:50 DEBUG (MainThread) [__main__] Working on ElizabethBBennett-Parker,House[0m
[36m2023-11-28 23:28:50 DEBUG (MainThread) [utils] Skipping html/House/ElizabethBBennett-Parker/javascript as it is a directory.[0m
[36m2023-11-28 23:28:50 DEBUG (MainThread) [__main__] extracted fields for ElizabethBBennett-Parker-House:[][0m
[36m2023-11-28 23:28:50 DEBUG (MainThread) [__main__] Working on RichardCRipSullivanJr,House[0m
[36m2023-11-28 23:28:50 DEBUG (MainThread) [utils] Skipping html/House/RichardCRipSullivanJr/pdfs as it is a directory.[0m
[36m2023-11-28 23:28:50 DEBUG (MainThread) [utils] Skipping html/House/RichardCRipSullivanJr/javascript as it is a directory.[0m
[36m2023-11-28 23:28:50 DEBUG (MainThread) [__main__] extracted fields for RichardCRipSullivanJr-House:['Last Name', 'First Name', 'Email', 'Phone'][0m
[36m2023-11-28 23:28:50 DEBUG (MainThread) [__main__] Working on KarenAKeys-Gamarra,House[0m
[36m2023-11-28 23:28:51 DEBUG (MainThread) [__main__] extracted fields for KarenAKeys-Gamarra-House:[][0m
[36m2023-11-28 23:28:51 DEBUG (MainThread) [__main__] Working on LuellenHoffmanMaskeny,House[0m
[36m2023-11-28 23:28:51 DEBUG (MainThread) [__main__] extracted fields for LuellenHoffmanMaskeny-House:[][0m
[36m2023-11-28 23:28:51 DEBUG (MainThread) [__main__] Working on KarrieKDelaney,House[0m
[36m2023-11-28 23:28:51 DEBUG (MainThread) [utils] Skipping html/House/KarrieKDelaney/javascript as it is a directory.[0m
[36m2023-11-28 23:28:51 DEBUG (MainThread) [__main__] extracted fields for KarrieKDelaney-House:['Name *', 'Last', '* Indicates required field', 'Email *', 'Volunteer', 'Choose Any *', 'Sign Up For Our Newsletter', 'First', 'Comment *'][0m
[36m2023-11-28 23:28:51 DEBUG (MainThread) [__main__] Working on NhanCHuynh,House[0m
[36m2023-11-28 23:28:51 DEBUG (MainThread) [utils] Skipping html/House/NhanCHuynh/javascript as it is a directory.[0m
[36m2023-11-28 23:28:51 DEBUG (MainThread) [__main__] extracted fields for NhanCHuynh-House:['Last', 'Email(Required)', 'Knock on doors', 'Sign up for campaign updates', 'Street Address', 'Make phone calls', 'Phone', 'Host an event or fundraiser', 'City', 'Request a yard sign or bumper sticker', 'Other', 'ZIP Code', 'First', 'How would you like to help?', 'Name', 'Attend campaign events'][0m
[36m2023-11-28 23:28:51 DEBUG (MainThread) [__main__] Working on DanIHelmer,House[0m
[36m2023-11-28 23:28:51 DEBUG (MainThread) [__main__] extracted fields for DanIHelmer-House:[][0m
[36m2023-11-28 23:28:51 DEBUG (MainThread) [__main__] Working on JamesAThomasJr,House[0m
[36m2023-11-28 23:28:51 DEBUG (MainThread) [utils] Skipping html/House/JamesAThomasJr/javascript as it is a directory.[0m
[36m2023-11-28 23:28:51 DEBUG (MainThread) [__main__] extracted fields for JamesAThomasJr-House:['Email *', 'ZIP Code *', 'Host an event', 'Phone', 'Email updates', 'First Name *', 'Last Name *', 'Volunteer opportunities', 'Yard signs', "I'm interested in: (Check all that apply)"][0m
[36m2023-11-28 23:28:51 DEBUG (MainThread) [__main__] Working on DavidLBulova,House[0m
[36m2023-11-28 23:28:51 DEBUG (MainThread) [__main__] extracted fields for DavidLBulova-House:[][0m
[36m2023-11-28 23:28:51 DEBUG (MainThread) [__main__] Working on AlmiraMohammed,House[0m
[36m2023-11-28 23:28:51 DEBUG (MainThread) [utils] Skipping html/House/AlmiraMohammed/javascript as it is a directory.[0m
[36m2023-11-28 23:28:51 DEBUG (MainThread) [__main__] extracted fields for AlmiraMohammed-House:['Other Volunteer', 'First Name (Required)', 'Last Name', 'Zip Code (Required)', 'First Name', 'Cell Phone (Required)', 'Host a Fundraiser', 'Zip Code', 'Social Media Warrior', 'Cell Phone', 'Last Name (Required)', 'Host a Meet and Greet', 'Email (Required)', 'Make Phone Calls', 'Email', 'Knock Doors'][0m
[36m2023-11-28 23:28:51 DEBUG (MainThread) [__main__] Working on HollyMSeibold,House[0m
[36m2023-11-28 23:28:52 DEBUG (MainThread) [utils] Skipping html/House/HollyMSeibold/javascript as it is a directory.[0m
[36m2023-11-28 23:28:52 DEBUG (MainThread) [__main__] extracted fields for HollyMSeibold-House:['Enter Your Email', 'Enter Your Subject', 'Enter Your Name', 'Message'][0m
[36m2023-11-28 23:28:52 DEBUG (MainThread) [__main__] Working on MarcusBSimon,House[0m
[36m2023-11-28 23:28:52 DEBUG (MainThread) [utils] Skipping html/House/MarcusBSimon/javascript as it is a directory.[0m
[36m2023-11-28 23:28:52 DEBUG (MainThread) [__main__] extracted fields for MarcusBSimon-House:[][0m
[36m2023-11-28 23:28:52 DEBUG (MainThread) [__main__] Working on DaveACranceJr,House[0m
[36m2023-11-28 23:28:53 DEBUG (MainThread) [utils] Skipping html/House/DaveACranceJr/javascript as it is a directory.[0m
[36m2023-11-28 23:28:53 DEBUG (MainThread) [__main__] extracted fields for DaveACranceJr-House:['Last Name', 'Door Knocking', 'First Name', 'Other', 'Email                              *', 'Making Phone Calls / Texts', 'Hosting a Meet-and-Greet', 'Yard Sign', 'Message                              *', 'Subject                              *'][0m
[36m2023-11-28 23:28:53 DEBUG (MainThread) [__main__] Working on VivianEWatts,House[0m
[36m2023-11-28 23:28:53 DEBUG (MainThread) [utils] Skipping html/House/VivianEWatts/pdfs as it is a directory.[0m
[36m2023-11-28 23:28:53 DEBUG (MainThread) [utils] Skipping html/House/VivianEWatts/javascript as it is a directory.[0m
[36m2023-11-28 23:28:53 DEBUG (MainThread) [__main__] extracted fields for VivianEWatts-House:[][0m
[36m2023-11-28 23:28:53 DEBUG (MainThread) [__main__] Working on LauraJaneHCohen,House[0m
[36m2023-11-28 23:28:53 DEBUG (MainThread) [__main__] extracted fields for LauraJaneHCohen-House:[][0m
[36m2023-11-28 23:28:53 DEBUG (MainThread) [__main__] Working on MarcusTEvans,House[0m
[36m2023-11-28 23:28:54 DEBUG (MainThread) [__main__] extracted fields for MarcusTEvans-House:['Name', 'Email', 'Subject', 'Message'][0m
[36m2023-11-28 23:28:54 DEBUG (MainThread) [__main__] Working on PaulEKrizek,House[0m
[36m2023-11-28 23:28:55 DEBUG (MainThread) [utils] Skipping html/House/PaulEKrizek/pdfs as it is a directory.[0m
[36m2023-11-28 23:28:56 DEBUG (MainThread) [utils] Skipping html/House/PaulEKrizek/javascript as it is a directory.[0m
[36m2023-11-28 23:28:59 DEBUG (MainThread) [__main__] extracted fields for PaulEKrizek-House:['Canvassing', 'Staff the polls on election day', 'Email                              *', 'Message                              *', 'Putting up a yard sign', 'Address 1', 'Country', 'First Name', 'Host a meet and greet at your home', 'City', 'Subject                              *', '(###)', 'Zip/Postal Code', 'Help with mailings', 'Phone Banking', '###', '####', 'Address 2', 'State/Province', 'Last Name', 'Phone', 'Data entry'][0m
[36m2023-11-28 23:28:59 DEBUG (MainThread) [__main__] Working on MarkDSickles,House[0m
[36m2023-11-28 23:28:59 DEBUG (MainThread) [utils] Skipping html/House/MarkDSickles/pdfs as it is a directory.[0m
[36m2023-11-28 23:28:59 DEBUG (MainThread) [utils] Skipping html/House/MarkDSickles/javascript as it is a directory.[0m
[36m2023-11-28 23:28:59 DEBUG (MainThread) [__main__] extracted fields for MarkDSickles-House:['State', 'Last Name', 'First Name', 'Phone', 'Message for Our Office', 'City', 'Address', 'Zipcode', 'Email'][0m
[36m2023-11-28 23:28:59 DEBUG (MainThread) [__main__] Working on KathyKLTran,House[0m
[36m2023-11-28 23:29:00 DEBUG (MainThread) [utils] Skipping html/House/KathyKLTran/pdfs as it is a directory.[0m
[36m2023-11-28 23:29:01 DEBUG (MainThread) [utils] Skipping html/House/KathyKLTran/javascript as it is a directory.[0m
[36m2023-11-28 23:29:03 DEBUG (MainThread) [__main__] extracted fields for KathyKLTran-House:['State/Province', 'Zip/Postal Code', 'Country', '####', 'Last Name', 'First Name', 'City', 'Email                              *', '###', 'Address 2', '(###)', 'Address 1'][0m
[36m2023-11-28 23:29:03 DEBUG (MainThread) [__main__] Working on RoziaAJRHensonJr,House[0m
[36m2023-11-28 23:29:03 DEBUG (MainThread) [__main__] extracted fields for RoziaAJRHensonJr-House:['Canvassing', 'Last Name', 'First Name', 'Write Post Cards', 'Phone Banking', 'Host a Meet & Greet', 'Help Us Flip Virginia Blue!', 'Host a Fundraiser', 'Email'][0m
[36m2023-11-28 23:29:03 DEBUG (MainThread) [__main__] Working on Michelle-AnnELopesMaldonado,House[0m
[36m2023-11-28 23:29:03 DEBUG (MainThread) [utils] Skipping html/House/Michelle-AnnELopesMaldonado/javascript as it is a directory.[0m
[36m2023-11-28 23:29:03 DEBUG (MainThread) [__main__] extracted fields for Michelle-AnnELopesMaldonado-House:[][0m
[36m2023-11-28 23:29:03 DEBUG (MainThread) [__main__] Working on SharonEAshurst,House[0m
[36m2023-11-28 23:29:03 DEBUG (MainThread) [__main__] extracted fields for SharonEAshurst-House:[][0m
[36m2023-11-28 23:29:03 DEBUG (MainThread) [__main__] Working on JoshEThomas,House[0m
[36m2023-11-28 23:29:03 DEBUG (MainThread) [utils] Skipping html/House/JoshEThomas/pdfs as it is a directory.[0m
[36m2023-11-28 23:29:03 DEBUG (MainThread) [utils] Skipping html/House/JoshEThomas/javascript as it is a directory.[0m
[36m2023-11-28 23:29:03 DEBUG (MainThread) [__main__] extracted fields for JoshEThomas-House:['Name', 'Email', 'Message'][0m
[36m2023-11-28 23:29:03 DEBUG (MainThread) [__main__] Working on JohnTStirrup,House[0m
[36m2023-11-28 23:29:03 DEBUG (MainThread) [utils] Skipping html/House/JohnTStirrup/javascript as it is a directory.[0m
[36m2023-11-28 23:29:03 DEBUG (MainThread) [__main__] extracted fields for JohnTStirrup-House:['First Name(Required)', 'Email(Required)', 'Display a Yard Sign', 'Phone', 'Volunteer in Office', 'Last Name(Required)', 'County(Required)', 'Make Phone Calls', 'Email', 'Knock Doors', 'Host an event'][0m
[36m2023-11-28 23:29:03 DEBUG (MainThread) [__main__] Working on TravisSNembhard,House[0m
[36m2023-11-28 23:29:03 DEBUG (MainThread) [utils] Skipping html/House/TravisSNembhard/javascript as it is a directory.[0m
[36m2023-11-28 23:29:03 DEBUG (MainThread) [__main__] extracted fields for TravisSNembhard-House:[][0m
[36m2023-11-28 23:29:03 DEBUG (MainThread) [__main__] Working on IanTravisLovejoy,House[0m
[36m2023-11-28 23:29:03 DEBUG (MainThread) [utils] Skipping html/House/IanTravisLovejoy/javascript as it is a directory.[0m
[36m2023-11-28 23:29:03 DEBUG (MainThread) [__main__] extracted fields for IanTravisLovejoy-House:['Name', 'Email', 'Email*'][0m
[36m2023-11-28 23:29:03 DEBUG (MainThread) [__main__] Working on CandiPatriceMundonKing,House[0m
[36m2023-11-28 23:29:03 DEBUG (MainThread) [__main__] extracted fields for CandiPatriceMundonKing-House:[][0m
[36m2023-11-28 23:29:03 DEBUG (MainThread) [__main__] Working on JamesVTully,House[0m
[36m2023-11-28 23:29:04 DEBUG (MainThread) [utils] Skipping html/House/JamesVTully/javascript as it is a directory.[0m
[36m2023-11-28 23:29:04 DEBUG (MainThread) [__main__] extracted fields for JamesVTully-House:['Last', 'Email(Required)', 'Knock on doors', 'Make phone calls', 'Street Address', 'Host an event or fundraiser', 'Phone', 'Comments', 'City', 'Other', 'ZIP Code', 'First', 'I would like to volunteer', 'How would you like to help?', 'Attend campaign events'][0m
[36m2023-11-28 23:29:04 DEBUG (MainThread) [__main__] Working on LukeETorian,House[0m
[36m2023-11-28 23:29:04 DEBUG (MainThread) [__main__] extracted fields for LukeETorian-House:[][0m
[36m2023-11-28 23:29:04 DEBUG (MainThread) [__main__] Working on BrianaDSewell,House[0m
[36m2023-11-28 23:29:04 DEBUG (MainThread) [utils] Skipping html/House/BrianaDSewell/javascript as it is a directory.[0m
[36m2023-11-28 23:29:04 DEBUG (MainThread) [__main__] extracted fields for BrianaDSewell-House:[][0m
[36m2023-11-28 23:29:04 DEBUG (MainThread) [__main__] Working on KannanSrinivasan,House[0m
[36m2023-11-28 23:29:04 DEBUG (MainThread) [utils] Skipping html/House/KannanSrinivasan/javascript as it is a directory.[0m
[36m2023-11-28 23:29:04 DEBUG (MainThread) [__main__] extracted fields for KannanSrinivasan-House:['Door Knocking', 'Making Phone Calls/Texts', 'Phone', 'Other', 'What are you interested in?', 'Hosting a Meet & Greet', 'Donation'][0m
[36m2023-11-28 23:29:04 DEBUG (MainThread) [__main__] Working on AtoosaRReaser,House[0m
[36m2023-11-28 23:29:04 DEBUG (MainThread) [utils] Skipping html/House/AtoosaRReaser/pdfs as it is a directory.[0m
[36m2023-11-28 23:29:04 DEBUG (MainThread) [utils] Skipping html/House/AtoosaRReaser/javascript as it is a directory.[0m
[36m2023-11-28 23:29:05 DEBUG (MainThread) [__main__] extracted fields for AtoosaRReaser-House:['First Name', 'Email', 'Zipcode'][0m
[36m2023-11-28 23:29:05 DEBUG (MainThread) [__main__] Working on ChrisKHarnisch,House[0m
[36m2023-11-28 23:29:05 DEBUG (MainThread) [__main__] extracted fields for ChrisKHarnisch-House:[][0m
[36m2023-11-28 23:29:05 DEBUG (MainThread) [__main__] Working on DavidAReid,House[0m
[36m2023-11-28 23:29:05 DEBUG (MainThread) [__main__] extracted fields for DavidAReid-House:[][0m
[36m2023-11-28 23:29:05 DEBUG (MainThread) [__main__] Working on FernandoJMartyMartinez,House[0m
[36m2023-11-28 23:29:05 DEBUG (MainThread) [__main__] extracted fields for FernandoJMartyMartinez-House:['Last Name', 'First Name', 'Phone', 'ZIP                              *', 'Email                              *'][0m
[36m2023-11-28 23:29:05 DEBUG (MainThread) [__main__] Working on RobertLRobBanseJr,House[0m
[36m2023-11-28 23:29:05 DEBUG (MainThread) [utils] Skipping html/House/RobertLRobBanseJr/javascript as it is a directory.[0m
[36m2023-11-28 23:29:05 DEBUG (MainThread) [__main__] extracted fields for RobertLRobBanseJr-House:[][0m
[36m2023-11-28 23:29:05 DEBUG (MainThread) [__main__] Working on GearyMHiggins,House[0m
[36m2023-11-28 23:29:05 DEBUG (MainThread) [__main__] extracted fields for GearyMHiggins-House:['Δ'][0m
[36m2023-11-28 23:29:05 DEBUG (MainThread) [__main__] Working on GraceEMorrison,House[0m
[36m2023-11-28 23:29:05 DEBUG (MainThread) [__main__] extracted fields for GraceEMorrison-House:[][0m
[36m2023-11-28 23:29:05 DEBUG (MainThread) [__main__] Working on DeloresROates,House[0m
[36m2023-11-28 23:29:06 DEBUG (MainThread) [__main__] extracted fields for DeloresROates-House:['EMAIL*', 'Zip*', 'Last Name*', 'State', 'First Name*', 'Phone', 'City', 'Address', 'Email*'][0m
[36m2023-11-28 23:29:06 DEBUG (MainThread) [__main__] Working on MadelynMadyRodriguez,House[0m
[36m2023-11-28 23:29:06 DEBUG (MainThread) [__main__] extracted fields for MadelynMadyRodriguez-House:['Name', 'Email*'][0m
[36m2023-11-28 23:29:06 DEBUG (MainThread) [__main__] Working on WilliamDBillWiley,House[0m
[36m2023-11-28 23:29:06 DEBUG (MainThread) [utils] Skipping html/House/WilliamDBillWiley/javascript as it is a directory.[0m
[36m2023-11-28 23:29:06 DEBUG (MainThread) [__main__] extracted fields for WilliamDBillWiley-House:['Occupation', 'Message', 'Last Name', 'First Name', 'Phone', 'Employer', 'Email Address', 'How can I help?', 'Name'][0m
[36m2023-11-28 23:29:06 DEBUG (MainThread) [__main__] Working on CToddGilbert,House[0m
[36m2023-11-28 23:29:06 DEBUG (MainThread) [__main__] extracted fields for CToddGilbert-House:[][0m
[36m2023-11-28 23:29:06 DEBUG (MainThread) [__main__] Working on TonyOWilt,House[0m
[36m2023-11-28 23:29:06 DEBUG (MainThread) [__main__] extracted fields for TonyOWilt-House:[][0m
[36m2023-11-28 23:29:06 DEBUG (MainThread) [__main__] Working on ChrisSRunion,House[0m
[36m2023-11-28 23:29:06 DEBUG (MainThread) [__main__] extracted fields for ChrisSRunion-House:['Last Name', 'First Name', 'Email                              *', '###', 'Subject                              *', 'Message                              *', '####', '(###)'][0m
[36m2023-11-28 23:29:06 DEBUG (MainThread) [__main__] Working on RandallKWolf,House[0m
[36m2023-11-28 23:29:07 DEBUG (MainThread) [__main__] extracted fields for RandallKWolf-House:[][0m
[36m2023-11-28 23:29:07 DEBUG (MainThread) [__main__] Working on EllenHCampbell,House[0m
[36m2023-11-28 23:29:07 DEBUG (MainThread) [utils] Skipping html/House/EllenHCampbell/javascript as it is a directory.[0m
[36m2023-11-28 23:29:07 DEBUG (MainThread) [__main__] extracted fields for EllenHCampbell-House:['', 'Street Address Line 2', 'Go Door-to-Door', 'Host a Meet-and-Greet', 'Message', 'Last Name*', 'First Name*', 'Write Letters to the Editor', 'Phone Number*', 'City*', 'Zip Code*', 'Street Address*', 'State*', 'Attend Rallies', 'Make Phone Calls', 'Display a Yard Sign', 'Email Address*'][0m
[36m2023-11-28 23:29:07 DEBUG (MainThread) [__main__] Working on SSamRasoul,House[0m
[36m2023-11-28 23:29:08 DEBUG (MainThread) [__main__] extracted fields for SSamRasoul-House:['', 'Need a hand?', 'Send a Letter to the Editor', 'Host a Virtual Event', 'Volunteer', 'Host an In-Person Event', 'Send Texts', 'Knock Doors', 'Make Phone Calls through Democratic Promise'][0m
[36m2023-11-28 23:29:08 DEBUG (MainThread) [__main__] Working on WilliamPDavis,House[0m
[36m2023-11-28 23:29:08 DEBUG (MainThread) [__main__] extracted fields for WilliamPDavis-House:['Display a yard sign', 'Address                              *', 'Last Name', 'Knock on doors', 'First Name', 'Make phone calls', 'Email                              *', 'YES, I want a yard sign!', '###', '####', '(###)', 'Leave Us a Message!'][0m
[36m2023-11-28 23:29:08 DEBUG (MainThread) [__main__] Working on JosephPJoeMcNamara,House[0m
[36m2023-11-28 23:29:08 DEBUG (MainThread) [utils] Skipping html/House/JosephPJoeMcNamara/javascript as it is a directory.[0m
[36m2023-11-28 23:29:08 DEBUG (MainThread) [__main__] extracted fields for JosephPJoeMcNamara-House:['Country', 'State/Province/Region', 'Last Name', 'First Name', 'City', 'Address', 'Postal / Zip Code', 'Locality', 'Email Address *', 'Address Line 2'][0m
[36m2023-11-28 23:29:08 DEBUG (MainThread) [__main__] Working on LillianVFranklin,House[0m
[36m2023-11-28 23:29:08 DEBUG (MainThread) [__main__] extracted fields for LillianVFranklin-House:[][0m
[36m2023-11-28 23:29:08 DEBUG (MainThread) [__main__] Working on JChristianChrisObenshain,House[0m
[36m2023-11-28 23:29:08 DEBUG (MainThread) [utils] Skipping html/House/JChristianChrisObenshain/pdfs as it is a directory.[0m
[36m2023-11-28 23:29:08 DEBUG (MainThread) [utils] Skipping html/House/JChristianChrisObenshain/javascript as it is a directory.[0m
[36m2023-11-28 23:29:09 DEBUG (MainThread) [__main__] extracted fields for JChristianChrisObenshain-House:['State/Province', 'Zip/Postal Code', 'Country', 'Last Name', 'Request a Yard Sign', 'First Name', 'Send Chris a Message', 'City', 'Email                              *', '###', 'Host a Meet and Greet', '####', '(###)', 'Address 1', 'Address 2'][0m
[36m2023-11-28 23:29:09 DEBUG (MainThread) [__main__] Working on JasonSBallard,House[0m
[36m2023-11-28 23:29:09 DEBUG (MainThread) [utils] Skipping html/House/JasonSBallard/javascript as it is a directory.[0m
[36m2023-11-28 23:29:09 DEBUG (MainThread) [__main__] extracted fields for JasonSBallard-House:['Last', 'State', 'Street Address', 'Comments', 'Phone', 'Yes', 'City', 'Phone Number*', 'Zip Code', 'Mobile Number', 'ZIP Code', 'First', 'County/City*', 'Name', 'Email', 'Email*', 'Address Line 2'][0m
[36m2023-11-28 23:29:09 DEBUG (MainThread) [__main__] Working on JamesWWillMorefield,House[0m
[36m2023-11-28 23:29:09 DEBUG (MainThread) [__main__] extracted fields for JamesWWillMorefield-House:[][0m
[36m2023-11-28 23:29:09 DEBUG (MainThread) [__main__] Working on IsraelDO'Quinn,House[0m
[36m2023-11-28 23:29:09 DEBUG (MainThread) [__main__] extracted fields for IsraelDO'Quinn-House:[][0m
[36m2023-11-28 23:29:09 DEBUG (MainThread) [__main__] Working on TerryGKilgore,House[0m
[36m2023-11-28 23:29:09 DEBUG (MainThread) [__main__] extracted fields for TerryGKilgore-House:['Street Address Line 2', 'Last Name*', 'First Name*', 'Phone Number*', 'City*', 'Zip Code*', 'Street Address*', 'State*', 'Email Address*'][0m
[36m2023-11-28 23:29:09 DEBUG (MainThread) [__main__] Working on WrenMWilliams,House[0m
[36m2023-11-28 23:29:10 DEBUG (MainThread) [utils] Skipping html/House/WrenMWilliams/javascript as it is a directory.[0m
[36m2023-11-28 23:29:10 DEBUG (MainThread) [__main__] extracted fields for WrenMWilliams-House:['Last', 'State', 'Street Address', 'Comments', 'Phone', 'City', 'Zip Code', 'Mobile Number', 'ZIP Code', 'First', 'Δ', 'Address', 'Name', 'Email', 'Email*'][0m
[36m2023-11-28 23:29:10 DEBUG (MainThread) [__main__] Working on LesRAdams,House[0m
[36m2023-11-28 23:29:10 DEBUG (MainThread) [utils] Skipping html/House/LesRAdams/pdfs as it is a directory.[0m
[36m2023-11-28 23:29:10 DEBUG (MainThread) [utils] Skipping html/House/LesRAdams/javascript as it is a directory.[0m
[36m2023-11-28 23:29:11 DEBUG (MainThread) [__main__] extracted fields for LesRAdams-House:['Last', 'CAPTCHA', 'State', 'Street Address', 'Phone*', 'City', 'ZIP Code', 'First', 'Δ', 'Question/Comment?*', 'Email*', 'Address Line 2'][0m
[36m2023-11-28 23:29:11 DEBUG (MainThread) [__main__] Working on CMattFariss,House[0m
[36m2023-11-28 23:29:13 DEBUG (MainThread) [utils] Skipping html/House/CMattFariss/pdfs as it is a directory.[0m
[36m2023-11-28 23:29:15 DEBUG (MainThread) [utils] Skipping html/House/CMattFariss/javascript as it is a directory.[0m
[36m2023-11-28 23:29:24 DEBUG (MainThread) [__main__] extracted fields for CMattFariss-House:['I want to be an intern', 'Address (Street, City, State, Postal code)', 'Contact', "Don't publish my responses on the website", '50 miles', 'Mobile phone', 'Organization / Company (optional)', 'I want to pay the following in 1234 installments', 'Send me email updates', "Don't publish my donation on the website.", 'Email', 'Country', '5 miles', 'Send me text message updates', 'Optional email code', 'I want to be a precinct captain', 'First Name', '100 miles', 'When is a good time to call?', '10 miles', "Don't post this publicly", '$250', 'Email Address', '$2,500', 'Send me text messages', 'Remember me', 'I will host a house party', 'Your Title (optional)', 'Mobile phone (optional)', 'I want to volunteer', "I will walk neighborhoods and knock on voters' doors", 'Holding the line against higher taxes', 'Improving health care', 'Other $', 'I will call voters.', '$50', 'Fighting ObamaCare and federal government overreach', "Don't publish this on the website", '1 mile', 'Making higher education more affordable and accessible', 'Send email updates', 'When are you available? (optional)', 'Improving K-12 education', 'Comments, other ideas, etc. (optional)', '25 miles', 'Cutting wasteful government spending', 'Improving transportation', 'Last Name', 'I will stuff envelopes', 'Phone', '$100', '$1,000', 'Creating jobs and improving the economy', 'Password', '$25', 'My organization is making the endorsement'][0m
[36m2023-11-28 23:29:24 DEBUG (MainThread) [__main__] Working on JenniferKWoofter,House[0m
[36m2023-11-28 23:29:24 DEBUG (MainThread) [utils] Skipping html/House/JenniferKWoofter/javascript as it is a directory.[0m
[36m2023-11-28 23:29:24 DEBUG (MainThread) [__main__] extracted fields for JenniferKWoofter-House:['Get a yard sign', 'Anything else we should know?', 'Host a meet and greet', 'Last Name', 'Knock on doors', 'First Name', 'Make phone calls', 'Help with digital outreach', 'Do general volunteering', 'Email                              *', 'Email Address', '###', '####', '(###)'][0m
[36m2023-11-28 23:29:24 DEBUG (MainThread) [__main__] Working on WendellSWalker,House[0m
[36m2023-11-28 23:29:24 DEBUG (MainThread) [utils] Skipping html/House/WendellSWalker/javascript as it is a directory.[0m
[36m2023-11-28 23:29:25 DEBUG (MainThread) [__main__] extracted fields for WendellSWalker-House:['Message', 'Last Name', 'First Name', 'Phone', 'Address', "I consent to receive SMS Messages from Wendell Walker for Delegate. Message & data rates may apply. Reply 'STOP' to unsubscribe. Reply 'HELP' for help. Privacy Policy:", 'Email'][0m
[36m2023-11-28 23:29:25 DEBUG (MainThread) [__main__] Working on TimothyPGriffin,House[0m
[36m2023-11-28 23:29:25 DEBUG (MainThread) [__main__] extracted fields for TimothyPGriffin-House:[][0m
[36m2023-11-28 23:29:25 DEBUG (MainThread) [__main__] Working on KatrinaECallsen,House[0m
[36m2023-11-28 23:29:26 DEBUG (MainThread) [__main__] extracted fields for KatrinaECallsen-House:['Last Name', 'First Name', 'Phone', 'Zip Code', 'Email'][0m
[36m2023-11-28 23:29:26 DEBUG (MainThread) [__main__] Working on AmyJLaufer,House[0m
[36m2023-11-28 23:29:26 DEBUG (MainThread) [utils] Skipping html/House/AmyJLaufer/javascript as it is a directory.[0m
[36m2023-11-28 23:29:26 DEBUG (MainThread) [__main__] extracted fields for AmyJLaufer-House:['Name *', 'Email *', 'Comment', 'Canvassing', 'Phone *', 'Message', 'Envelope Stuffing', 'Save my name, email, and website in this browser for the next time I comment.', 'Phone Banking', 'Host a Meet & Greet', 'Search for:', 'Questions for the Campaign', 'Yard Signs', 'Other Volunteer Duties'][0m
[36m2023-11-28 23:29:26 DEBUG (MainThread) [__main__] Working on SteveDHarvey,House[0m
[36m2023-11-28 23:29:26 DEBUG (MainThread) [utils] Skipping html/House/SteveDHarvey/javascript as it is a directory.[0m
[36m2023-11-28 23:29:26 DEBUG (MainThread) [__main__] extracted fields for SteveDHarvey-House:['Search for:'][0m
[36m2023-11-28 23:29:26 DEBUG (MainThread) [__main__] Working on ThomasATomGarrettJr,House[0m
[36m2023-11-28 23:29:26 DEBUG (MainThread) [__main__] extracted fields for ThomasATomGarrettJr-House:[][0m
[36m2023-11-28 23:29:26 DEBUG (MainThread) [__main__] Working on SusannaSGibson,House[0m
[36m2023-11-28 23:29:26 DEBUG (MainThread) [__main__] extracted fields for SusannaSGibson-House:[][0m
[36m2023-11-28 23:29:26 DEBUG (MainThread) [__main__] Working on DavidLOwen,House[0m
[36m2023-11-28 23:29:26 DEBUG (MainThread) [utils] Skipping html/House/DavidLOwen/javascript as it is a directory.[0m
[36m2023-11-28 23:29:27 DEBUG (MainThread) [__main__] extracted fields for DavidLOwen-House:['Help Make Phone Calls', 'Help Staff Events', 'Email                              *', 'Host a Fundraiser', 'Address 1', 'Country', 'First Name', 'Bumper Sticker', 'City', 'Help Knock Doors', '(###)', 'Have a Yard Sign', 'Zip/Postal Code', 'Host a Meet & Greet', '###', 'Tell us where to leave your yard sign', 'Yard Sign', '####', 'Address 2', 'State/Province', 'Last Name', 'Have A Large Yard Sign'][0m
[36m2023-11-28 23:29:27 DEBUG (MainThread) [__main__] Working on RodneyTWillett,House[0m
[36m2023-11-28 23:29:27 DEBUG (MainThread) [utils] Skipping html/House/RodneyTWillett/pdfs as it is a directory.[0m
[36m2023-11-28 23:29:28 DEBUG (MainThread) [utils] Skipping html/House/RodneyTWillett/javascript as it is a directory.[0m
[36m2023-11-28 23:29:30 DEBUG (MainThread) [__main__] extracted fields for RodneyTWillett-House:[][0m
[36m2023-11-28 23:29:30 DEBUG (MainThread) [__main__] Working on LRileyShaia,House[0m
[36m2023-11-28 23:29:30 DEBUG (MainThread) [utils] Skipping html/House/LRileyShaia/javascript as it is a directory.[0m
[36m2023-11-28 23:29:30 DEBUG (MainThread) [__main__] extracted fields for LRileyShaia-House:['Contribute', 'Make Calls', 'Email(Required)', 'Last', 'Zip Code(Required)', 'Phone Number(Required)', 'Phone(Required)', 'Zip Code', 'First', 'Write Postcards', 'Name(Required)', 'Host an Event', 'Knock Doors'][0m
[36m2023-11-28 23:29:30 DEBUG (MainThread) [__main__] Working on RachelALevy,House[0m
[36m2023-11-28 23:29:30 DEBUG (MainThread) [utils] Skipping html/House/RachelALevy/javascript as it is a directory.[0m
[36m2023-11-28 23:29:30 DEBUG (MainThread) [__main__] extracted fields for RachelALevy-House:[][0m
[36m2023-11-28 23:29:30 DEBUG (MainThread) [__main__] Working on HFBuddyFowlerJr,House[0m
[36m2023-11-28 23:29:30 DEBUG (MainThread) [utils] Skipping html/House/HFBuddyFowlerJr/pdfs as it is a directory.[0m
[36m2023-11-28 23:29:30 DEBUG (MainThread) [utils] Skipping html/House/HFBuddyFowlerJr/javascript as it is a directory.[0m
[36m2023-11-28 23:29:30 DEBUG (MainThread) [__main__] extracted fields for HFBuddyFowlerJr-House:[][0m
[36m2023-11-28 23:29:30 DEBUG (MainThread) [__main__] Working on ScottAWyatt,House[0m
[36m2023-11-28 23:29:30 DEBUG (MainThread) [__main__] extracted fields for ScottAWyatt-House:['Street Address Line 2', 'Last Name*', 'Request a Yard Sign', 'First Name*', 'Phone Number*', 'Host a Fundraiser', 'City*', 'Zip Code*', 'Street Address*', 'Host a Meet and Greet', 'State*', 'Volunteer in the Office', 'Make Phone Calls', 'Email Address*'][0m
[36m2023-11-28 23:29:30 DEBUG (MainThread) [__main__] Working on MichaelJWebert,House[0m
[36m2023-11-28 23:29:31 DEBUG (MainThread) [__main__] extracted fields for MichaelJWebert-House:['First Name(Required)', 'Email(Required)', 'Zip*', 'Last Name*', 'State', 'First Name*', 'Phone', 'City', 'Last Name(Required)', 'Δ', 'Address', 'Zip(Required)', 'Email*'][0m
[36m2023-11-28 23:29:31 DEBUG (MainThread) [__main__] Working on SaraHRatcliffe,House[0m
[36m2023-11-28 23:29:31 DEBUG (MainThread) [utils] Skipping html/House/SaraHRatcliffe/javascript as it is a directory.[0m
[36m2023-11-28 23:29:31 DEBUG (MainThread) [__main__] extracted fields for SaraHRatcliffe-House:["Don't Know", 'Yes', 'Hosting a fundraiser', 'Door-to-door voter contact', 'Email', 'Research & Writing', 'First Name', 'Are you in the 62nd District?', 'How would you like to volunteer?', 'Helping to plan other events', 'Other (please leave comments below)', 'Message', 'County Where You Live', 'No', 'Name', 'Phone banking to voters', 'Last Name', 'Phone', "Writing postcards to Sara's district", 'Data entry'][0m
[36m2023-11-28 23:29:31 DEBUG (MainThread) [__main__] Working on NickJFreitas,House[0m
[36m2023-11-28 23:29:31 DEBUG (MainThread) [utils] Skipping html/House/NickJFreitas/javascript as it is a directory.[0m
[36m2023-11-28 23:29:31 DEBUG (MainThread) [__main__] extracted fields for NickJFreitas-House:['Message to Nick:'][0m
[36m2023-11-28 23:29:31 DEBUG (MainThread) [__main__] Working on PhillipAPhilScott,House[0m
[36m2023-11-28 23:29:31 DEBUG (MainThread) [utils] Skipping html/House/PhillipAPhilScott/javascript as it is a directory.[0m
[36m2023-11-28 23:29:31 DEBUG (MainThread) [__main__] extracted fields for PhillipAPhilScott-House:['Email *', 'Comment', 'Text Message', 'Address Line 1', 'Make Phone Calls', 'Email', 'Host an Event', 'Name *', 'Receive Updates', 'Ways to Volunteer', 'ZIP', 'City', 'Zip Code', 'First', 'L_Name', 'Political Canvasing', 'Message', 'Email Subscription *', 'Mobile Number', 'Land Line', 'Name', 'Display a Yard Sign', 'Multiple Choice *', 'Last', 'Phone *', 'State', 'Phone', 'Help with Mailers', 'Search for:', 'F_Name', 'Mail'][0m
[36m2023-11-28 23:29:31 DEBUG (MainThread) [__main__] Working on LeonardBLacey,House[0m
[36m2023-11-28 23:29:31 DEBUG (MainThread) [utils] Skipping html/House/LeonardBLacey/javascript as it is a directory.[0m
[36m2023-11-28 23:29:31 DEBUG (MainThread) [__main__] extracted fields for LeonardBLacey-House:[][0m
[36m2023-11-28 23:29:31 DEBUG (MainThread) [__main__] Working on PaulVMildeIII,House[0m
[36m2023-11-28 23:29:31 DEBUG (MainThread) [__main__] extracted fields for PaulVMildeIII-House:[][0m
[36m2023-11-28 23:29:31 DEBUG (MainThread) [__main__] Working on JoshuaGCole,House[0m
[36m2023-11-28 23:29:31 DEBUG (MainThread) [utils] Skipping html/House/JoshuaGCole/javascript as it is a directory.[0m
[36m2023-11-28 23:29:31 DEBUG (MainThread) [__main__] extracted fields for JoshuaGCole-House:[][0m
[36m2023-11-28 23:29:31 DEBUG (MainThread) [__main__] Working on LeePetersIII,House[0m
[36m2023-11-28 23:29:32 DEBUG (MainThread) [utils] Skipping html/House/LeePetersIII/javascript as it is a directory.[0m
[36m2023-11-28 23:29:32 DEBUG (MainThread) [__main__] extracted fields for LeePetersIII-House:['Email(Required)', 'CAPTCHA', 'Comments', 'Last Name(Required)', 'ZIP Code', 'Email', 'Upload Your Photo', 'Street Address', 'City', 'Writing Postcards', 'Hosting an Event', 'Address Line 2', "Large Sign (5'x4')", 'Message', 'Yard Sign', 'First Name(Required)', 'State', 'Making Phone Calls', 'Phone', 'Knocking on Doors'][0m
[36m2023-11-28 23:29:32 DEBUG (MainThread) [__main__] Working on RobertDBobbyOrrockSr,House[0m
[36m2023-11-28 23:29:32 DEBUG (MainThread) [utils] Skipping html/House/RobertDBobbyOrrockSr/javascript as it is a directory.[0m
[36m2023-11-28 23:29:32 DEBUG (MainThread) [__main__] extracted fields for RobertDBobbyOrrockSr-House:[][0m
[36m2023-11-28 23:29:32 DEBUG (MainThread) [__main__] Working on RichardWKenski,House[0m
[36m2023-11-28 23:29:32 DEBUG (MainThread) [__main__] extracted fields for RichardWKenski-House:[][0m
[36m2023-11-28 23:29:32 DEBUG (MainThread) [__main__] Working on MKeithHodges,House[0m
[36m2023-11-28 23:29:32 DEBUG (MainThread) [__main__] extracted fields for MKeithHodges-House:[][0m
[36m2023-11-28 23:29:32 DEBUG (MainThread) [__main__] Working on ShellyASimonds,House[0m
[36m2023-11-28 23:29:32 DEBUG (MainThread) [__main__] extracted fields for ShellyASimonds-House:[][0m
[36m2023-11-28 23:29:32 DEBUG (MainThread) [__main__] Working on MichaelDBartley,House[0m
[36m2023-11-28 23:29:32 DEBUG (MainThread) [__main__] extracted fields for MichaelDBartley-House:[][0m
[36m2023-11-28 23:29:32 DEBUG (MainThread) [__main__] Working on MattJWaters,House[0m
[36m2023-11-28 23:29:32 DEBUG (MainThread) [__main__] extracted fields for MattJWaters-House:[][0m
[36m2023-11-28 23:29:32 DEBUG (MainThread) [__main__] Working on JessicaLAnderson,House[0m
[36m2023-11-28 23:29:32 DEBUG (MainThread) [__main__] extracted fields for JessicaLAnderson-House:[][0m
[36m2023-11-28 23:29:32 DEBUG (MainThread) [__main__] Working on AmandaEBatten,House[0m
[36m2023-11-28 23:29:32 DEBUG (MainThread) [utils] Skipping html/House/AmandaEBatten/pdfs as it is a directory.[0m
[36m2023-11-28 23:29:32 DEBUG (MainThread) [utils] Skipping html/House/AmandaEBatten/javascript as it is a directory.[0m
[36m2023-11-28 23:29:32 DEBUG (MainThread) [__main__] extracted fields for AmandaEBatten-House:['', 'Volunteer on Election Day', 'Walk Door-to-Door', 'State*', 'Other', 'Request Yard Sign', 'Zip Code*', 'Other (please specify below)', 'Street Address Line 2', 'Last Name*', 'Message', 'Host Meet and Greet', 'Phone Number*', 'Street Address*', 'Email Address*', 'Request Bumper Sticker', 'First Name*', 'Request Large Sign (3’x5′)', 'City*', 'Office work (mailings, postcard writing, etc.)'][0m
[36m2023-11-28 23:29:32 DEBUG (MainThread) [__main__] Working on RLeeWareJr,House[0m
[36m2023-11-28 23:29:32 DEBUG (MainThread) [utils] Skipping html/House/RLeeWareJr/javascript as it is a directory.[0m
[36m2023-11-28 23:29:33 DEBUG (MainThread) [__main__] extracted fields for RLeeWareJr-House:[][0m
[36m2023-11-28 23:29:33 DEBUG (MainThread) [__main__] Working on MarkLEarleyJr,House[0m
[36m2023-11-28 23:29:33 DEBUG (MainThread) [__main__] extracted fields for MarkLEarleyJr-House:['Make Calls', '', 'Host Meet & Greet', 'Write Postcards to Voters', 'Be a Precinct Captain', 'Promote on Social Media', 'Knock Doors', 'Display a Yard Sign or Bumper Sticker'][0m
[36m2023-11-28 23:29:33 DEBUG (MainThread) [__main__] Working on MichaelACherry,House[0m
[36m2023-11-28 23:29:33 DEBUG (MainThread) [__main__] extracted fields for MichaelACherry-House:['Name *', 'Email *', 'Comment', 'Last', 'Please describe your problem', 'Phone Number', 'Last Name', 'First Name', 'Save my name, email, and website in this browser for the next time I comment.', 'Website', 'Email Address', 'First'][0m
[36m2023-11-28 23:29:33 DEBUG (MainThread) [__main__] Working on StephenCMiller-PittsJr,House[0m
[36m2023-11-28 23:29:34 DEBUG (MainThread) [__main__] extracted fields for StephenCMiller-PittsJr-House:['Email address *', 'First name *', 'State/Province', 'I want a yard sign!', 'I want to knock doors!', 'Last Name', 'Street Address', 'Phone', 'Country *', 'City', 'I want to hold a fundraiser!', 'I want to host a meet and greet!', 'I want to make phone calls!', 'ZIP / Postal Code'][0m
[36m2023-11-28 23:29:34 DEBUG (MainThread) [__main__] Working on CarrieEmersonCoyner,House[0m
[36m2023-11-28 23:29:34 DEBUG (MainThread) [utils] Skipping html/House/CarrieEmersonCoyner/javascript as it is a directory.[0m
[36m2023-11-28 23:29:34 DEBUG (MainThread) [__main__] extracted fields for CarrieEmersonCoyner-House:[][0m
[36m2023-11-28 23:29:34 DEBUG (MainThread) [__main__] Working on MichaelJJones,House[0m
[36m2023-11-28 23:29:34 DEBUG (MainThread) [__main__] extracted fields for MichaelJJones-House:[][0m
[36m2023-11-28 23:29:34 DEBUG (MainThread) [__main__] Working on BetsyBCarr,House[0m
[36m2023-11-28 23:29:35 DEBUG (MainThread) [__main__] extracted fields for BetsyBCarr-House:['Last Name', 'First Name', 'Subscribe to our newsletter and to receive the latest campaign updates.', 'Yes, I can volunteer!', 'Email                              *', '###', '####', '(###)', 'Email Address                              *'][0m
[36m2023-11-28 23:29:35 DEBUG (MainThread) [__main__] Working on RaeCCousins,House[0m
[36m2023-11-28 23:29:35 DEBUG (MainThread) [utils] Skipping html/House/RaeCCousins/javascript as it is a directory.[0m
[36m2023-11-28 23:29:35 DEBUG (MainThread) [__main__] extracted fields for RaeCCousins-House:['Last Name', 'First Name', 'Email'][0m
[36m2023-11-28 23:29:35 DEBUG (MainThread) [__main__] Working on DestinyLLevereBolling,House[0m
[36m2023-11-28 23:29:35 DEBUG (MainThread) [utils] Skipping html/House/DestinyLLevereBolling/pdfs as it is a directory.[0m
[36m2023-11-28 23:29:36 DEBUG (MainThread) [utils] Skipping html/House/DestinyLLevereBolling/javascript as it is a directory.[0m
[36m2023-11-28 23:29:36 DEBUG (MainThread) [__main__] extracted fields for DestinyLLevereBolling-House:['Knock on doors and remind Democrats to vote', 'Email', 'Greet voters at a voting location on Election Day', 'First Name', 'Is there anything else you would like to add?', 'City', 'How would you like to volunteer?', 'Zipcode', 'Volunteer at an upcoming campaign event', "I'm not sure, but I want to help!", 'Host a Meet & Greet or Fundraiser', 'Make phone calls to recruit volunteers', 'Invite Destiny to an upcoming community event, place of worship, or civic league', 'State', 'Last Name', 'Phone', 'Cell Phone', 'Zip code', 'Address'][0m
[36m2023-11-28 23:29:36 DEBUG (MainThread) [__main__] Working on DeloresLMcQuinn,House[0m
[36m2023-11-28 23:29:36 DEBUG (MainThread) [__main__] extracted fields for DeloresLMcQuinn-House:[][0m
[36m2023-11-28 23:29:36 DEBUG (MainThread) [__main__] Working on KimberlyPopeAdams,House[0m
[36m2023-11-28 23:29:36 DEBUG (MainThread) [utils] Skipping html/House/KimberlyPopeAdams/javascript as it is a directory.[0m
[36m2023-11-28 23:29:36 DEBUG (MainThread) [__main__] extracted fields for KimberlyPopeAdams-House:['Canvassing', 'How are you interested in helping out the campaign?', 'Phone Banking', 'Host a Fundraiser', 'Name*'][0m
[36m2023-11-28 23:29:36 DEBUG (MainThread) [__main__] Working on KimATaylor,House[0m
[36m2023-11-28 23:29:36 DEBUG (MainThread) [utils] Skipping html/House/KimATaylor/javascript as it is a directory.[0m
[36m2023-11-28 23:29:37 DEBUG (MainThread) [__main__] extracted fields for KimATaylor-House:['Last', 'Country', 'State', 'Street Address', 'Comments', 'Phone', 'City', 'Zip Code', 'Mobile Number', 'ZIP Code', 'First', 'Δ', 'Address', 'Name', 'Email', 'Email*'][0m
[36m2023-11-28 23:29:37 DEBUG (MainThread) [__main__] Working on HOttoWachsmannJr,House[0m
[36m2023-11-28 23:29:37 DEBUG (MainThread) [__main__] extracted fields for HOttoWachsmannJr-House:['I would like a yard sign', 'Volunteer', 'Last name', 'Additional Info', 'First name', 'Last Name', 'First Name', 'Your email', 'Zip code', 'Host a Meet and Greet', 'Zipcode', 'Email'][0m
[36m2023-11-28 23:29:37 DEBUG (MainThread) [__main__] Working on NadariusEClark,House[0m
[36m2023-11-28 23:29:38 DEBUG (MainThread) [__main__] extracted fields for NadariusEClark-House:[''][0m
[36m2023-11-28 23:29:38 DEBUG (MainThread) [__main__] Working on MichaelJDillender,House[0m
[36m2023-11-28 23:29:38 DEBUG (MainThread) [utils] Skipping html/House/MichaelJDillender/javascript as it is a directory.[0m
[36m2023-11-28 23:29:38 DEBUG (MainThread) [__main__] extracted fields for MichaelJDillender-House:['Last', 'Comments', 'Phone', 'Zip Code', 'First', 'Name', 'Email', 'Email*', 'Message*'][0m
[36m2023-11-28 23:29:38 DEBUG (MainThread) [__main__] Working on MarciaSCiaPrice,House[0m
[36m2023-11-28 23:29:38 DEBUG (MainThread) [utils] Skipping html/House/MarciaSCiaPrice/pdfs as it is a directory.[0m
[36m2023-11-28 23:29:38 DEBUG (MainThread) [utils] Skipping html/House/MarciaSCiaPrice/javascript as it is a directory.[0m
[36m2023-11-28 23:29:39 DEBUG (MainThread) [__main__] extracted fields for MarciaSCiaPrice-House:['Address 2:', 'Phone:', 'I would like to volunteer with Del. Price!', 'City/Town:', "I would like to contribute to Del. Price's Campaign!", 'I would like to get updates via email', 'Email:', 'State:', 'Title:', 'Endorsement:', 'Last Name:', 'First Name:', 'Zip:', 'Subject:', 'Message:', 'Zip Code:', 'Address:'][0m
[36m2023-11-28 23:29:39 DEBUG (MainThread) [__main__] Working on ACCordoza,House[0m
[36m2023-11-28 23:29:39 DEBUG (MainThread) [__main__] extracted fields for ACCordoza-House:[][0m
[36m2023-11-28 23:29:39 DEBUG (MainThread) [__main__] Working on JeionAWard,House[0m
[36m2023-11-28 23:29:39 DEBUG (MainThread) [utils] Skipping html/House/JeionAWard/javascript as it is a directory.[0m
[36m2023-11-28 23:29:39 DEBUG (MainThread) [__main__] extracted fields for JeionAWard-House:['Your question or comment*', 'Your phone number', 'Last Name', 'Phone', 'Your name*', 'Email', 'Your preferred method to be contacted*', 'Your email address*'][0m
[36m2023-11-28 23:29:39 DEBUG (MainThread) [__main__] Working on JohnMChapman,House[0m
[36m2023-11-28 23:29:39 DEBUG (MainThread) [__main__] extracted fields for JohnMChapman-House:[][0m
[36m2023-11-28 23:29:39 DEBUG (MainThread) [__main__] Working on DonLScottJr,House[0m
[36m2023-11-28 23:29:40 DEBUG (MainThread) [utils] Skipping html/House/DonLScottJr/javascript as it is a directory.[0m
[36m2023-11-28 23:29:40 DEBUG (MainThread) [__main__] extracted fields for DonLScottJr-House:['Search'][0m
[36m2023-11-28 23:29:40 DEBUG (MainThread) [__main__] Working on NBaxterEnnis,House[0m
[36m2023-11-28 23:29:40 DEBUG (MainThread) [__main__] extracted fields for NBaxterEnnis-House:[][0m
[36m2023-11-28 23:29:40 DEBUG (MainThread) [__main__] Working on JeremyDRodden,House[0m
[36m2023-11-28 23:29:40 DEBUG (MainThread) [__main__] extracted fields for JeremyDRodden-House:['Name', 'Email*'][0m
[36m2023-11-28 23:29:40 DEBUG (MainThread) [__main__] Working on JamesAJayLeftwichJr,House[0m
[36m2023-11-28 23:29:40 DEBUG (MainThread) [__main__] extracted fields for JamesAJayLeftwichJr-House:[][0m
[36m2023-11-28 23:29:40 DEBUG (MainThread) [__main__] Working on CECliffHayesJr,House[0m
[36m2023-11-28 23:29:40 DEBUG (MainThread) [utils] Skipping html/House/CECliffHayesJr/javascript as it is a directory.[0m
[36m2023-11-28 23:29:41 DEBUG (MainThread) [__main__] extracted fields for CECliffHayesJr-House:['Message', 'Phone', 'Subject', 'Name', 'Email'][0m
[36m2023-11-28 23:29:41 DEBUG (MainThread) [__main__] Working on BonitaGraceAnthony,House[0m
[36m2023-11-28 23:29:41 DEBUG (MainThread) [__main__] extracted fields for BonitaGraceAnthony-House:[][0m
[36m2023-11-28 23:29:41 DEBUG (MainThread) [__main__] Working on JackieHopeGlass,House[0m
[36m2023-11-28 23:29:41 DEBUG (MainThread) [utils] Skipping html/House/JackieHopeGlass/javascript as it is a directory.[0m
[36m2023-11-28 23:29:41 DEBUG (MainThread) [__main__] extracted fields for JackieHopeGlass-House:['What do you want to work on?(Required)', 'Last', 'Email(Required)', 'Street Address', 'Phone', 'City', 'State / Province / Region', 'Message(Required)', 'First', 'Subject(Required)', 'ZIP / Postal Code', 'Address Line 2'][0m
[36m2023-11-28 23:29:41 DEBUG (MainThread) [__main__] Working on JohnSitkaIII,House[0m
[36m2023-11-28 23:29:41 DEBUG (MainThread) [utils] Skipping html/House/JohnSitkaIII/javascript as it is a directory.[0m
[36m2023-11-28 23:29:41 DEBUG (MainThread) [__main__] extracted fields for JohnSitkaIII-House:['Name', 'Phone', 'Email*'][0m
[36m2023-11-28 23:29:41 DEBUG (MainThread) [__main__] Working on PhilMHernandez,House[0m
[36m2023-11-28 23:29:41 DEBUG (MainThread) [__main__] extracted fields for PhilMHernandez-House:['Last Name', 'First Name', 'Phone', 'Zip Code', 'Email'][0m
[36m2023-11-28 23:29:41 DEBUG (MainThread) [__main__] Working on AndrewBAndyPittman,House[0m
[36m2023-11-28 23:29:41 DEBUG (MainThread) [__main__] extracted fields for AndrewBAndyPittman-House:['Make Calls', 'Work Polls', 'Your message', 'Admin Help', 'Get a Yard Sign', 'Knock Doors', 'Subscribe for Updates'][0m
[36m2023-11-28 23:29:41 DEBUG (MainThread) [__main__] Working on AlexQAskew,House[0m
[36m2023-11-28 23:29:41 DEBUG (MainThread) [utils] Skipping html/House/AlexQAskew/pdfs as it is a directory.[0m
[36m2023-11-28 23:29:41 DEBUG (MainThread) [utils] Skipping html/House/AlexQAskew/javascript as it is a directory.[0m
[36m2023-11-28 23:29:42 DEBUG (MainThread) [__main__] extracted fields for AlexQAskew-House:[][0m
[36m2023-11-28 23:29:42 DEBUG (MainThread) [__main__] Working on KellyKConvirs-Fowler,House[0m
[36m2023-11-28 23:29:42 DEBUG (MainThread) [__main__] extracted fields for KellyKConvirs-Fowler-House:[][0m
[36m2023-11-28 23:29:42 DEBUG (MainThread) [__main__] Working on NicholasSOlenik,House[0m
[36m2023-11-28 23:29:42 DEBUG (MainThread) [utils] Skipping html/House/NicholasSOlenik/javascript as it is a directory.[0m
[36m2023-11-28 23:29:42 DEBUG (MainThread) [__main__] extracted fields for NicholasSOlenik-House:['Email'][0m
[36m2023-11-28 23:29:42 DEBUG (MainThread) [__main__] Working on MichaelCKarslake,House[0m
[36m2023-11-28 23:29:42 DEBUG (MainThread) [__main__] extracted fields for MichaelCKarslake-House:['', 'Join the Team'][0m
[36m2023-11-28 23:29:42 DEBUG (MainThread) [__main__] Working on MichaelBFeggans,House[0m
[36m2023-11-28 23:29:42 DEBUG (MainThread) [utils] Skipping html/House/MichaelBFeggans/pdfs as it is a directory.[0m
[36m2023-11-28 23:29:42 DEBUG (MainThread) [utils] Skipping html/House/MichaelBFeggans/javascript as it is a directory.[0m
[36m2023-11-28 23:29:43 DEBUG (MainThread) [__main__] extracted fields for MichaelBFeggans-House:['Volunteer at an upcoming event', "I'm not sure, but I want to help!", 'Why are you supporting Mike for Delegate?', 'Message', 'Last Name', 'Host a meet & greet or fundraiser', 'First Name', 'How would you like to help out on the campaign?', 'Phone', 'Invite Mike to a community event', 'Zip Code', 'Knock on doors and get out the vote', 'Is there any other information you want to share with Mike and the team?', 'Make phone calls to voters', 'Email'][0m
[36m2023-11-28 23:29:43 DEBUG (MainThread) [__main__] Working on BarryDKnight,House[0m
[36m2023-11-28 23:29:43 DEBUG (MainThread) [__main__] extracted fields for BarryDKnight-House:[][0m
[36m2023-11-28 23:29:43 DEBUG (MainThread) [__main__] Working on CatAPorterfield,House[0m
[36m2023-11-28 23:29:43 DEBUG (MainThread) [utils] Skipping html/House/CatAPorterfield/javascript as it is a directory.[0m
[36m2023-11-28 23:29:44 DEBUG (MainThread) [__main__] extracted fields for CatAPorterfield-House:[][0m
[36m2023-11-28 23:29:44 DEBUG (MainThread) [__main__] Working on AnneFerrellTata,House[0m
[36m2023-11-28 23:29:44 DEBUG (MainThread) [utils] Skipping html/House/AnneFerrellTata/javascript as it is a directory.[0m
[36m2023-11-28 23:29:44 DEBUG (MainThread) [__main__] extracted fields for AnneFerrellTata-House:['First Name                                                                                                                                    *', 'Write Letters to the Editor', 'Yes', 'Email Address  *', 'If specified "Other", please explain', 'Address                                                                                                                                    *', 'Event Date                                                                                                                                    *', 'Phone Number                                                                                                                                    *', 'Requestor', 'Name Prefix/Salutation', 'Middle Name', 'Make Phone Calls', 'Is this for a publication?', 'Email', 'Go Door-to-Door', 'Type of Letter                                                                                                                                    *', 'Please enter any two digits.                                                                                                                                    *', 'Host a Meet-and-Greet', 'First Name', 'Email                                                                                                                                    *', 'Message', 'Recipient', 'Donate', 'Name Suffix', 'No', 'Display a Yard Sign', 'Description of Requested Letter:', 'Phone Number', 'Last Name', 'Last Name                                                                                                                                    *', 'Send Courtesy Letter to:                                                                                                                                    *', 'If "Other" please describe here', 'Date Letter is needed (if different from Event Date)'][0m
[36m2023-11-28 23:29:44 DEBUG (MainThread) [__main__] Working on RobertSBloxomJr,House[0m
[36m2023-11-28 23:29:44 DEBUG (MainThread) [utils] Skipping html/House/RobertSBloxomJr/javascript as it is a directory.[0m
[36m2023-11-28 23:29:44 DEBUG (MainThread) [__main__] extracted fields for RobertSBloxomJr-House:['Message', 'Last Name', 'Put a Bumper Sticker on My Car', 'First Name', 'Zip', 'Be a Precinct Captain', 'Put a Yard Sign Up', 'How can i help?', 'Work the Polls on Election Day', 'Make Phone Calls', 'Email', 'Knock on Doors'][0m
[36m2023-11-28 23:29:44 DEBUG (MainThread) [__main__] Working on EmilyGScott,Senate[0m
[36m2023-11-28 23:29:44 DEBUG (MainThread) [utils] Skipping html/Senate/EmilyGScott/javascript as it is a directory.[0m
[36m2023-11-28 23:29:44 DEBUG (MainThread) [__main__] extracted fields for EmilyGScott-Senate:['About you', 'Phone', 'Interested in', 'Voting District', 'Email', 'First & Last Name'][0m
[36m2023-11-28 23:29:44 DEBUG (MainThread) [__main__] Working on MarkDObenshain,Senate[0m
[36m2023-11-28 23:29:44 DEBUG (MainThread) [utils] Skipping html/Senate/MarkDObenshain/pdfs as it is a directory.[0m
[36m2023-11-28 23:29:44 DEBUG (MainThread) [utils] Skipping html/Senate/MarkDObenshain/javascript as it is a directory.[0m
[36m2023-11-28 23:29:45 DEBUG (MainThread) [__main__] extracted fields for MarkDObenshain-Senate:['', 'Write Letters to the Editor', 'State*', 'Attend Rallies', 'Make Phone Calls', 'Go Door-to-Door', 'Host a Meet-and-Greet', 'How can you help?', 'Zip Code*', 'Street Address Line 2', 'Last Name*', 'Message', 'Phone Number*', 'Street Address*', 'Display a Yard Sign', 'Email Address*', 'First Name*', 'Cell Phone*', 'City*'][0m
[36m2023-11-28 23:29:45 DEBUG (MainThread) [__main__] Working on JadeDHarris,Senate[0m
[36m2023-11-28 23:29:45 DEBUG (MainThread) [__main__] extracted fields for JadeDHarris-Senate:[][0m
[36m2023-11-28 23:29:45 DEBUG (MainThread) [__main__] Working on ChristopherTHead,Senate[0m
[36m2023-11-28 23:29:45 DEBUG (MainThread) [utils] Skipping html/Senate/ChristopherTHead/javascript as it is a directory.[0m
[36m2023-11-28 23:29:46 DEBUG (MainThread) [__main__] extracted fields for ChristopherTHead-Senate:['Last', 'State', 'Message', 'Street Address', 'Comments', 'Phone', 'City', 'Zip Code', 'Mobile Number', 'ZIP Code', 'First', 'Name', 'Email', 'Email*'][0m
[36m2023-11-28 23:29:46 DEBUG (MainThread) [__main__] Working on PATrishWhite-Boyd,Senate[0m
[36m2023-11-28 23:29:46 DEBUG (MainThread) [utils] Skipping html/Senate/PATrishWhite-Boyd/javascript as it is a directory.[0m
[36m2023-11-28 23:29:46 DEBUG (MainThread) [__main__] extracted fields for PATrishWhite-Boyd-Senate:[][0m
[36m2023-11-28 23:29:46 DEBUG (MainThread) [__main__] Working on DavidRobertSuetterlein,Senate[0m
[36m2023-11-28 23:29:46 DEBUG (MainThread) [__main__] extracted fields for DavidRobertSuetterlein-Senate:[][0m
[36m2023-11-28 23:29:46 DEBUG (MainThread) [__main__] Working on TTravisHackworth,Senate[0m
[36m2023-11-28 23:29:46 DEBUG (MainThread) [utils] Skipping html/Senate/TTravisHackworth/javascript as it is a directory.[0m
[36m2023-11-28 23:29:46 DEBUG (MainThread) [__main__] extracted fields for TTravisHackworth-Senate:['Locality                              *', 'Wherever needed most', 'Last Name', 'First Name', 'Host a Yard Sign', 'Email                              *', 'Host a Fundraiser', '###', 'Help with Events', 'Message                              *', 'Host a Meet and Greet', '####', '(###)', 'Knock Doors'][0m
[36m2023-11-28 23:29:46 DEBUG (MainThread) [__main__] Working on ToddEPillion,Senate[0m
[36m2023-11-28 23:29:46 DEBUG (MainThread) [utils] Skipping html/Senate/ToddEPillion/javascript as it is a directory.[0m
[36m2023-11-28 23:29:46 DEBUG (MainThread) [__main__] extracted fields for ToddEPillion-Senate:['2A (Second Amendment) rights', 'Yes', 'Comments', 'Parental rights', 'Email                              *', 'Healthcare prices', 'Tax relief', 'Phone Number                              *', 'First Name', 'Protecting the unborn', 'Other', 'Email Address', 'Do you support efforts to develop small modular nuclear energy opportunities in Southwest Virginia?', 'Address                              *', 'Do you support efforts to provide $1 billion in tax relief that Governor Youngkin proposed in his budget, which Senate Democrats blocked?', 'No', 'Do you support Democrat efforts to ban assault style weapons in Virginia which would impose upon our rights to keep and bear arms?', 'Inflation', 'Last Name'][0m
[36m2023-11-28 23:29:46 DEBUG (MainThread) [__main__] Working on DeborahIRenieGates,Senate[0m
[36m2023-11-28 23:29:47 DEBUG (MainThread) [utils] Skipping html/Senate/DeborahIRenieGates/javascript as it is a directory.[0m
[36m2023-11-28 23:29:47 DEBUG (MainThread) [__main__] extracted fields for DeborahIRenieGates-Senate:[''][0m
[36m2023-11-28 23:29:47 DEBUG (MainThread) [__main__] Working on WilliamMBillStanleyJr,Senate[0m
[36m2023-11-28 23:29:47 DEBUG (MainThread) [utils] Skipping html/Senate/WilliamMBillStanleyJr/javascript as it is a directory.[0m
[36m2023-11-28 23:29:48 DEBUG (MainThread) [__main__] extracted fields for WilliamMBillStanleyJr-Senate:['Name *', 'Email *', 'Last', 'Last Name', 'Yes', 'First Name', 'Email Address  *', 'Website', 'Email*', 'First', 'Δ', 'Your Message*', 'I would like to receive your newsletter', 'Name*', 'Comment *', 'Subject*'][0m
[36m2023-11-28 23:29:48 DEBUG (MainThread) [__main__] Working on MarkJPeake,Senate[0m
[36m2023-11-28 23:29:48 DEBUG (MainThread) [__main__] extracted fields for MarkJPeake-Senate:[][0m
[36m2023-11-28 23:29:48 DEBUG (MainThread) [__main__] Working on FrankMRuffJr,Senate[0m
[36m2023-11-28 23:29:49 DEBUG (MainThread) [utils] Skipping html/Senate/FrankMRuffJr/javascript as it is a directory.[0m
[36m2023-11-28 23:29:49 DEBUG (MainThread) [__main__] extracted fields for FrankMRuffJr-Senate:[][0m
[36m2023-11-28 23:29:49 DEBUG (MainThread) [__main__] Working on JohnJMcGuireIII,Senate[0m
[36m2023-11-28 23:29:49 DEBUG (MainThread) [__main__] extracted fields for JohnJMcGuireIII-Senate:['Message', 'Phone', 'Subject', 'Address', 'Name', 'Email'][0m
[36m2023-11-28 23:29:49 DEBUG (MainThread) [__main__] Working on RCreighDeeds,Senate[0m
[36m2023-11-28 23:29:50 DEBUG (MainThread) [utils] Skipping html/Senate/RCreighDeeds/javascript as it is a directory.[0m
[36m2023-11-28 23:29:50 DEBUG (MainThread) [__main__] extracted fields for RCreighDeeds-Senate:['Search for:'][0m
[36m2023-11-28 23:29:50 DEBUG (MainThread) [__main__] Working on GlenHSturtevantJr,Senate[0m
[36m2023-11-28 23:29:50 DEBUG (MainThread) [utils] Skipping html/Senate/GlenHSturtevantJr/javascript as it is a directory.[0m
[36m2023-11-28 23:29:50 DEBUG (MainThread) [__main__] extracted fields for GlenHSturtevantJr-Senate:['Email(Required)', 'Volunteer on Election Day', 'Comments', 'ZIP Code', 'Make Phone Calls', 'Write a Letter to the Editor', 'Volunteer at Campaign HQ', 'Street Address', 'City', 'First', 'Address Line 2', 'Spread the Word Online', 'Message(Required)', 'Name', 'Display a Yard Sign', 'Walk door-to-door', 'First Name(Required)', 'Last', 'State', 'Last Name', 'Phone'][0m
[36m2023-11-28 23:29:50 DEBUG (MainThread) [__main__] Working on LashrecseDAird,Senate[0m
[36m2023-11-28 23:29:51 DEBUG (MainThread) [__main__] extracted fields for LashrecseDAird-Senate:['Email                              *', 'Address 1', 'I want a yard sign!', 'Country', 'First Name', 'City', 'Email Address', 'I want to make phone calls!', '(###)', 'Zip/Postal Code', '###', '####', 'Address 2', 'State/Province', 'I want a barn sign!', 'I want to knock doors!', 'Last Name', 'I want to hold a fundraiser!', 'I want to host a meet and greet!'][0m
[36m2023-11-28 23:29:51 DEBUG (MainThread) [__main__] Working on EricFDitri,Senate[0m
[36m2023-11-28 23:29:51 DEBUG (MainThread) [utils] Skipping html/Senate/EricFDitri/javascript as it is a directory.[0m
[36m2023-11-28 23:29:51 DEBUG (MainThread) [__main__] extracted fields for EricFDitri-Senate:['Email Address', 'Name', 'Email', 'Email*'][0m
[36m2023-11-28 23:29:51 DEBUG (MainThread) [__main__] Working on LamontBagby,Senate[0m
[36m2023-11-28 23:29:51 DEBUG (MainThread) [utils] Skipping html/Senate/LamontBagby/javascript as it is a directory.[0m
[36m2023-11-28 23:29:51 DEBUG (MainThread) [__main__] extracted fields for LamontBagby-Senate:['Search for:'][0m
[36m2023-11-28 23:29:51 DEBUG (MainThread) [__main__] Working on GhazalaFHashmi,Senate[0m
[36m2023-11-28 23:29:51 DEBUG (MainThread) [__main__] extracted fields for GhazalaFHashmi-Senate:[][0m
[36m2023-11-28 23:29:51 DEBUG (MainThread) [__main__] Working on SchuylerTVanValkenburg,Senate[0m
[36m2023-11-28 23:29:51 DEBUG (MainThread) [utils] Skipping html/Senate/SchuylerTVanValkenburg/javascript as it is a directory.[0m
[36m2023-11-28 23:29:51 DEBUG (MainThread) [__main__] extracted fields for SchuylerTVanValkenburg-Senate:['Name', 'Email', 'Message'][0m
[36m2023-11-28 23:29:51 DEBUG (MainThread) [__main__] Working on SiobhanSDunnavant,Senate[0m
[36m2023-11-28 23:29:53 DEBUG (MainThread) [__main__] extracted fields for SiobhanSDunnavant-Senate:['Street Address Line 2', '', 'Last name', 'First name', 'Street Address', 'Postal / Zip code', 'Phone', 'City', 'Region/State/Province', 'Email'][0m
[36m2023-11-28 23:29:53 DEBUG (MainThread) [__main__] Working on ClintonLJenkins,Senate[0m
[36m2023-11-28 23:29:53 DEBUG (MainThread) [__main__] extracted fields for ClintonLJenkins-Senate:[][0m
[36m2023-11-28 23:29:53 DEBUG (MainThread) [__main__] Working on EmilyMarieBrewer,Senate[0m
[36m2023-11-28 23:29:53 DEBUG (MainThread) [__main__] extracted fields for EmilyMarieBrewer-Senate:[][0m
[36m2023-11-28 23:29:53 DEBUG (MainThread) [__main__] Working on AnthonyWTonyGoodwin,Senate[0m
[36m2023-11-28 23:29:53 DEBUG (MainThread) [__main__] extracted fields for AnthonyWTonyGoodwin-Senate:['Message', 'Last Name', 'First Name', 'Email Address', 'Name', 'Email'][0m
[36m2023-11-28 23:29:53 DEBUG (MainThread) [__main__] Working on VictoriaALuevanos,Senate[0m
[36m2023-11-28 23:29:53 DEBUG (MainThread) [utils] Skipping html/Senate/VictoriaALuevanos/javascript as it is a directory.[0m
[36m2023-11-28 23:29:54 DEBUG (MainThread) [__main__] extracted fields for VictoriaALuevanos-Senate:['Name', 'Email', 'Search', 'Message'][0m
[36m2023-11-28 23:29:54 DEBUG (MainThread) [__main__] Working on WilliamRBillDeSteph,Senate[0m
[36m2023-11-28 23:29:54 DEBUG (MainThread) [utils] Skipping html/Senate/WilliamRBillDeSteph/pdfs as it is a directory.[0m
[36m2023-11-28 23:29:54 DEBUG (MainThread) [utils] Skipping html/Senate/WilliamRBillDeSteph/javascript as it is a directory.[0m
[36m2023-11-28 23:29:54 DEBUG (MainThread) [__main__] extracted fields for WilliamRBillDeSteph-Senate:['Name*', '', 'Email *', 'How can we help you?*', 'Name', 'High School', 'State', 'ZIP', 'Street Address', 'Phone', 'City', 'First Name *', 'ZIP Code', 'Address', 'Constant Contact Use. Please leave this field blank.', 'Address - We need your address due to recent redistricting to ensure we can assist you.*', 'Email', 'Email*'][0m
[36m2023-11-28 23:29:54 DEBUG (MainThread) [__main__] Working on AngeliaWilliamsGraves,Senate[0m
[36m2023-11-28 23:29:54 DEBUG (MainThread) [utils] Skipping html/Senate/AngeliaWilliamsGraves/javascript as it is a directory.[0m
[36m2023-11-28 23:29:54 DEBUG (MainThread) [__main__] extracted fields for AngeliaWilliamsGraves-Senate:['I would like to make a financial contribution', 'Title:', 'Last Name:', 'First Name:', 'Zip Code:', 'Address:', 'Email:', 'Phone:', 'Zip:', 'Address 2:', 'Get updates and news via email', 'City/Town:', 'State:', 'Endorsement:', 'I would like to volunteer', 'I would like to make phone calls', 'I would like to canvass', 'Subject:', 'Message:'][0m
[36m2023-11-28 23:29:54 DEBUG (MainThread) [__main__] Working on AaronRRouse,Senate[0m
[36m2023-11-28 23:29:54 DEBUG (MainThread) [utils] Skipping html/Senate/AaronRRouse/javascript as it is a directory.[0m
[36m2023-11-28 23:29:55 DEBUG (MainThread) [__main__] extracted fields for AaronRRouse-Senate:['Inviting Aaron to a church, civic league, or other community event', "Is there anything else you'd like to add?", 'How would you like to get involved', 'Making phone calls to voters', 'Email', 'Administrative/office work', 'First Name', 'Volunteering at an event', 'City', 'Zip Code', 'Zipcode', 'Knocking on doors', 'Message', 'Cell', 'Internship / fellowship for school credit', 'Hosting a meet and greet or fundraiser', 'State', 'Last Name', 'Address'][0m
[36m2023-11-28 23:29:55 DEBUG (MainThread) [__main__] Working on KevinHAdams,Senate[0m
[36m2023-11-28 23:29:55 DEBUG (MainThread) [__main__] extracted fields for KevinHAdams-Senate:[][0m
[36m2023-11-28 23:29:55 DEBUG (MainThread) [__main__] Working on MamieELocke,Senate[0m
[36m2023-11-28 23:29:55 DEBUG (MainThread) [utils] Skipping html/Senate/MamieELocke/javascript as it is a directory.[0m
[36m2023-11-28 23:29:55 DEBUG (MainThread) [__main__] extracted fields for MamieELocke-Senate:['Email Address', 'Bots Only'][0m
[36m2023-11-28 23:29:55 DEBUG (MainThread) [__main__] Working on TMontyMason,Senate[0m
[36m2023-11-28 23:29:55 DEBUG (MainThread) [utils] Skipping html/Senate/TMontyMason/pdfs as it is a directory.[0m
[36m2023-11-28 23:29:55 DEBUG (MainThread) [utils] Skipping html/Senate/TMontyMason/javascript as it is a directory.[0m
[36m2023-11-28 23:29:56 DEBUG (MainThread) [__main__] extracted fields for TMontyMason-Senate:['Email(required)', 'Name(required)', 'Δ', 'Message'][0m
[36m2023-11-28 23:29:56 DEBUG (MainThread) [__main__] Working on JDDannyDiggs,Senate[0m
[36m2023-11-28 23:29:56 DEBUG (MainThread) [utils] Skipping html/Senate/JDDannyDiggs/pdfs as it is a directory.[0m
[36m2023-11-28 23:29:56 DEBUG (MainThread) [utils] Skipping html/Senate/JDDannyDiggs/javascript as it is a directory.[0m
[36m2023-11-28 23:29:57 DEBUG (MainThread) [__main__] extracted fields for JDDannyDiggs-Senate:['Volunteer on Election Day', 'Office Help (mailings)', 'Address 1', 'Host Meet & Greet', 'Country', 'Other (specify in message below)', 'First Name', 'City', 'Email Address', '(###)', 'Email Address                              *', 'Zip/Postal Code', 'Message', 'Request a Yard Sign', 'City / County', '###', '####', 'Address 2', 'Walk Door to Door', "Request a Large Sign (4' x 4')", 'State/Province', 'Last Name'][0m
[36m2023-11-28 23:29:57 DEBUG (MainThread) [__main__] Working on JoliciaAWard,Senate[0m
[36m2023-11-28 23:29:57 DEBUG (MainThread) [utils] Skipping html/Senate/JoliciaAWard/javascript as it is a directory.[0m
[36m2023-11-28 23:29:57 DEBUG (MainThread) [__main__] extracted fields for JoliciaAWard-Senate:[][0m
[36m2023-11-28 23:29:57 DEBUG (MainThread) [__main__] Working on RichardHStuart,Senate[0m
[36m2023-11-28 23:29:57 DEBUG (MainThread) [utils] Skipping html/Senate/RichardHStuart/javascript as it is a directory.[0m
[36m2023-11-28 23:29:57 DEBUG (MainThread) [__main__] extracted fields for RichardHStuart-Senate:['', 'Volunteer?'][0m
[36m2023-11-28 23:29:57 DEBUG (MainThread) [__main__] Working on RyanTMcDougle,Senate[0m
[36m2023-11-28 23:29:57 DEBUG (MainThread) [__main__] extracted fields for RyanTMcDougle-Senate:[][0m
[36m2023-11-28 23:29:57 DEBUG (MainThread) [__main__] Working on JoelLGriffin,Senate[0m
[36m2023-11-28 23:29:57 DEBUG (MainThread) [utils] Skipping html/Senate/JoelLGriffin/javascript as it is a directory.[0m
[36m2023-11-28 23:29:57 DEBUG (MainThread) [__main__] extracted fields for JoelLGriffin-Senate:['Message', 'Phone', 'Zip', 'Name', 'Email'][0m
[36m2023-11-28 23:29:57 DEBUG (MainThread) [__main__] Working on MonicaLGary,Senate[0m
[36m2023-11-28 23:29:57 DEBUG (MainThread) [__main__] extracted fields for MonicaLGary-Senate:[][0m
[36m2023-11-28 23:29:57 DEBUG (MainThread) [__main__] Working on TaraADurant,Senate[0m
[36m2023-11-28 23:29:58 DEBUG (MainThread) [utils] Skipping html/Senate/TaraADurant/javascript as it is a directory.[0m
[36m2023-11-28 23:29:58 DEBUG (MainThread) [__main__] extracted fields for TaraADurant-Senate:['CAPTCHA', 'Email(Required)', 'State / Province / Region', 'ZIP Code', 'I would like to:', 'Make Phone Calls', 'Email', 'Host an Event', 'Country', 'Street Address', 'First Name', 'City', 'Phone(Required)', 'First', 'Number', 'Zip Code*', 'Sign Size(Required)', 'ZIP / Postal Code', 'Address Line 2', 'Why Are You Supporting Tara for Virginia Senate?*', 'Message', 'Last Name*', 'Home Address*', 'Name', 'Name*', 'Delivered or Pick-Up(Required)', 'Knock Doors', 'Email*', 'Last', 'Last Name', 'First Name*', 'Upload Your Picture', 'Spread the Word on Social Media', 'Phone', 'Phone*', 'Write Postcards', 'Yes, share on social media', 'May we share your endorsement on our social media pages?'][0m
[36m2023-11-28 23:29:58 DEBUG (MainThread) [__main__] Working on BryceEReeves,Senate[0m
[36m2023-11-28 23:29:58 DEBUG (MainThread) [utils] Skipping html/Senate/BryceEReeves/javascript as it is a directory.[0m
[36m2023-11-28 23:29:58 DEBUG (MainThread) [__main__] extracted fields for BryceEReeves-Senate:['', 'I would like to join the Finance Committee', 'I would like to help place signs', 'State*', 'I would like to volunteer at events', 'Law Enforcement', 'Hispanic', 'Women', 'I would like to knock doors', 'Zip Code*', 'Street Address Line 2', 'Message', 'Last Name*', 'Veterans/Military', 'Phone Number*', 'Street Address*', 'Email Address*', 'I would like a yard sign', 'First Name*', 'City*', 'I would like to make phone calls', 'I support Bryce Reeves for State Senate', 'I want to be a District Chair, County Chair or Precinct Captain', 'I would like to host a fundraiser'][0m
[36m2023-11-28 23:29:58 DEBUG (MainThread) [__main__] Working on JeremySMcPike,Senate[0m
[36m2023-11-28 23:29:58 DEBUG (MainThread) [__main__] extracted fields for JeremySMcPike-Senate:[][0m
[36m2023-11-28 23:29:58 DEBUG (MainThread) [__main__] Working on NikkiNRattrayBaldwin,Senate[0m
[36m2023-11-28 23:29:58 DEBUG (MainThread) [__main__] extracted fields for NikkiNRattrayBaldwin-Senate:[][0m
[36m2023-11-28 23:29:58 DEBUG (MainThread) [__main__] Working on DanicaARoem,Senate[0m
[36m2023-11-28 23:29:58 DEBUG (MainThread) [__main__] extracted fields for DanicaARoem-Senate:[][0m
[36m2023-11-28 23:29:58 DEBUG (MainThread) [__main__] Working on JuanPabloSegura,Senate[0m
[36m2023-11-28 23:29:58 DEBUG (MainThread) [__main__] extracted fields for JuanPabloSegura-Senate:[][0m
[36m2023-11-28 23:29:58 DEBUG (MainThread) [__main__] Working on SuhasSubramanyam,Senate[0m
[36m2023-11-28 23:29:58 DEBUG (MainThread) [__main__] extracted fields for SuhasSubramanyam-Senate:[][0m
[36m2023-11-28 23:29:58 DEBUG (MainThread) [__main__] Working on GregoryJMoulthrop,Senate[0m
[36m2023-11-28 23:29:58 DEBUG (MainThread) [utils] Skipping html/Senate/GregoryJMoulthrop/javascript as it is a directory.[0m
[36m2023-11-28 23:29:59 DEBUG (MainThread) [__main__] extracted fields for GregoryJMoulthrop-Senate:['Zip Code                              *', 'Last Name', 'First Name', "Ask a question and we'll get back to you                              *", 'Email                              *', 'Email Address', '###', 'Message                              *', '####', '(###)', 'Email'][0m
[36m2023-11-28 23:29:59 DEBUG (MainThread) [__main__] Working on JenniferDCarrollFoy,Senate[0m
[36m2023-11-28 23:29:59 DEBUG (MainThread) [utils] Skipping html/Senate/JenniferDCarrollFoy/pdfs as it is a directory.[0m
[36m2023-11-28 23:29:59 DEBUG (MainThread) [utils] Skipping html/Senate/JenniferDCarrollFoy/javascript as it is a directory.[0m
[36m2023-11-28 23:29:59 DEBUG (MainThread) [__main__] extracted fields for JenniferDCarrollFoy-Senate:[][0m
[36m2023-11-28 23:29:59 DEBUG (MainThread) [__main__] Working on MikeLVanMeter,Senate[0m
[36m2023-11-28 23:29:59 DEBUG (MainThread) [__main__] extracted fields for MikeLVanMeter-Senate:[][0m
[36m2023-11-28 23:29:59 DEBUG (MainThread) [__main__] Working on ScottASurovell,Senate[0m
[36m2023-11-28 23:29:59 DEBUG (MainThread) [__main__] extracted fields for ScottASurovell-Senate:[][0m
[36m2023-11-28 23:29:59 DEBUG (MainThread) [__main__] Working on DavidWMarsden,Senate[0m
[36m2023-11-28 23:30:03 DEBUG (MainThread) [utils] Skipping html/Senate/DavidWMarsden/javascript as it is a directory.[0m
[36m2023-11-28 23:30:13 DEBUG (MainThread) [__main__] extracted fields for DavidWMarsden-Senate:['1 month', 'Yes', 'Comments', 'Finished content', 'NationBuilder may keep me informed via email about products and services', 'How many other people are you bringing?', '1 week', 'Campaign name', 'Name your project*', 'First Name', 'Candidate first name', 'Inspirational content and supporting files', 'Central/South America', 'City', 'Email list size', 'Remember me', 'Advocacy', 'Organization name', 'Develop a NationBuilder app or integration', 'Mobile', 'Anything else you’d like to share with your professional?', 'Asia-Pacific', 'Both', 'No', 'Europe/Middle East/Africa', 'Nonprofit', 'Link to any inspiration on the web', 'State', 'Phone', 'Employer', 'Brand guide', 'Election date', 'Photos', '2 weeks', 'Available via "NationBuilder Partner Match service"', 'Message to Dave', "Don't publish my RSVP on the website", 'Please provide the name of your app and a brief overview.', 'Brief description of your academic project', 'Business', 'Run your nonprofit', 'Optional email code', 'Email Address', 'URL of government website with elected official profile', 'Phone number', 'North America', 'Organization field', 'District type', 'Title', 'On-site (my location)', 'First name', 'Work email', 'Architect                Architect', 'Job function', 'Describe your project*', 'Please provide a link to your personal website, portfolio and link to your Github account', 'Last Name', 'District information', 'Start date', 'Win your election', 'Other request (email template, consultation, etc)', 'Already registered as a 501c3?', 'Migrate an existing website to NationBuilder', 'What is your existing website?*', 'Android', 'End date', 'Send me email updates', 'Email', '48 hours - Quick turnaround fees typically apply', 'Choose your preferred language', 'State (if different than organization)', 'Work Email', 'API Key', 'Political', 'Fonts', 'Send me text messages', 'Mobile phone (optional)', 'Nonpartisan', 'Expert                Expert', 'Relationship to campaign', 'Web', 'Email address', 'Online', 'ZIP or Postal code', 'Phone Number', 'Progressive', 'Organization size', 'Password', 'Any', 'Brand', 'Create a new NationBuilder website', 'Conservative', 'Address (Street, City, State, Postal code)', 'Organization', 'Advocate for your community', 'Preferred dates', 'Nation slug', 'A logo, photos, brand guide, fonts, copy, and any other documents', 'Election type', 'iOS', "I agree to and understand my state's acceptable use policy", 'Number of attendees', "Not sure. I'd like to chat with my professional", 'Choose a start and end date', 'Developer                Developer', 'Candidate last name', "What's your budget", 'Last name', 'Office', 'Nation Slug', 'Make changes to a NationBuilder website'][0m
[36m2023-11-28 23:30:13 DEBUG (MainThread) [__main__] Working on MarkBVafiades,Senate[0m
[36m2023-11-28 23:30:13 DEBUG (MainThread) [__main__] extracted fields for MarkBVafiades-Senate:['Street Address Line 2', 'Last Name*', 'Making Phone Calls', 'First Name*', 'Request a Yard Sign', 'Knocking Doors', 'Phone Number*', 'City*', 'Zip Code*', 'Street Address*', 'Comments (optional)', 'State*', 'Hosting an Event', 'Email Address*'][0m
[36m2023-11-28 23:30:13 DEBUG (MainThread) [__main__] Working on StellaGPekarsky,Senate[0m
[36m2023-11-28 23:30:13 DEBUG (MainThread) [utils] Skipping html/Senate/StellaGPekarsky/javascript as it is a directory.[0m
[36m2023-11-28 23:30:13 DEBUG (MainThread) [__main__] extracted fields for StellaGPekarsky-Senate:['Phone Number', 'Message', 'Sign Me Up for Text Messages (optional).', 'Email Address', 'Text Messages', 'Name'][0m
[36m2023-11-28 23:30:13 DEBUG (MainThread) [__main__] Working on JulieAnnaPerry,Senate[0m
[36m2023-11-28 23:30:13 DEBUG (MainThread) [__main__] extracted fields for JulieAnnaPerry-Senate:['Street Address Line 2', 'Last Name*', 'First Name*', 'Phone Number*', 'City*', 'Zip Code*', 'Street Address*', 'State*', 'Email Address*'][0m
[36m2023-11-28 23:30:13 DEBUG (MainThread) [__main__] Working on SaddamAzlanSalim,Senate[0m
[36m2023-11-28 23:30:14 DEBUG (MainThread) [__main__] extracted fields for SaddamAzlanSalim-Senate:['Type your message here...', 'Door Knocking', 'Last Name', 'First Name', 'Phone', 'Making Phone Calls/Texts', 'Other', 'Hosting a Meet-and-Greet', 'ZIP Code', 'Donation', 'Email'][0m
[36m2023-11-28 23:30:14 DEBUG (MainThread) [__main__] Working on KennethDKenReid,Senate[0m
[36m2023-11-28 23:30:14 DEBUG (MainThread) [utils] Skipping html/Senate/KennethDKenReid/javascript as it is a directory.[0m
[36m2023-11-28 23:30:14 DEBUG (MainThread) [__main__] extracted fields for KennethDKenReid-Senate:[][0m
[36m2023-11-28 23:30:14 DEBUG (MainThread) [__main__] Working on JenniferBBoysko,Senate[0m
[36m2023-11-28 23:30:14 DEBUG (MainThread) [utils] Skipping html/Senate/JenniferBBoysko/pdfs as it is a directory.[0m
[36m2023-11-28 23:30:15 DEBUG (MainThread) [utils] Skipping html/Senate/JenniferBBoysko/javascript as it is a directory.[0m
[36m2023-11-28 23:30:15 DEBUG (MainThread) [__main__] extracted fields for JenniferBBoysko-Senate:['Join contact list (receive newsletters)', 'Name(required)', 'Message', 'Concern', 'Help with state agency', 'Email(required)', 'Interested in volunteer opportunities', 'Δ', 'Request a meeting', 'Reason for contacting(required)', 'Address(required)'][0m
[36m2023-11-28 23:30:15 DEBUG (MainThread) [__main__] Working on MatthewJMattLang,Senate[0m
[36m2023-11-28 23:30:15 DEBUG (MainThread) [utils] Skipping html/Senate/MatthewJMattLang/javascript as it is a directory.[0m
[36m2023-11-28 23:30:15 DEBUG (MainThread) [__main__] extracted fields for MatthewJMattLang-Senate:['', 'Request A Sign', 'Election Day Poll Worker', 'Social Media Team', 'Other (indicate below)', 'I agree to the terms & conditionsView Privacy Policy', 'Knock On Doors', 'Make Phone Calls', 'Host An Event'][0m
[36m2023-11-28 23:30:15 DEBUG (MainThread) [__main__] Working on AdamPEbbin,Senate[0m
[36m2023-11-28 23:30:15 DEBUG (MainThread) [utils] Skipping html/Senate/AdamPEbbin/javascript as it is a directory.[0m
[36m2023-11-28 23:30:16 DEBUG (MainThread) [__main__] extracted fields for AdamPEbbin-Senate:[][0m
[36m2023-11-28 23:30:16 DEBUG (MainThread) [__main__] Working on SophiaCMoshasha,Senate[0m
[36m2023-11-28 23:30:18 DEBUG (MainThread) [__main__] extracted fields for SophiaCMoshasha-Senate:['Name*', 'Sign up for our email list for news and events.', 'Phone', 'Email*'][0m
[36m2023-11-28 23:30:18 DEBUG (MainThread) [__main__] Working on BarbaraAFavola,Senate[0m
[36m2023-11-28 23:30:18 DEBUG (MainThread) [__main__] extracted fields for BarbaraAFavola-Senate:['Zip Code                              *', 'Last Name', 'First Name', '###', 'Subject                              *', 'Message                              *', '####', '(###)', 'Email Address                              *'][0m
[36m2023-11-28 23:30:18 DEBUG (MainThread) [__main__] Working on KristinLHoffman,House[0m
[36m2023-11-28 23:30:19 DEBUG (MainThread) [utils] Skipping html/House/KristinLHoffman/javascript as it is a directory.[0m
[36m2023-11-28 23:30:19 DEBUG (MainThread) [__main__] extracted fields for KristinLHoffman-House:['Endorse Kristin', 'Host event', 'Last Name', 'Make phone calls', 'First Name', 'Knock doors', 'Email                              *', '###', "Join Kristin's social media team", 'Invite Kristin to speak', 'Zip code                              *', 'Put up yard sign', '####', '(###)'][0m
[36m2023-11-28 23:30:19 DEBUG (MainThread) [__main__] Working on IreneShin,House[0m
[36m2023-11-28 23:30:19 DEBUG (MainThread) [utils] Skipping html/House/IreneShin/pdfs as it is a directory.[0m
[36m2023-11-28 23:30:19 DEBUG (MainThread) [utils] Skipping html/House/IreneShin/javascript as it is a directory.[0m
[36m2023-11-28 23:30:21 DEBUG (MainThread) [__main__] extracted fields for IreneShin-House:['Message', 'Last Name', 'First Name', 'Email                              *', 'Email Address', '###', 'Title                              *', 'Subject                              *', '####', '(###)', 'Message                              *'][0m
[36m2023-11-28 23:30:21 DEBUG (MainThread) [__main__] Working on MaxBFisher,House[0m
[36m2023-11-28 23:30:21 DEBUG (MainThread) [utils] Skipping html/House/MaxBFisher/javascript as it is a directory.[0m
[36m2023-11-28 23:30:21 DEBUG (MainThread) [__main__] extracted fields for MaxBFisher-House:['Address 2:', 'Phone:', 'Please add me to your list of supporters', 'Get updates and news via email', 'I would like to help and talk to my neighbors about voting for Max!', 'City/Town:', 'I would like to make a financial contribution', 'I would host a fundraiser to elect Max Fisher', 'Email:', 'State:', 'I would like to volunteer anywhere I can help', 'Last Name:', 'First Name:', 'Subject:', 'Message:', 'I would like to display a yard sign', 'Zip Code:', 'Address:'][0m
[36m2023-11-28 23:30:21 DEBUG (MainThread) [__main__] Working on EdwardFMcGovern,House[0m
[36m2023-11-28 23:30:21 DEBUG (MainThread) [utils] Skipping html/House/EdwardFMcGovern/javascript as it is a directory.[0m
[36m2023-11-28 23:30:21 DEBUG (MainThread) [__main__] extracted fields for EdwardFMcGovern-House:[][0m
[36m2023-11-28 23:30:21 DEBUG (MainThread) [__main__] Working on PaulKLott,House[0m
[36m2023-11-28 23:30:21 DEBUG (MainThread) [utils] Skipping html/House/PaulKLott/javascript as it is a directory.[0m
[36m2023-11-28 23:30:21 DEBUG (MainThread) [__main__] extracted fields for PaulKLott-House:['Make Calls', 'Name *', 'Email *', 'Your email', 'Deliver yard signs', 'Your Phone', 'Write Post Cards', 'Intern', 'Host a Meet & Greet', 'Subject', 'Host a Fundraiser', 'Your message (optional)', 'Website', 'Save my name, email, and website in this browser for the next time I comment.', 'Your name', 'Email', 'Knock Doors', 'Comment *'][0m
[36m2023-11-28 23:30:21 DEBUG (MainThread) [__main__] Working on EstherMNizer,House[0m
[36m2023-11-28 23:30:21 DEBUG (MainThread) [utils] Skipping html/House/EstherMNizer/javascript as it is a directory.[0m
[36m2023-11-28 23:30:22 DEBUG (MainThread) [__main__] extracted fields for EstherMNizer-House:['Where do you want to volunteer?', 'Su', 'Last name', 'Message', 'First name', 'T', 'W', 'Phone', 'Th', 'F', 'Subject', 'A few words about you', 'Address', 'Sa', 'Name', 'Email', 'M'][0m
[36m2023-11-28 23:30:22 DEBUG (MainThread) [__main__] Working on TerryLAustin,House[0m
[36m2023-11-28 23:30:22 DEBUG (MainThread) [utils] Skipping html/House/TerryLAustin/javascript as it is a directory.[0m
[36m2023-11-28 23:30:22 DEBUG (MainThread) [__main__] extracted fields for TerryLAustin-House:[''][0m
[36m2023-11-28 23:30:22 DEBUG (MainThread) [__main__] Working on PatriciaLynnQuesenberry,House[0m
[36m2023-11-28 23:30:23 DEBUG (MainThread) [utils] Skipping html/House/PatriciaLynnQuesenberry/javascript as it is a directory.[0m
[36m2023-11-28 23:30:23 DEBUG (MainThread) [__main__] extracted fields for PatriciaLynnQuesenberry-House:[''][0m
[36m2023-11-28 23:30:23 DEBUG (MainThread) [__main__] Working on KimberlyAMoran,House[0m
[36m2023-11-28 23:30:23 DEBUG (MainThread) [utils] Skipping html/House/KimberlyAMoran/javascript as it is a directory.[0m
[36m2023-11-28 23:30:23 DEBUG (MainThread) [__main__] extracted fields for KimberlyAMoran-House:[''][0m
[36m2023-11-28 23:30:23 DEBUG (MainThread) [__main__] Working on EricRZehr,House[0m
[36m2023-11-28 23:30:23 DEBUG (MainThread) [utils] Skipping html/House/EricRZehr/javascript as it is a directory.[0m
[36m2023-11-28 23:30:23 DEBUG (MainThread) [__main__] extracted fields for EricRZehr-House:['Last name', 'First name', 'Last Name', 'Code', 'First Name', 'Phone', 'How I can help', 'Email'][0m
[36m2023-11-28 23:30:23 DEBUG (MainThread) [__main__] Working on LarryJJackson,House[0m
[36m2023-11-28 23:30:23 DEBUG (MainThread) [utils] Skipping html/House/LarryJJackson/javascript as it is a directory.[0m
[36m2023-11-28 23:30:23 DEBUG (MainThread) [__main__] extracted fields for LarryJJackson-House:[][0m
[36m2023-11-28 23:30:23 DEBUG (MainThread) [__main__] Working on MarkJLux,House[0m
[36m2023-11-28 23:30:23 DEBUG (MainThread) [utils] Skipping html/House/MarkJLux/javascript as it is a directory.[0m
[36m2023-11-28 23:30:23 DEBUG (MainThread) [__main__] extracted fields for MarkJLux-House:['Fri', 'Canvassing', 'Postcard Writing', 'Deliver Yard Signs', 'Sat', 'Host a Fundraiser', 'Mornings', 'Text Banking', 'Email', 'Voter Registration', 'Wed', 'Mon', 'Full Address', 'Tue', 'Afternoons', 'Evenings', 'First name', 'It varies', 'Phone Banking', 'Host a Meet & Greet', 'Any time', 'City, State, Zip Code', 'Election Day Greeter', 'Last name', 'Additional Info', 'Phone', 'Thu', 'No preference'][0m
[36m2023-11-28 23:30:23 DEBUG (MainThread) [__main__] Working on JohnQSmith,House[0m
[36m2023-11-28 23:30:24 DEBUG (MainThread) [utils] Skipping html/House/JohnQSmith/javascript as it is a directory.[0m
[36m2023-11-28 23:30:24 DEBUG (MainThread) [__main__] extracted fields for JohnQSmith-House:['Name *', 'Last', '* Indicates required field', 'Email *', 'First', 'Comment *'][0m
[36m2023-11-28 23:30:24 DEBUG (MainThread) [__main__] Working on HillaryPughKent,House[0m
[36m2023-11-28 23:30:24 DEBUG (MainThread) [utils] Skipping html/House/HillaryPughKent/javascript as it is a directory.[0m
[36m2023-11-28 23:30:24 DEBUG (MainThread) [__main__] extracted fields for HillaryPughKent-House:['Enter your email here:', 'Message', 'Last Name', 'First Name', 'Email'][0m
[36m2023-11-28 23:30:24 DEBUG (MainThread) [__main__] Working on WChadGreen,House[0m
[36m2023-11-28 23:30:24 DEBUG (MainThread) [utils] Skipping html/House/WChadGreen/javascript as it is a directory.[0m
[36m2023-11-28 23:30:24 DEBUG (MainThread) [__main__] extracted fields for WChadGreen-House:[][0m
[36m2023-11-28 23:30:24 DEBUG (MainThread) [__main__] Working on DebraDGardner,House[0m
[36m2023-11-28 23:30:24 DEBUG (MainThread) [utils] Skipping html/House/DebraDGardner/javascript as it is a directory.[0m
[36m2023-11-28 23:30:24 DEBUG (MainThread) [__main__] extracted fields for DebraDGardner-House:[][0m
[36m2023-11-28 23:30:24 DEBUG (MainThread) [__main__] Working on DucMTruong,House[0m
[36m2023-11-28 23:30:24 DEBUG (MainThread) [utils] Skipping html/House/DucMTruong/javascript as it is a directory.[0m
[36m2023-11-28 23:30:24 DEBUG (MainThread) [__main__] extracted fields for DucMTruong-House:[][0m
[36m2023-11-28 23:30:24 DEBUG (MainThread) [__main__] Working on KarenLJenkins,House[0m
[36m2023-11-28 23:30:25 DEBUG (MainThread) [utils] Skipping html/House/KarenLJenkins/javascript as it is a directory.[0m
[36m2023-11-28 23:30:25 DEBUG (MainThread) [__main__] extracted fields for KarenLJenkins-House:['Name*', 'Name', 'Email*'][0m
[36m2023-11-28 23:30:25 DEBUG (MainThread) [__main__] Working on KarenSGreenhalgh,House[0m
[36m2023-11-28 23:30:25 DEBUG (MainThread) [utils] Skipping html/House/KarenSGreenhalgh/javascript as it is a directory.[0m
[36m2023-11-28 23:30:25 DEBUG (MainThread) [__main__] extracted fields for KarenSGreenhalgh-House:['Environment', 'Senior Issues', 'Constitution - Defend and Support', 'Covid 19 Recovery', 'Law and Order', 'Education'][0m
[36m2023-11-28 23:30:25 DEBUG (MainThread) [__main__] Working on TimmyFFrench,Senate[0m
[36m2023-11-28 23:30:25 DEBUG (MainThread) [utils] Skipping html/Senate/TimmyFFrench/javascript as it is a directory.[0m
[36m2023-11-28 23:30:25 DEBUG (MainThread) [__main__] extracted fields for TimmyFFrench-Senate:['Message', 'Name:', 'Making Phone Calls', 'Knocking Doors', 'Email:', 'phone', 'Interests:', 'Hosting An Event'][0m
[36m2023-11-28 23:30:25 DEBUG (MainThread) [__main__] Working on JoshuaJHuffman,Senate[0m
[36m2023-11-28 23:30:25 DEBUG (MainThread) [utils] Skipping html/Senate/JoshuaJHuffman/javascript as it is a directory.[0m
[36m2023-11-28 23:30:25 DEBUG (MainThread) [__main__] extracted fields for JoshuaJHuffman-Senate:['Name', 'Where did you hear about us?', 'Email*'][0m
[36m2023-11-28 23:30:25 DEBUG (MainThread) [__main__] Working on RobertWBeckman,Senate[0m
[36m2023-11-28 23:30:25 DEBUG (MainThread) [utils] Skipping html/Senate/RobertWBeckman/javascript as it is a directory.[0m
[36m2023-11-28 23:30:25 DEBUG (MainThread) [__main__] extracted fields for RobertWBeckman-Senate:[][0m
[36m2023-11-28 23:30:25 DEBUG (MainThread) [__main__] Working on PhilipAHamilton,Senate[0m
[36m2023-11-28 23:30:25 DEBUG (MainThread) [utils] Skipping html/Senate/PhilipAHamilton/javascript as it is a directory.[0m
[36m2023-11-28 23:30:25 DEBUG (MainThread) [__main__] extracted fields for PhilipAHamilton-Senate:['Street Address Line 2', 'Last Name*', 'First Name*', 'Phone Number*', 'City*', 'Zip Code*', 'Street Address*', 'State*', 'Email Address*'][0m
[36m2023-11-28 23:30:25 DEBUG (MainThread) [__main__] Working on NatanDMcKenzie,Senate[0m
[36m2023-11-28 23:30:25 DEBUG (MainThread) [utils] Skipping html/Senate/NatanDMcKenzie/javascript as it is a directory.[0m
[36m2023-11-28 23:30:25 DEBUG (MainThread) [__main__] extracted fields for NatanDMcKenzie-Senate:[][0m
[36m2023-11-28 23:30:25 DEBUG (MainThread) [__main__] Working on DouglassHaydenFisher,Senate[0m
[36m2023-11-28 23:30:25 DEBUG (MainThread) [utils] Skipping html/Senate/DouglassHaydenFisher/javascript as it is a directory.[0m
[36m2023-11-28 23:30:25 DEBUG (MainThread) [__main__] extracted fields for DouglassHaydenFisher-Senate:['Help Make Phone Calls', 'Email                              *', 'Host a Fundraiser', 'Stickers', 'Help on Election Day', 'Message                              *', 'Latinos for Fisher', 'Make Phone Calls', 'Address 1', 'Parents for Fisher', 'Door Knock', 'Country', 'First Name', 'City', 'Subject                              *', '(###)', 'Request a Large Yard Sign', 'Willing to Knock Doors', 'Zip/Postal Code', 'Request a Yard Sign', 'Women for Fisher', 'Host a Meet & Greet', '###', 'Get a Yard Sign', 'A Yard Sign', '####', 'Address 2', 'Knock Doors', 'Get a Large Yard Sign', 'State/Province', 'Last Name', 'First Responders for Fisher', 'Veterans for Fisher', 'Teachers for Fisher'][0m
[36m2023-11-28 23:30:25 DEBUG (MainThread) [__main__] Working on LLouiseLucas,Senate[0m
[36m2023-11-28 23:30:25 DEBUG (MainThread) [utils] Skipping html/Senate/LLouiseLucas/javascript as it is a directory.[0m
[36m2023-11-28 23:30:25 DEBUG (MainThread) [__main__] extracted fields for LLouiseLucas-Senate:['Last Name', 'First Name', 'Street Address', 'Phone', 'Postal / Zip code', 'Other', 'Region/State/Province', 'Make Phone Calls', 'Email', 'Knock Doors'][0m
[36m2023-11-28 23:30:25 DEBUG (MainThread) [__main__] Working on ChristieNewCraig,Senate[0m
[36m2023-11-28 23:30:26 DEBUG (MainThread) [utils] Skipping html/Senate/ChristieNewCraig/javascript as it is a directory.[0m
[36m2023-11-28 23:30:26 DEBUG (MainThread) [__main__] extracted fields for ChristieNewCraig-Senate:['Email Address', 'Name', 'Email*'][0m
[36m2023-11-28 23:30:26 DEBUG (MainThread) [__main__] Working on JasonAFord,Senate[0m
[36m2023-11-28 23:30:26 DEBUG (MainThread) [utils] Skipping html/Senate/JasonAFord/javascript as it is a directory.[0m
[36m2023-11-28 23:30:26 DEBUG (MainThread) [__main__] extracted fields for JasonAFord-Senate:['Email Address  *'][0m
[36m2023-11-28 23:30:26 DEBUG (MainThread) [__main__] Working on ElizabethGMelson,Senate[0m
[36m2023-11-28 23:30:26 DEBUG (MainThread) [utils] Skipping html/Senate/ElizabethGMelson/javascript as it is a directory.[0m
[36m2023-11-28 23:30:26 DEBUG (MainThread) [__main__] extracted fields for ElizabethGMelson-Senate:[][0m
[36m2023-11-28 23:30:26 DEBUG (MainThread) [__main__] Working on BillCWoolfIII,Senate[0m
[36m2023-11-28 23:30:26 DEBUG (MainThread) [utils] Skipping html/Senate/BillCWoolfIII/javascript as it is a directory.[0m
[36m2023-11-28 23:30:26 DEBUG (MainThread) [__main__] extracted fields for BillCWoolfIII-Senate:['Do you want a yard sign to show your support for Team Woolf?', 'Will you volunteer for Team Woolf?', 'Will you commit to joining Team Woolf and commit to voting for Bill on November 7?'][0m
[36m2023-11-28 23:30:26 DEBUG (MainThread) [__main__] Working on RussetWPerry,Senate[0m
[36m2023-11-28 23:30:27 DEBUG (MainThread) [utils] Skipping html/Senate/RussetWPerry/javascript as it is a directory.[0m
[36m2023-11-28 23:30:27 DEBUG (MainThread) [__main__] extracted fields for RussetWPerry-Senate:['Name', 'Email*', 'What are you requesting?'][0m
[36m2023-11-28 23:30:27 DEBUG (MainThread) [__main__] Working on DavidAHenshaw,Senate[0m
[36m2023-11-28 23:30:27 DEBUG (MainThread) [utils] Skipping html/Senate/DavidAHenshaw/javascript as it is a directory.[0m
[36m2023-11-28 23:30:27 DEBUG (MainThread) [__main__] extracted fields for DavidAHenshaw-Senate:['Street Address Line 2', 'Last Name*', 'First Name*', 'Phone Number*', 'City*', 'Zip Code*', 'Street Address*', 'State*', 'Email Address*'][0m
[32m2023-11-28 23:30:27 INFO (MainThread) [__main__] Completed form_extractor![0m
