[32m2023-12-04 15:05:13 INFO (MainThread) [__main__] Starting form_extractor[0m
[36m2023-12-04 15:05:13 DEBUG (MainThread) [__main__] Working on PatrickAHope,House[0m
[36m2023-12-04 15:05:14 DEBUG (MainThread) [__main__] extracted fields for PatrickAHope-House:['phonebank', 'first name', 'email', 'zip code', 'doorknock', 'other', 'phone', 'last name'][0m
[36m2023-12-04 15:05:14 DEBUG (MainThread) [__main__] Working on AdeleYMcClure,House[0m
[36m2023-12-04 15:05:14 DEBUG (MainThread) [utils] Skipping html/House/AdeleYMcClure/javascript as it is a directory.[0m
[36m2023-12-04 15:05:14 DEBUG (MainThread) [__main__] extracted fields for AdeleYMcClure-House:['hosting event', 'first name', 'how would you like to volunteer?', 'email', 'phone banking', 'postal code', 'layout', 'preferred language', 'message to the campaign', 'other', 'phone', 'last name', 'door knocking'][0m
[36m2023-12-04 15:05:14 DEBUG (MainThread) [__main__] Working on AlfonsoHLopez,House[0m
[36m2023-12-04 15:05:14 DEBUG (MainThread) [utils] Skipping html/House/AlfonsoHLopez/javascript as it is a directory.[0m
[36m2023-12-04 15:05:15 DEBUG (MainThread) [__main__] extracted fields for AlfonsoHLopez-House:['', 'first name', 'email', 'knock on doors', 'social media blitz', 'host fundraiser', 'make calls', 'last name', 'address', 'message'][0m
[36m2023-12-04 15:05:15 DEBUG (MainThread) [__main__] Working on MajorMikeWebb,House[0m
[36m2023-12-04 15:05:15 DEBUG (MainThread) [__main__] extracted fields for MajorMikeWebb-House:[][0m
[36m2023-12-04 15:05:15 DEBUG (MainThread) [__main__] Working on CharnieleLHerring,House[0m
[36m2023-12-04 15:05:15 DEBUG (MainThread) [utils] Skipping html/House/CharnieleLHerring/javascript as it is a directory.[0m
[36m2023-12-04 15:05:15 DEBUG (MainThread) [__main__] extracted fields for CharnieleLHerring-House:['indicates required field', 'name', 'first', 'email', 'last', 'comment'][0m
[36m2023-12-04 15:05:15 DEBUG (MainThread) [__main__] Working on ElizabethBBennett-Parker,House[0m
[36m2023-12-04 15:05:15 DEBUG (MainThread) [utils] Skipping html/House/ElizabethBBennett-Parker/javascript as it is a directory.[0m
[36m2023-12-04 15:05:15 DEBUG (MainThread) [__main__] extracted fields for ElizabethBBennett-Parker-House:[][0m
[36m2023-12-04 15:05:15 DEBUG (MainThread) [__main__] Working on RichardCRipSullivanJr,House[0m
[36m2023-12-04 15:05:15 DEBUG (MainThread) [utils] Skipping html/House/RichardCRipSullivanJr/pdfs as it is a directory.[0m
[36m2023-12-04 15:05:15 DEBUG (MainThread) [utils] Skipping html/House/RichardCRipSullivanJr/javascript as it is a directory.[0m
[36m2023-12-04 15:05:15 DEBUG (MainThread) [__main__] extracted fields for RichardCRipSullivanJr-House:['email', 'phone', 'last name', 'first name'][0m
[36m2023-12-04 15:05:15 DEBUG (MainThread) [__main__] Working on KarenAKeys-Gamarra,House[0m
[36m2023-12-04 15:05:16 DEBUG (MainThread) [__main__] extracted fields for KarenAKeys-Gamarra-House:[][0m
[36m2023-12-04 15:05:16 DEBUG (MainThread) [__main__] Working on KarrieKDelaney,House[0m
[36m2023-12-04 15:05:16 DEBUG (MainThread) [utils] Skipping html/House/KarrieKDelaney/javascript as it is a directory.[0m
[36m2023-12-04 15:05:16 DEBUG (MainThread) [__main__] extracted fields for KarrieKDelaney-House:[][0m
[36m2023-12-04 15:05:16 DEBUG (MainThread) [__main__] Working on NhanCHuynh,House[0m
[36m2023-12-04 15:05:16 DEBUG (MainThread) [utils] Skipping html/House/NhanCHuynh/javascript as it is a directory.[0m
[36m2023-12-04 15:05:16 DEBUG (MainThread) [__main__] extracted fields for NhanCHuynh-House:['make phone calls', 'how would you like to help?', 'street address', 'first', 'name', 'host an event or fundraiser', 'city', 'zip code', 'request a yard sign or bumper sticker', 'last', 'sign up for campaign updates', 'other', 'attend campaign events', 'phone', 'email(required)', 'knock on doors'][0m
[36m2023-12-04 15:05:16 DEBUG (MainThread) [__main__] Working on DanIHelmer,House[0m
[36m2023-12-04 15:05:16 DEBUG (MainThread) [__main__] extracted fields for DanIHelmer-House:[][0m
[36m2023-12-04 15:05:16 DEBUG (MainThread) [__main__] Working on JamesAThomasJr,House[0m
[36m2023-12-04 15:05:17 DEBUG (MainThread) [utils] Skipping html/House/JamesAThomasJr/javascript as it is a directory.[0m
[36m2023-12-04 15:05:17 DEBUG (MainThread) [__main__] extracted fields for JamesAThomasJr-House:['first name', 'volunteer opportunities', 'email', 'zip code', 'host an event', "i'm interested in: (check all that apply)", 'email updates', 'phone', 'last name', 'yard signs'][0m
[36m2023-12-04 15:05:17 DEBUG (MainThread) [__main__] Working on DavidLBulova,House[0m
[36m2023-12-04 15:05:17 DEBUG (MainThread) [__main__] extracted fields for DavidLBulova-House:[][0m
[36m2023-12-04 15:05:17 DEBUG (MainThread) [__main__] Working on AlmiraMohammed,House[0m
[36m2023-12-04 15:05:17 DEBUG (MainThread) [utils] Skipping html/House/AlmiraMohammed/javascript as it is a directory.[0m
[36m2023-12-04 15:05:17 DEBUG (MainThread) [__main__] extracted fields for AlmiraMohammed-House:['cell phone (required)', 'make phone calls', 'knock doors', 'other volunteer', 'first name', 'email', 'zip code', 'host a meet and greet', 'cell phone', 'first name (required)', 'zip code (required)', 'social media warrior', 'last name', 'host a fundraiser', 'last name (required)', 'email (required)'][0m
[36m2023-12-04 15:05:17 DEBUG (MainThread) [__main__] Working on HollyMSeibold,House[0m
[36m2023-12-04 15:05:17 DEBUG (MainThread) [utils] Skipping html/House/HollyMSeibold/javascript as it is a directory.[0m
[36m2023-12-04 15:05:18 DEBUG (MainThread) [__main__] extracted fields for HollyMSeibold-House:['enter your subject', 'enter your name', 'enter your email', 'message'][0m
[36m2023-12-04 15:05:18 DEBUG (MainThread) [__main__] Working on MarcusBSimon,House[0m
[36m2023-12-04 15:05:18 DEBUG (MainThread) [utils] Skipping html/House/MarcusBSimon/javascript as it is a directory.[0m
[36m2023-12-04 15:05:18 DEBUG (MainThread) [__main__] extracted fields for MarcusBSimon-House:[][0m
[36m2023-12-04 15:05:18 DEBUG (MainThread) [__main__] Working on DaveACranceJr,House[0m
[36m2023-12-04 15:05:18 DEBUG (MainThread) [utils] Skipping html/House/DaveACranceJr/javascript as it is a directory.[0m
[36m2023-12-04 15:05:18 DEBUG (MainThread) [__main__] extracted fields for DaveACranceJr-House:['door knocking', 'making phone calls / texts', 'first name', 'email', 'yard sign', 'hosting a meet-and-greet', 'other', 'last name', 'subject', 'message'][0m
[36m2023-12-04 15:05:18 DEBUG (MainThread) [__main__] Working on VivianEWatts,House[0m
[36m2023-12-04 15:05:18 DEBUG (MainThread) [utils] Skipping html/House/VivianEWatts/pdfs as it is a directory.[0m
[36m2023-12-04 15:05:18 DEBUG (MainThread) [utils] Skipping html/House/VivianEWatts/javascript as it is a directory.[0m
[36m2023-12-04 15:05:19 DEBUG (MainThread) [__main__] extracted fields for VivianEWatts-House:[][0m
[36m2023-12-04 15:05:19 DEBUG (MainThread) [__main__] Working on LauraJaneHCohen,House[0m
[36m2023-12-04 15:05:19 DEBUG (MainThread) [__main__] extracted fields for LauraJaneHCohen-House:[][0m
[36m2023-12-04 15:05:19 DEBUG (MainThread) [__main__] Working on MarcusTEvans,House[0m
[36m2023-12-04 15:05:19 DEBUG (MainThread) [__main__] extracted fields for MarcusTEvans-House:['email', 'name', 'subject', 'message'][0m
[36m2023-12-04 15:05:19 DEBUG (MainThread) [__main__] Working on PaulEKrizek,House[0m
[36m2023-12-04 15:05:20 DEBUG (MainThread) [utils] Skipping html/House/PaulEKrizek/pdfs as it is a directory.[0m
[36m2023-12-04 15:05:21 DEBUG (MainThread) [utils] Skipping html/House/PaulEKrizek/javascript as it is a directory.[0m
[36m2023-12-04 15:05:24 DEBUG (MainThread) [__main__] extracted fields for PaulEKrizek-House:['host a meet and greet at your home', 'staff the polls on election day', 'city', 'data entry', '(###)', 'first name', 'email', 'state/province', '###', 'putting up a yard sign', 'last name', 'address 1', 'zip/postal code', '####', 'address 2', 'phone', 'subject', 'phone banking', 'help with mailings', 'country', 'canvassing', 'message'][0m
[36m2023-12-04 15:05:24 DEBUG (MainThread) [__main__] Working on MarkDSickles,House[0m
[36m2023-12-04 15:05:24 DEBUG (MainThread) [utils] Skipping html/House/MarkDSickles/pdfs as it is a directory.[0m
[36m2023-12-04 15:05:24 DEBUG (MainThread) [utils] Skipping html/House/MarkDSickles/javascript as it is a directory.[0m
[36m2023-12-04 15:05:24 DEBUG (MainThread) [__main__] extracted fields for MarkDSickles-House:['zipcode', 'first name', 'city', 'email', 'state', 'phone', 'last name', 'message for our office', 'address'][0m
[36m2023-12-04 15:05:24 DEBUG (MainThread) [__main__] Working on KathyKLTran,House[0m
[36m2023-12-04 15:05:25 DEBUG (MainThread) [utils] Skipping html/House/KathyKLTran/pdfs as it is a directory.[0m
[36m2023-12-04 15:05:25 DEBUG (MainThread) [utils] Skipping html/House/KathyKLTran/javascript as it is a directory.[0m
[36m2023-12-04 15:05:27 DEBUG (MainThread) [__main__] extracted fields for KathyKLTran-House:['zip/postal code', '(###)', 'first name', 'city', 'email', 'country', '####', 'address 2', 'state/province', '###', 'last name', 'address 1'][0m
[36m2023-12-04 15:05:27 DEBUG (MainThread) [__main__] Working on RoziaAJRHensonJr,House[0m
[36m2023-12-04 15:05:27 DEBUG (MainThread) [__main__] extracted fields for RoziaAJRHensonJr-House:['host a fundraiser', 'help us flip virginia blue!', 'phone banking', 'first name', 'email', 'write post cards', 'last name', 'host a meet & greet', 'canvassing'][0m
[36m2023-12-04 15:05:27 DEBUG (MainThread) [__main__] Working on Michelle-AnnELopesMaldonado,House[0m
[36m2023-12-04 15:05:27 DEBUG (MainThread) [utils] Skipping html/House/Michelle-AnnELopesMaldonado/javascript as it is a directory.[0m
[36m2023-12-04 15:05:27 DEBUG (MainThread) [__main__] extracted fields for Michelle-AnnELopesMaldonado-House:[][0m
[36m2023-12-04 15:05:27 DEBUG (MainThread) [__main__] Working on SharonEAshurst,House[0m
[36m2023-12-04 15:05:27 DEBUG (MainThread) [__main__] extracted fields for SharonEAshurst-House:[][0m
[36m2023-12-04 15:05:27 DEBUG (MainThread) [__main__] Working on JoshEThomas,House[0m
[36m2023-12-04 15:05:27 DEBUG (MainThread) [utils] Skipping html/House/JoshEThomas/pdfs as it is a directory.[0m
[36m2023-12-04 15:05:27 DEBUG (MainThread) [utils] Skipping html/House/JoshEThomas/javascript as it is a directory.[0m
[36m2023-12-04 15:05:27 DEBUG (MainThread) [__main__] extracted fields for JoshEThomas-House:['email', 'name', 'message'][0m
[36m2023-12-04 15:05:27 DEBUG (MainThread) [__main__] Working on JohnTStirrup,House[0m
[36m2023-12-04 15:05:27 DEBUG (MainThread) [utils] Skipping html/House/JohnTStirrup/javascript as it is a directory.[0m
[36m2023-12-04 15:05:27 DEBUG (MainThread) [__main__] extracted fields for JohnTStirrup-House:['make phone calls', 'knock doors', 'last name(required)', 'email', 'host an event', 'display a yard sign', 'phone', 'volunteer in office', 'first name(required)', 'email(required)', 'county(required)'][0m
[36m2023-12-04 15:05:27 DEBUG (MainThread) [__main__] Working on TravisSNembhard,House[0m
[36m2023-12-04 15:05:27 DEBUG (MainThread) [utils] Skipping html/House/TravisSNembhard/javascript as it is a directory.[0m
[36m2023-12-04 15:05:27 DEBUG (MainThread) [__main__] extracted fields for TravisSNembhard-House:[][0m
[36m2023-12-04 15:05:27 DEBUG (MainThread) [__main__] Working on IanTravisLovejoy,House[0m
[36m2023-12-04 15:05:28 DEBUG (MainThread) [utils] Skipping html/House/IanTravisLovejoy/javascript as it is a directory.[0m
[36m2023-12-04 15:05:28 DEBUG (MainThread) [__main__] extracted fields for IanTravisLovejoy-House:['email', 'name'][0m
[36m2023-12-04 15:05:28 DEBUG (MainThread) [__main__] Working on CandiPatriceMundonKing,House[0m
[36m2023-12-04 15:05:28 DEBUG (MainThread) [__main__] extracted fields for CandiPatriceMundonKing-House:[][0m
[36m2023-12-04 15:05:28 DEBUG (MainThread) [__main__] Working on JamesVTully,House[0m
[36m2023-12-04 15:05:28 DEBUG (MainThread) [utils] Skipping html/House/JamesVTully/javascript as it is a directory.[0m
[36m2023-12-04 15:05:28 DEBUG (MainThread) [__main__] extracted fields for JamesVTully-House:['make phone calls', 'how would you like to help?', 'street address', 'first', 'host an event or fundraiser', 'city', 'zip code', 'comments', 'last', 'other', 'attend campaign events', 'i would like to volunteer', 'phone', 'email(required)', 'knock on doors'][0m
[36m2023-12-04 15:05:28 DEBUG (MainThread) [__main__] Working on LukeETorian,House[0m
[36m2023-12-04 15:05:28 DEBUG (MainThread) [__main__] extracted fields for LukeETorian-House:[][0m
[36m2023-12-04 15:05:28 DEBUG (MainThread) [__main__] Working on BrianaDSewell,House[0m
[36m2023-12-04 15:05:28 DEBUG (MainThread) [utils] Skipping html/House/BrianaDSewell/javascript as it is a directory.[0m
[36m2023-12-04 15:05:28 DEBUG (MainThread) [__main__] extracted fields for BrianaDSewell-House:[][0m
[36m2023-12-04 15:05:28 DEBUG (MainThread) [__main__] Working on KannanSrinivasan,House[0m
[36m2023-12-04 15:05:28 DEBUG (MainThread) [utils] Skipping html/House/KannanSrinivasan/javascript as it is a directory.[0m
[36m2023-12-04 15:05:28 DEBUG (MainThread) [__main__] extracted fields for KannanSrinivasan-House:['what are you interested in?', 'hosting a meet & greet', 'making phone calls/texts', 'donation', 'other', 'phone', 'door knocking'][0m
[36m2023-12-04 15:05:28 DEBUG (MainThread) [__main__] Working on AtoosaRReaser,House[0m
[36m2023-12-04 15:05:28 DEBUG (MainThread) [utils] Skipping html/House/AtoosaRReaser/pdfs as it is a directory.[0m
[36m2023-12-04 15:05:28 DEBUG (MainThread) [utils] Skipping html/House/AtoosaRReaser/javascript as it is a directory.[0m
[36m2023-12-04 15:05:29 DEBUG (MainThread) [__main__] extracted fields for AtoosaRReaser-House:['email', 'zipcode', 'first name'][0m
[36m2023-12-04 15:05:29 DEBUG (MainThread) [__main__] Working on FernandoJMartyMartinez,House[0m
[36m2023-12-04 15:05:29 DEBUG (MainThread) [__main__] extracted fields for FernandoJMartyMartinez-House:['first name', 'email', 'zip', 'phone', 'last name'][0m
[36m2023-12-04 15:05:29 DEBUG (MainThread) [__main__] Working on RobertLRobBanseJr,House[0m
[36m2023-12-04 15:05:29 DEBUG (MainThread) [utils] Skipping html/House/RobertLRobBanseJr/javascript as it is a directory.[0m
[36m2023-12-04 15:05:29 DEBUG (MainThread) [__main__] extracted fields for RobertLRobBanseJr-House:[][0m
[36m2023-12-04 15:05:29 DEBUG (MainThread) [__main__] Working on GearyMHiggins,House[0m
[36m2023-12-04 15:05:29 DEBUG (MainThread) [__main__] extracted fields for GearyMHiggins-House:['δ'][0m
[36m2023-12-04 15:05:29 DEBUG (MainThread) [__main__] Working on DeloresROates,House[0m
[36m2023-12-04 15:05:29 DEBUG (MainThread) [__main__] extracted fields for DeloresROates-House:['first name', 'city', 'email', 'state', 'zip', 'phone', 'last name', 'address'][0m
[36m2023-12-04 15:05:29 DEBUG (MainThread) [__main__] Working on MadelynMadyRodriguez,House[0m
[36m2023-12-04 15:05:30 DEBUG (MainThread) [__main__] extracted fields for MadelynMadyRodriguez-House:['email', 'name'][0m
[36m2023-12-04 15:05:30 DEBUG (MainThread) [__main__] Working on WilliamDBillWiley,House[0m
[36m2023-12-04 15:05:30 DEBUG (MainThread) [utils] Skipping html/House/WilliamDBillWiley/javascript as it is a directory.[0m
[36m2023-12-04 15:05:30 DEBUG (MainThread) [__main__] extracted fields for WilliamDBillWiley-House:['how can i help?', 'name', 'first name', 'employer', 'phone', 'occupation', 'email address', 'last name', 'message'][0m
[36m2023-12-04 15:05:30 DEBUG (MainThread) [__main__] Working on CToddGilbert,House[0m
[36m2023-12-04 15:05:30 DEBUG (MainThread) [__main__] extracted fields for CToddGilbert-House:[][0m
[36m2023-12-04 15:05:30 DEBUG (MainThread) [__main__] Working on TonyOWilt,House[0m
[36m2023-12-04 15:05:30 DEBUG (MainThread) [__main__] extracted fields for TonyOWilt-House:[][0m
[36m2023-12-04 15:05:30 DEBUG (MainThread) [__main__] Working on ChrisSRunion,House[0m
[36m2023-12-04 15:05:30 DEBUG (MainThread) [__main__] extracted fields for ChrisSRunion-House:['(###)', 'first name', 'email', '####', '###', 'last name', 'subject', 'message'][0m
[36m2023-12-04 15:05:30 DEBUG (MainThread) [__main__] Working on RandallKWolf,House[0m
[36m2023-12-04 15:05:31 DEBUG (MainThread) [__main__] extracted fields for RandallKWolf-House:[][0m
[36m2023-12-04 15:05:31 DEBUG (MainThread) [__main__] Working on EllenHCampbell,House[0m
[36m2023-12-04 15:05:31 DEBUG (MainThread) [utils] Skipping html/House/EllenHCampbell/javascript as it is a directory.[0m
[36m2023-12-04 15:05:31 DEBUG (MainThread) [__main__] extracted fields for EllenHCampbell-House:['', 'make phone calls', 'host a meet-and-greet', 'street address', 'write letters to the editor', 'first name', 'city', 'zip code', 'display a yard sign', 'phone number', 'state', 'attend rallies', 'go door-to-door', 'street address line 2', 'email address', 'last name', 'message'][0m
[36m2023-12-04 15:05:31 DEBUG (MainThread) [__main__] Working on SSamRasoul,House[0m
[36m2023-12-04 15:05:34 DEBUG (MainThread) [__main__] extracted fields for SSamRasoul-House:['', 'make phone calls through democratic promise', 'knock doors', 'host an in-person event', 'host a virtual event', 'send a letter to the editor', 'volunteer', 'send texts', 'need a hand?'][0m
[36m2023-12-04 15:05:34 DEBUG (MainThread) [__main__] Working on WilliamPDavis,House[0m
[36m2023-12-04 15:05:34 DEBUG (MainThread) [__main__] extracted fields for WilliamPDavis-House:['make phone calls', '(###)', 'first name', 'email', 'leave us a message!', 'display a yard sign', 'yes, i want a yard sign!', '####', '###', 'last name', 'address', 'knock on doors'][0m
[36m2023-12-04 15:05:34 DEBUG (MainThread) [__main__] Working on JosephPJoeMcNamara,House[0m
[36m2023-12-04 15:05:34 DEBUG (MainThread) [utils] Skipping html/House/JosephPJoeMcNamara/javascript as it is a directory.[0m
[36m2023-12-04 15:05:35 DEBUG (MainThread) [__main__] extracted fields for JosephPJoeMcNamara-House:['state/province/region', 'first name', 'city', 'country', 'postal / zip code', 'locality', 'address line 2', 'email address', 'last name', 'address'][0m
[36m2023-12-04 15:05:35 DEBUG (MainThread) [__main__] Working on LillianVFranklin,House[0m
[36m2023-12-04 15:05:35 DEBUG (MainThread) [__main__] extracted fields for LillianVFranklin-House:[][0m
[36m2023-12-04 15:05:35 DEBUG (MainThread) [__main__] Working on JChristianChrisObenshain,House[0m
[36m2023-12-04 15:05:35 DEBUG (MainThread) [utils] Skipping html/House/JChristianChrisObenshain/pdfs as it is a directory.[0m
[36m2023-12-04 15:05:35 DEBUG (MainThread) [utils] Skipping html/House/JChristianChrisObenshain/javascript as it is a directory.[0m
[36m2023-12-04 15:05:35 DEBUG (MainThread) [__main__] extracted fields for JChristianChrisObenshain-House:['zip/postal code', '(###)', 'first name', 'city', 'email', 'host a meet and greet', 'country', '####', 'address 2', 'state/province', '###', 'request a yard sign', 'last name', 'send chris a message', 'address 1'][0m
[36m2023-12-04 15:05:35 DEBUG (MainThread) [__main__] Working on JasonSBallard,House[0m
[36m2023-12-04 15:05:35 DEBUG (MainThread) [utils] Skipping html/House/JasonSBallard/javascript as it is a directory.[0m
[36m2023-12-04 15:05:36 DEBUG (MainThread) [__main__] extracted fields for JasonSBallard-House:['street address', 'first', 'name', 'yes', 'city', 'email', 'zip code', 'comments', 'phone number', 'last', 'state', 'county/city', 'address line 2', 'phone', 'mobile number'][0m
[36m2023-12-04 15:05:36 DEBUG (MainThread) [__main__] Working on JamesWWillMorefield,House[0m
[36m2023-12-04 15:05:36 DEBUG (MainThread) [__main__] extracted fields for JamesWWillMorefield-House:[][0m
[36m2023-12-04 15:05:36 DEBUG (MainThread) [__main__] Working on IsraelDO'Quinn,House[0m
[36m2023-12-04 15:05:36 DEBUG (MainThread) [__main__] extracted fields for IsraelDO'Quinn-House:[][0m
[36m2023-12-04 15:05:36 DEBUG (MainThread) [__main__] Working on TerryGKilgore,House[0m
[36m2023-12-04 15:05:36 DEBUG (MainThread) [__main__] extracted fields for TerryGKilgore-House:['street address', 'first name', 'city', 'zip code', 'phone number', 'state', 'street address line 2', 'email address', 'last name'][0m
[36m2023-12-04 15:05:36 DEBUG (MainThread) [__main__] Working on WrenMWilliams,House[0m
[36m2023-12-04 15:05:37 DEBUG (MainThread) [utils] Skipping html/House/WrenMWilliams/javascript as it is a directory.[0m
[36m2023-12-04 15:05:37 DEBUG (MainThread) [__main__] extracted fields for WrenMWilliams-House:['address', 'street address', 'name', 'first', 'city', 'email', 'zip code', 'comments', 'δ', 'last', 'state', 'phone', 'mobile number'][0m
[36m2023-12-04 15:05:37 DEBUG (MainThread) [__main__] Working on LesRAdams,House[0m
[36m2023-12-04 15:05:37 DEBUG (MainThread) [utils] Skipping html/House/LesRAdams/pdfs as it is a directory.[0m
[36m2023-12-04 15:05:38 DEBUG (MainThread) [utils] Skipping html/House/LesRAdams/javascript as it is a directory.[0m
[36m2023-12-04 15:05:38 DEBUG (MainThread) [__main__] extracted fields for LesRAdams-House:['street address', 'first', 'question/comment?', 'city', 'email', 'zip code', 'captcha', 'δ', 'last', 'state', 'address line 2', 'phone'][0m
[36m2023-12-04 15:05:38 DEBUG (MainThread) [__main__] Working on CMattFariss,House[0m
[36m2023-12-04 15:05:40 DEBUG (MainThread) [utils] Skipping html/House/CMattFariss/pdfs as it is a directory.[0m
[36m2023-12-04 15:05:42 DEBUG (MainThread) [utils] Skipping html/House/CMattFariss/javascript as it is a directory.[0m
[36m2023-12-04 15:05:51 DEBUG (MainThread) [__main__] extracted fields for CMattFariss-House:['$50', '5 miles', 'i want to pay the following in 1234 installments', "don't publish this on the website", '10 miles', 'cutting wasteful government spending', 'comments, other ideas, etc. (optional)', "i will walk neighborhoods and knock on voters' doors", 'address (street, city, state, postal code)', 'optional email code', 'send email updates', 'improving health care', 'first name', 'email', 'when are you available? (optional)', "don't post this publicly", 'send me text messages', '$250', '$1,000', "don't publish my responses on the website", 'email address', 'last name', 'fighting obamacare and federal government overreach', 'creating jobs and improving the economy', 'i will host a house party', 'i want to be an intern', '100 miles', 'organization / company (optional)', '$2,500', 'improving transportation', 'mobile phone', 'other $', '$100', 'holding the line against higher taxes', '1 mile', 'mobile phone (optional)', 'my organization is making the endorsement', 'remember me', 'i will call voters.', 'phone', 'making higher education more affordable and accessible', 'i want to be a precinct captain', 'password', '50 miles', 'country', "don't publish my donation on the website.", 'i want to volunteer', 'when is a good time to call?', 'send me email updates', 'your title (optional)', 'i will stuff envelopes', '$25', 'send me text message updates', 'contact', '25 miles', 'improving k-12 education'][0m
[36m2023-12-04 15:05:51 DEBUG (MainThread) [__main__] Working on JenniferKWoofter,House[0m
[36m2023-12-04 15:05:51 DEBUG (MainThread) [utils] Skipping html/House/JenniferKWoofter/javascript as it is a directory.[0m
[36m2023-12-04 15:05:52 DEBUG (MainThread) [__main__] extracted fields for JenniferKWoofter-House:['make phone calls', '(###)', 'do general volunteering', 'anything else we should know?', 'first name', 'email', 'host a meet and greet', 'help with digital outreach', 'get a yard sign', '####', '###', 'email address', 'last name', 'knock on doors'][0m
[36m2023-12-04 15:05:52 DEBUG (MainThread) [__main__] Working on WendellSWalker,House[0m
[36m2023-12-04 15:05:52 DEBUG (MainThread) [utils] Skipping html/House/WendellSWalker/javascript as it is a directory.[0m
[36m2023-12-04 15:05:52 DEBUG (MainThread) [__main__] extracted fields for WendellSWalker-House:["i consent to receive sms messages from wendell walker for delegate. message & data rates may apply. reply 'stop' to unsubscribe. reply 'help' for help. privacy policy:", 'first name', 'email', 'phone', 'last name', 'address', 'message'][0m
[36m2023-12-04 15:05:52 DEBUG (MainThread) [__main__] Working on TimothyPGriffin,House[0m
[36m2023-12-04 15:05:52 DEBUG (MainThread) [__main__] extracted fields for TimothyPGriffin-House:[][0m
[36m2023-12-04 15:05:52 DEBUG (MainThread) [__main__] Working on KatrinaECallsen,House[0m
[36m2023-12-04 15:05:54 DEBUG (MainThread) [__main__] extracted fields for KatrinaECallsen-House:['first name', 'email', 'zip code', 'phone', 'last name'][0m
[36m2023-12-04 15:05:54 DEBUG (MainThread) [__main__] Working on AmyJLaufer,House[0m
[36m2023-12-04 15:05:54 DEBUG (MainThread) [utils] Skipping html/House/AmyJLaufer/javascript as it is a directory.[0m
[36m2023-12-04 15:05:54 DEBUG (MainThread) [__main__] extracted fields for AmyJLaufer-House:['name', 'phone banking', 'email', 'questions for the campaign', 'search for:', 'save my name, email, and website in this browser for the next time i comment.', 'envelope stuffing', 'other volunteer duties', 'comment', 'phone', 'yard signs', 'host a meet & greet', 'canvassing', 'message'][0m
[36m2023-12-04 15:05:54 DEBUG (MainThread) [__main__] Working on SteveDHarvey,House[0m
[36m2023-12-04 15:05:54 DEBUG (MainThread) [utils] Skipping html/House/SteveDHarvey/javascript as it is a directory.[0m
[36m2023-12-04 15:05:54 DEBUG (MainThread) [__main__] extracted fields for SteveDHarvey-House:['search for:'][0m
[36m2023-12-04 15:05:54 DEBUG (MainThread) [__main__] Working on ThomasATomGarrettJr,House[0m
[36m2023-12-04 15:05:54 DEBUG (MainThread) [__main__] extracted fields for ThomasATomGarrettJr-House:[][0m
[36m2023-12-04 15:05:54 DEBUG (MainThread) [__main__] Working on DavidLOwen,House[0m
[36m2023-12-04 15:05:54 DEBUG (MainThread) [utils] Skipping html/House/DavidLOwen/javascript as it is a directory.[0m
[36m2023-12-04 15:05:55 DEBUG (MainThread) [__main__] extracted fields for DavidLOwen-House:['city', 'bumper sticker', 'host a meet & greet', '(###)', 'have a yard sign', 'help knock doors', 'first name', 'email', 'state/province', '###', 'last name', 'host a fundraiser', 'address 1', 'zip/postal code', 'help make phone calls', 'have a large yard sign', '####', 'address 2', 'yard sign', 'help staff events', 'tell us where to leave your yard sign', 'country'][0m
[36m2023-12-04 15:05:55 DEBUG (MainThread) [__main__] Working on RodneyTWillett,House[0m
[36m2023-12-04 15:05:55 DEBUG (MainThread) [utils] Skipping html/House/RodneyTWillett/pdfs as it is a directory.[0m
[36m2023-12-04 15:05:56 DEBUG (MainThread) [utils] Skipping html/House/RodneyTWillett/javascript as it is a directory.[0m
[36m2023-12-04 15:05:57 DEBUG (MainThread) [__main__] extracted fields for RodneyTWillett-House:[][0m
[36m2023-12-04 15:05:57 DEBUG (MainThread) [__main__] Working on LRileyShaia,House[0m
[36m2023-12-04 15:05:57 DEBUG (MainThread) [utils] Skipping html/House/LRileyShaia/javascript as it is a directory.[0m
[36m2023-12-04 15:05:57 DEBUG (MainThread) [__main__] extracted fields for LRileyShaia-House:['knock doors', 'phone number(required)', 'first', 'contribute', 'zip code', 'host an event', 'last', 'write postcards', 'zip code(required)', 'make calls', 'name(required)', 'phone(required)', 'email(required)'][0m
[36m2023-12-04 15:05:57 DEBUG (MainThread) [__main__] Working on RachelALevy,House[0m
[36m2023-12-04 15:05:57 DEBUG (MainThread) [utils] Skipping html/House/RachelALevy/javascript as it is a directory.[0m
[36m2023-12-04 15:05:57 DEBUG (MainThread) [__main__] extracted fields for RachelALevy-House:[][0m
[36m2023-12-04 15:05:57 DEBUG (MainThread) [__main__] Working on HFBuddyFowlerJr,House[0m
[36m2023-12-04 15:05:57 DEBUG (MainThread) [utils] Skipping html/House/HFBuddyFowlerJr/pdfs as it is a directory.[0m
[36m2023-12-04 15:05:57 DEBUG (MainThread) [utils] Skipping html/House/HFBuddyFowlerJr/javascript as it is a directory.[0m
[36m2023-12-04 15:05:57 DEBUG (MainThread) [__main__] extracted fields for HFBuddyFowlerJr-House:[][0m
[36m2023-12-04 15:05:57 DEBUG (MainThread) [__main__] Working on ScottAWyatt,House[0m
[36m2023-12-04 15:05:58 DEBUG (MainThread) [__main__] extracted fields for ScottAWyatt-House:['make phone calls', 'street address', 'first name', 'city', 'zip code', 'host a meet and greet', 'phone number', 'state', 'request a yard sign', 'street address line 2', 'email address', 'last name', 'volunteer in the office', 'host a fundraiser'][0m
[36m2023-12-04 15:05:58 DEBUG (MainThread) [__main__] Working on MichaelJWebert,House[0m
[36m2023-12-04 15:05:58 DEBUG (MainThread) [__main__] extracted fields for MichaelJWebert-House:['last name(required)', 'first name', 'city', 'email', 'δ', 'state', 'zip(required)', 'zip', 'first name(required)', 'phone', 'last name', 'email(required)', 'address'][0m
[36m2023-12-04 15:05:58 DEBUG (MainThread) [__main__] Working on SaraHRatcliffe,House[0m
[36m2023-12-04 15:05:59 DEBUG (MainThread) [utils] Skipping html/House/SaraHRatcliffe/javascript as it is a directory.[0m
[36m2023-12-04 15:05:59 DEBUG (MainThread) [__main__] extracted fields for SaraHRatcliffe-House:['yes', 'name', 'no', 'how would you like to volunteer?', 'phone banking to voters', 'hosting a fundraiser', 'data entry', 'are you in the 62nd district?', 'first name', 'email', 'research & writing', 'last name', "writing postcards to sara's district", 'phone', 'county where you live', 'helping to plan other events', 'other (please leave comments below)', 'door-to-door voter contact', "don't know", 'message'][0m
[36m2023-12-04 15:05:59 DEBUG (MainThread) [__main__] Working on NickJFreitas,House[0m
[36m2023-12-04 15:05:59 DEBUG (MainThread) [utils] Skipping html/House/NickJFreitas/javascript as it is a directory.[0m
[36m2023-12-04 15:05:59 DEBUG (MainThread) [__main__] extracted fields for NickJFreitas-House:['message to nick:'][0m
[36m2023-12-04 15:05:59 DEBUG (MainThread) [__main__] Working on PhillipAPhilScott,House[0m
[36m2023-12-04 15:05:59 DEBUG (MainThread) [utils] Skipping html/House/PhillipAPhilScott/javascript as it is a directory.[0m
[36m2023-12-04 15:05:59 DEBUG (MainThread) [__main__] extracted fields for PhillipAPhilScott-House:['name', 'first', 'city', 'search for:', 'last', 'receive updates', 'zip', 'comment', 'email subscription', 'ways to volunteer', 'email', 'host an event', 'multiple choice', 'mail', 'land line', 'display a yard sign', 'state', 'phone', 'mobile number', 'make phone calls', 'zip code', 'text message', 'message', 'address line 1', 'help with mailers', 'l_name', 'f_name', 'political canvasing'][0m
[36m2023-12-04 15:05:59 DEBUG (MainThread) [__main__] Working on LeonardBLacey,House[0m
[36m2023-12-04 15:05:59 DEBUG (MainThread) [utils] Skipping html/House/LeonardBLacey/javascript as it is a directory.[0m
[36m2023-12-04 15:05:59 DEBUG (MainThread) [__main__] extracted fields for LeonardBLacey-House:[][0m
[36m2023-12-04 15:05:59 DEBUG (MainThread) [__main__] Working on PaulVMildeIII,House[0m
[36m2023-12-04 15:05:59 DEBUG (MainThread) [__main__] extracted fields for PaulVMildeIII-House:[][0m
[36m2023-12-04 15:05:59 DEBUG (MainThread) [__main__] Working on JoshuaGCole,House[0m
[36m2023-12-04 15:05:59 DEBUG (MainThread) [utils] Skipping html/House/JoshuaGCole/javascript as it is a directory.[0m
[36m2023-12-04 15:05:59 DEBUG (MainThread) [__main__] extracted fields for JoshuaGCole-House:[][0m
[36m2023-12-04 15:05:59 DEBUG (MainThread) [__main__] Working on LeePetersIII,House[0m
[36m2023-12-04 15:05:59 DEBUG (MainThread) [utils] Skipping html/House/LeePetersIII/javascript as it is a directory.[0m
[36m2023-12-04 15:05:59 DEBUG (MainThread) [__main__] extracted fields for LeePetersIII-House:['city', 'hosting an event', 'address line 2', 'first name(required)', 'email(required)', 'email', 'comments', 'state', 'yard sign', 'knocking on doors', 'phone', "large sign (5'x4')", 'last name(required)', 'street address', 'zip code', 'captcha', 'making phone calls', 'writing postcards', 'upload your photo', 'message'][0m
[36m2023-12-04 15:05:59 DEBUG (MainThread) [__main__] Working on RobertDBobbyOrrockSr,House[0m
[36m2023-12-04 15:05:59 DEBUG (MainThread) [utils] Skipping html/House/RobertDBobbyOrrockSr/javascript as it is a directory.[0m
[36m2023-12-04 15:06:00 DEBUG (MainThread) [__main__] extracted fields for RobertDBobbyOrrockSr-House:[][0m
[36m2023-12-04 15:06:00 DEBUG (MainThread) [__main__] Working on MKeithHodges,House[0m
[36m2023-12-04 15:06:00 DEBUG (MainThread) [__main__] extracted fields for MKeithHodges-House:[][0m
[36m2023-12-04 15:06:00 DEBUG (MainThread) [__main__] Working on MattJWaters,House[0m
[36m2023-12-04 15:06:00 DEBUG (MainThread) [__main__] extracted fields for MattJWaters-House:[][0m
[36m2023-12-04 15:06:00 DEBUG (MainThread) [__main__] Working on JessicaLAnderson,House[0m
[36m2023-12-04 15:06:00 DEBUG (MainThread) [__main__] extracted fields for JessicaLAnderson-House:[][0m
[36m2023-12-04 15:06:00 DEBUG (MainThread) [__main__] Working on AmandaEBatten,House[0m
[36m2023-12-04 15:06:00 DEBUG (MainThread) [utils] Skipping html/House/AmandaEBatten/pdfs as it is a directory.[0m
[36m2023-12-04 15:06:00 DEBUG (MainThread) [utils] Skipping html/House/AmandaEBatten/javascript as it is a directory.[0m
[36m2023-12-04 15:06:00 DEBUG (MainThread) [__main__] extracted fields for AmandaEBatten-House:['', 'city', 'other (please specify below)', 'office work (mailings, postcard writing, etc.)', 'volunteer on election day', 'street address line 2', 'request large sign (3’x5′)', 'first name', 'request yard sign', 'other', 'email address', 'last name', 'request bumper sticker', 'host meet and greet', 'phone number', 'state', 'street address', 'zip code', 'walk door-to-door', 'message'][0m
[36m2023-12-04 15:06:00 DEBUG (MainThread) [__main__] Working on RLeeWareJr,House[0m
[36m2023-12-04 15:06:00 DEBUG (MainThread) [utils] Skipping html/House/RLeeWareJr/javascript as it is a directory.[0m
[36m2023-12-04 15:06:00 DEBUG (MainThread) [__main__] extracted fields for RLeeWareJr-House:[][0m
[36m2023-12-04 15:06:00 DEBUG (MainThread) [__main__] Working on MarkLEarleyJr,House[0m
[36m2023-12-04 15:06:01 DEBUG (MainThread) [__main__] extracted fields for MarkLEarleyJr-House:['', 'write postcards to voters', 'knock doors', 'display a yard sign or bumper sticker', 'be a precinct captain', 'promote on social media', 'host meet & greet', 'make calls'][0m
[36m2023-12-04 15:06:01 DEBUG (MainThread) [__main__] Working on MichaelACherry,House[0m
[36m2023-12-04 15:06:01 DEBUG (MainThread) [__main__] extracted fields for MichaelACherry-House:['name', 'first', 'first name', 'please describe your problem', 'email', 'phone number', 'last', 'save my name, email, and website in this browser for the next time i comment.', 'comment', 'email address', 'last name', 'website'][0m
[36m2023-12-04 15:06:01 DEBUG (MainThread) [__main__] Working on StephenCMiller-PittsJr,House[0m
[36m2023-12-04 15:06:02 DEBUG (MainThread) [__main__] extracted fields for StephenCMiller-PittsJr-House:['street address', 'first name', 'city', 'i want to make phone calls!', 'i want to hold a fundraiser!', 'country', 'phone', 'i want a yard sign!', 'state/province', 'zip / postal code', 'i want to host a meet and greet!', 'i want to knock doors!', 'email address', 'last name'][0m
[36m2023-12-04 15:06:02 DEBUG (MainThread) [__main__] Working on CarrieEmersonCoyner,House[0m
[36m2023-12-04 15:06:02 DEBUG (MainThread) [utils] Skipping html/House/CarrieEmersonCoyner/javascript as it is a directory.[0m
[36m2023-12-04 15:06:02 DEBUG (MainThread) [__main__] extracted fields for CarrieEmersonCoyner-House:[][0m
[36m2023-12-04 15:06:02 DEBUG (MainThread) [__main__] Working on BetsyBCarr,House[0m
[36m2023-12-04 15:06:02 DEBUG (MainThread) [__main__] extracted fields for BetsyBCarr-House:['(###)', 'first name', 'email', '####', 'subscribe to our newsletter and to receive the latest campaign updates.', '###', 'yes, i can volunteer!', 'email address', 'last name'][0m
[36m2023-12-04 15:06:02 DEBUG (MainThread) [__main__] Working on RaeCCousins,House[0m
[36m2023-12-04 15:06:02 DEBUG (MainThread) [utils] Skipping html/House/RaeCCousins/javascript as it is a directory.[0m
[36m2023-12-04 15:06:02 DEBUG (MainThread) [__main__] extracted fields for RaeCCousins-House:['email', 'last name', 'first name'][0m
[36m2023-12-04 15:06:02 DEBUG (MainThread) [__main__] Working on DestinyLLevereBolling,House[0m
[36m2023-12-04 15:06:03 DEBUG (MainThread) [utils] Skipping html/House/DestinyLLevereBolling/pdfs as it is a directory.[0m
[36m2023-12-04 15:06:03 DEBUG (MainThread) [utils] Skipping html/House/DestinyLLevereBolling/javascript as it is a directory.[0m
[36m2023-12-04 15:06:03 DEBUG (MainThread) [__main__] extracted fields for DestinyLLevereBolling-House:['how would you like to volunteer?', 'city', 'make phone calls to recruit volunteers', 'cell phone', 'host a meet & greet or fundraiser', 'first name', 'email', 'invite destiny to an upcoming community event, place of worship, or civic league', 'last name', "i'm not sure, but i want to help!", 'state', 'greet voters at a voting location on election day', 'volunteer at an upcoming campaign event', 'phone', 'zipcode', 'zip code', 'knock on doors and remind democrats to vote', 'is there anything else you would like to add?', 'address'][0m
[36m2023-12-04 15:06:03 DEBUG (MainThread) [__main__] Working on DeloresLMcQuinn,House[0m
[36m2023-12-04 15:06:03 DEBUG (MainThread) [__main__] extracted fields for DeloresLMcQuinn-House:[][0m
[36m2023-12-04 15:06:03 DEBUG (MainThread) [__main__] Working on KimberlyPopeAdams,House[0m
[36m2023-12-04 15:06:03 DEBUG (MainThread) [utils] Skipping html/House/KimberlyPopeAdams/javascript as it is a directory.[0m
[36m2023-12-04 15:06:03 DEBUG (MainThread) [__main__] extracted fields for KimberlyPopeAdams-House:['name', 'how are you interested in helping out the campaign?', 'phone banking', 'host a fundraiser', 'canvassing'][0m
[36m2023-12-04 15:06:03 DEBUG (MainThread) [__main__] Working on KimATaylor,House[0m
[36m2023-12-04 15:06:04 DEBUG (MainThread) [utils] Skipping html/House/KimATaylor/javascript as it is a directory.[0m
[36m2023-12-04 15:06:04 DEBUG (MainThread) [__main__] extracted fields for KimATaylor-House:['address', 'street address', 'name', 'first', 'city', 'email', 'zip code', 'comments', 'δ', 'last', 'country', 'state', 'phone', 'mobile number'][0m
[36m2023-12-04 15:06:04 DEBUG (MainThread) [__main__] Working on HOttoWachsmannJr,House[0m
[36m2023-12-04 15:06:04 DEBUG (MainThread) [__main__] extracted fields for HOttoWachsmannJr-House:['zipcode', 'additional info', 'your email', 'first name', 'email', 'zip code', 'host a meet and greet', 'i would like a yard sign', 'volunteer', 'last name'][0m
[36m2023-12-04 15:06:04 DEBUG (MainThread) [__main__] Working on NadariusEClark,House[0m
[36m2023-12-04 15:06:05 DEBUG (MainThread) [__main__] extracted fields for NadariusEClark-House:[''][0m
[36m2023-12-04 15:06:05 DEBUG (MainThread) [__main__] Working on MichaelJDillender,House[0m
[36m2023-12-04 15:06:05 DEBUG (MainThread) [utils] Skipping html/House/MichaelJDillender/javascript as it is a directory.[0m
[36m2023-12-04 15:06:05 DEBUG (MainThread) [__main__] extracted fields for MichaelJDillender-House:['name', 'first', 'email', 'zip code', 'comments', 'last', 'phone', 'message'][0m
[36m2023-12-04 15:06:05 DEBUG (MainThread) [__main__] Working on MarciaSCiaPrice,House[0m
[36m2023-12-04 15:06:05 DEBUG (MainThread) [utils] Skipping html/House/MarciaSCiaPrice/pdfs as it is a directory.[0m
[36m2023-12-04 15:06:05 DEBUG (MainThread) [utils] Skipping html/House/MarciaSCiaPrice/javascript as it is a directory.[0m
[36m2023-12-04 15:06:06 DEBUG (MainThread) [__main__] extracted fields for MarciaSCiaPrice-House:['subject:', 'zip code:', 'first name:', 'email:', 'endorsement:', 'title:', 'last name:', "i would like to contribute to del. price's campaign!", 'city/town:', 'phone:', 'address 2:', 'i would like to volunteer with del. price!', 'i would like to get updates via email', 'message:', 'address:', 'state:', 'zip:'][0m
[36m2023-12-04 15:06:06 DEBUG (MainThread) [__main__] Working on ACCordoza,House[0m
[36m2023-12-04 15:06:06 DEBUG (MainThread) [__main__] extracted fields for ACCordoza-House:[][0m
[36m2023-12-04 15:06:06 DEBUG (MainThread) [__main__] Working on JeionAWard,House[0m
[36m2023-12-04 15:06:06 DEBUG (MainThread) [utils] Skipping html/House/JeionAWard/javascript as it is a directory.[0m
[36m2023-12-04 15:06:06 DEBUG (MainThread) [__main__] extracted fields for JeionAWard-House:['email', 'your preferred method to be contacted', 'your email address', 'your name', 'your phone number', 'phone', 'your question or comment', 'last name'][0m
[36m2023-12-04 15:06:06 DEBUG (MainThread) [__main__] Working on DonLScottJr,House[0m
[36m2023-12-04 15:06:06 DEBUG (MainThread) [utils] Skipping html/House/DonLScottJr/javascript as it is a directory.[0m
[36m2023-12-04 15:06:07 DEBUG (MainThread) [__main__] extracted fields for DonLScottJr-House:['search'][0m
[36m2023-12-04 15:06:07 DEBUG (MainThread) [__main__] Working on NBaxterEnnis,House[0m
[36m2023-12-04 15:06:07 DEBUG (MainThread) [__main__] extracted fields for NBaxterEnnis-House:[][0m
[36m2023-12-04 15:06:07 DEBUG (MainThread) [__main__] Working on JeremyDRodden,House[0m
[36m2023-12-04 15:06:07 DEBUG (MainThread) [__main__] extracted fields for JeremyDRodden-House:['email', 'name'][0m
[36m2023-12-04 15:06:07 DEBUG (MainThread) [__main__] Working on JamesAJayLeftwichJr,House[0m
[36m2023-12-04 15:06:07 DEBUG (MainThread) [__main__] extracted fields for JamesAJayLeftwichJr-House:[][0m
[36m2023-12-04 15:06:07 DEBUG (MainThread) [__main__] Working on CECliffHayesJr,House[0m
[36m2023-12-04 15:06:07 DEBUG (MainThread) [utils] Skipping html/House/CECliffHayesJr/javascript as it is a directory.[0m
[36m2023-12-04 15:06:07 DEBUG (MainThread) [__main__] extracted fields for CECliffHayesJr-House:['name', 'email', 'phone', 'subject', 'message'][0m
[36m2023-12-04 15:06:07 DEBUG (MainThread) [__main__] Working on BonitaGraceAnthony,House[0m
[36m2023-12-04 15:06:07 DEBUG (MainThread) [__main__] extracted fields for BonitaGraceAnthony-House:[][0m
[36m2023-12-04 15:06:07 DEBUG (MainThread) [__main__] Working on JackieHopeGlass,House[0m
[36m2023-12-04 15:06:07 DEBUG (MainThread) [utils] Skipping html/House/JackieHopeGlass/javascript as it is a directory.[0m
[36m2023-12-04 15:06:07 DEBUG (MainThread) [__main__] extracted fields for JackieHopeGlass-House:['street address', 'first', 'address line 2', 'city', 'last', 'subject(required)', 'state / province / region', 'zip / postal code', 'message(required)', 'phone', 'what do you want to work on?(required)', 'email(required)'][0m
[36m2023-12-04 15:06:07 DEBUG (MainThread) [__main__] Working on JohnSitkaIII,House[0m
[36m2023-12-04 15:06:07 DEBUG (MainThread) [utils] Skipping html/House/JohnSitkaIII/javascript as it is a directory.[0m
[36m2023-12-04 15:06:08 DEBUG (MainThread) [__main__] extracted fields for JohnSitkaIII-House:['email', 'phone', 'name'][0m
[36m2023-12-04 15:06:08 DEBUG (MainThread) [__main__] Working on PhilMHernandez,House[0m
[36m2023-12-04 15:06:08 DEBUG (MainThread) [__main__] extracted fields for PhilMHernandez-House:['first name', 'email', 'zip code', 'phone', 'last name'][0m
[36m2023-12-04 15:06:08 DEBUG (MainThread) [__main__] Working on AndrewBAndyPittman,House[0m
[36m2023-12-04 15:06:08 DEBUG (MainThread) [__main__] extracted fields for AndrewBAndyPittman-House:['work polls', 'knock doors', 'get a yard sign', 'your message', 'subscribe for updates', 'make calls', 'admin help'][0m
[36m2023-12-04 15:06:08 DEBUG (MainThread) [__main__] Working on AlexQAskew,House[0m
[36m2023-12-04 15:06:08 DEBUG (MainThread) [utils] Skipping html/House/AlexQAskew/pdfs as it is a directory.[0m
[36m2023-12-04 15:06:08 DEBUG (MainThread) [utils] Skipping html/House/AlexQAskew/javascript as it is a directory.[0m
[36m2023-12-04 15:06:08 DEBUG (MainThread) [__main__] extracted fields for AlexQAskew-House:[][0m
[36m2023-12-04 15:06:08 DEBUG (MainThread) [__main__] Working on NicholasSOlenik,House[0m
[36m2023-12-04 15:06:08 DEBUG (MainThread) [utils] Skipping html/House/NicholasSOlenik/javascript as it is a directory.[0m
[36m2023-12-04 15:06:08 DEBUG (MainThread) [__main__] extracted fields for NicholasSOlenik-House:['email'][0m
[36m2023-12-04 15:06:08 DEBUG (MainThread) [__main__] Working on MichaelCKarslake,House[0m
[36m2023-12-04 15:06:08 DEBUG (MainThread) [__main__] extracted fields for MichaelCKarslake-House:['join the team', ''][0m
[36m2023-12-04 15:06:08 DEBUG (MainThread) [__main__] Working on MichaelBFeggans,House[0m
[36m2023-12-04 15:06:08 DEBUG (MainThread) [utils] Skipping html/House/MichaelBFeggans/pdfs as it is a directory.[0m
[36m2023-12-04 15:06:09 DEBUG (MainThread) [utils] Skipping html/House/MichaelBFeggans/javascript as it is a directory.[0m
[36m2023-12-04 15:06:10 DEBUG (MainThread) [__main__] extracted fields for MichaelBFeggans-House:['invite mike to a community event', 'how would you like to help out on the campaign?', 'host a meet & greet or fundraiser', "i'm not sure, but i want to help!", 'first name', 'zip code', 'email', 'why are you supporting mike for delegate?', 'is there any other information you want to share with mike and the team?', 'volunteer at an upcoming event', 'knock on doors and get out the vote', 'make phone calls to voters', 'phone', 'last name', 'message'][0m
[36m2023-12-04 15:06:10 DEBUG (MainThread) [__main__] Working on BarryDKnight,House[0m
[36m2023-12-04 15:06:10 DEBUG (MainThread) [__main__] extracted fields for BarryDKnight-House:[][0m
[36m2023-12-04 15:06:10 DEBUG (MainThread) [__main__] Working on CatAPorterfield,House[0m
[36m2023-12-04 15:06:10 DEBUG (MainThread) [utils] Skipping html/House/CatAPorterfield/javascript as it is a directory.[0m
[36m2023-12-04 15:06:10 DEBUG (MainThread) [__main__] extracted fields for CatAPorterfield-House:[][0m
[36m2023-12-04 15:06:10 DEBUG (MainThread) [__main__] Working on AnneFerrellTata,House[0m
[36m2023-12-04 15:06:10 DEBUG (MainThread) [utils] Skipping html/House/AnneFerrellTata/javascript as it is a directory.[0m
[36m2023-12-04 15:06:10 DEBUG (MainThread) [__main__] extracted fields for AnneFerrellTata-House:['yes', 'no', 'description of requested letter:', 'event date', 'middle name', 'recipient', 'host a meet-and-greet', 'first name', 'type of letter', 'email', 'is this for a publication?', 'if "other" please describe here', 'go door-to-door', 'email address', 'last name', 'write letters to the editor', 'please enter any two digits.', 'send courtesy letter to:', 'display a yard sign', 'phone number', 'date letter is needed (if different from event date)', 'donate', 'requestor', 'make phone calls', 'name suffix', 'name prefix/salutation', 'address', 'if specified "other", please explain', 'message'][0m
[36m2023-12-04 15:06:10 DEBUG (MainThread) [__main__] Working on RobertSBloxomJr,House[0m
[36m2023-12-04 15:06:10 DEBUG (MainThread) [utils] Skipping html/House/RobertSBloxomJr/javascript as it is a directory.[0m
[36m2023-12-04 15:06:10 DEBUG (MainThread) [__main__] extracted fields for RobertSBloxomJr-House:['make phone calls', 'how can i help?', 'first name', 'be a precinct captain', 'email', 'put a yard sign up', 'knock on doors', 'zip', 'work the polls on election day', 'put a bumper sticker on my car', 'last name', 'message'][0m
[36m2023-12-04 15:06:10 DEBUG (MainThread) [__main__] Working on EmilyGScott,Senate[0m
[36m2023-12-04 15:06:10 DEBUG (MainThread) [utils] Skipping html/Senate/EmilyGScott/javascript as it is a directory.[0m
[36m2023-12-04 15:06:10 DEBUG (MainThread) [__main__] extracted fields for EmilyGScott-Senate:['first & last name', 'about you', 'email', 'interested in', 'voting district', 'phone'][0m
[36m2023-12-04 15:06:10 DEBUG (MainThread) [__main__] Working on MarkDObenshain,Senate[0m
[36m2023-12-04 15:06:10 DEBUG (MainThread) [utils] Skipping html/Senate/MarkDObenshain/pdfs as it is a directory.[0m
[36m2023-12-04 15:06:10 DEBUG (MainThread) [utils] Skipping html/Senate/MarkDObenshain/javascript as it is a directory.[0m
[36m2023-12-04 15:06:11 DEBUG (MainThread) [__main__] extracted fields for MarkDObenshain-Senate:['', 'how can you help?', 'city', 'cell phone', 'street address line 2', 'host a meet-and-greet', 'first name', 'go door-to-door', 'email address', 'last name', 'write letters to the editor', 'display a yard sign', 'phone number', 'state', 'attend rallies', 'make phone calls', 'street address', 'zip code', 'message'][0m
[36m2023-12-04 15:06:11 DEBUG (MainThread) [__main__] Working on JadeDHarris,Senate[0m
[36m2023-12-04 15:06:11 DEBUG (MainThread) [__main__] extracted fields for JadeDHarris-Senate:[][0m
[36m2023-12-04 15:06:11 DEBUG (MainThread) [__main__] Working on ChristopherTHead,Senate[0m
[36m2023-12-04 15:06:11 DEBUG (MainThread) [utils] Skipping html/Senate/ChristopherTHead/javascript as it is a directory.[0m
[36m2023-12-04 15:06:11 DEBUG (MainThread) [__main__] extracted fields for ChristopherTHead-Senate:['street address', 'name', 'first', 'city', 'email', 'zip code', 'comments', 'last', 'state', 'phone', 'mobile number', 'message'][0m
[36m2023-12-04 15:06:11 DEBUG (MainThread) [__main__] Working on PATrishWhite-Boyd,Senate[0m
[36m2023-12-04 15:06:11 DEBUG (MainThread) [utils] Skipping html/Senate/PATrishWhite-Boyd/javascript as it is a directory.[0m
[36m2023-12-04 15:06:11 DEBUG (MainThread) [__main__] extracted fields for PATrishWhite-Boyd-Senate:[][0m
[36m2023-12-04 15:06:11 DEBUG (MainThread) [__main__] Working on DavidRobertSuetterlein,Senate[0m
[36m2023-12-04 15:06:11 DEBUG (MainThread) [__main__] extracted fields for DavidRobertSuetterlein-Senate:[][0m
[36m2023-12-04 15:06:11 DEBUG (MainThread) [__main__] Working on TTravisHackworth,Senate[0m
[36m2023-12-04 15:06:12 DEBUG (MainThread) [utils] Skipping html/Senate/TTravisHackworth/javascript as it is a directory.[0m
[36m2023-12-04 15:06:12 DEBUG (MainThread) [__main__] extracted fields for TTravisHackworth-Senate:['(###)', 'knock doors', 'help with events', 'wherever needed most', 'first name', 'email', 'host a meet and greet', '####', '###', 'host a yard sign', 'locality', 'last name', 'host a fundraiser', 'message'][0m
[36m2023-12-04 15:06:12 DEBUG (MainThread) [__main__] Working on ToddEPillion,Senate[0m
[36m2023-12-04 15:06:12 DEBUG (MainThread) [utils] Skipping html/Senate/ToddEPillion/javascript as it is a directory.[0m
[36m2023-12-04 15:06:12 DEBUG (MainThread) [__main__] extracted fields for ToddEPillion-Senate:['yes', 'no', 'do you support efforts to provide $1 billion in tax relief that governor youngkin proposed in his budget, which senate democrats blocked?', 'parental rights', 'healthcare prices', 'first name', 'email', 'inflation', 'do you support democrat efforts to ban assault style weapons in virginia which would impose upon our rights to keep and bear arms?', 'comments', '2a (second amendment) rights', 'other', 'email address', 'last name', 'phone number', 'tax relief', 'protecting the unborn', 'do you support efforts to develop small modular nuclear energy opportunities in southwest virginia?', 'address'][0m
[36m2023-12-04 15:06:12 DEBUG (MainThread) [__main__] Working on DeborahIRenieGates,Senate[0m
[36m2023-12-04 15:06:12 DEBUG (MainThread) [utils] Skipping html/Senate/DeborahIRenieGates/javascript as it is a directory.[0m
[36m2023-12-04 15:06:12 DEBUG (MainThread) [__main__] extracted fields for DeborahIRenieGates-Senate:[''][0m
[36m2023-12-04 15:06:12 DEBUG (MainThread) [__main__] Working on WilliamMBillStanleyJr,Senate[0m
[36m2023-12-04 15:06:13 DEBUG (MainThread) [utils] Skipping html/Senate/WilliamMBillStanleyJr/javascript as it is a directory.[0m
[36m2023-12-04 15:06:13 DEBUG (MainThread) [__main__] extracted fields for WilliamMBillStanleyJr-Senate:['i would like to receive your newsletter', 'yes', 'name', 'first', 'first name', 'email', 'δ', 'last', 'your message', 'comment', 'email address', 'last name', 'website', 'subject'][0m
[36m2023-12-04 15:06:13 DEBUG (MainThread) [__main__] Working on MarkJPeake,Senate[0m
[36m2023-12-04 15:06:14 DEBUG (MainThread) [__main__] extracted fields for MarkJPeake-Senate:[][0m
[36m2023-12-04 15:06:14 DEBUG (MainThread) [__main__] Working on FrankMRuffJr,Senate[0m
[36m2023-12-04 15:06:14 DEBUG (MainThread) [utils] Skipping html/Senate/FrankMRuffJr/javascript as it is a directory.[0m
[36m2023-12-04 15:06:14 DEBUG (MainThread) [__main__] extracted fields for FrankMRuffJr-Senate:[][0m
[36m2023-12-04 15:06:14 DEBUG (MainThread) [__main__] Working on JohnJMcGuireIII,Senate[0m
[36m2023-12-04 15:06:14 DEBUG (MainThread) [__main__] extracted fields for JohnJMcGuireIII-Senate:['name', 'email', 'phone', 'address', 'subject', 'message'][0m
[36m2023-12-04 15:06:14 DEBUG (MainThread) [__main__] Working on RCreighDeeds,Senate[0m
[36m2023-12-04 15:06:15 DEBUG (MainThread) [utils] Skipping html/Senate/RCreighDeeds/javascript as it is a directory.[0m
[36m2023-12-04 15:06:15 DEBUG (MainThread) [__main__] extracted fields for RCreighDeeds-Senate:['search for:'][0m
[36m2023-12-04 15:06:15 DEBUG (MainThread) [__main__] Working on GlenHSturtevantJr,Senate[0m
[36m2023-12-04 15:06:15 DEBUG (MainThread) [utils] Skipping html/Senate/GlenHSturtevantJr/javascript as it is a directory.[0m
[36m2023-12-04 15:06:15 DEBUG (MainThread) [__main__] extracted fields for GlenHSturtevantJr-Senate:['name', 'first', 'spread the word online', 'city', 'volunteer at campaign hq', 'last', 'message(required)', 'volunteer on election day', 'first name(required)', 'email(required)', 'comments', 'write a letter to the editor', 'last name', 'display a yard sign', 'state', 'phone', 'make phone calls', 'street address', 'zip code', 'walk door-to-door', 'address line 2'][0m
[36m2023-12-04 15:06:15 DEBUG (MainThread) [__main__] Working on LashrecseDAird,Senate[0m
[36m2023-12-04 15:06:16 DEBUG (MainThread) [__main__] extracted fields for LashrecseDAird-Senate:['city', 'i want a yard sign!', '(###)', 'first name', 'email', 'state/province', '###', 'i want a barn sign!', 'email address', 'i want to host a meet and greet!', 'last name', 'address 1', 'zip/postal code', 'i want to make phone calls!', 'i want to hold a fundraiser!', '####', 'address 2', 'i want to knock doors!', 'country'][0m
[36m2023-12-04 15:06:16 DEBUG (MainThread) [__main__] Working on EricFDitri,Senate[0m
[36m2023-12-04 15:06:16 DEBUG (MainThread) [utils] Skipping html/Senate/EricFDitri/javascript as it is a directory.[0m
[36m2023-12-04 15:06:16 DEBUG (MainThread) [__main__] extracted fields for EricFDitri-Senate:['email', 'email address', 'name'][0m
[36m2023-12-04 15:06:16 DEBUG (MainThread) [__main__] Working on LamontBagby,Senate[0m
[36m2023-12-04 15:06:16 DEBUG (MainThread) [utils] Skipping html/Senate/LamontBagby/javascript as it is a directory.[0m
[36m2023-12-04 15:06:16 DEBUG (MainThread) [__main__] extracted fields for LamontBagby-Senate:['search for:'][0m
[36m2023-12-04 15:06:16 DEBUG (MainThread) [__main__] Working on SchuylerTVanValkenburg,Senate[0m
[36m2023-12-04 15:06:16 DEBUG (MainThread) [utils] Skipping html/Senate/SchuylerTVanValkenburg/javascript as it is a directory.[0m
[36m2023-12-04 15:06:16 DEBUG (MainThread) [__main__] extracted fields for SchuylerTVanValkenburg-Senate:['email', 'name', 'message'][0m
[36m2023-12-04 15:06:16 DEBUG (MainThread) [__main__] Working on SiobhanSDunnavant,Senate[0m
[36m2023-12-04 15:06:17 DEBUG (MainThread) [__main__] extracted fields for SiobhanSDunnavant-Senate:['', 'street address', 'first name', 'city', 'email', 'postal / zip code', 'region/state/province', 'street address line 2', 'phone', 'last name'][0m
[36m2023-12-04 15:06:17 DEBUG (MainThread) [__main__] Working on EmilyMarieBrewer,Senate[0m
[36m2023-12-04 15:06:17 DEBUG (MainThread) [__main__] extracted fields for EmilyMarieBrewer-Senate:[][0m
[36m2023-12-04 15:06:17 DEBUG (MainThread) [__main__] Working on AnthonyWTonyGoodwin,Senate[0m
[36m2023-12-04 15:06:17 DEBUG (MainThread) [__main__] extracted fields for AnthonyWTonyGoodwin-Senate:['name', 'first name', 'email', 'email address', 'last name', 'message'][0m
[36m2023-12-04 15:06:17 DEBUG (MainThread) [__main__] Working on VictoriaALuevanos,Senate[0m
[36m2023-12-04 15:06:17 DEBUG (MainThread) [utils] Skipping html/Senate/VictoriaALuevanos/javascript as it is a directory.[0m
[36m2023-12-04 15:06:18 DEBUG (MainThread) [__main__] extracted fields for VictoriaALuevanos-Senate:['email', 'name', 'search', 'message'][0m
[36m2023-12-04 15:06:18 DEBUG (MainThread) [__main__] Working on WilliamRBillDeSteph,Senate[0m
[36m2023-12-04 15:06:18 DEBUG (MainThread) [utils] Skipping html/Senate/WilliamRBillDeSteph/pdfs as it is a directory.[0m
[36m2023-12-04 15:06:18 DEBUG (MainThread) [utils] Skipping html/Senate/WilliamRBillDeSteph/javascript as it is a directory.[0m
[36m2023-12-04 15:06:18 DEBUG (MainThread) [__main__] extracted fields for WilliamRBillDeSteph-Senate:['', 'street address', 'name', 'first name', 'city', 'email', 'zip code', 'address - we need your address due to recent redistricting to ensure we can assist you.', 'state', 'constant contact use. please leave this field blank.', 'zip', 'phone', 'how can we help you?', 'address', 'high school'][0m
[36m2023-12-04 15:06:18 DEBUG (MainThread) [__main__] Working on AngeliaWilliamsGraves,Senate[0m
[36m2023-12-04 15:06:18 DEBUG (MainThread) [utils] Skipping html/Senate/AngeliaWilliamsGraves/javascript as it is a directory.[0m
[36m2023-12-04 15:06:18 DEBUG (MainThread) [__main__] extracted fields for AngeliaWilliamsGraves-Senate:['i would like to make a financial contribution', 'endorsement:', 'i would like to volunteer', 'state:', 'i would like to make phone calls', 'first name:', 'email:', 'last name:', 'zip:', 'subject:', 'zip code:', 'title:', 'city/town:', 'message:', 'address:', 'get updates and news via email', 'phone:', 'address 2:', 'i would like to canvass'][0m
[36m2023-12-04 15:06:18 DEBUG (MainThread) [__main__] Working on AaronRRouse,Senate[0m
[36m2023-12-04 15:06:19 DEBUG (MainThread) [utils] Skipping html/Senate/AaronRRouse/javascript as it is a directory.[0m
[36m2023-12-04 15:06:19 DEBUG (MainThread) [__main__] extracted fields for AaronRRouse-Senate:['administrative/office work', 'city', 'volunteering at an event', 'first name', 'email', 'inviting aaron to a church, civic league, or other community event', "is there anything else you'd like to add?", 'last name', 'state', 'how would you like to get involved', 'internship / fellowship for school credit', 'knocking on doors', 'cell', 'hosting a meet and greet or fundraiser', 'zipcode', 'zip code', 'making phone calls to voters', 'address', 'message'][0m
[36m2023-12-04 15:06:19 DEBUG (MainThread) [__main__] Working on KevinHAdams,Senate[0m
[36m2023-12-04 15:06:19 DEBUG (MainThread) [__main__] extracted fields for KevinHAdams-Senate:[][0m
[36m2023-12-04 15:06:19 DEBUG (MainThread) [__main__] Working on MamieELocke,Senate[0m
[36m2023-12-04 15:06:19 DEBUG (MainThread) [utils] Skipping html/Senate/MamieELocke/javascript as it is a directory.[0m
[36m2023-12-04 15:06:19 DEBUG (MainThread) [__main__] extracted fields for MamieELocke-Senate:['email address', 'bots only'][0m
[36m2023-12-04 15:06:19 DEBUG (MainThread) [__main__] Working on TMontyMason,Senate[0m
[36m2023-12-04 15:06:19 DEBUG (MainThread) [utils] Skipping html/Senate/TMontyMason/pdfs as it is a directory.[0m
[36m2023-12-04 15:06:20 DEBUG (MainThread) [utils] Skipping html/Senate/TMontyMason/javascript as it is a directory.[0m
[36m2023-12-04 15:06:21 DEBUG (MainThread) [__main__] extracted fields for TMontyMason-Senate:['email', 'δ', 'name', 'message'][0m
[36m2023-12-04 15:06:21 DEBUG (MainThread) [__main__] Working on JDDannyDiggs,Senate[0m
[36m2023-12-04 15:06:21 DEBUG (MainThread) [utils] Skipping html/Senate/JDDannyDiggs/pdfs as it is a directory.[0m
[36m2023-12-04 15:06:21 DEBUG (MainThread) [utils] Skipping html/Senate/JDDannyDiggs/javascript as it is a directory.[0m
[36m2023-12-04 15:06:21 DEBUG (MainThread) [__main__] extracted fields for JDDannyDiggs-Senate:['city', 'volunteer on election day', 'city / county', '(###)', 'first name', 'host meet & greet', 'state/province', '###', 'office help (mailings)', 'request a yard sign', 'email address', 'other (specify in message below)', 'last name', 'address 1', 'zip/postal code', '####', 'address 2', 'walk door to door', "request a large sign (4' x 4')", 'country', 'message'][0m
[36m2023-12-04 15:06:21 DEBUG (MainThread) [__main__] Working on JoliciaAWard,Senate[0m
[36m2023-12-04 15:06:21 DEBUG (MainThread) [utils] Skipping html/Senate/JoliciaAWard/javascript as it is a directory.[0m
[36m2023-12-04 15:06:21 DEBUG (MainThread) [__main__] extracted fields for JoliciaAWard-Senate:[][0m
[36m2023-12-04 15:06:21 DEBUG (MainThread) [__main__] Working on RichardHStuart,Senate[0m
[36m2023-12-04 15:06:21 DEBUG (MainThread) [utils] Skipping html/Senate/RichardHStuart/javascript as it is a directory.[0m
[36m2023-12-04 15:06:21 DEBUG (MainThread) [__main__] extracted fields for RichardHStuart-Senate:['', 'volunteer?'][0m
[36m2023-12-04 15:06:21 DEBUG (MainThread) [__main__] Working on JoelLGriffin,Senate[0m
[36m2023-12-04 15:06:21 DEBUG (MainThread) [utils] Skipping html/Senate/JoelLGriffin/javascript as it is a directory.[0m
[36m2023-12-04 15:06:22 DEBUG (MainThread) [__main__] extracted fields for JoelLGriffin-Senate:['name', 'email', 'zip', 'phone', 'message'][0m
[36m2023-12-04 15:06:22 DEBUG (MainThread) [__main__] Working on TaraADurant,Senate[0m
[36m2023-12-04 15:06:22 DEBUG (MainThread) [utils] Skipping html/Senate/TaraADurant/javascript as it is a directory.[0m
[36m2023-12-04 15:06:22 DEBUG (MainThread) [__main__] extracted fields for TaraADurant-Senate:['first', 'name', 'city', 'last', 'address line 2', 'spread the word on social media', 'email(required)', 'knock doors', 'first name', 'email', 'host an event', 'number', 'sign size(required)', 'phone(required)', 'last name', 'upload your picture', 'write postcards', 'phone', 'may we share your endorsement on our social media pages?', 'home address', 'make phone calls', 'delivered or pick-up(required)', 'street address', 'zip code', 'captcha', 'country', 'yes, share on social media', 'i would like to:', 'zip / postal code', 'state / province / region', 'why are you supporting tara for virginia senate?', 'message'][0m
[36m2023-12-04 15:06:22 DEBUG (MainThread) [__main__] Working on BryceEReeves,Senate[0m
[36m2023-12-04 15:06:22 DEBUG (MainThread) [utils] Skipping html/Senate/BryceEReeves/javascript as it is a directory.[0m
[36m2023-12-04 15:06:23 DEBUG (MainThread) [__main__] extracted fields for BryceEReeves-Senate:['', 'women', 'city', 'street address line 2', 'i would like to make phone calls', 'i want to be a district chair, county chair or precinct captain', 'first name', 'i would like to host a fundraiser', 'law enforcement', 'i would like a yard sign', 'i would like to join the finance committee', 'email address', 'last name', 'hispanic', 'i support bryce reeves for state senate', 'i would like to knock doors', 'phone number', 'state', 'i would like to volunteer at events', 'street address', 'zip code', 'veterans/military', 'i would like to help place signs', 'message'][0m
[36m2023-12-04 15:06:23 DEBUG (MainThread) [__main__] Working on NikkiNRattrayBaldwin,Senate[0m
[36m2023-12-04 15:06:23 DEBUG (MainThread) [__main__] extracted fields for NikkiNRattrayBaldwin-Senate:[][0m
[36m2023-12-04 15:06:23 DEBUG (MainThread) [__main__] Working on DanicaARoem,Senate[0m
[36m2023-12-04 15:06:23 DEBUG (MainThread) [__main__] extracted fields for DanicaARoem-Senate:[][0m
[36m2023-12-04 15:06:23 DEBUG (MainThread) [__main__] Working on JuanPabloSegura,Senate[0m
[36m2023-12-04 15:06:23 DEBUG (MainThread) [__main__] extracted fields for JuanPabloSegura-Senate:[][0m
[36m2023-12-04 15:06:23 DEBUG (MainThread) [__main__] Working on SuhasSubramanyam,Senate[0m
[36m2023-12-04 15:06:23 DEBUG (MainThread) [__main__] extracted fields for SuhasSubramanyam-Senate:[][0m
[36m2023-12-04 15:06:23 DEBUG (MainThread) [__main__] Working on GregoryJMoulthrop,Senate[0m
[36m2023-12-04 15:06:23 DEBUG (MainThread) [utils] Skipping html/Senate/GregoryJMoulthrop/javascript as it is a directory.[0m
[36m2023-12-04 15:06:23 DEBUG (MainThread) [__main__] extracted fields for GregoryJMoulthrop-Senate:['(###)', 'first name', 'email', 'zip code', '####', '###', "ask a question and we'll get back to you", 'email address', 'last name', 'message'][0m
[36m2023-12-04 15:06:23 DEBUG (MainThread) [__main__] Working on JenniferDCarrollFoy,Senate[0m
[36m2023-12-04 15:06:23 DEBUG (MainThread) [utils] Skipping html/Senate/JenniferDCarrollFoy/pdfs as it is a directory.[0m
[36m2023-12-04 15:06:23 DEBUG (MainThread) [utils] Skipping html/Senate/JenniferDCarrollFoy/javascript as it is a directory.[0m
[36m2023-12-04 15:06:23 DEBUG (MainThread) [__main__] extracted fields for JenniferDCarrollFoy-Senate:[][0m
[36m2023-12-04 15:06:23 DEBUG (MainThread) [__main__] Working on MikeLVanMeter,Senate[0m
[36m2023-12-04 15:06:23 DEBUG (MainThread) [__main__] extracted fields for MikeLVanMeter-Senate:[][0m
[36m2023-12-04 15:06:23 DEBUG (MainThread) [__main__] Working on ScottASurovell,Senate[0m
[36m2023-12-04 15:06:23 DEBUG (MainThread) [__main__] extracted fields for ScottASurovell-Senate:[][0m
[36m2023-12-04 15:06:23 DEBUG (MainThread) [__main__] Working on DavidWMarsden,Senate[0m
[36m2023-12-04 15:06:28 DEBUG (MainThread) [utils] Skipping html/Senate/DavidWMarsden/javascript as it is a directory.[0m
[36m2023-12-04 15:06:38 DEBUG (MainThread) [__main__] extracted fields for DavidWMarsden-Senate:['yes', 'city', 'office', '1 week', 'organization name', 'brand guide', '2 weeks', 'other request (email template, consultation, etc)', 'organization field', 'please provide a link to your personal website, portfolio and link to your github account', 'zip or postal code', 'run your nonprofit', 'send me text messages', 'job function', 'url of government website with elected official profile', 'both', 'title', 'state', 'architect                architect', 'migrate an existing website to nationbuilder', 'progressive', 'end date', 'work email', 'nationbuilder may keep me informed via email about products and services', 'expert                expert', 'organization size', 'election date', 'no', 'europe/middle east/africa', 'start date', 'number of attendees', 'first name', 'make changes to a nationbuilder website', 'conservative', 'anything else you’d like to share with your professional?', 'email address', 'last name', 'district type', 'nation slug', 'nonprofit', 'a logo, photos, brand guide, fonts, copy, and any other documents', 'mobile phone (optional)', 'preferred dates', 'describe your project', 'send me email updates', 'candidate first name', 'choose a start and end date', '48 hours - quick turnaround fees typically apply', 'on-site (my location)', 'advocacy', 'developer                developer', 'develop a nationbuilder app or integration', 'advocate for your community', 'address (street, city, state, postal code)', 'any', 'email', 'comments', 'employer', 'web', 'central/south america', 'name your project', 'android', 'api key', 'election type', 'ios', 'choose your preferred language', 'district information', 'remember me', 'phone', '1 month', 'photos', "what's your budget", 'north america', 'brief description of your academic project', 'please provide the name of your app and a brief overview.', 'email list size', 'link to any inspiration on the web', 'inspirational content and supporting files', 'optional email code', 'business', 'mobile', "don't publish my rsvp on the website", 'nonpartisan', 'brand', "i agree to and understand my state's acceptable use policy", 'win your election', 'political', 'already registered as a 501c3?', 'available via "nationbuilder partner match service"', 'organization', 'fonts', 'phone number', 'campaign name', 'finished content', 'relationship to campaign', 'message to dave', 'create a new nationbuilder website', 'how many other people are you bringing?', 'password', 'candidate last name', 'asia-pacific', "not sure. i'd like to chat with my professional", 'what is your existing website?', 'online', 'state (if different than organization)'][0m
[36m2023-12-04 15:06:38 DEBUG (MainThread) [__main__] Working on MarkBVafiades,Senate[0m
[36m2023-12-04 15:06:38 DEBUG (MainThread) [__main__] extracted fields for MarkBVafiades-Senate:['street address', 'comments (optional)', 'first name', 'city', 'zip code', 'phone number', 'state', 'knocking doors', 'hosting an event', 'making phone calls', 'request a yard sign', 'street address line 2', 'email address', 'last name'][0m
[36m2023-12-04 15:06:38 DEBUG (MainThread) [__main__] Working on StellaGPekarsky,Senate[0m
[36m2023-12-04 15:06:38 DEBUG (MainThread) [utils] Skipping html/Senate/StellaGPekarsky/javascript as it is a directory.[0m
[36m2023-12-04 15:06:38 DEBUG (MainThread) [__main__] extracted fields for StellaGPekarsky-Senate:['text messages', 'name', 'phone number', 'sign me up for text messages (optional).', 'email address', 'message'][0m
[36m2023-12-04 15:06:38 DEBUG (MainThread) [__main__] Working on JulieAnnaPerry,Senate[0m
[36m2023-12-04 15:06:38 DEBUG (MainThread) [__main__] extracted fields for JulieAnnaPerry-Senate:['street address', 'first name', 'city', 'zip code', 'phone number', 'state', 'street address line 2', 'email address', 'last name'][0m
[36m2023-12-04 15:06:38 DEBUG (MainThread) [__main__] Working on SaddamAzlanSalim,Senate[0m
[36m2023-12-04 15:06:38 DEBUG (MainThread) [__main__] extracted fields for SaddamAzlanSalim-Senate:['making phone calls/texts', 'first name', 'email', 'zip code', 'donation', 'hosting a meet-and-greet', 'other', 'phone', 'last name', 'type your message here...', 'door knocking'][0m
[36m2023-12-04 15:06:38 DEBUG (MainThread) [__main__] Working on KennethDKenReid,Senate[0m
[36m2023-12-04 15:06:39 DEBUG (MainThread) [utils] Skipping html/Senate/KennethDKenReid/javascript as it is a directory.[0m
[36m2023-12-04 15:06:39 DEBUG (MainThread) [__main__] extracted fields for KennethDKenReid-Senate:[][0m
[36m2023-12-04 15:06:39 DEBUG (MainThread) [__main__] Working on JenniferBBoysko,Senate[0m
[36m2023-12-04 15:06:39 DEBUG (MainThread) [utils] Skipping html/Senate/JenniferBBoysko/pdfs as it is a directory.[0m
[36m2023-12-04 15:06:39 DEBUG (MainThread) [utils] Skipping html/Senate/JenniferBBoysko/javascript as it is a directory.[0m
[36m2023-12-04 15:06:39 DEBUG (MainThread) [__main__] extracted fields for JenniferBBoysko-Senate:['concern', 'name', 'request a meeting', 'email', 'δ', 'interested in volunteer opportunities', 'join contact list (receive newsletters)', 'reason for contacting', 'help with state agency', 'address', 'message'][0m
[36m2023-12-04 15:06:39 DEBUG (MainThread) [__main__] Working on MatthewJMattLang,Senate[0m
[36m2023-12-04 15:06:39 DEBUG (MainThread) [utils] Skipping html/Senate/MatthewJMattLang/javascript as it is a directory.[0m
[36m2023-12-04 15:06:40 DEBUG (MainThread) [__main__] extracted fields for MatthewJMattLang-Senate:['', 'make phone calls', 'i agree to the terms & conditionsview privacy policy', 'election day poll worker', 'host an event', 'request a sign', 'social media team', 'other (indicate below)', 'knock on doors'][0m
[36m2023-12-04 15:06:40 DEBUG (MainThread) [__main__] Working on AdamPEbbin,Senate[0m
[36m2023-12-04 15:06:40 DEBUG (MainThread) [utils] Skipping html/Senate/AdamPEbbin/javascript as it is a directory.[0m
[36m2023-12-04 15:06:40 DEBUG (MainThread) [__main__] extracted fields for AdamPEbbin-Senate:[][0m
[36m2023-12-04 15:06:40 DEBUG (MainThread) [__main__] Working on SophiaCMoshasha,Senate[0m
[36m2023-12-04 15:06:42 DEBUG (MainThread) [__main__] extracted fields for SophiaCMoshasha-Senate:['email', 'phone', 'sign up for our email list for news and events.', 'name'][0m
[36m2023-12-04 15:06:42 DEBUG (MainThread) [__main__] Working on BarbaraAFavola,Senate[0m
[36m2023-12-04 15:06:43 DEBUG (MainThread) [__main__] extracted fields for BarbaraAFavola-Senate:['(###)', 'first name', 'zip code', '####', '###', 'email address', 'last name', 'subject', 'message'][0m
[36m2023-12-04 15:06:43 DEBUG (MainThread) [__main__] Working on KristinLHoffman,House[0m
[36m2023-12-04 15:06:43 DEBUG (MainThread) [utils] Skipping html/House/KristinLHoffman/javascript as it is a directory.[0m
[36m2023-12-04 15:06:43 DEBUG (MainThread) [__main__] extracted fields for KristinLHoffman-House:['make phone calls', '(###)', 'knock doors', "join kristin's social media team", 'first name', 'email', 'zip code', 'host event', '####', 'invite kristin to speak', 'endorse kristin', '###', 'last name', 'put up yard sign'][0m
[36m2023-12-04 15:06:43 DEBUG (MainThread) [__main__] Working on IreneShin,House[0m
[36m2023-12-04 15:06:43 DEBUG (MainThread) [utils] Skipping html/House/IreneShin/pdfs as it is a directory.[0m
[36m2023-12-04 15:06:44 DEBUG (MainThread) [utils] Skipping html/House/IreneShin/javascript as it is a directory.[0m
[36m2023-12-04 15:06:45 DEBUG (MainThread) [__main__] extracted fields for IreneShin-House:['(###)', 'title', 'first name', 'email', '####', '###', 'email address', 'last name', 'subject', 'message'][0m
[36m2023-12-04 15:06:45 DEBUG (MainThread) [__main__] Working on MaxBFisher,House[0m
[36m2023-12-04 15:06:45 DEBUG (MainThread) [utils] Skipping html/House/MaxBFisher/javascript as it is a directory.[0m
[36m2023-12-04 15:06:46 DEBUG (MainThread) [__main__] extracted fields for MaxBFisher-House:['i would like to make a financial contribution', 'subject:', 'zip code:', 'first name:', 'email:', 'last name:', 'i would like to volunteer anywhere i can help', 'get updates and news via email', 'city/town:', 'phone:', 'message:', 'address 2:', 'i would host a fundraiser to elect max fisher', 'please add me to your list of supporters', 'i would like to help and talk to my neighbors about voting for max!', 'address:', 'state:', 'i would like to display a yard sign'][0m
[36m2023-12-04 15:06:46 DEBUG (MainThread) [__main__] Working on EdwardFMcGovern,House[0m
[36m2023-12-04 15:06:46 DEBUG (MainThread) [utils] Skipping html/House/EdwardFMcGovern/javascript as it is a directory.[0m
[36m2023-12-04 15:06:46 DEBUG (MainThread) [__main__] extracted fields for EdwardFMcGovern-House:[][0m
[36m2023-12-04 15:06:46 DEBUG (MainThread) [__main__] Working on PaulKLott,House[0m
[36m2023-12-04 15:06:46 DEBUG (MainThread) [utils] Skipping html/House/PaulKLott/javascript as it is a directory.[0m
[36m2023-12-04 15:06:46 DEBUG (MainThread) [__main__] extracted fields for PaulKLott-House:['knock doors', 'your email', 'name', 'your message (optional)', 'email', 'your phone', 'intern', 'host a meet & greet', 'website', 'save my name, email, and website in this browser for the next time i comment.', 'write post cards', 'your name', 'make calls', 'comment', 'deliver yard signs', 'host a fundraiser', 'subject'][0m
[36m2023-12-04 15:06:46 DEBUG (MainThread) [__main__] Working on EstherMNizer,House[0m
[36m2023-12-04 15:06:46 DEBUG (MainThread) [utils] Skipping html/House/EstherMNizer/javascript as it is a directory.[0m
[36m2023-12-04 15:06:46 DEBUG (MainThread) [__main__] extracted fields for EstherMNizer-House:['su', 'name', 'first name', 'email', 'where do you want to volunteer?', 'w', 't', 'm', 'th', 'f', 'message', 'sa', 'phone', 'last name', 'address', 'subject', 'a few words about you'][0m
[36m2023-12-04 15:06:46 DEBUG (MainThread) [__main__] Working on TerryLAustin,House[0m
[36m2023-12-04 15:06:47 DEBUG (MainThread) [utils] Skipping html/House/TerryLAustin/javascript as it is a directory.[0m
[36m2023-12-04 15:06:47 DEBUG (MainThread) [__main__] extracted fields for TerryLAustin-House:[''][0m
[36m2023-12-04 15:06:47 DEBUG (MainThread) [__main__] Working on PatriciaLynnQuesenberry,House[0m
[36m2023-12-04 15:06:47 DEBUG (MainThread) [utils] Skipping html/House/PatriciaLynnQuesenberry/javascript as it is a directory.[0m
[36m2023-12-04 15:06:47 DEBUG (MainThread) [__main__] extracted fields for PatriciaLynnQuesenberry-House:[''][0m
[36m2023-12-04 15:06:47 DEBUG (MainThread) [__main__] Working on KimberlyAMoran,House[0m
[36m2023-12-04 15:06:47 DEBUG (MainThread) [utils] Skipping html/House/KimberlyAMoran/javascript as it is a directory.[0m
[36m2023-12-04 15:06:47 DEBUG (MainThread) [__main__] extracted fields for KimberlyAMoran-House:[''][0m
[36m2023-12-04 15:06:47 DEBUG (MainThread) [__main__] Working on EricRZehr,House[0m
[36m2023-12-04 15:06:47 DEBUG (MainThread) [utils] Skipping html/House/EricRZehr/javascript as it is a directory.[0m
[36m2023-12-04 15:06:47 DEBUG (MainThread) [__main__] extracted fields for EricRZehr-House:['first name', 'email', 'how i can help', 'code', 'phone', 'last name'][0m
[36m2023-12-04 15:06:47 DEBUG (MainThread) [__main__] Working on LarryJJackson,House[0m
[36m2023-12-04 15:06:47 DEBUG (MainThread) [utils] Skipping html/House/LarryJJackson/javascript as it is a directory.[0m
[36m2023-12-04 15:06:48 DEBUG (MainThread) [__main__] extracted fields for LarryJJackson-House:[][0m
[36m2023-12-04 15:06:48 DEBUG (MainThread) [__main__] Working on MarkJLux,House[0m
[36m2023-12-04 15:06:48 DEBUG (MainThread) [utils] Skipping html/House/MarkJLux/javascript as it is a directory.[0m
[36m2023-12-04 15:06:48 DEBUG (MainThread) [__main__] extracted fields for MarkJLux-House:['sat', 'wed', 'evenings', 'host a meet & greet', 'afternoons', 'election day greeter', 'first name', 'email', 'it varies', 'mon', 'tue', 'deliver yard signs', 'last name', 'fri', 'thu', 'voter registration', 'host a fundraiser', 'mornings', 'no preference', 'phone', 'postcard writing', 'additional info', 'phone banking', 'text banking', 'full address', 'any time', 'canvassing', 'city, state, zip code'][0m
[36m2023-12-04 15:06:48 DEBUG (MainThread) [__main__] Working on JohnQSmith,House[0m
[36m2023-12-04 15:06:48 DEBUG (MainThread) [utils] Skipping html/House/JohnQSmith/javascript as it is a directory.[0m
[36m2023-12-04 15:06:48 DEBUG (MainThread) [__main__] extracted fields for JohnQSmith-House:['indicates required field', 'name', 'first', 'email', 'last', 'comment'][0m
[36m2023-12-04 15:06:48 DEBUG (MainThread) [__main__] Working on HillaryPughKent,House[0m
[36m2023-12-04 15:06:48 DEBUG (MainThread) [utils] Skipping html/House/HillaryPughKent/javascript as it is a directory.[0m
[36m2023-12-04 15:06:49 DEBUG (MainThread) [__main__] extracted fields for HillaryPughKent-House:['first name', 'email', 'enter your email here:', 'last name', 'message'][0m
[36m2023-12-04 15:06:49 DEBUG (MainThread) [__main__] Working on WChadGreen,House[0m
[36m2023-12-04 15:06:49 DEBUG (MainThread) [utils] Skipping html/House/WChadGreen/javascript as it is a directory.[0m
[36m2023-12-04 15:06:49 DEBUG (MainThread) [__main__] extracted fields for WChadGreen-House:[][0m
[36m2023-12-04 15:06:49 DEBUG (MainThread) [__main__] Working on DebraDGardner,House[0m
[36m2023-12-04 15:06:49 DEBUG (MainThread) [utils] Skipping html/House/DebraDGardner/javascript as it is a directory.[0m
[36m2023-12-04 15:06:49 DEBUG (MainThread) [__main__] extracted fields for DebraDGardner-House:[][0m
[36m2023-12-04 15:06:49 DEBUG (MainThread) [__main__] Working on DucMTruong,House[0m
[36m2023-12-04 15:06:49 DEBUG (MainThread) [utils] Skipping html/House/DucMTruong/javascript as it is a directory.[0m
[36m2023-12-04 15:06:49 DEBUG (MainThread) [__main__] extracted fields for DucMTruong-House:[][0m
[36m2023-12-04 15:06:49 DEBUG (MainThread) [__main__] Working on KarenLJenkins,House[0m
[36m2023-12-04 15:06:49 DEBUG (MainThread) [utils] Skipping html/House/KarenLJenkins/javascript as it is a directory.[0m
[36m2023-12-04 15:06:49 DEBUG (MainThread) [__main__] extracted fields for KarenLJenkins-House:['email', 'name'][0m
[36m2023-12-04 15:06:49 DEBUG (MainThread) [__main__] Working on KarenSGreenhalgh,House[0m
[36m2023-12-04 15:06:49 DEBUG (MainThread) [utils] Skipping html/House/KarenSGreenhalgh/javascript as it is a directory.[0m
[36m2023-12-04 15:06:49 DEBUG (MainThread) [__main__] extracted fields for KarenSGreenhalgh-House:['environment', 'law and order', 'covid 19 recovery', 'education', 'constitution - defend and support', 'senior issues'][0m
[36m2023-12-04 15:06:49 DEBUG (MainThread) [__main__] Working on TimmyFFrench,Senate[0m
[36m2023-12-04 15:06:49 DEBUG (MainThread) [utils] Skipping html/Senate/TimmyFFrench/javascript as it is a directory.[0m
[36m2023-12-04 15:06:49 DEBUG (MainThread) [__main__] extracted fields for TimmyFFrench-Senate:['email:', 'knocking doors', 'name:', 'hosting an event', 'making phone calls', 'interests:', 'phone', 'message'][0m
[36m2023-12-04 15:06:49 DEBUG (MainThread) [__main__] Working on JoshuaJHuffman,Senate[0m
[36m2023-12-04 15:06:49 DEBUG (MainThread) [utils] Skipping html/Senate/JoshuaJHuffman/javascript as it is a directory.[0m
[36m2023-12-04 15:06:49 DEBUG (MainThread) [__main__] extracted fields for JoshuaJHuffman-Senate:['email', 'where did you hear about us?', 'name'][0m
[36m2023-12-04 15:06:49 DEBUG (MainThread) [__main__] Working on RobertWBeckman,Senate[0m
[36m2023-12-04 15:06:49 DEBUG (MainThread) [utils] Skipping html/Senate/RobertWBeckman/javascript as it is a directory.[0m
[36m2023-12-04 15:06:49 DEBUG (MainThread) [__main__] extracted fields for RobertWBeckman-Senate:[][0m
[36m2023-12-04 15:06:49 DEBUG (MainThread) [__main__] Working on PhilipAHamilton,Senate[0m
[36m2023-12-04 15:06:49 DEBUG (MainThread) [utils] Skipping html/Senate/PhilipAHamilton/javascript as it is a directory.[0m
[36m2023-12-04 15:06:49 DEBUG (MainThread) [__main__] extracted fields for PhilipAHamilton-Senate:['street address', 'first name', 'city', 'zip code', 'phone number', 'state', 'street address line 2', 'email address', 'last name'][0m
[36m2023-12-04 15:06:49 DEBUG (MainThread) [__main__] Working on NatanDMcKenzie,Senate[0m
[36m2023-12-04 15:06:49 DEBUG (MainThread) [utils] Skipping html/Senate/NatanDMcKenzie/javascript as it is a directory.[0m
[36m2023-12-04 15:06:49 DEBUG (MainThread) [__main__] extracted fields for NatanDMcKenzie-Senate:[][0m
[36m2023-12-04 15:06:49 DEBUG (MainThread) [__main__] Working on DouglassHaydenFisher,Senate[0m
[36m2023-12-04 15:06:50 DEBUG (MainThread) [utils] Skipping html/Senate/DouglassHaydenFisher/javascript as it is a directory.[0m
[36m2023-12-04 15:06:50 DEBUG (MainThread) [__main__] extracted fields for DouglassHaydenFisher-Senate:['city', 'help on election day', 'women for fisher', 'first responders for fisher', 'host a meet & greet', 'knock doors', '(###)', 'first name', 'email', 'get a yard sign', 'get a large yard sign', 'state/province', '###', 'request a large yard sign', 'request a yard sign', 'willing to knock doors', 'last name', 'host a fundraiser', 'address 1', 'zip/postal code', 'latinos for fisher', 'stickers', 'help make phone calls', 'teachers for fisher', '####', 'address 2', 'subject', 'a yard sign', 'make phone calls', 'door knock', 'parents for fisher', 'veterans for fisher', 'country', 'message'][0m
[36m2023-12-04 15:06:50 DEBUG (MainThread) [__main__] Working on LLouiseLucas,Senate[0m
[36m2023-12-04 15:06:50 DEBUG (MainThread) [utils] Skipping html/Senate/LLouiseLucas/javascript as it is a directory.[0m
[36m2023-12-04 15:06:50 DEBUG (MainThread) [__main__] extracted fields for LLouiseLucas-Senate:['make phone calls', 'knock doors', 'street address', 'first name', 'email', 'postal / zip code', 'region/state/province', 'other', 'phone', 'last name'][0m
[36m2023-12-04 15:06:50 DEBUG (MainThread) [__main__] Working on ChristieNewCraig,Senate[0m
[36m2023-12-04 15:06:50 DEBUG (MainThread) [utils] Skipping html/Senate/ChristieNewCraig/javascript as it is a directory.[0m
[36m2023-12-04 15:06:50 DEBUG (MainThread) [__main__] extracted fields for ChristieNewCraig-Senate:['email', 'email address', 'name'][0m
[36m2023-12-04 15:06:50 DEBUG (MainThread) [__main__] Working on JasonAFord,Senate[0m
[36m2023-12-04 15:06:50 DEBUG (MainThread) [utils] Skipping html/Senate/JasonAFord/javascript as it is a directory.[0m
[36m2023-12-04 15:06:50 DEBUG (MainThread) [__main__] extracted fields for JasonAFord-Senate:['email address'][0m
[36m2023-12-04 15:06:50 DEBUG (MainThread) [__main__] Working on ElizabethGMelson,Senate[0m
[36m2023-12-04 15:06:50 DEBUG (MainThread) [utils] Skipping html/Senate/ElizabethGMelson/javascript as it is a directory.[0m
[36m2023-12-04 15:06:50 DEBUG (MainThread) [__main__] extracted fields for ElizabethGMelson-Senate:[][0m
[36m2023-12-04 15:06:50 DEBUG (MainThread) [__main__] Working on BillCWoolfIII,Senate[0m
[36m2023-12-04 15:06:50 DEBUG (MainThread) [utils] Skipping html/Senate/BillCWoolfIII/javascript as it is a directory.[0m
[36m2023-12-04 15:06:50 DEBUG (MainThread) [__main__] extracted fields for BillCWoolfIII-Senate:['do you want a yard sign to show your support for team woolf?', 'will you volunteer for team woolf?', 'will you commit to joining team woolf and commit to voting for bill on november 7?'][0m
[36m2023-12-04 15:06:50 DEBUG (MainThread) [__main__] Working on RussetWPerry,Senate[0m
[36m2023-12-04 15:06:51 DEBUG (MainThread) [utils] Skipping html/Senate/RussetWPerry/javascript as it is a directory.[0m
[36m2023-12-04 15:06:51 DEBUG (MainThread) [__main__] extracted fields for RussetWPerry-Senate:['email', 'what are you requesting?', 'name'][0m
[36m2023-12-04 15:06:51 DEBUG (MainThread) [__main__] Working on DavidAHenshaw,Senate[0m
[36m2023-12-04 15:06:51 DEBUG (MainThread) [utils] Skipping html/Senate/DavidAHenshaw/javascript as it is a directory.[0m
[36m2023-12-04 15:06:51 DEBUG (MainThread) [__main__] extracted fields for DavidAHenshaw-Senate:['street address', 'first name', 'city', 'zip code', 'phone number', 'state', 'street address line 2', 'email address', 'last name'][0m
[32m2023-12-04 15:06:51 INFO (MainThread) [__main__] Completed form_extractor![0m
