[32m2024-03-13 19:47:13 INFO (MainThread) [form_extractor] Starting form_extractor[0m
[36m2024-03-13 19:47:13 DEBUG (MainThread) [form_extractor] Working on PatrickAHope,House[0m
[36m2024-03-13 19:47:14 DEBUG (MainThread) [form_extractor] extracted fields for PatrickAHope-House:['email', 'first name', 'other', 'doorknock', 'phonebank', 'phone', 'last name', 'zip code'][0m
[36m2024-03-13 19:47:14 DEBUG (MainThread) [form_extractor] Working on AdeleYMcClure,House[0m
[36m2024-03-13 19:47:15 DEBUG (MainThread) [utils] Skipping html/House/AdeleYMcClure/javascript as it is a directory.[0m
[36m2024-03-13 19:47:15 DEBUG (MainThread) [form_extractor] extracted fields for AdeleYMcClure-House:['email', 'first name', 'door knocking', 'other', 'phone banking', 'preferred language', 'layout', 'postal code', 'message to the campaign', 'phone', 'last name', 'how would you like to volunteer?', 'hosting event'][0m
[36m2024-03-13 19:47:15 DEBUG (MainThread) [form_extractor] Working on AlfonsoHLopez,House[0m
[36m2024-03-13 19:47:15 DEBUG (MainThread) [utils] Skipping html/House/AlfonsoHLopez/javascript as it is a directory.[0m
[36m2024-03-13 19:47:16 DEBUG (MainThread) [form_extractor] extracted fields for AlfonsoHLopez-House:['email', '', 'first name', 'address', 'social media blitz', 'make calls', 'message', 'knock on doors', 'last name', 'host fundraiser'][0m
[36m2024-03-13 19:47:16 DEBUG (MainThread) [form_extractor] Working on CharnieleLHerring,House[0m
[36m2024-03-13 19:47:16 DEBUG (MainThread) [utils] Skipping html/House/CharnieleLHerring/javascript as it is a directory.[0m
[36m2024-03-13 19:47:16 DEBUG (MainThread) [form_extractor] extracted fields for CharnieleLHerring-House:['email', 'indicates required field', 'comment', 'first', 'last', 'name'][0m
[36m2024-03-13 19:47:16 DEBUG (MainThread) [form_extractor] Working on ElizabethBBennett-Parker,House[0m
[36m2024-03-13 19:47:16 DEBUG (MainThread) [utils] Skipping html/House/ElizabethBBennett-Parker/javascript as it is a directory.[0m
[36m2024-03-13 19:47:16 DEBUG (MainThread) [form_extractor] extracted fields for ElizabethBBennett-Parker-House:[][0m
[36m2024-03-13 19:47:16 DEBUG (MainThread) [form_extractor] Working on RichardCRipSullivanJr,House[0m
[36m2024-03-13 19:47:16 DEBUG (MainThread) [utils] Skipping html/House/RichardCRipSullivanJr/pdfs as it is a directory.[0m
[36m2024-03-13 19:47:16 DEBUG (MainThread) [utils] Skipping html/House/RichardCRipSullivanJr/javascript as it is a directory.[0m
[36m2024-03-13 19:47:16 DEBUG (MainThread) [form_extractor] extracted fields for RichardCRipSullivanJr-House:['email', 'phone', 'first name', 'last name'][0m
[36m2024-03-13 19:47:16 DEBUG (MainThread) [form_extractor] Working on KarenAKeys-Gamarra,House[0m
[36m2024-03-13 19:47:18 DEBUG (MainThread) [form_extractor] extracted fields for KarenAKeys-Gamarra-House:[][0m
[36m2024-03-13 19:47:18 DEBUG (MainThread) [form_extractor] Working on KarrieKDelaney,House[0m
[36m2024-03-13 19:47:18 DEBUG (MainThread) [utils] Skipping html/House/KarrieKDelaney/javascript as it is a directory.[0m
[36m2024-03-13 19:47:18 DEBUG (MainThread) [form_extractor] extracted fields for KarrieKDelaney-House:['email', 'indicates required field', 'sign up for our newsletter', 'volunteer', 'first', 'last', 'comment', 'choose any', 'name'][0m
[36m2024-03-13 19:47:18 DEBUG (MainThread) [form_extractor] Working on NhanCHuynh,House[0m
[36m2024-03-13 19:47:18 DEBUG (MainThread) [utils] Skipping html/House/NhanCHuynh/javascript as it is a directory.[0m
[36m2024-03-13 19:47:18 DEBUG (MainThread) [form_extractor] extracted fields for NhanCHuynh-House:['first', 'last', 'sign up for campaign updates', 'attend campaign events', 'other', 'make phone calls', 'how would you like to help?', 'email(required)', 'street address', 'phone', 'knock on doors', 'host an event or fundraiser', 'city', 'name', 'request a yard sign or bumper sticker', 'zip code'][0m
[36m2024-03-13 19:47:18 DEBUG (MainThread) [form_extractor] Working on DanIHelmer,House[0m
[36m2024-03-13 19:47:18 DEBUG (MainThread) [form_extractor] extracted fields for DanIHelmer-House:[][0m
[36m2024-03-13 19:47:18 DEBUG (MainThread) [form_extractor] Working on JamesAThomasJr,House[0m
[36m2024-03-13 19:47:18 DEBUG (MainThread) [utils] Skipping html/House/JamesAThomasJr/javascript as it is a directory.[0m
[36m2024-03-13 19:47:18 DEBUG (MainThread) [form_extractor] extracted fields for JamesAThomasJr-House:['email', 'first name', "i'm interested in: (check all that apply)", 'volunteer opportunities', 'phone', 'last name', 'host an event', 'zip code', 'yard signs', 'email updates'][0m
[36m2024-03-13 19:47:18 DEBUG (MainThread) [form_extractor] Working on DavidLBulova,House[0m
[36m2024-03-13 19:47:18 DEBUG (MainThread) [form_extractor] extracted fields for DavidLBulova-House:[][0m
[36m2024-03-13 19:47:18 DEBUG (MainThread) [form_extractor] Working on AlmiraMohammed,House[0m
[36m2024-03-13 19:47:18 DEBUG (MainThread) [utils] Skipping html/House/AlmiraMohammed/javascript as it is a directory.[0m
[36m2024-03-13 19:47:18 DEBUG (MainThread) [form_extractor] extracted fields for AlmiraMohammed-House:['email', 'first name', 'host a meet and greet', 'knock doors', 'social media warrior', 'host a fundraiser', 'zip code (required)', 'make phone calls', 'email (required)', 'first name (required)', 'other volunteer', 'last name', 'cell phone (required)', 'zip code', 'cell phone', 'last name (required)'][0m
[36m2024-03-13 19:47:18 DEBUG (MainThread) [form_extractor] Working on HollyMSeibold,House[0m
[36m2024-03-13 19:47:18 DEBUG (MainThread) [utils] Skipping html/House/HollyMSeibold/javascript as it is a directory.[0m
[36m2024-03-13 19:47:19 DEBUG (MainThread) [form_extractor] extracted fields for HollyMSeibold-House:['enter your email', 'message', 'enter your subject', 'enter your name'][0m
[36m2024-03-13 19:47:19 DEBUG (MainThread) [form_extractor] Working on MarcusBSimon,House[0m
[36m2024-03-13 19:47:19 DEBUG (MainThread) [utils] Skipping html/House/MarcusBSimon/javascript as it is a directory.[0m
[36m2024-03-13 19:47:19 DEBUG (MainThread) [form_extractor] extracted fields for MarcusBSimon-House:[][0m
[36m2024-03-13 19:47:19 DEBUG (MainThread) [form_extractor] Working on DaveACranceJr,House[0m
[36m2024-03-13 19:47:19 DEBUG (MainThread) [utils] Skipping html/House/DaveACranceJr/javascript as it is a directory.[0m
[36m2024-03-13 19:47:20 DEBUG (MainThread) [form_extractor] extracted fields for DaveACranceJr-House:['email', 'first name', 'door knocking', 'other', 'yard sign', 'making phone calls / texts', 'message', 'last name', 'hosting a meet-and-greet', 'subject'][0m
[36m2024-03-13 19:47:20 DEBUG (MainThread) [form_extractor] Working on VivianEWatts,House[0m
[36m2024-03-13 19:47:20 DEBUG (MainThread) [utils] Skipping html/House/VivianEWatts/pdfs as it is a directory.[0m
[36m2024-03-13 19:47:20 DEBUG (MainThread) [utils] Skipping html/House/VivianEWatts/javascript as it is a directory.[0m
[36m2024-03-13 19:47:20 DEBUG (MainThread) [form_extractor] extracted fields for VivianEWatts-House:[][0m
[36m2024-03-13 19:47:20 DEBUG (MainThread) [form_extractor] Working on MarcusTEvans,House[0m
[36m2024-03-13 19:47:21 DEBUG (MainThread) [form_extractor] extracted fields for MarcusTEvans-House:['email', 'message', 'subject', 'name'][0m
[36m2024-03-13 19:47:21 DEBUG (MainThread) [form_extractor] Working on PaulEKrizek,House[0m
[36m2024-03-13 19:47:22 DEBUG (MainThread) [utils] Skipping html/House/PaulEKrizek/pdfs as it is a directory.[0m
[36m2024-03-13 19:47:23 DEBUG (MainThread) [utils] Skipping html/House/PaulEKrizek/javascript as it is a directory.[0m
[36m2024-03-13 19:47:26 DEBUG (MainThread) [form_extractor] extracted fields for PaulEKrizek-House:['first name', 'phone banking', 'canvassing', 'phone', 'data entry', '(###)', 'subject', 'zip/postal code', 'email', 'country', 'help with mailings', 'last name', '####', 'host a meet and greet at your home', 'address 1', 'staff the polls on election day', 'address 2', 'putting up a yard sign', 'state/province', 'message', 'city', '###'][0m
[36m2024-03-13 19:47:26 DEBUG (MainThread) [form_extractor] Working on MarkDSickles,House[0m
[36m2024-03-13 19:47:26 DEBUG (MainThread) [utils] Skipping html/House/MarkDSickles/pdfs as it is a directory.[0m
[36m2024-03-13 19:47:26 DEBUG (MainThread) [utils] Skipping html/House/MarkDSickles/javascript as it is a directory.[0m
[36m2024-03-13 19:47:27 DEBUG (MainThread) [form_extractor] extracted fields for MarkDSickles-House:['email', 'first name', 'address', 'zipcode', 'phone', 'last name', 'state', 'city', 'message for our office'][0m
[36m2024-03-13 19:47:27 DEBUG (MainThread) [form_extractor] Working on KathyKLTran,House[0m
[36m2024-03-13 19:47:27 DEBUG (MainThread) [utils] Skipping html/House/KathyKLTran/pdfs as it is a directory.[0m
[36m2024-03-13 19:47:28 DEBUG (MainThread) [utils] Skipping html/House/KathyKLTran/javascript as it is a directory.[0m
[36m2024-03-13 19:47:30 DEBUG (MainThread) [form_extractor] extracted fields for KathyKLTran-House:['email', 'first name', 'country', 'state/province', '####', 'last name', 'address 1', 'city', '(###)', 'address 2', 'zip/postal code', '###'][0m
[36m2024-03-13 19:47:30 DEBUG (MainThread) [form_extractor] Working on RoziaAJRHensonJr,House[0m
[36m2024-03-13 19:47:30 DEBUG (MainThread) [form_extractor] extracted fields for RoziaAJRHensonJr-House:['email', 'first name', 'host a meet & greet', 'phone banking', 'host a fundraiser', 'canvassing', 'last name', 'write post cards', 'help us flip virginia blue!'][0m
[36m2024-03-13 19:47:30 DEBUG (MainThread) [form_extractor] Working on Michelle-AnnELopesMaldonado,House[0m
[36m2024-03-13 19:47:30 DEBUG (MainThread) [utils] Skipping html/House/Michelle-AnnELopesMaldonado/javascript as it is a directory.[0m
[36m2024-03-13 19:47:30 DEBUG (MainThread) [form_extractor] extracted fields for Michelle-AnnELopesMaldonado-House:[][0m
[36m2024-03-13 19:47:30 DEBUG (MainThread) [form_extractor] Working on JoshEThomas,House[0m
[36m2024-03-13 19:47:30 DEBUG (MainThread) [utils] Skipping html/House/JoshEThomas/pdfs as it is a directory.[0m
[36m2024-03-13 19:47:30 DEBUG (MainThread) [utils] Skipping html/House/JoshEThomas/javascript as it is a directory.[0m
[36m2024-03-13 19:47:30 DEBUG (MainThread) [form_extractor] extracted fields for JoshEThomas-House:['email', 'message', 'name'][0m
[36m2024-03-13 19:47:30 DEBUG (MainThread) [form_extractor] Working on JohnTStirrup,House[0m
[36m2024-03-13 19:47:31 DEBUG (MainThread) [utils] Skipping html/House/JohnTStirrup/javascript as it is a directory.[0m
[36m2024-03-13 19:47:31 DEBUG (MainThread) [form_extractor] extracted fields for JohnTStirrup-House:['email', 'county(required)', 'knock doors', 'display a yard sign', 'make phone calls', 'email(required)', 'phone', 'host an event', 'volunteer in office', 'first name(required)', 'last name(required)'][0m
[36m2024-03-13 19:47:31 DEBUG (MainThread) [form_extractor] Working on TravisSNembhard,House[0m
[36m2024-03-13 19:47:31 DEBUG (MainThread) [utils] Skipping html/House/TravisSNembhard/javascript as it is a directory.[0m
[36m2024-03-13 19:47:31 DEBUG (MainThread) [form_extractor] extracted fields for TravisSNembhard-House:[][0m
[36m2024-03-13 19:47:31 DEBUG (MainThread) [form_extractor] Working on IanTravisLovejoy,House[0m
[36m2024-03-13 19:47:31 DEBUG (MainThread) [utils] Skipping html/House/IanTravisLovejoy/javascript as it is a directory.[0m
[36m2024-03-13 19:47:31 DEBUG (MainThread) [form_extractor] extracted fields for IanTravisLovejoy-House:['email', 'name'][0m
[36m2024-03-13 19:47:31 DEBUG (MainThread) [form_extractor] Working on JamesVTully,House[0m
[36m2024-03-13 19:47:31 DEBUG (MainThread) [utils] Skipping html/House/JamesVTully/javascript as it is a directory.[0m
[36m2024-03-13 19:47:31 DEBUG (MainThread) [form_extractor] extracted fields for JamesVTully-House:['first', 'last', 'other', 'attend campaign events', 'make phone calls', 'how would you like to help?', 'email(required)', 'street address', 'phone', 'knock on doors', 'i would like to volunteer', 'host an event or fundraiser', 'city', 'comments', 'zip code'][0m
[36m2024-03-13 19:47:31 DEBUG (MainThread) [form_extractor] Working on LukeETorian,House[0m
[36m2024-03-13 19:47:31 DEBUG (MainThread) [form_extractor] extracted fields for LukeETorian-House:[][0m
[36m2024-03-13 19:47:31 DEBUG (MainThread) [form_extractor] Working on BrianaDSewell,House[0m
[36m2024-03-13 19:47:32 DEBUG (MainThread) [utils] Skipping html/House/BrianaDSewell/javascript as it is a directory.[0m
[36m2024-03-13 19:47:32 DEBUG (MainThread) [form_extractor] extracted fields for BrianaDSewell-House:[][0m
[36m2024-03-13 19:47:32 DEBUG (MainThread) [form_extractor] Working on KannanSrinivasan,House[0m
[36m2024-03-13 19:47:32 DEBUG (MainThread) [utils] Skipping html/House/KannanSrinivasan/javascript as it is a directory.[0m
[36m2024-03-13 19:47:32 DEBUG (MainThread) [form_extractor] extracted fields for KannanSrinivasan-House:['door knocking', 'other', 'donation', 'phone', 'what are you interested in?', 'making phone calls/texts', 'hosting a meet & greet'][0m
[36m2024-03-13 19:47:32 DEBUG (MainThread) [form_extractor] Working on AtoosaRReaser,House[0m
[36m2024-03-13 19:47:32 DEBUG (MainThread) [utils] Skipping html/House/AtoosaRReaser/pdfs as it is a directory.[0m
[36m2024-03-13 19:47:32 DEBUG (MainThread) [utils] Skipping html/House/AtoosaRReaser/javascript as it is a directory.[0m
[36m2024-03-13 19:47:33 DEBUG (MainThread) [form_extractor] extracted fields for AtoosaRReaser-House:['email', 'first name', 'zipcode'][0m
[36m2024-03-13 19:47:33 DEBUG (MainThread) [form_extractor] Working on FernandoJMartyMartinez,House[0m
[36m2024-03-13 19:47:33 DEBUG (MainThread) [form_extractor] extracted fields for FernandoJMartyMartinez-House:['email', 'first name', 'phone', 'last name', 'zip'][0m
[36m2024-03-13 19:47:33 DEBUG (MainThread) [form_extractor] Working on RobertLRobBanseJr,House[0m
[36m2024-03-13 19:47:33 DEBUG (MainThread) [utils] Skipping html/House/RobertLRobBanseJr/javascript as it is a directory.[0m
[36m2024-03-13 19:47:33 DEBUG (MainThread) [form_extractor] extracted fields for RobertLRobBanseJr-House:[][0m
[36m2024-03-13 19:47:33 DEBUG (MainThread) [form_extractor] Working on GearyMHiggins,House[0m
[36m2024-03-13 19:47:34 DEBUG (MainThread) [form_extractor] extracted fields for GearyMHiggins-House:['δ'][0m
[36m2024-03-13 19:47:34 DEBUG (MainThread) [form_extractor] Working on DeloresROates,House[0m
[36m2024-03-13 19:47:34 DEBUG (MainThread) [form_extractor] extracted fields for DeloresROates-House:['email', 'first name', 'address', 'phone', 'last name', 'state', 'city', 'zip'][0m
[36m2024-03-13 19:47:34 DEBUG (MainThread) [form_extractor] Working on MadelynMadyRodriguez,House[0m
[36m2024-03-13 19:47:35 DEBUG (MainThread) [form_extractor] extracted fields for MadelynMadyRodriguez-House:['email', 'name'][0m
[36m2024-03-13 19:47:35 DEBUG (MainThread) [form_extractor] Working on WilliamDBillWiley,House[0m
[36m2024-03-13 19:47:35 DEBUG (MainThread) [utils] Skipping html/House/WilliamDBillWiley/javascript as it is a directory.[0m
[36m2024-03-13 19:47:35 DEBUG (MainThread) [form_extractor] extracted fields for WilliamDBillWiley-House:['first name', 'employer', 'how can i help?', 'message', 'phone', 'last name', 'name', 'email address', 'occupation'][0m
[36m2024-03-13 19:47:35 DEBUG (MainThread) [form_extractor] Working on CToddGilbert,House[0m
[36m2024-03-13 19:47:35 DEBUG (MainThread) [form_extractor] extracted fields for CToddGilbert-House:[][0m
[36m2024-03-13 19:47:35 DEBUG (MainThread) [form_extractor] Working on ChrisSRunion,House[0m
[36m2024-03-13 19:47:35 DEBUG (MainThread) [form_extractor] extracted fields for ChrisSRunion-House:['email', 'first name', '####', 'message', 'last name', '(###)', 'subject', '###'][0m
[36m2024-03-13 19:47:35 DEBUG (MainThread) [form_extractor] Working on RandallKWolf,House[0m
[36m2024-03-13 19:47:35 DEBUG (MainThread) [form_extractor] extracted fields for RandallKWolf-House:[][0m
[36m2024-03-13 19:47:35 DEBUG (MainThread) [form_extractor] Working on EllenHCampbell,House[0m
[36m2024-03-13 19:47:36 DEBUG (MainThread) [utils] Skipping html/House/EllenHCampbell/javascript as it is a directory.[0m
[36m2024-03-13 19:47:36 DEBUG (MainThread) [form_extractor] extracted fields for EllenHCampbell-House:['', 'first name', 'host a meet-and-greet', 'street address line 2', 'make phone calls', 'display a yard sign', 'street address', 'message', 'go door-to-door', 'last name', 'state', 'city', 'write letters to the editor', 'zip code', 'email address', 'phone number', 'attend rallies'][0m
[36m2024-03-13 19:47:36 DEBUG (MainThread) [form_extractor] Working on SSamRasoul,House[0m
[36m2024-03-13 19:47:39 DEBUG (MainThread) [form_extractor] extracted fields for SSamRasoul-House:['', 'host a virtual event', 'host an in-person event', 'knock doors', 'volunteer', 'need a hand?', 'send texts', 'send a letter to the editor', 'make phone calls through democratic promise'][0m
[36m2024-03-13 19:47:39 DEBUG (MainThread) [form_extractor] Working on WilliamPDavis,House[0m
[36m2024-03-13 19:47:39 DEBUG (MainThread) [form_extractor] extracted fields for WilliamPDavis-House:['email', 'first name', 'display a yard sign', 'address', 'make phone calls', '####', 'yes, i want a yard sign!', 'knock on doors', 'last name', 'leave us a message!', '(###)', '###'][0m
[36m2024-03-13 19:47:39 DEBUG (MainThread) [form_extractor] Working on JosephPJoeMcNamara,House[0m
[36m2024-03-13 19:47:39 DEBUG (MainThread) [utils] Skipping html/House/JosephPJoeMcNamara/javascript as it is a directory.[0m
[36m2024-03-13 19:47:40 DEBUG (MainThread) [form_extractor] extracted fields for JosephPJoeMcNamara-House:['first name', 'country', 'state/province/region', 'address', 'locality', 'last name', 'address line 2', 'city', 'postal / zip code', 'email address'][0m
[36m2024-03-13 19:47:40 DEBUG (MainThread) [form_extractor] Working on LillianVFranklin,House[0m
[36m2024-03-13 19:47:40 DEBUG (MainThread) [form_extractor] extracted fields for LillianVFranklin-House:[][0m
[36m2024-03-13 19:47:40 DEBUG (MainThread) [form_extractor] Working on JChristianChrisObenshain,House[0m
[36m2024-03-13 19:47:40 DEBUG (MainThread) [utils] Skipping html/House/JChristianChrisObenshain/pdfs as it is a directory.[0m
[36m2024-03-13 19:47:40 DEBUG (MainThread) [utils] Skipping html/House/JChristianChrisObenshain/javascript as it is a directory.[0m
[36m2024-03-13 19:47:40 DEBUG (MainThread) [form_extractor] extracted fields for JChristianChrisObenshain-House:['email', 'first name', 'address 2', 'country', 'host a meet and greet', '####', 'state/province', 'send chris a message', 'request a yard sign', 'last name', 'address 1', 'city', '(###)', 'zip/postal code', '###'][0m
[36m2024-03-13 19:47:40 DEBUG (MainThread) [form_extractor] Working on JasonSBallard,House[0m
[36m2024-03-13 19:47:41 DEBUG (MainThread) [utils] Skipping html/House/JasonSBallard/javascript as it is a directory.[0m
[36m2024-03-13 19:47:41 DEBUG (MainThread) [form_extractor] extracted fields for JasonSBallard-House:['email', 'yes', 'first', 'last', 'county/city', 'street address', 'phone', 'comments', 'state', 'address line 2', 'mobile number', 'city', 'name', 'zip code', 'phone number'][0m
[36m2024-03-13 19:47:41 DEBUG (MainThread) [form_extractor] Working on TerryGKilgore,House[0m
[36m2024-03-13 19:47:42 DEBUG (MainThread) [form_extractor] extracted fields for TerryGKilgore-House:['first name', 'street address line 2', 'street address', 'last name', 'state', 'city', 'zip code', 'email address', 'phone number'][0m
[36m2024-03-13 19:47:42 DEBUG (MainThread) [form_extractor] Working on WrenMWilliams,House[0m
[36m2024-03-13 19:47:42 DEBUG (MainThread) [utils] Skipping html/House/WrenMWilliams/javascript as it is a directory.[0m
[36m2024-03-13 19:47:43 DEBUG (MainThread) [form_extractor] extracted fields for WrenMWilliams-House:['email', 'first', 'last', 'address', 'δ', 'comments', 'phone', 'street address', 'state', 'name', 'mobile number', 'city', 'zip code'][0m
[36m2024-03-13 19:47:43 DEBUG (MainThread) [form_extractor] Working on LesRAdams,House[0m
[36m2024-03-13 19:47:43 DEBUG (MainThread) [utils] Skipping html/House/LesRAdams/pdfs as it is a directory.[0m
[36m2024-03-13 19:47:43 DEBUG (MainThread) [utils] Skipping html/House/LesRAdams/javascript as it is a directory.[0m
[36m2024-03-13 19:47:43 DEBUG (MainThread) [form_extractor] extracted fields for LesRAdams-House:['email', 'question/comment?', 'first', 'last', 'δ', 'street address', 'phone', 'address line 2', 'state', 'city', 'zip code', 'captcha'][0m
[36m2024-03-13 19:47:43 DEBUG (MainThread) [form_extractor] Working on CMattFariss,House[0m
[36m2024-03-13 19:47:46 DEBUG (MainThread) [utils] Skipping html/House/CMattFariss/pdfs as it is a directory.[0m
[36m2024-03-13 19:47:49 DEBUG (MainThread) [utils] Skipping html/House/CMattFariss/javascript as it is a directory.[0m
[36m2024-03-13 19:48:00 DEBUG (MainThread) [form_extractor] extracted fields for CMattFariss-House:['optional email code', 'first name', "don't publish my responses on the website", 'i will call voters.', 'i want to be an intern', 'remember me', 'when are you available? (optional)', '50 miles', 'address (street, city, state, postal code)', 'holding the line against higher taxes', "don't publish this on the website", '5 miles', 'phone', 'cutting wasteful government spending', 'i want to be a precinct captain', 'my organization is making the endorsement', '$2,500', 'other $', 'password', 'email address', 'improving transportation', "don't post this publicly", 'email', 'mobile phone', 'country', '100 miles', '10 miles', 'last name', 'creating jobs and improving the economy', 'comments, other ideas, etc. (optional)', 'fighting obamacare and federal government overreach', 'i will host a house party', '$1,000', '$250', 'contact', "i will walk neighborhoods and knock on voters' doors", '$50', 'i want to pay the following in 1234 installments', 'send me text messages', 'your title (optional)', 'improving k-12 education', 'i will stuff envelopes', 'improving health care', '1 mile', '$25', '25 miles', "don't publish my donation on the website.", 'organization / company (optional)', 'mobile phone (optional)', 'send me email updates', 'i want to volunteer', '$100', 'making higher education more affordable and accessible', 'send me text message updates', 'send email updates', 'when is a good time to call?'][0m
[36m2024-03-13 19:48:00 DEBUG (MainThread) [form_extractor] Working on JenniferKWoofter,House[0m
[36m2024-03-13 19:48:00 DEBUG (MainThread) [utils] Skipping html/House/JenniferKWoofter/javascript as it is a directory.[0m
[36m2024-03-13 19:48:01 DEBUG (MainThread) [form_extractor] extracted fields for JenniferKWoofter-House:['email', 'first name', 'host a meet and greet', 'do general volunteering', 'make phone calls', '####', 'anything else we should know?', 'knock on doors', 'last name', 'get a yard sign', 'help with digital outreach', 'email address', '(###)', '###'][0m
[36m2024-03-13 19:48:01 DEBUG (MainThread) [form_extractor] Working on WendellSWalker,House[0m
[36m2024-03-13 19:48:01 DEBUG (MainThread) [utils] Skipping html/House/WendellSWalker/javascript as it is a directory.[0m
[36m2024-03-13 19:48:01 DEBUG (MainThread) [form_extractor] extracted fields for WendellSWalker-House:['email', "i consent to receive sms messages from wendell walker for delegate. message & data rates may apply. reply 'stop' to unsubscribe. reply 'help' for help. privacy policy:", 'first name', 'address', 'phone', 'message', 'last name'][0m
[36m2024-03-13 19:48:01 DEBUG (MainThread) [form_extractor] Working on KatrinaECallsen,House[0m
[36m2024-03-13 19:48:03 DEBUG (MainThread) [form_extractor] extracted fields for KatrinaECallsen-House:['email', 'first name', 'phone', 'last name', 'zip code'][0m
[36m2024-03-13 19:48:03 DEBUG (MainThread) [form_extractor] Working on AmyJLaufer,House[0m
[36m2024-03-13 19:48:03 DEBUG (MainThread) [utils] Skipping html/House/AmyJLaufer/javascript as it is a directory.[0m
[36m2024-03-13 19:48:03 DEBUG (MainThread) [form_extractor] extracted fields for AmyJLaufer-House:['save my name, email, and website in this browser for the next time i comment.', 'email', 'envelope stuffing', 'comment', 'search for:', 'phone banking', 'canvassing', 'phone', 'message', 'name', 'host a meet & greet', 'questions for the campaign', 'other volunteer duties', 'yard signs'][0m
[36m2024-03-13 19:48:03 DEBUG (MainThread) [form_extractor] Working on SteveDHarvey,House[0m
[36m2024-03-13 19:48:03 DEBUG (MainThread) [utils] Skipping html/House/SteveDHarvey/javascript as it is a directory.[0m
[36m2024-03-13 19:48:03 DEBUG (MainThread) [form_extractor] extracted fields for SteveDHarvey-House:['search for:'][0m
[36m2024-03-13 19:48:03 DEBUG (MainThread) [form_extractor] Working on DavidLOwen,House[0m
[36m2024-03-13 19:48:03 DEBUG (MainThread) [utils] Skipping html/House/DavidLOwen/javascript as it is a directory.[0m
[36m2024-03-13 19:48:04 DEBUG (MainThread) [form_extractor] extracted fields for DavidLOwen-House:['first name', 'yard sign', '(###)', 'zip/postal code', 'email', 'country', 'have a large yard sign', 'last name', 'help knock doors', 'tell us where to leave your yard sign', 'host a fundraiser', 'have a yard sign', '####', 'help staff events', 'address 1', 'host a meet & greet', 'address 2', 'bumper sticker', 'state/province', 'city', 'help make phone calls', '###'][0m
[36m2024-03-13 19:48:04 DEBUG (MainThread) [form_extractor] Working on RodneyTWillett,House[0m
[36m2024-03-13 19:48:04 DEBUG (MainThread) [utils] Skipping html/House/RodneyTWillett/pdfs as it is a directory.[0m
[36m2024-03-13 19:48:05 DEBUG (MainThread) [utils] Skipping html/House/RodneyTWillett/javascript as it is a directory.[0m
[36m2024-03-13 19:48:07 DEBUG (MainThread) [form_extractor] extracted fields for RodneyTWillett-House:[][0m
[36m2024-03-13 19:48:07 DEBUG (MainThread) [form_extractor] Working on LRileyShaia,House[0m
[36m2024-03-13 19:48:07 DEBUG (MainThread) [utils] Skipping html/House/LRileyShaia/javascript as it is a directory.[0m
[36m2024-03-13 19:48:07 DEBUG (MainThread) [form_extractor] extracted fields for LRileyShaia-House:['contribute', 'knock doors', 'first', 'phone(required)', 'last', 'name(required)', 'email(required)', 'make calls', 'write postcards', 'host an event', 'zip code(required)', 'phone number(required)', 'zip code'][0m
[36m2024-03-13 19:48:07 DEBUG (MainThread) [form_extractor] Working on RachelALevy,House[0m
[36m2024-03-13 19:48:07 DEBUG (MainThread) [utils] Skipping html/House/RachelALevy/javascript as it is a directory.[0m
[36m2024-03-13 19:48:07 DEBUG (MainThread) [form_extractor] extracted fields for RachelALevy-House:[][0m
[36m2024-03-13 19:48:07 DEBUG (MainThread) [form_extractor] Working on HFBuddyFowlerJr,House[0m
[36m2024-03-13 19:48:07 DEBUG (MainThread) [utils] Skipping html/House/HFBuddyFowlerJr/pdfs as it is a directory.[0m
[36m2024-03-13 19:48:07 DEBUG (MainThread) [utils] Skipping html/House/HFBuddyFowlerJr/javascript as it is a directory.[0m
[36m2024-03-13 19:48:07 DEBUG (MainThread) [form_extractor] extracted fields for HFBuddyFowlerJr-House:[][0m
[36m2024-03-13 19:48:07 DEBUG (MainThread) [form_extractor] Working on ScottAWyatt,House[0m
[36m2024-03-13 19:48:07 DEBUG (MainThread) [form_extractor] extracted fields for ScottAWyatt-House:['first name', 'host a meet and greet', 'host a fundraiser', 'street address line 2', 'volunteer in the office', 'make phone calls', 'street address', 'request a yard sign', 'last name', 'state', 'city', 'zip code', 'email address', 'phone number'][0m
[36m2024-03-13 19:48:07 DEBUG (MainThread) [form_extractor] Working on MichaelJWebert,House[0m
[36m2024-03-13 19:48:08 DEBUG (MainThread) [form_extractor] extracted fields for MichaelJWebert-House:['email', 'first name', 'zip(required)', 'address', 'δ', 'email(required)', 'phone', 'last name', 'state', 'city', 'first name(required)', 'zip', 'last name(required)'][0m
[36m2024-03-13 19:48:08 DEBUG (MainThread) [form_extractor] Working on SaraHRatcliffe,House[0m
[36m2024-03-13 19:48:08 DEBUG (MainThread) [utils] Skipping html/House/SaraHRatcliffe/javascript as it is a directory.[0m
[36m2024-03-13 19:48:08 DEBUG (MainThread) [form_extractor] extracted fields for SaraHRatcliffe-House:['research & writing', 'first name', 'county where you live', 'helping to plan other events', 'phone', 'other (please leave comments below)', 'data entry', 'door-to-door voter contact', 'phone banking to voters', 'email', 'last name', 'how would you like to volunteer?', "don't know", "writing postcards to sara's district", 'yes', 'hosting a fundraiser', 'are you in the 62nd district?', 'message', 'name', 'no'][0m
[36m2024-03-13 19:48:08 DEBUG (MainThread) [form_extractor] Working on NickJFreitas,House[0m
[36m2024-03-13 19:48:08 DEBUG (MainThread) [utils] Skipping html/House/NickJFreitas/javascript as it is a directory.[0m
[36m2024-03-13 19:48:08 DEBUG (MainThread) [form_extractor] extracted fields for NickJFreitas-House:['message to nick:'][0m
[36m2024-03-13 19:48:08 DEBUG (MainThread) [form_extractor] Working on PhillipAPhilScott,House[0m
[36m2024-03-13 19:48:09 DEBUG (MainThread) [utils] Skipping html/House/PhillipAPhilScott/javascript as it is a directory.[0m
[36m2024-03-13 19:48:09 DEBUG (MainThread) [form_extractor] extracted fields for PhillipAPhilScott-House:['comment', 'first', 'display a yard sign', 'phone', 'text message', 'email subscription', 'mail', 'zip', 'zip code', 'political canvasing', 'f_name', 'email', 'land line', 'state', 'mobile number', 'address line 1', 'last', 'make phone calls', 'multiple choice', 'receive updates', 'search for:', 'l_name', 'message', 'host an event', 'name', 'city', 'ways to volunteer', 'help with mailers'][0m
[36m2024-03-13 19:48:09 DEBUG (MainThread) [form_extractor] Working on LeonardBLacey,House[0m
[36m2024-03-13 19:48:09 DEBUG (MainThread) [utils] Skipping html/House/LeonardBLacey/javascript as it is a directory.[0m
[36m2024-03-13 19:48:09 DEBUG (MainThread) [form_extractor] extracted fields for LeonardBLacey-House:[][0m
[36m2024-03-13 19:48:09 DEBUG (MainThread) [form_extractor] Working on JoshuaGCole,House[0m
[36m2024-03-13 19:48:09 DEBUG (MainThread) [utils] Skipping html/House/JoshuaGCole/javascript as it is a directory.[0m
[36m2024-03-13 19:48:09 DEBUG (MainThread) [form_extractor] extracted fields for JoshuaGCole-House:[][0m
[36m2024-03-13 19:48:09 DEBUG (MainThread) [form_extractor] Working on LeePetersIII,House[0m
[36m2024-03-13 19:48:09 DEBUG (MainThread) [utils] Skipping html/House/LeePetersIII/javascript as it is a directory.[0m
[36m2024-03-13 19:48:09 DEBUG (MainThread) [form_extractor] extracted fields for LeePetersIII-House:['yard sign', 'street address', 'phone', 'address line 2', 'first name(required)', 'zip code', 'email', 'knocking on doors', 'comments', 'writing postcards', 'state', 'hosting an event', 'upload your photo', "large sign (5'x4')", 'making phone calls', 'email(required)', 'message', 'city', 'captcha', 'last name(required)'][0m
[36m2024-03-13 19:48:09 DEBUG (MainThread) [form_extractor] Working on RobertDBobbyOrrockSr,House[0m
[36m2024-03-13 19:48:09 DEBUG (MainThread) [utils] Skipping html/House/RobertDBobbyOrrockSr/javascript as it is a directory.[0m
[36m2024-03-13 19:48:10 DEBUG (MainThread) [form_extractor] extracted fields for RobertDBobbyOrrockSr-House:[][0m
[36m2024-03-13 19:48:10 DEBUG (MainThread) [form_extractor] Working on MattJWaters,House[0m
[36m2024-03-13 19:48:10 DEBUG (MainThread) [form_extractor] extracted fields for MattJWaters-House:[][0m
[36m2024-03-13 19:48:10 DEBUG (MainThread) [form_extractor] Working on AmandaEBatten,House[0m
[36m2024-03-13 19:48:10 DEBUG (MainThread) [utils] Skipping html/House/AmandaEBatten/pdfs as it is a directory.[0m
[36m2024-03-13 19:48:10 DEBUG (MainThread) [utils] Skipping html/House/AmandaEBatten/javascript as it is a directory.[0m
[36m2024-03-13 19:48:10 DEBUG (MainThread) [form_extractor] extracted fields for AmandaEBatten-House:['', 'first name', 'street address', 'volunteer on election day', 'other (please specify below)', 'zip code', 'email address', 'request bumper sticker', 'other', 'last name', 'state', 'request yard sign', 'phone number', 'request large sign (3’x5′)', 'office work (mailings, postcard writing, etc.)', 'street address line 2', 'message', 'host meet and greet', 'city', 'walk door-to-door'][0m
[36m2024-03-13 19:48:10 DEBUG (MainThread) [form_extractor] Working on RLeeWareJr,House[0m
[36m2024-03-13 19:48:10 DEBUG (MainThread) [utils] Skipping html/House/RLeeWareJr/javascript as it is a directory.[0m
[36m2024-03-13 19:48:10 DEBUG (MainThread) [form_extractor] extracted fields for RLeeWareJr-House:[][0m
[36m2024-03-13 19:48:10 DEBUG (MainThread) [form_extractor] Working on MarkLEarleyJr,House[0m
[36m2024-03-13 19:48:11 DEBUG (MainThread) [form_extractor] extracted fields for MarkLEarleyJr-House:['', 'host meet & greet', 'write postcards to voters', 'knock doors', 'be a precinct captain', 'display a yard sign or bumper sticker', 'make calls', 'promote on social media'][0m
[36m2024-03-13 19:48:11 DEBUG (MainThread) [form_extractor] Working on MichaelACherry,House[0m
[36m2024-03-13 19:48:11 DEBUG (MainThread) [form_extractor] extracted fields for MichaelACherry-House:['email', 'save my name, email, and website in this browser for the next time i comment.', 'first name', 'comment', 'first', 'last', 'please describe your problem', 'website', 'last name', 'name', 'email address', 'phone number'][0m
[36m2024-03-13 19:48:11 DEBUG (MainThread) [form_extractor] Working on StephenCMiller-PittsJr,House[0m
[36m2024-03-13 19:48:12 DEBUG (MainThread) [form_extractor] extracted fields for StephenCMiller-PittsJr-House:['first name', 'country', 'state/province', 'i want a yard sign!', 'zip / postal code', 'street address', 'phone', 'i want to knock doors!', 'last name', 'i want to host a meet and greet!', 'city', 'i want to hold a fundraiser!', 'email address', 'i want to make phone calls!'][0m
[36m2024-03-13 19:48:12 DEBUG (MainThread) [form_extractor] Working on CarrieEmersonCoyner,House[0m
[36m2024-03-13 19:48:12 DEBUG (MainThread) [utils] Skipping html/House/CarrieEmersonCoyner/javascript as it is a directory.[0m
[36m2024-03-13 19:48:12 DEBUG (MainThread) [form_extractor] extracted fields for CarrieEmersonCoyner-House:[][0m
[36m2024-03-13 19:48:12 DEBUG (MainThread) [form_extractor] Working on BetsyBCarr,House[0m
[36m2024-03-13 19:48:13 DEBUG (MainThread) [form_extractor] extracted fields for BetsyBCarr-House:['email', 'first name', 'subscribe to our newsletter and to receive the latest campaign updates.', '####', 'last name', 'yes, i can volunteer!', 'email address', '(###)', '###'][0m
[36m2024-03-13 19:48:13 DEBUG (MainThread) [form_extractor] Working on RaeCCousins,House[0m
[36m2024-03-13 19:48:13 DEBUG (MainThread) [utils] Skipping html/House/RaeCCousins/javascript as it is a directory.[0m
[36m2024-03-13 19:48:13 DEBUG (MainThread) [form_extractor] extracted fields for RaeCCousins-House:['email', 'first name', 'last name'][0m
[36m2024-03-13 19:48:13 DEBUG (MainThread) [form_extractor] Working on DestinyLLevereBolling,House[0m
[36m2024-03-13 19:48:13 DEBUG (MainThread) [utils] Skipping html/House/DestinyLLevereBolling/pdfs as it is a directory.[0m
[36m2024-03-13 19:48:13 DEBUG (MainThread) [utils] Skipping html/House/DestinyLLevereBolling/javascript as it is a directory.[0m
[36m2024-03-13 19:48:14 DEBUG (MainThread) [form_extractor] extracted fields for DestinyLLevereBolling-House:['first name', 'phone', 'zip code', 'email', 'last name', 'state', 'how would you like to volunteer?', 'greet voters at a voting location on election day', 'cell phone', "i'm not sure, but i want to help!", 'make phone calls to recruit volunteers', 'host a meet & greet or fundraiser', 'knock on doors and remind democrats to vote', 'volunteer at an upcoming campaign event', 'invite destiny to an upcoming community event, place of worship, or civic league', 'address', 'zipcode', 'is there anything else you would like to add?', 'city'][0m
[36m2024-03-13 19:48:14 DEBUG (MainThread) [form_extractor] Working on DeloresLMcQuinn,House[0m
[36m2024-03-13 19:48:14 DEBUG (MainThread) [form_extractor] extracted fields for DeloresLMcQuinn-House:[][0m
[36m2024-03-13 19:48:14 DEBUG (MainThread) [form_extractor] Working on KimberlyPopeAdams,House[0m
[36m2024-03-13 19:48:14 DEBUG (MainThread) [utils] Skipping html/House/KimberlyPopeAdams/javascript as it is a directory.[0m
[36m2024-03-13 19:48:14 DEBUG (MainThread) [form_extractor] extracted fields for KimberlyPopeAdams-House:['phone banking', 'host a fundraiser', 'how are you interested in helping out the campaign?', 'canvassing', 'name'][0m
[36m2024-03-13 19:48:14 DEBUG (MainThread) [form_extractor] Working on KimATaylor,House[0m
[36m2024-03-13 19:48:15 DEBUG (MainThread) [utils] Skipping html/House/KimATaylor/javascript as it is a directory.[0m
[36m2024-03-13 19:48:15 DEBUG (MainThread) [form_extractor] extracted fields for KimATaylor-House:['email', 'country', 'first', 'last', 'address', 'δ', 'comments', 'phone', 'street address', 'state', 'name', 'mobile number', 'city', 'zip code'][0m
[36m2024-03-13 19:48:15 DEBUG (MainThread) [form_extractor] Working on HOttoWachsmannJr,House[0m
[36m2024-03-13 19:48:15 DEBUG (MainThread) [form_extractor] extracted fields for HOttoWachsmannJr-House:['email', 'first name', 'additional info', 'host a meet and greet', 'volunteer', 'your email', 'zipcode', 'last name', 'i would like a yard sign', 'zip code'][0m
[36m2024-03-13 19:48:15 DEBUG (MainThread) [form_extractor] Working on NadariusEClark,House[0m
[36m2024-03-13 19:48:16 DEBUG (MainThread) [form_extractor] extracted fields for NadariusEClark-House:[''][0m
[36m2024-03-13 19:48:16 DEBUG (MainThread) [form_extractor] Working on MichaelJDillender,House[0m
[36m2024-03-13 19:48:16 DEBUG (MainThread) [utils] Skipping html/House/MichaelJDillender/javascript as it is a directory.[0m
[36m2024-03-13 19:48:16 DEBUG (MainThread) [form_extractor] extracted fields for MichaelJDillender-House:['email', 'first', 'last', 'comments', 'phone', 'message', 'name', 'zip code'][0m
[36m2024-03-13 19:48:16 DEBUG (MainThread) [form_extractor] Working on MarciaSCiaPrice,House[0m
[36m2024-03-13 19:48:16 DEBUG (MainThread) [utils] Skipping html/House/MarciaSCiaPrice/pdfs as it is a directory.[0m
[36m2024-03-13 19:48:16 DEBUG (MainThread) [utils] Skipping html/House/MarciaSCiaPrice/javascript as it is a directory.[0m
[36m2024-03-13 19:48:17 DEBUG (MainThread) [form_extractor] extracted fields for MarciaSCiaPrice-House:['first name:', 'message:', 'address:', 'city/town:', 'title:', 'email:', 'zip code:', 'phone:', 'state:', 'i would like to get updates via email', 'endorsement:', 'last name:', 'subject:', 'zip:', 'i would like to volunteer with del. price!', 'address 2:', "i would like to contribute to del. price's campaign!"][0m
[36m2024-03-13 19:48:17 DEBUG (MainThread) [form_extractor] Working on ACCordoza,House[0m
[36m2024-03-13 19:48:17 DEBUG (MainThread) [form_extractor] extracted fields for ACCordoza-House:[][0m
[36m2024-03-13 19:48:17 DEBUG (MainThread) [form_extractor] Working on JeionAWard,House[0m
[36m2024-03-13 19:48:17 DEBUG (MainThread) [utils] Skipping html/House/JeionAWard/javascript as it is a directory.[0m
[36m2024-03-13 19:48:17 DEBUG (MainThread) [form_extractor] extracted fields for JeionAWard-House:['email', 'your email address', 'your preferred method to be contacted', 'your name', 'phone', 'last name', 'your question or comment', 'your phone number'][0m
[36m2024-03-13 19:48:17 DEBUG (MainThread) [form_extractor] Working on DonLScottJr,House[0m
[36m2024-03-13 19:48:18 DEBUG (MainThread) [utils] Skipping html/House/DonLScottJr/javascript as it is a directory.[0m
[36m2024-03-13 19:48:18 DEBUG (MainThread) [form_extractor] extracted fields for DonLScottJr-House:['search'][0m
[36m2024-03-13 19:48:18 DEBUG (MainThread) [form_extractor] Working on JeremyDRodden,House[0m
[36m2024-03-13 19:48:18 DEBUG (MainThread) [form_extractor] extracted fields for JeremyDRodden-House:['email', 'name'][0m
[36m2024-03-13 19:48:18 DEBUG (MainThread) [form_extractor] Working on JamesAJayLeftwichJr,House[0m
[36m2024-03-13 19:48:18 DEBUG (MainThread) [form_extractor] extracted fields for JamesAJayLeftwichJr-House:[][0m
[36m2024-03-13 19:48:18 DEBUG (MainThread) [form_extractor] Working on CECliffHayesJr,House[0m
[36m2024-03-13 19:48:19 DEBUG (MainThread) [utils] Skipping html/House/CECliffHayesJr/javascript as it is a directory.[0m
[36m2024-03-13 19:48:19 DEBUG (MainThread) [form_extractor] extracted fields for CECliffHayesJr-House:['email', 'phone', 'message', 'name', 'subject'][0m
[36m2024-03-13 19:48:19 DEBUG (MainThread) [form_extractor] Working on BonitaGraceAnthony,House[0m
[36m2024-03-13 19:48:19 DEBUG (MainThread) [form_extractor] extracted fields for BonitaGraceAnthony-House:[][0m
[36m2024-03-13 19:48:19 DEBUG (MainThread) [form_extractor] Working on JackieHopeGlass,House[0m
[36m2024-03-13 19:48:19 DEBUG (MainThread) [utils] Skipping html/House/JackieHopeGlass/javascript as it is a directory.[0m
[36m2024-03-13 19:48:19 DEBUG (MainThread) [form_extractor] extracted fields for JackieHopeGlass-House:['subject(required)', 'first', 'last', 'what do you want to work on?(required)', 'state / province / region', 'email(required)', 'message(required)', 'phone', 'street address', 'address line 2', 'zip / postal code', 'city'][0m
[36m2024-03-13 19:48:19 DEBUG (MainThread) [form_extractor] Working on JohnSitkaIII,House[0m
[36m2024-03-13 19:48:19 DEBUG (MainThread) [utils] Skipping html/House/JohnSitkaIII/javascript as it is a directory.[0m
[36m2024-03-13 19:48:19 DEBUG (MainThread) [form_extractor] extracted fields for JohnSitkaIII-House:['email', 'phone', 'name'][0m
[36m2024-03-13 19:48:19 DEBUG (MainThread) [form_extractor] Working on PhilMHernandez,House[0m
[36m2024-03-13 19:48:19 DEBUG (MainThread) [form_extractor] extracted fields for PhilMHernandez-House:['email', 'first name', 'phone', 'last name', 'zip code'][0m
[36m2024-03-13 19:48:19 DEBUG (MainThread) [form_extractor] Working on AndrewBAndyPittman,House[0m
[36m2024-03-13 19:48:19 DEBUG (MainThread) [form_extractor] extracted fields for AndrewBAndyPittman-House:['admin help', 'knock doors', 'subscribe for updates', 'your message', 'make calls', 'get a yard sign', 'work polls'][0m
[36m2024-03-13 19:48:19 DEBUG (MainThread) [form_extractor] Working on AlexQAskew,House[0m
[36m2024-03-13 19:48:19 DEBUG (MainThread) [utils] Skipping html/House/AlexQAskew/pdfs as it is a directory.[0m
[36m2024-03-13 19:48:20 DEBUG (MainThread) [utils] Skipping html/House/AlexQAskew/javascript as it is a directory.[0m
[36m2024-03-13 19:48:20 DEBUG (MainThread) [form_extractor] extracted fields for AlexQAskew-House:[][0m
[36m2024-03-13 19:48:20 DEBUG (MainThread) [form_extractor] Working on NicholasSOlenik,House[0m
[36m2024-03-13 19:48:20 DEBUG (MainThread) [utils] Skipping html/House/NicholasSOlenik/javascript as it is a directory.[0m
[36m2024-03-13 19:48:20 DEBUG (MainThread) [form_extractor] extracted fields for NicholasSOlenik-House:['email'][0m
[36m2024-03-13 19:48:20 DEBUG (MainThread) [form_extractor] Working on MichaelCKarslake,House[0m
[36m2024-03-13 19:48:20 DEBUG (MainThread) [form_extractor] extracted fields for MichaelCKarslake-House:['', 'join the team'][0m
[36m2024-03-13 19:48:20 DEBUG (MainThread) [form_extractor] Working on MichaelBFeggans,House[0m
[36m2024-03-13 19:48:20 DEBUG (MainThread) [utils] Skipping html/House/MichaelBFeggans/pdfs as it is a directory.[0m
[36m2024-03-13 19:48:20 DEBUG (MainThread) [utils] Skipping html/House/MichaelBFeggans/javascript as it is a directory.[0m
[36m2024-03-13 19:48:21 DEBUG (MainThread) [form_extractor] extracted fields for MichaelBFeggans-House:['email', 'first name', 'make phone calls to voters', "i'm not sure, but i want to help!", 'how would you like to help out on the campaign?', 'phone', 'message', 'last name', 'why are you supporting mike for delegate?', 'is there any other information you want to share with mike and the team?', 'host a meet & greet or fundraiser', 'volunteer at an upcoming event', 'zip code', 'knock on doors and get out the vote', 'invite mike to a community event'][0m
[36m2024-03-13 19:48:21 DEBUG (MainThread) [form_extractor] Working on CatAPorterfield,House[0m
[36m2024-03-13 19:48:21 DEBUG (MainThread) [utils] Skipping html/House/CatAPorterfield/javascript as it is a directory.[0m
[36m2024-03-13 19:48:21 DEBUG (MainThread) [form_extractor] extracted fields for CatAPorterfield-House:[][0m
[36m2024-03-13 19:48:21 DEBUG (MainThread) [form_extractor] Working on AnneFerrellTata,House[0m
[36m2024-03-13 19:48:22 DEBUG (MainThread) [utils] Skipping html/House/AnneFerrellTata/javascript as it is a directory.[0m
[36m2024-03-13 19:48:22 DEBUG (MainThread) [form_extractor] extracted fields for AnneFerrellTata-House:['first name', 'display a yard sign', 'donate', 'name prefix/salutation', 'email address', 'type of letter', 'is this for a publication?', 'email', 'recipient', 'name suffix', 'event date', 'go door-to-door', 'last name', 'write letters to the editor', 'host a meet-and-greet', 'make phone calls', 'requestor', 'send courtesy letter to:', 'description of requested letter:', 'yes', 'if specified "other", please explain', 'middle name', 'address', 'date letter is needed (if different from event date)', 'message', 'please enter any two digits.', 'if "other" please describe here', 'no', 'phone number'][0m
[36m2024-03-13 19:48:22 DEBUG (MainThread) [form_extractor] Working on RobertSBloxomJr,House[0m
[36m2024-03-13 19:48:22 DEBUG (MainThread) [utils] Skipping html/House/RobertSBloxomJr/javascript as it is a directory.[0m
[36m2024-03-13 19:48:22 DEBUG (MainThread) [form_extractor] extracted fields for RobertSBloxomJr-House:['email', 'put a yard sign up', 'first name', 'put a bumper sticker on my car', 'how can i help?', 'be a precinct captain', 'make phone calls', 'message', 'knock on doors', 'last name', 'work the polls on election day', 'zip'][0m
[36m2024-03-13 19:48:22 DEBUG (MainThread) [form_extractor] Working on EmilyGScott,Senate[0m
[36m2024-03-13 19:48:22 DEBUG (MainThread) [utils] Skipping html/Senate/EmilyGScott/javascript as it is a directory.[0m
[36m2024-03-13 19:48:22 DEBUG (MainThread) [form_extractor] extracted fields for EmilyGScott-Senate:['email', 'first & last name', 'interested in', 'voting district', 'phone', 'about you'][0m
[36m2024-03-13 19:48:22 DEBUG (MainThread) [form_extractor] Working on MarkDObenshain,Senate[0m
[36m2024-03-13 19:48:22 DEBUG (MainThread) [utils] Skipping html/Senate/MarkDObenshain/pdfs as it is a directory.[0m
[36m2024-03-13 19:48:22 DEBUG (MainThread) [utils] Skipping html/Senate/MarkDObenshain/javascript as it is a directory.[0m
[36m2024-03-13 19:48:22 DEBUG (MainThread) [form_extractor] extracted fields for MarkDObenshain-Senate:['', 'first name', 'display a yard sign', 'street address', 'zip code', 'email address', 'last name', 'state', 'write letters to the editor', 'cell phone', 'attend rallies', 'how can you help?', 'host a meet-and-greet', 'make phone calls', 'phone number', 'street address line 2', 'message', 'city', 'go door-to-door'][0m
[36m2024-03-13 19:48:22 DEBUG (MainThread) [form_extractor] Working on ChristopherTHead,Senate[0m
[36m2024-03-13 19:48:23 DEBUG (MainThread) [utils] Skipping html/Senate/ChristopherTHead/javascript as it is a directory.[0m
[36m2024-03-13 19:48:23 DEBUG (MainThread) [form_extractor] extracted fields for ChristopherTHead-Senate:['email', 'first', 'last', 'comments', 'phone', 'street address', 'state', 'message', 'name', 'mobile number', 'city', 'zip code'][0m
[36m2024-03-13 19:48:23 DEBUG (MainThread) [form_extractor] Working on PATrishWhite-Boyd,Senate[0m
[36m2024-03-13 19:48:23 DEBUG (MainThread) [utils] Skipping html/Senate/PATrishWhite-Boyd/javascript as it is a directory.[0m
[36m2024-03-13 19:48:23 DEBUG (MainThread) [form_extractor] extracted fields for PATrishWhite-Boyd-Senate:[][0m
[36m2024-03-13 19:48:23 DEBUG (MainThread) [form_extractor] Working on TTravisHackworth,Senate[0m
[36m2024-03-13 19:48:23 DEBUG (MainThread) [utils] Skipping html/Senate/TTravisHackworth/javascript as it is a directory.[0m
[36m2024-03-13 19:48:24 DEBUG (MainThread) [form_extractor] extracted fields for TTravisHackworth-Senate:['email', 'first name', 'host a meet and greet', 'knock doors', 'host a fundraiser', 'help with events', 'wherever needed most', 'locality', '####', 'message', 'last name', 'host a yard sign', '(###)', '###'][0m
[36m2024-03-13 19:48:24 DEBUG (MainThread) [form_extractor] Working on ToddEPillion,Senate[0m
[36m2024-03-13 19:48:24 DEBUG (MainThread) [utils] Skipping html/Senate/ToddEPillion/javascript as it is a directory.[0m
[36m2024-03-13 19:48:24 DEBUG (MainThread) [form_extractor] extracted fields for ToddEPillion-Senate:['first name', 'healthcare prices', '2a (second amendment) rights', 'email address', 'email', 'other', 'comments', 'last name', 'do you support efforts to provide $1 billion in tax relief that governor youngkin proposed in his budget, which senate democrats blocked?', 'do you support democrat efforts to ban assault style weapons in virginia which would impose upon our rights to keep and bear arms?', 'do you support efforts to develop small modular nuclear energy opportunities in southwest virginia?', 'tax relief', 'protecting the unborn', 'phone number', 'yes', 'parental rights', 'address', 'no', 'inflation'][0m
[36m2024-03-13 19:48:24 DEBUG (MainThread) [form_extractor] Working on DeborahIRenieGates,Senate[0m
[36m2024-03-13 19:48:24 DEBUG (MainThread) [utils] Skipping html/Senate/DeborahIRenieGates/javascript as it is a directory.[0m
[36m2024-03-13 19:48:24 DEBUG (MainThread) [form_extractor] extracted fields for DeborahIRenieGates-Senate:[''][0m
[36m2024-03-13 19:48:24 DEBUG (MainThread) [form_extractor] Working on WilliamMBillStanleyJr,Senate[0m
[36m2024-03-13 19:48:24 DEBUG (MainThread) [utils] Skipping html/Senate/WilliamMBillStanleyJr/javascript as it is a directory.[0m
[36m2024-03-13 19:48:25 DEBUG (MainThread) [form_extractor] extracted fields for WilliamMBillStanleyJr-Senate:['email', 'first name', 'comment', 'first', 'last', 'website', 'δ', 'your message', 'i would like to receive your newsletter', 'last name', 'name', 'yes', 'email address', 'subject'][0m
[36m2024-03-13 19:48:25 DEBUG (MainThread) [form_extractor] Working on MarkJPeake,Senate[0m
[36m2024-03-13 19:48:26 DEBUG (MainThread) [form_extractor] extracted fields for MarkJPeake-Senate:[][0m
[36m2024-03-13 19:48:26 DEBUG (MainThread) [form_extractor] Working on FrankMRuffJr,Senate[0m
[36m2024-03-13 19:48:26 DEBUG (MainThread) [utils] Skipping html/Senate/FrankMRuffJr/javascript as it is a directory.[0m
[36m2024-03-13 19:48:26 DEBUG (MainThread) [form_extractor] extracted fields for FrankMRuffJr-Senate:[][0m
[36m2024-03-13 19:48:26 DEBUG (MainThread) [form_extractor] Working on JohnJMcGuireIII,Senate[0m
[36m2024-03-13 19:48:26 DEBUG (MainThread) [form_extractor] extracted fields for JohnJMcGuireIII-Senate:['email', 'address', 'phone', 'message', 'name', 'subject'][0m
[36m2024-03-13 19:48:26 DEBUG (MainThread) [form_extractor] Working on RCreighDeeds,Senate[0m
[36m2024-03-13 19:48:27 DEBUG (MainThread) [utils] Skipping html/Senate/RCreighDeeds/javascript as it is a directory.[0m
[36m2024-03-13 19:48:27 DEBUG (MainThread) [form_extractor] extracted fields for RCreighDeeds-Senate:['search for:'][0m
[36m2024-03-13 19:48:27 DEBUG (MainThread) [form_extractor] Working on GlenHSturtevantJr,Senate[0m
[36m2024-03-13 19:48:27 DEBUG (MainThread) [utils] Skipping html/Senate/GlenHSturtevantJr/javascript as it is a directory.[0m
[36m2024-03-13 19:48:27 DEBUG (MainThread) [form_extractor] extracted fields for GlenHSturtevantJr-Senate:['first', 'display a yard sign', 'message(required)', 'street address', 'phone', 'write a letter to the editor', 'address line 2', 'first name(required)', 'volunteer on election day', 'spread the word online', 'zip code', 'comments', 'last name', 'state', 'last', 'make phone calls', 'email(required)', 'name', 'city', 'volunteer at campaign hq', 'walk door-to-door'][0m
[36m2024-03-13 19:48:27 DEBUG (MainThread) [form_extractor] Working on LashrecseDAird,Senate[0m
[36m2024-03-13 19:48:27 DEBUG (MainThread) [form_extractor] extracted fields for LashrecseDAird-Senate:['first name', 'i want a barn sign!', 'i want to hold a fundraiser!', 'email address', '(###)', 'zip/postal code', 'email', 'country', 'i want a yard sign!', 'last name', 'i want to host a meet and greet!', '###', '####', 'i want to knock doors!', 'address 1', 'address 2', 'state/province', 'city', 'i want to make phone calls!'][0m
[36m2024-03-13 19:48:27 DEBUG (MainThread) [form_extractor] Working on EricFDitri,Senate[0m
[36m2024-03-13 19:48:27 DEBUG (MainThread) [utils] Skipping html/Senate/EricFDitri/javascript as it is a directory.[0m
[36m2024-03-13 19:48:27 DEBUG (MainThread) [form_extractor] extracted fields for EricFDitri-Senate:['email', 'email address', 'name'][0m
[36m2024-03-13 19:48:27 DEBUG (MainThread) [form_extractor] Working on LamontBagby,Senate[0m
[36m2024-03-13 19:48:27 DEBUG (MainThread) [utils] Skipping html/Senate/LamontBagby/javascript as it is a directory.[0m
[36m2024-03-13 19:48:28 DEBUG (MainThread) [form_extractor] extracted fields for LamontBagby-Senate:['search for:'][0m
[36m2024-03-13 19:48:28 DEBUG (MainThread) [form_extractor] Working on SchuylerTVanValkenburg,Senate[0m
[36m2024-03-13 19:48:28 DEBUG (MainThread) [utils] Skipping html/Senate/SchuylerTVanValkenburg/javascript as it is a directory.[0m
[36m2024-03-13 19:48:28 DEBUG (MainThread) [form_extractor] extracted fields for SchuylerTVanValkenburg-Senate:['email', 'message', 'name'][0m
[36m2024-03-13 19:48:28 DEBUG (MainThread) [form_extractor] Working on SiobhanSDunnavant,Senate[0m
[36m2024-03-13 19:48:29 DEBUG (MainThread) [form_extractor] extracted fields for SiobhanSDunnavant-Senate:['email', '', 'first name', 'street address line 2', 'street address', 'phone', 'last name', 'postal / zip code', 'city', 'region/state/province'][0m
[36m2024-03-13 19:48:29 DEBUG (MainThread) [form_extractor] Working on AnthonyWTonyGoodwin,Senate[0m
[36m2024-03-13 19:48:29 DEBUG (MainThread) [form_extractor] extracted fields for AnthonyWTonyGoodwin-Senate:['email', 'first name', 'message', 'last name', 'name', 'email address'][0m
[36m2024-03-13 19:48:29 DEBUG (MainThread) [form_extractor] Working on VictoriaALuevanos,Senate[0m
[36m2024-03-13 19:48:29 DEBUG (MainThread) [utils] Skipping html/Senate/VictoriaALuevanos/javascript as it is a directory.[0m
[36m2024-03-13 19:48:29 DEBUG (MainThread) [form_extractor] extracted fields for VictoriaALuevanos-Senate:['email', 'message', 'search', 'name'][0m
[36m2024-03-13 19:48:29 DEBUG (MainThread) [form_extractor] Working on WilliamRBillDeSteph,Senate[0m
[36m2024-03-13 19:48:29 DEBUG (MainThread) [utils] Skipping html/Senate/WilliamRBillDeSteph/pdfs as it is a directory.[0m
[36m2024-03-13 19:48:30 DEBUG (MainThread) [utils] Skipping html/Senate/WilliamRBillDeSteph/javascript as it is a directory.[0m
[36m2024-03-13 19:48:30 DEBUG (MainThread) [form_extractor] extracted fields for WilliamRBillDeSteph-Senate:['email', '', 'first name', 'constant contact use. please leave this field blank.', 'how can we help you?', 'address - we need your address due to recent redistricting to ensure we can assist you.', 'address', 'street address', 'phone', 'state', 'name', 'city', 'zip', 'zip code', 'high school'][0m
[36m2024-03-13 19:48:30 DEBUG (MainThread) [form_extractor] Working on AngeliaWilliamsGraves,Senate[0m
[36m2024-03-13 19:48:30 DEBUG (MainThread) [utils] Skipping html/Senate/AngeliaWilliamsGraves/javascript as it is a directory.[0m
[36m2024-03-13 19:48:30 DEBUG (MainThread) [form_extractor] extracted fields for AngeliaWilliamsGraves-Senate:['message:', 'title:', 'get updates and news via email', 'subject:', 'address 2:', 'i would like to make phone calls', 'email:', 'i would like to make a financial contribution', 'zip:', 'i would like to canvass', 'phone:', 'state:', 'last name:', 'i would like to volunteer', 'first name:', 'address:', 'city/town:', 'zip code:', 'endorsement:'][0m
[36m2024-03-13 19:48:30 DEBUG (MainThread) [form_extractor] Working on AaronRRouse,Senate[0m
[36m2024-03-13 19:48:30 DEBUG (MainThread) [utils] Skipping html/Senate/AaronRRouse/javascript as it is a directory.[0m
[36m2024-03-13 19:48:31 DEBUG (MainThread) [form_extractor] extracted fields for AaronRRouse-Senate:['first name', 'volunteering at an event', 'zip code', 'email', 'knocking on doors', 'last name', 'state', 'inviting aaron to a church, civic league, or other community event', 'internship / fellowship for school credit', 'administrative/office work', 'how would you like to get involved', 'cell', "is there anything else you'd like to add?", 'address', 'zipcode', 'message', 'hosting a meet and greet or fundraiser', 'city', 'making phone calls to voters'][0m
[36m2024-03-13 19:48:31 DEBUG (MainThread) [form_extractor] Working on MamieELocke,Senate[0m
[36m2024-03-13 19:48:31 DEBUG (MainThread) [utils] Skipping html/Senate/MamieELocke/javascript as it is a directory.[0m
[36m2024-03-13 19:48:31 DEBUG (MainThread) [form_extractor] extracted fields for MamieELocke-Senate:['email address', 'bots only'][0m
[36m2024-03-13 19:48:31 DEBUG (MainThread) [form_extractor] Working on TMontyMason,Senate[0m
[36m2024-03-13 19:48:31 DEBUG (MainThread) [utils] Skipping html/Senate/TMontyMason/pdfs as it is a directory.[0m
[36m2024-03-13 19:48:31 DEBUG (MainThread) [utils] Skipping html/Senate/TMontyMason/javascript as it is a directory.[0m
[36m2024-03-13 19:48:32 DEBUG (MainThread) [form_extractor] extracted fields for TMontyMason-Senate:['email', 'message', 'δ', 'name'][0m
[36m2024-03-13 19:48:32 DEBUG (MainThread) [form_extractor] Working on JDDannyDiggs,Senate[0m
[36m2024-03-13 19:48:32 DEBUG (MainThread) [utils] Skipping html/Senate/JDDannyDiggs/pdfs as it is a directory.[0m
[36m2024-03-13 19:48:32 DEBUG (MainThread) [utils] Skipping html/Senate/JDDannyDiggs/javascript as it is a directory.[0m
[36m2024-03-13 19:48:33 DEBUG (MainThread) [form_extractor] extracted fields for JDDannyDiggs-Senate:['first name', 'volunteer on election day', 'email address', '(###)', 'zip/postal code', 'host meet & greet', 'country', 'request a yard sign', 'last name', '####', 'address 1', 'walk door to door', 'city / county', 'address 2', 'office help (mailings)', 'state/province', 'message', 'other (specify in message below)', 'city', "request a large sign (4' x 4')", '###'][0m
[36m2024-03-13 19:48:33 DEBUG (MainThread) [form_extractor] Working on JoliciaAWard,Senate[0m
[36m2024-03-13 19:48:33 DEBUG (MainThread) [utils] Skipping html/Senate/JoliciaAWard/javascript as it is a directory.[0m
[36m2024-03-13 19:48:33 DEBUG (MainThread) [form_extractor] extracted fields for JoliciaAWard-Senate:[][0m
[36m2024-03-13 19:48:33 DEBUG (MainThread) [form_extractor] Working on RichardHStuart,Senate[0m
[36m2024-03-13 19:48:33 DEBUG (MainThread) [utils] Skipping html/Senate/RichardHStuart/javascript as it is a directory.[0m
[36m2024-03-13 19:48:33 DEBUG (MainThread) [form_extractor] extracted fields for RichardHStuart-Senate:['', 'volunteer?'][0m
[36m2024-03-13 19:48:33 DEBUG (MainThread) [form_extractor] Working on JoelLGriffin,Senate[0m
[36m2024-03-13 19:48:33 DEBUG (MainThread) [utils] Skipping html/Senate/JoelLGriffin/javascript as it is a directory.[0m
[36m2024-03-13 19:48:33 DEBUG (MainThread) [form_extractor] extracted fields for JoelLGriffin-Senate:['email', 'phone', 'message', 'name', 'zip'][0m
[36m2024-03-13 19:48:33 DEBUG (MainThread) [form_extractor] Working on TaraADurant,Senate[0m
[36m2024-03-13 19:48:33 DEBUG (MainThread) [utils] Skipping html/Senate/TaraADurant/javascript as it is a directory.[0m
[36m2024-03-13 19:48:33 DEBUG (MainThread) [form_extractor] extracted fields for TaraADurant-Senate:['first name', 'knock doors', 'first', 'may we share your endorsement on our social media pages?', 'street address', 'phone', 'address line 2', 'zip code', 'email', 'country', 'phone(required)', 'yes, share on social media', 'state / province / region', 'why are you supporting tara for virginia senate?', 'last name', 'delivered or pick-up(required)', 'last', 'i would like to:', 'make phone calls', 'home address', 'zip / postal code', 'email(required)', 'message', 'number', 'write postcards', 'host an event', 'city', 'name', 'sign size(required)', 'spread the word on social media', 'upload your picture', 'captcha'][0m
[36m2024-03-13 19:48:33 DEBUG (MainThread) [form_extractor] Working on BryceEReeves,Senate[0m
[36m2024-03-13 19:48:34 DEBUG (MainThread) [utils] Skipping html/Senate/BryceEReeves/javascript as it is a directory.[0m
[36m2024-03-13 19:48:34 DEBUG (MainThread) [form_extractor] extracted fields for BryceEReeves-Senate:['', 'first name', 'street address', 'women', 'zip code', 'email address', 'i would like to make phone calls', 'last name', 'state', 'i would like to join the finance committee', 'i would like a yard sign', 'i want to be a district chair, county chair or precinct captain', 'i support bryce reeves for state senate', 'i would like to volunteer at events', 'i would like to knock doors', 'i would like to help place signs', 'hispanic', 'i would like to host a fundraiser', 'law enforcement', 'street address line 2', 'veterans/military', 'message', 'city', 'phone number'][0m
[36m2024-03-13 19:48:34 DEBUG (MainThread) [form_extractor] Working on GregoryJMoulthrop,Senate[0m
[36m2024-03-13 19:48:34 DEBUG (MainThread) [utils] Skipping html/Senate/GregoryJMoulthrop/javascript as it is a directory.[0m
[36m2024-03-13 19:48:34 DEBUG (MainThread) [form_extractor] extracted fields for GregoryJMoulthrop-Senate:['email', 'first name', '####', "ask a question and we'll get back to you", 'message', 'last name', 'zip code', 'email address', '(###)', '###'][0m
[36m2024-03-13 19:48:34 DEBUG (MainThread) [form_extractor] Working on JenniferDCarrollFoy,Senate[0m
[36m2024-03-13 19:48:34 DEBUG (MainThread) [utils] Skipping html/Senate/JenniferDCarrollFoy/pdfs as it is a directory.[0m
[36m2024-03-13 19:48:34 DEBUG (MainThread) [utils] Skipping html/Senate/JenniferDCarrollFoy/javascript as it is a directory.[0m
[36m2024-03-13 19:48:34 DEBUG (MainThread) [form_extractor] extracted fields for JenniferDCarrollFoy-Senate:[][0m
[36m2024-03-13 19:48:34 DEBUG (MainThread) [form_extractor] Working on DavidWMarsden,Senate[0m
[36m2024-03-13 19:48:39 DEBUG (MainThread) [utils] Skipping html/Senate/DavidWMarsden/javascript as it is a directory.[0m
[36m2024-03-13 19:48:49 DEBUG (MainThread) [form_extractor] extracted fields for DavidWMarsden-Senate:['optional email code', 'nonpartisan', 'already registered as a 501c3?', 'conservative', 'title', 'brand guide', 'organization name', 'inspirational content and supporting files', 'business', 'organization field', 'work email', 'android', 'start date', 'send me text messages', 'nonprofit', 'developer                developer', 'yes', 'election date', 'web', 'candidate last name', 'political', 'run your nonprofit', 'remember me', 'make changes to a nationbuilder website', 'mobile', 'number of attendees', 'comments', 'fonts', 'asia-pacific', 'available via "nationbuilder partner match service"', 'office', 'expert                expert', 'finished content', 'district type', 'create a new nationbuilder website', '2 weeks', 'describe your project', 'relationship to campaign', 'central/south america', 'api key', 'name your project', 'campaign name', 'phone number', 'address (street, city, state, postal code)', 'password', 'migrate an existing website to nationbuilder', 'email address', 'win your election', 'state (if different than organization)', 'email', '1 month', 'brand', 'employer', "don't publish my rsvp on the website", 'develop a nationbuilder app or integration', 'ios', 'last name', "not sure. i'd like to chat with my professional", 'please provide a link to your personal website, portfolio and link to your github account', 'job function', 'state', 'any', 'choose a start and end date', 'nationbuilder may keep me informed via email about products and services', 'online', 'url of government website with elected official profile', 'how many other people are you bringing?', 'candidate first name', 'europe/middle east/africa', 'architect                architect', 'organization', 'end date', 'district information', 'mobile phone (optional)', 'organization size', 'message to dave', 'advocacy', 'brief description of your academic project', 'no', 'first name', 'nation slug', 'phone', 'a logo, photos, brand guide, fonts, copy, and any other documents', 'preferred dates', 'please provide the name of your app and a brief overview.', 'election type', '1 week', 'progressive', 'link to any inspiration on the web', 'advocate for your community', 'on-site (my location)', 'photos', 'email list size', "what's your budget", 'zip or postal code', 'anything else you’d like to share with your professional?', "i agree to and understand my state's acceptable use policy", 'other request (email template, consultation, etc)', 'both', '48 hours - quick turnaround fees typically apply', 'choose your preferred language', 'send me email updates', 'city', 'north america', 'what is your existing website?'][0m
[36m2024-03-13 19:48:49 DEBUG (MainThread) [form_extractor] Working on MarkBVafiades,Senate[0m
[36m2024-03-13 19:48:49 DEBUG (MainThread) [form_extractor] extracted fields for MarkBVafiades-Senate:['first name', 'comments (optional)', 'hosting an event', 'street address line 2', 'making phone calls', 'street address', 'request a yard sign', 'last name', 'state', 'city', 'knocking doors', 'zip code', 'email address', 'phone number'][0m
[36m2024-03-13 19:48:49 DEBUG (MainThread) [form_extractor] Working on StellaGPekarsky,Senate[0m
[36m2024-03-13 19:48:49 DEBUG (MainThread) [utils] Skipping html/Senate/StellaGPekarsky/javascript as it is a directory.[0m
[36m2024-03-13 19:48:49 DEBUG (MainThread) [form_extractor] extracted fields for StellaGPekarsky-Senate:['sign me up for text messages (optional).', 'text messages', 'message', 'name', 'email address', 'phone number'][0m
[36m2024-03-13 19:48:49 DEBUG (MainThread) [form_extractor] Working on JulieAnnaPerry,Senate[0m
[36m2024-03-13 19:48:49 DEBUG (MainThread) [form_extractor] extracted fields for JulieAnnaPerry-Senate:['first name', 'street address line 2', 'street address', 'last name', 'state', 'city', 'zip code', 'email address', 'phone number'][0m
[36m2024-03-13 19:48:49 DEBUG (MainThread) [form_extractor] Working on SaddamAzlanSalim,Senate[0m
[36m2024-03-13 19:48:50 DEBUG (MainThread) [form_extractor] extracted fields for SaddamAzlanSalim-Senate:['email', 'first name', 'door knocking', 'other', 'donation', 'phone', 'type your message here...', 'last name', 'making phone calls/texts', 'hosting a meet-and-greet', 'zip code'][0m
[36m2024-03-13 19:48:50 DEBUG (MainThread) [form_extractor] Working on KennethDKenReid,Senate[0m
[36m2024-03-13 19:48:50 DEBUG (MainThread) [utils] Skipping html/Senate/KennethDKenReid/javascript as it is a directory.[0m
[36m2024-03-13 19:48:50 DEBUG (MainThread) [form_extractor] extracted fields for KennethDKenReid-Senate:[][0m
[36m2024-03-13 19:48:50 DEBUG (MainThread) [form_extractor] Working on JenniferBBoysko,Senate[0m
[36m2024-03-13 19:48:50 DEBUG (MainThread) [utils] Skipping html/Senate/JenniferBBoysko/pdfs as it is a directory.[0m
[36m2024-03-13 19:48:50 DEBUG (MainThread) [utils] Skipping html/Senate/JenniferBBoysko/javascript as it is a directory.[0m
[36m2024-03-13 19:48:50 DEBUG (MainThread) [form_extractor] extracted fields for JenniferBBoysko-Senate:['email', 'address', 'concern', 'δ', 'interested in volunteer opportunities', 'message', 'help with state agency', 'name', 'request a meeting', 'reason for contacting', 'join contact list (receive newsletters)'][0m
[36m2024-03-13 19:48:50 DEBUG (MainThread) [form_extractor] Working on MatthewJMattLang,Senate[0m
[36m2024-03-13 19:48:50 DEBUG (MainThread) [utils] Skipping html/Senate/MatthewJMattLang/javascript as it is a directory.[0m
[36m2024-03-13 19:48:51 DEBUG (MainThread) [form_extractor] extracted fields for MatthewJMattLang-Senate:['', 'election day poll worker', 'i agree to the terms & conditionsview privacy policy', 'make phone calls', 'request a sign', 'knock on doors', 'host an event', 'other (indicate below)', 'social media team'][0m
[36m2024-03-13 19:48:51 DEBUG (MainThread) [form_extractor] Working on AdamPEbbin,Senate[0m
[36m2024-03-13 19:48:51 DEBUG (MainThread) [utils] Skipping html/Senate/AdamPEbbin/javascript as it is a directory.[0m
[36m2024-03-13 19:48:51 DEBUG (MainThread) [form_extractor] extracted fields for AdamPEbbin-Senate:[][0m
[36m2024-03-13 19:48:51 DEBUG (MainThread) [form_extractor] Working on SophiaCMoshasha,Senate[0m
[36m2024-03-13 19:48:53 DEBUG (MainThread) [form_extractor] extracted fields for SophiaCMoshasha-Senate:['email', 'phone', 'sign up for our email list for news and events.', 'name'][0m
[36m2024-03-13 19:48:53 DEBUG (MainThread) [form_extractor] Working on BarbaraAFavola,Senate[0m
[36m2024-03-13 19:48:54 DEBUG (MainThread) [form_extractor] extracted fields for BarbaraAFavola-Senate:['first name', '####', 'message', 'last name', 'zip code', 'email address', '(###)', 'subject', '###'][0m
[36m2024-03-13 19:48:54 DEBUG (MainThread) [form_extractor] Working on KristinLHoffman,House[0m
[36m2024-03-13 19:48:54 DEBUG (MainThread) [utils] Skipping html/House/KristinLHoffman/javascript as it is a directory.[0m
[36m2024-03-13 19:48:54 DEBUG (MainThread) [form_extractor] extracted fields for KristinLHoffman-House:['email', 'host event', 'first name', 'endorse kristin', 'put up yard sign', 'knock doors', 'invite kristin to speak', 'make phone calls', '####', "join kristin's social media team", 'last name', 'zip code', '(###)', '###'][0m
[36m2024-03-13 19:48:54 DEBUG (MainThread) [form_extractor] Working on IreneShin,House[0m
[36m2024-03-13 19:48:54 DEBUG (MainThread) [utils] Skipping html/House/IreneShin/pdfs as it is a directory.[0m
[36m2024-03-13 19:48:55 DEBUG (MainThread) [utils] Skipping html/House/IreneShin/javascript as it is a directory.[0m
[36m2024-03-13 19:48:56 DEBUG (MainThread) [form_extractor] extracted fields for IreneShin-House:['email', 'title', 'first name', '####', 'message', 'last name', 'email address', '(###)', 'subject', '###'][0m
[36m2024-03-13 19:48:56 DEBUG (MainThread) [form_extractor] Working on MaxBFisher,House[0m
[36m2024-03-13 19:48:56 DEBUG (MainThread) [utils] Skipping html/House/MaxBFisher/javascript as it is a directory.[0m
[36m2024-03-13 19:48:56 DEBUG (MainThread) [form_extractor] extracted fields for MaxBFisher-House:['first name:', 'message:', 'address:', 'city/town:', 'i would like to help and talk to my neighbors about voting for max!', 'email:', 'zip code:', 'i would like to make a financial contribution', 'please add me to your list of supporters', 'phone:', 'state:', 'get updates and news via email', 'i would like to volunteer anywhere i can help', 'last name:', 'i would host a fundraiser to elect max fisher', 'subject:', 'address 2:', 'i would like to display a yard sign'][0m
[36m2024-03-13 19:48:56 DEBUG (MainThread) [form_extractor] Working on EdwardFMcGovern,House[0m
[36m2024-03-13 19:48:56 DEBUG (MainThread) [utils] Skipping html/House/EdwardFMcGovern/javascript as it is a directory.[0m
[36m2024-03-13 19:48:57 DEBUG (MainThread) [form_extractor] extracted fields for EdwardFMcGovern-House:[][0m
[36m2024-03-13 19:48:57 DEBUG (MainThread) [form_extractor] Working on PaulKLott,House[0m
[36m2024-03-13 19:48:57 DEBUG (MainThread) [utils] Skipping html/House/PaulKLott/javascript as it is a directory.[0m
[36m2024-03-13 19:48:57 DEBUG (MainThread) [form_extractor] extracted fields for PaulKLott-House:['email', 'intern', 'save my name, email, and website in this browser for the next time i comment.', 'knock doors', 'your phone', 'your name', 'your email', 'host a fundraiser', 'comment', 'website', 'make calls', 'deliver yard signs', 'name', 'write post cards', 'host a meet & greet', 'your message (optional)', 'subject'][0m
[36m2024-03-13 19:48:57 DEBUG (MainThread) [form_extractor] Working on EstherMNizer,House[0m
[36m2024-03-13 19:48:57 DEBUG (MainThread) [utils] Skipping html/House/EstherMNizer/javascript as it is a directory.[0m
[36m2024-03-13 19:48:57 DEBUG (MainThread) [form_extractor] extracted fields for EstherMNizer-House:['email', 'first name', 'w', 'su', 't', 'address', 'a few words about you', 'f', 'phone', 'message', 'last name', 'name', 'th', 'where do you want to volunteer?', 'sa', 'subject', 'm'][0m
[36m2024-03-13 19:48:57 DEBUG (MainThread) [form_extractor] Working on TerryLAustin,House[0m
[36m2024-03-13 19:48:57 DEBUG (MainThread) [utils] Skipping html/House/TerryLAustin/javascript as it is a directory.[0m
[36m2024-03-13 19:48:58 DEBUG (MainThread) [form_extractor] extracted fields for TerryLAustin-House:[''][0m
[36m2024-03-13 19:48:58 DEBUG (MainThread) [form_extractor] Working on PatriciaLynnQuesenberry,House[0m
[36m2024-03-13 19:48:58 DEBUG (MainThread) [utils] Skipping html/House/PatriciaLynnQuesenberry/javascript as it is a directory.[0m
[36m2024-03-13 19:48:58 DEBUG (MainThread) [form_extractor] extracted fields for PatriciaLynnQuesenberry-House:[''][0m
[36m2024-03-13 19:48:58 DEBUG (MainThread) [form_extractor] Working on KimberlyAMoran,House[0m
[36m2024-03-13 19:48:58 DEBUG (MainThread) [utils] Skipping html/House/KimberlyAMoran/javascript as it is a directory.[0m
[36m2024-03-13 19:48:58 DEBUG (MainThread) [form_extractor] extracted fields for KimberlyAMoran-House:[''][0m
[36m2024-03-13 19:48:58 DEBUG (MainThread) [form_extractor] Working on EricRZehr,House[0m
[36m2024-03-13 19:48:58 DEBUG (MainThread) [utils] Skipping html/House/EricRZehr/javascript as it is a directory.[0m
[36m2024-03-13 19:48:58 DEBUG (MainThread) [form_extractor] extracted fields for EricRZehr-House:['email', 'first name', 'how i can help', 'code', 'phone', 'last name'][0m
[36m2024-03-13 19:48:58 DEBUG (MainThread) [form_extractor] Working on LarryJJackson,House[0m
[36m2024-03-13 19:48:58 DEBUG (MainThread) [utils] Skipping html/House/LarryJJackson/javascript as it is a directory.[0m
[36m2024-03-13 19:48:59 DEBUG (MainThread) [form_extractor] extracted fields for LarryJJackson-House:[][0m
[36m2024-03-13 19:48:59 DEBUG (MainThread) [form_extractor] Working on MarkJLux,House[0m
[36m2024-03-13 19:48:59 DEBUG (MainThread) [utils] Skipping html/House/MarkJLux/javascript as it is a directory.[0m
[36m2024-03-13 19:48:59 DEBUG (MainThread) [form_extractor] extracted fields for MarkJLux-House:['first name', 'postcard writing', 'phone banking', 'it varies', 'canvassing', 'phone', 'evenings', 'wed', 'thu', 'email', 'tue', 'fri', 'city, state, zip code', 'election day greeter', 'afternoons', 'any time', 'last name', 'deliver yard signs', 'mon', 'no preference', 'text banking', 'host a fundraiser', 'sat', 'host a meet & greet', 'mornings', 'additional info', 'voter registration', 'full address'][0m
[36m2024-03-13 19:48:59 DEBUG (MainThread) [form_extractor] Working on JohnQSmith,House[0m
[36m2024-03-13 19:48:59 DEBUG (MainThread) [utils] Skipping html/House/JohnQSmith/javascript as it is a directory.[0m
[36m2024-03-13 19:48:59 DEBUG (MainThread) [form_extractor] extracted fields for JohnQSmith-House:['email', 'indicates required field', 'comment', 'first', 'last', 'name'][0m
[36m2024-03-13 19:48:59 DEBUG (MainThread) [form_extractor] Working on HillaryPughKent,House[0m
[36m2024-03-13 19:48:59 DEBUG (MainThread) [utils] Skipping html/House/HillaryPughKent/javascript as it is a directory.[0m
[36m2024-03-13 19:48:59 DEBUG (MainThread) [form_extractor] extracted fields for HillaryPughKent-House:['email', 'first name', 'enter your email here:', 'message', 'last name'][0m
[36m2024-03-13 19:48:59 DEBUG (MainThread) [form_extractor] Working on WChadGreen,House[0m
[36m2024-03-13 19:48:59 DEBUG (MainThread) [utils] Skipping html/House/WChadGreen/javascript as it is a directory.[0m
[36m2024-03-13 19:48:59 DEBUG (MainThread) [form_extractor] extracted fields for WChadGreen-House:[][0m
[36m2024-03-13 19:48:59 DEBUG (MainThread) [form_extractor] Working on DebraDGardner,House[0m
[36m2024-03-13 19:48:59 DEBUG (MainThread) [utils] Skipping html/House/DebraDGardner/javascript as it is a directory.[0m
[36m2024-03-13 19:48:59 DEBUG (MainThread) [form_extractor] extracted fields for DebraDGardner-House:[][0m
[36m2024-03-13 19:48:59 DEBUG (MainThread) [form_extractor] Working on DucMTruong,House[0m
[36m2024-03-13 19:48:59 DEBUG (MainThread) [utils] Skipping html/House/DucMTruong/javascript as it is a directory.[0m
[36m2024-03-13 19:48:59 DEBUG (MainThread) [form_extractor] extracted fields for DucMTruong-House:[][0m
[36m2024-03-13 19:48:59 DEBUG (MainThread) [form_extractor] Working on KarenLJenkins,House[0m
[36m2024-03-13 19:48:59 DEBUG (MainThread) [utils] Skipping html/House/KarenLJenkins/javascript as it is a directory.[0m
[36m2024-03-13 19:49:00 DEBUG (MainThread) [form_extractor] extracted fields for KarenLJenkins-House:['email', 'name'][0m
[36m2024-03-13 19:49:00 DEBUG (MainThread) [form_extractor] Working on KarenSGreenhalgh,House[0m
[36m2024-03-13 19:49:00 DEBUG (MainThread) [utils] Skipping html/House/KarenSGreenhalgh/javascript as it is a directory.[0m
[36m2024-03-13 19:49:00 DEBUG (MainThread) [form_extractor] extracted fields for KarenSGreenhalgh-House:['senior issues', 'constitution - defend and support', 'environment', 'education', 'covid 19 recovery', 'law and order'][0m
[36m2024-03-13 19:49:00 DEBUG (MainThread) [form_extractor] Working on TimmyFFrench,Senate[0m
[36m2024-03-13 19:49:00 DEBUG (MainThread) [utils] Skipping html/Senate/TimmyFFrench/javascript as it is a directory.[0m
[36m2024-03-13 19:49:00 DEBUG (MainThread) [form_extractor] extracted fields for TimmyFFrench-Senate:['knocking doors', 'interests:', 'hosting an event', 'email:', 'making phone calls', 'phone', 'message', 'name:'][0m
[36m2024-03-13 19:49:00 DEBUG (MainThread) [form_extractor] Working on JoshuaJHuffman,Senate[0m
[36m2024-03-13 19:49:00 DEBUG (MainThread) [utils] Skipping html/Senate/JoshuaJHuffman/javascript as it is a directory.[0m
[36m2024-03-13 19:49:00 DEBUG (MainThread) [form_extractor] extracted fields for JoshuaJHuffman-Senate:['email', 'where did you hear about us?', 'name'][0m
[36m2024-03-13 19:49:00 DEBUG (MainThread) [form_extractor] Working on RobertWBeckman,Senate[0m
[36m2024-03-13 19:49:00 DEBUG (MainThread) [utils] Skipping html/Senate/RobertWBeckman/javascript as it is a directory.[0m
[36m2024-03-13 19:49:00 DEBUG (MainThread) [form_extractor] extracted fields for RobertWBeckman-Senate:[][0m
[36m2024-03-13 19:49:00 DEBUG (MainThread) [form_extractor] Working on PhilipAHamilton,Senate[0m
[36m2024-03-13 19:49:00 DEBUG (MainThread) [utils] Skipping html/Senate/PhilipAHamilton/javascript as it is a directory.[0m
[36m2024-03-13 19:49:00 DEBUG (MainThread) [form_extractor] extracted fields for PhilipAHamilton-Senate:['first name', 'street address line 2', 'street address', 'last name', 'state', 'city', 'zip code', 'email address', 'phone number'][0m
[36m2024-03-13 19:49:00 DEBUG (MainThread) [form_extractor] Working on NatanDMcKenzie,Senate[0m
[36m2024-03-13 19:49:00 DEBUG (MainThread) [utils] Skipping html/Senate/NatanDMcKenzie/javascript as it is a directory.[0m
[36m2024-03-13 19:49:00 DEBUG (MainThread) [form_extractor] extracted fields for NatanDMcKenzie-Senate:[][0m
[36m2024-03-13 19:49:00 DEBUG (MainThread) [form_extractor] Working on DouglassHaydenFisher,Senate[0m
[36m2024-03-13 19:49:00 DEBUG (MainThread) [utils] Skipping html/Senate/DouglassHaydenFisher/javascript as it is a directory.[0m
[36m2024-03-13 19:49:00 DEBUG (MainThread) [form_extractor] extracted fields for DouglassHaydenFisher-Senate:['first name', 'knock doors', 'get a yard sign', 'latinos for fisher', 'a yard sign', 'help on election day', '(###)', 'subject', 'teachers for fisher', 'zip/postal code', 'email', 'stickers', 'country', 'parents for fisher', 'request a yard sign', 'last name', 'willing to knock doors', 'host a fundraiser', 'make phone calls', '####', 'veterans for fisher', 'help make phone calls', 'address 1', 'host a meet & greet', 'address 2', 'request a large yard sign', 'door knock', 'state/province', 'message', 'women for fisher', 'get a large yard sign', 'city', 'first responders for fisher', '###'][0m
[36m2024-03-13 19:49:00 DEBUG (MainThread) [form_extractor] Working on LLouiseLucas,Senate[0m
[36m2024-03-13 19:49:00 DEBUG (MainThread) [utils] Skipping html/Senate/LLouiseLucas/javascript as it is a directory.[0m
[36m2024-03-13 19:49:00 DEBUG (MainThread) [form_extractor] extracted fields for LLouiseLucas-Senate:['email', 'first name', 'knock doors', 'other', 'make phone calls', 'street address', 'phone', 'last name', 'postal / zip code', 'region/state/province'][0m
[36m2024-03-13 19:49:00 DEBUG (MainThread) [form_extractor] Working on ChristieNewCraig,Senate[0m
[36m2024-03-13 19:49:00 DEBUG (MainThread) [utils] Skipping html/Senate/ChristieNewCraig/javascript as it is a directory.[0m
[36m2024-03-13 19:49:00 DEBUG (MainThread) [form_extractor] extracted fields for ChristieNewCraig-Senate:['email', 'email address', 'name'][0m
[36m2024-03-13 19:49:00 DEBUG (MainThread) [form_extractor] Working on JasonAFord,Senate[0m
[36m2024-03-13 19:49:00 DEBUG (MainThread) [utils] Skipping html/Senate/JasonAFord/javascript as it is a directory.[0m
[36m2024-03-13 19:49:01 DEBUG (MainThread) [form_extractor] extracted fields for JasonAFord-Senate:['email address'][0m
[36m2024-03-13 19:49:01 DEBUG (MainThread) [form_extractor] Working on ElizabethGMelson,Senate[0m
[36m2024-03-13 19:49:01 DEBUG (MainThread) [utils] Skipping html/Senate/ElizabethGMelson/javascript as it is a directory.[0m
[36m2024-03-13 19:49:01 DEBUG (MainThread) [form_extractor] extracted fields for ElizabethGMelson-Senate:[][0m
[36m2024-03-13 19:49:01 DEBUG (MainThread) [form_extractor] Working on BillCWoolfIII,Senate[0m
[36m2024-03-13 19:49:01 DEBUG (MainThread) [utils] Skipping html/Senate/BillCWoolfIII/javascript as it is a directory.[0m
[36m2024-03-13 19:49:01 DEBUG (MainThread) [form_extractor] extracted fields for BillCWoolfIII-Senate:['will you commit to joining team woolf and commit to voting for bill on november 7?', 'will you volunteer for team woolf?', 'do you want a yard sign to show your support for team woolf?'][0m
[36m2024-03-13 19:49:01 DEBUG (MainThread) [form_extractor] Working on RussetWPerry,Senate[0m
[36m2024-03-13 19:49:01 DEBUG (MainThread) [utils] Skipping html/Senate/RussetWPerry/javascript as it is a directory.[0m
[36m2024-03-13 19:49:02 DEBUG (MainThread) [form_extractor] extracted fields for RussetWPerry-Senate:['email', 'what are you requesting?', 'name'][0m
[36m2024-03-13 19:49:02 DEBUG (MainThread) [form_extractor] Working on DavidAHenshaw,Senate[0m
[36m2024-03-13 19:49:02 DEBUG (MainThread) [utils] Skipping html/Senate/DavidAHenshaw/javascript as it is a directory.[0m
[36m2024-03-13 19:49:02 DEBUG (MainThread) [form_extractor] extracted fields for DavidAHenshaw-Senate:['first name', 'street address line 2', 'street address', 'last name', 'state', 'city', 'zip code', 'email address', 'phone number'][0m
[32m2024-03-13 19:49:02 INFO (MainThread) [form_extractor] Completed form_extractor![0m
