[32m2023-10-09 15:45:36 INFO (MainThread) [scrapy.utils.log] Scrapy 2.11.0 started (bot: scrapybot)[0m
[32m2023-10-09 15:45:36 INFO (MainThread) [scrapy.utils.log] Versions: lxml 4.9.3.0, libxml2 2.10.3, cssselect 1.2.0, parsel 1.8.1, w3lib 2.1.2, Twisted 22.10.0, Python 3.10.12 (main, Jun 11 2023, 05:26:28) [GCC 11.4.0], pyOpenSSL 23.2.0 (OpenSSL 3.1.3 19 Sep 2023), cryptography 41.0.4, Platform Linux-5.15.90.1-microsoft-standard-WSL2-x86_64-with-glibc2.35[0m
[32m2023-10-09 15:45:36 INFO (MainThread) [scrapy.addons] Enabled addons:
[][0m
[33m2023-10-09 15:45:36 WARNING (MainThread) [py.warnings] /home/js/.local/lib/python3.10/site-packages/scrapy/utils/request.py:254: ScrapyDeprecationWarning: '2.6' is a deprecated value for the 'REQUEST_FINGERPRINTER_IMPLEMENTATION' setting.

It is also the default value. In other words, it is normal to get this warning if you have not defined a value for the 'REQUEST_FINGERPRINTER_IMPLEMENTATION' setting. This is so for backward compatibility reasons, but it will change in a future version of Scrapy.

See the documentation of the 'REQUEST_FINGERPRINTER_IMPLEMENTATION' setting for information on how to handle this deprecation.
  return cls(crawler)
[0m
[36m2023-10-09 15:45:36 DEBUG (MainThread) [scrapy.utils.log] Using reactor: twisted.internet.epollreactor.EPollReactor[0m
[32m2023-10-09 15:45:36 INFO (MainThread) [scrapy.extensions.telnet] Telnet Password: 1484e62c61c328db[0m
[32m2023-10-09 15:45:36 INFO (MainThread) [scrapy.middleware] Enabled extensions:
['scrapy.extensions.corestats.CoreStats',
 'scrapy.extensions.telnet.TelnetConsole',
 'scrapy.extensions.memusage.MemoryUsage',
 'scrapy.extensions.logstats.LogStats'][0m
[32m2023-10-09 15:45:36 INFO (MainThread) [scrapy.crawler] Overridden settings:
{'CONCURRENT_REQUESTS_PER_DOMAIN': 1,
 'DEPTH_PRIORITY': 1,
 'DOWNLOAD_DELAY': 0.5,
 'DOWNLOAD_TIMEOUT': 20,
 'ROBOTSTXT_OBEY': True,
 'SCHEDULER_DISK_QUEUE': 'scrapy.squeues.PickleFifoDiskQueue',
 'SCHEDULER_MEMORY_QUEUE': 'scrapy.squeues.FifoMemoryQueue'}[0m
[33m2023-10-09 15:45:36 WARNING (MainThread) [scrapy.middleware] Disabled scrapy_selenium.SeleniumMiddleware: SELENIUM_DRIVER_NAME and SELENIUM_DRIVER_EXECUTABLE_PATH must be set[0m
[32m2023-10-09 15:45:36 INFO (MainThread) [scrapy.middleware] Enabled downloader middlewares:
['scrapy.downloadermiddlewares.robotstxt.RobotsTxtMiddleware',
 'scrapy.downloadermiddlewares.httpauth.HttpAuthMiddleware',
 'scrapy.downloadermiddlewares.downloadtimeout.DownloadTimeoutMiddleware',
 'scrapy.downloadermiddlewares.defaultheaders.DefaultHeadersMiddleware',
 'scrapy.downloadermiddlewares.useragent.UserAgentMiddleware',
 'scrapy.downloadermiddlewares.retry.RetryMiddleware',
 'scrapy.downloadermiddlewares.redirect.MetaRefreshMiddleware',
 'scrapy.downloadermiddlewares.httpcompression.HttpCompressionMiddleware',
 'scrapy.downloadermiddlewares.redirect.RedirectMiddleware',
 'scrapy.downloadermiddlewares.cookies.CookiesMiddleware',
 'scrapy.downloadermiddlewares.httpproxy.HttpProxyMiddleware',
 'scrapy.downloadermiddlewares.stats.DownloaderStats'][0m
[32m2023-10-09 15:45:36 INFO (MainThread) [scrapy.middleware] Enabled spider middlewares:
['scrapy.spidermiddlewares.httperror.HttpErrorMiddleware',
 'scrapy.spidermiddlewares.offsite.OffsiteMiddleware',
 'scrapy.spidermiddlewares.referer.RefererMiddleware',
 'scrapy.spidermiddlewares.urllength.UrlLengthMiddleware',
 'scrapy.spidermiddlewares.depth.DepthMiddleware'][0m
[32m2023-10-09 15:45:36 INFO (MainThread) [scrapy.middleware] Enabled item pipelines:
[][0m
[32m2023-10-09 15:45:36 INFO (MainThread) [scrapy.core.engine] Spider opened[0m
[32m2023-10-09 15:45:36 INFO (MainThread) [scrapy.extensions.logstats] Crawled 0 pages (at 0 pages/min), scraped 0 items (at 0 items/min)[0m
[32m2023-10-09 15:45:36 INFO (MainThread) [scrapy.extensions.telnet] Telnet console listening on 127.0.0.1:6023[0m
[32m2023-10-09 15:45:36 INFO (MainThread) [website_downloader] ----------download started-----------[0m
[31m2023-10-09 15:45:36 ERROR (MainThread) [scrapy.core.engine] Error while obtaining start requests[0m
Traceback (most recent call last):
  File "/home/js/.local/lib/python3.10/site-packages/scrapy/core/engine.py", line 181, in _next_request
    request = next(self.slot.start_requests)
  File "/home/js/polityzer/polityzer_tool/website_downloader.py", line 188, in start_requests
    sites = self.loadCampaignSites()
  File "/home/js/polityzer/polityzer_tool/website_downloader.py", line 65, in loadCampaignSites
    name = row["fec_name"].replace(",", "").replace(" ", "").replace("/", "")  # row[0]
KeyError: 'fec_name'
[32m2023-10-09 15:45:36 INFO (MainThread) [scrapy.core.engine] Closing spider (finished)[0m
[32m2023-10-09 15:45:36 INFO (MainThread) [scrapy.statscollectors] Dumping Scrapy stats:
{'elapsed_time_seconds': 0.003905,
 'finish_reason': 'finished',
 'finish_time': datetime.datetime(2023, 10, 9, 19, 45, 36, 860161, tzinfo=datetime.timezone.utc),
 'log_count/DEBUG': 1,
 'log_count/ERROR': 1,
 'log_count/INFO': 11,
 'log_count/WARNING': 2,
 'memusage/max': 63963136,
 'memusage/startup': 63963136,
 'start_time': datetime.datetime(2023, 10, 9, 19, 45, 36, 856256, tzinfo=datetime.timezone.utc)}[0m
[32m2023-10-09 15:45:36 INFO (MainThread) [scrapy.core.engine] Spider closed (finished)[0m
[32m2023-10-09 15:45:36 INFO (MainThread) [website_downloader] ----Time taken in seconds----:0.13002443313598633[0m
[32m2023-10-09 15:45:36 INFO (MainThread) [privacy_policy_analyzer] Starting privacy policy presence analysis.[0m
