[32m2023-10-23 12:59:06 INFO (MainThread) [website_downloader] Download already completed[0m
[32m2023-10-23 12:59:06 INFO (MainThread) [privacy_policy_analyzer] Starting privacy policy presence analysis.[0m
[36m2023-10-23 12:59:06 DEBUG (MainThread) [privacy_policy_analyzer] Working on RichardCRipSullivanJr, House[0m
[36m2023-10-23 12:59:06 DEBUG (MainThread) [privacy_policy_analyzer] Working on KarenAKeys-Gamarra, House[0m
[36m2023-10-23 12:59:06 DEBUG (MainThread) [privacy_policy_analyzer] Working on NhanCHuynh, House[0m
[32m2023-10-23 12:59:06 INFO (MainThread) [privacy_policy_analyzer] Privacy Policy presence analysis completed. Results at results/privacy_policy_result.json..[0m
[32m2023-10-23 12:59:06 INFO (MainThread) [link_extractor] Starting link_extractor[0m
[36m2023-10-23 12:59:06 DEBUG (MainThread) [link_extractor] Working on RichardCRipSullivanJr,House[0m
[36m2023-10-23 12:59:06 DEBUG (MainThread) [link_extractor] 0 inbound links, 0 outbound links[0m
[36m2023-10-23 12:59:06 DEBUG (MainThread) [link_extractor] Working on KarenAKeys-Gamarra,House[0m
[36m2023-10-23 12:59:06 DEBUG (MainThread) [link_extractor] 0 inbound links, 0 outbound links[0m
[36m2023-10-23 12:59:06 DEBUG (MainThread) [link_extractor] Working on NhanCHuynh,House[0m
[36m2023-10-23 12:59:06 DEBUG (MainThread) [link_extractor] 0 inbound links, 0 outbound links[0m
[32m2023-10-23 12:59:06 INFO (MainThread) [link_extractor] Completed link_extractor![0m
[32m2023-10-23 12:59:06 INFO (MainThread) [form_extractor] Starting form_extractor[0m
[36m2023-10-23 12:59:06 DEBUG (MainThread) [form_extractor] Working on RichardCRipSullivanJr,House[0m
[36m2023-10-23 12:59:06 DEBUG (MainThread) [form_extractor] extracted fields for RichardCRipSullivanJr-House:[][0m
[36m2023-10-23 12:59:06 DEBUG (MainThread) [form_extractor] Working on KarenAKeys-Gamarra,House[0m
[36m2023-10-23 12:59:06 DEBUG (MainThread) [form_extractor] extracted fields for KarenAKeys-Gamarra-House:[][0m
[36m2023-10-23 12:59:06 DEBUG (MainThread) [form_extractor] Working on NhanCHuynh,House[0m
[36m2023-10-23 12:59:06 DEBUG (MainThread) [form_extractor] extracted fields for NhanCHuynh-House:[][0m
[32m2023-10-23 12:59:06 INFO (MainThread) [form_extractor] Completed form_extractor![0m
