[32m2023-10-28 16:13:54 INFO (MainThread) [scrapy.utils.log] Scrapy 2.11.0 started (bot: scrapybot)[0m
[32m2023-10-28 16:13:54 INFO (MainThread) [scrapy.utils.log] Versions: lxml 4.9.3.0, libxml2 2.10.3, cssselect 1.2.0, parsel 1.8.1, w3lib 2.1.2, Twisted 22.10.0, Python 3.11.6 (tags/v3.11.6:8b6ee5b, Oct  2 2023, 14:57:12) [MSC v.1935 64 bit (AMD64)], pyOpenSSL 23.2.0 (OpenSSL 3.1.1 30 May 2023), cryptography 41.0.2, Platform Windows-10-10.0.22621-SP0[0m
[32m2023-10-28 16:14:21 INFO (MainThread) [scrapy.addons] Enabled addons:
[][0m
[33m2023-10-28 16:14:21 WARNING (MainThread) [py.warnings] C:\Users\jawan\AppData\Local\Packages\PythonSoftwareFoundation.Python.3.11_qbz5n2kfra8p0\LocalCache\local-packages\Python311\site-packages\scrapy\utils\request.py:254: ScrapyDeprecationWarning: '2.6' is a deprecated value for the 'REQUEST_FINGERPRINTER_IMPLEMENTATION' setting.

It is also the default value. In other words, it is normal to get this warning if you have not defined a value for the 'REQUEST_FINGERPRINTER_IMPLEMENTATION' setting. This is so for backward compatibility reasons, but it will change in a future version of Scrapy.

See the documentation of the 'REQUEST_FINGERPRINTER_IMPLEMENTATION' setting for information on how to handle this deprecation.
  return cls(crawler)
[0m
[36m2023-10-28 16:14:21 DEBUG (MainThread) [scrapy.utils.log] Using reactor: twisted.internet.selectreactor.SelectReactor[0m
[32m2023-10-28 16:14:21 INFO (MainThread) [scrapy.extensions.telnet] Telnet Password: 4ebdf674642f6225[0m
[32m2023-10-28 16:14:22 INFO (MainThread) [scrapy.middleware] Enabled extensions:
['scrapy.extensions.corestats.CoreStats',
 'scrapy.extensions.telnet.TelnetConsole',
 'scrapy.extensions.logstats.LogStats'][0m
[32m2023-10-28 16:14:22 INFO (MainThread) [scrapy.crawler] Overridden settings:
{'CONCURRENT_REQUESTS_PER_DOMAIN': 1,
 'DEPTH_PRIORITY': 1,
 'DOWNLOAD_DELAY': 0.5,
 'DOWNLOAD_TIMEOUT': 20,
 'ROBOTSTXT_OBEY': True,
 'SCHEDULER_DISK_QUEUE': 'scrapy.squeues.PickleFifoDiskQueue',
 'SCHEDULER_MEMORY_QUEUE': 'scrapy.squeues.FifoMemoryQueue'}[0m
[33m2023-10-28 16:14:23 WARNING (MainThread) [scrapy.middleware] Disabled scrapy_selenium.SeleniumMiddleware: SELENIUM_DRIVER_NAME and SELENIUM_DRIVER_EXECUTABLE_PATH must be set[0m
[32m2023-10-28 16:14:23 INFO (MainThread) [scrapy.middleware] Enabled downloader middlewares:
['scrapy.downloadermiddlewares.robotstxt.RobotsTxtMiddleware',
 'scrapy.downloadermiddlewares.httpauth.HttpAuthMiddleware',
 'scrapy.downloadermiddlewares.downloadtimeout.DownloadTimeoutMiddleware',
 'scrapy.downloadermiddlewares.defaultheaders.DefaultHeadersMiddleware',
 'scrapy.downloadermiddlewares.useragent.UserAgentMiddleware',
 'scrapy.downloadermiddlewares.retry.RetryMiddleware',
 'scrapy.downloadermiddlewares.redirect.MetaRefreshMiddleware',
 'scrapy.downloadermiddlewares.httpcompression.HttpCompressionMiddleware',
 'scrapy.downloadermiddlewares.redirect.RedirectMiddleware',
 'scrapy.downloadermiddlewares.cookies.CookiesMiddleware',
 'scrapy.downloadermiddlewares.httpproxy.HttpProxyMiddleware',
 'scrapy.downloadermiddlewares.stats.DownloaderStats'][0m
[32m2023-10-28 16:14:23 INFO (MainThread) [scrapy.middleware] Enabled spider middlewares:
['scrapy.spidermiddlewares.httperror.HttpErrorMiddleware',
 'scrapy.spidermiddlewares.offsite.OffsiteMiddleware',
 'scrapy.spidermiddlewares.referer.RefererMiddleware',
 'scrapy.spidermiddlewares.urllength.UrlLengthMiddleware',
 'scrapy.spidermiddlewares.depth.DepthMiddleware'][0m
[32m2023-10-28 16:14:23 INFO (MainThread) [scrapy.middleware] Enabled item pipelines:
[][0m
[32m2023-10-28 16:14:23 INFO (MainThread) [scrapy.core.engine] Spider opened[0m
[32m2023-10-28 16:14:24 INFO (MainThread) [scrapy.extensions.logstats] Crawled 0 pages (at 0 pages/min), scraped 0 items (at 0 items/min)[0m
[32m2023-10-28 16:14:24 INFO (MainThread) [scrapy.extensions.telnet] Telnet console listening on 127.0.0.1:6023[0m
[32m2023-10-28 16:14:51 INFO (MainThread) [website_downloader] ----------download started-----------[0m
[32m2023-10-28 16:15:20 INFO (MainThread) [website_downloader] Working on MattJWaters->House->https://www.mattwaters.com[0m
[36m2023-10-28 16:15:33 DEBUG (MainThread) [urllib3.connectionpool] Starting new HTTPS connection (1): publicsuffix.org:443[0m
[36m2023-10-28 16:15:34 DEBUG (MainThread) [urllib3.connectionpool] https://publicsuffix.org:443 "GET /list/public_suffix_list.dat HTTP/1.1" 200 83823[0m
[32m2023-10-28 16:16:26 INFO (MainThread) [scrapy.extensions.logstats] Crawled 0 pages (at 0 pages/min), scraped 0 items (at 0 items/min)[0m
[36m2023-10-28 16:16:30 DEBUG (MainThread) [scrapy.core.engine] Crawled (301) <GET https://www.mattwaters.com/robots.txt> (referer: None)[0m
[36m2023-10-28 16:16:30 DEBUG (MainThread) [scrapy.core.engine] Crawled (301) <GET https://www.mattwaters.com> (referer: None)[0m
[36m2023-10-28 16:16:53 DEBUG (MainThread) [website_downloader] https://www.mattwaters.com, 301, https://www.mattwaters.com[0m
[31m2023-10-28 16:16:55 ERROR (MainThread) [website_downloader] 301 error on url https://www.mattwaters.com
[0m
[32m2023-10-28 16:20:02 INFO (MainThread) [website_downloader] Saving https://www.mattwaters.com, Path -> html\House\MattJWaters\www.mattwaters.com16985244020882058[0m
[36m2023-10-28 16:20:07 DEBUG (MainThread) [website_downloader] No Links... https://www.mattwaters.com, https://www.mattwaters.com, 301[0m
[32m2023-10-28 16:20:07 INFO (MainThread) [scrapy.extensions.logstats] Crawled 2 pages (at 2 pages/min), scraped 0 items (at 0 items/min)[0m
[32m2023-10-28 16:20:07 INFO (MainThread) [scrapy.core.engine] Closing spider (finished)[0m
[32m2023-10-28 16:20:07 INFO (MainThread) [scrapy.statscollectors] Dumping Scrapy stats:
{'downloader/request_bytes': 771,
 'downloader/request_count': 2,
 'downloader/request_method_count/GET': 2,
 'downloader/response_bytes': 1429,
 'downloader/response_count': 2,
 'downloader/response_status_count/301': 2,
 'elapsed_time_seconds': 343.761333,
 'finish_reason': 'finished',
 'finish_time': datetime.datetime(2023, 10, 28, 20, 20, 7, 899363, tzinfo=datetime.timezone.utc),
 'log_count/DEBUG': 7,
 'log_count/ERROR': 1,
 'log_count/INFO': 15,
 'log_count/WARNING': 2,
 'response_received_count': 2,
 'robotstxt/request_count': 1,
 'robotstxt/response_count': 1,
 'robotstxt/response_status_count/301': 1,
 'scheduler/dequeued': 1,
 'scheduler/dequeued/memory': 1,
 'scheduler/enqueued': 1,
 'scheduler/enqueued/memory': 1,
 'start_time': datetime.datetime(2023, 10, 28, 20, 14, 24, 138030, tzinfo=datetime.timezone.utc)}[0m
[32m2023-10-28 16:20:07 INFO (MainThread) [scrapy.core.engine] Spider closed (finished)[0m
[32m2023-10-28 16:20:09 INFO (MainThread) [website_downloader] ----Time taken in seconds----:376.76085472106934[0m
[32m2023-10-28 16:20:10 INFO (MainThread) [privacy_policy_analyzer] Starting privacy policy presence analysis.[0m
[36m2023-10-28 16:20:10 DEBUG (MainThread) [privacy_policy_analyzer] Working on MattJWaters, House[0m
[36m2023-10-28 16:20:10 DEBUG (MainThread) [privacy_policy_analyzer] Skipping html\House\MattJWaters\pdfs as it is a directory.[0m
[32m2023-10-28 16:20:10 INFO (MainThread) [privacy_policy_analyzer] Privacy Policy presence analysis completed. Results at results\privacy_policy_result.json..[0m
[32m2023-10-28 16:20:11 INFO (MainThread) [link_extractor] Starting link_extractor[0m
[36m2023-10-28 16:20:11 DEBUG (MainThread) [link_extractor] Working on MattJWaters,House[0m
[36m2023-10-28 16:20:11 DEBUG (MainThread) [link_extractor] Skipping html\House\MattJWaters\pdfs as it is a directory.[0m
[36m2023-10-28 16:20:11 DEBUG (MainThread) [link_extractor] 0 inbound links, 0 outbound links[0m
[32m2023-10-28 16:20:11 INFO (MainThread) [link_extractor] Completed link_extractor![0m
[32m2023-10-28 16:20:12 INFO (MainThread) [form_extractor] Starting form_extractor[0m
[36m2023-10-28 16:20:12 DEBUG (MainThread) [form_extractor] Working on MattJWaters,House[0m
[36m2023-10-28 16:20:12 DEBUG (MainThread) [utils] Skipping html\House\MattJWaters\pdfs as it is a directory.[0m
[36m2023-10-28 16:20:12 DEBUG (MainThread) [form_extractor] extracted fields for MattJWaters-House:[][0m
[32m2023-10-28 16:20:12 INFO (MainThread) [form_extractor] Completed form_extractor![0m
