[32m2023-10-14 20:09:45 INFO (MainThread) [website_downloader] Download already completed[0m
[32m2023-10-14 20:09:45 INFO (MainThread) [privacy_policy_analyzer] Starting privacy policy presence analysis.[0m
[36m2023-10-14 20:09:45 DEBUG (MainThread) [privacy_policy_analyzer] Working on Madelyn"Mady"Rodriguez, House[0m
[36m2023-10-14 20:09:45 DEBUG (MainThread) [privacy_policy_analyzer] Skipping html/House/Madelyn"Mady"Rodriguez/pdfs as it is a directory.[0m
[36m2023-10-14 20:09:45 DEBUG (MainThread) [privacy_policy_analyzer] Skipping html/House/Madelyn"Mady"Rodriguez/javascript as it is a directory.[0m
[36m2023-10-14 20:09:45 DEBUG (MainThread) [privacy_policy_analyzer] Working on AlfonsoH.Lopez, House[0m
[36m2023-10-14 20:09:45 DEBUG (MainThread) [privacy_policy_analyzer] Skipping html/House/AlfonsoH.Lopez/pdfs as it is a directory.[0m
[36m2023-10-14 20:09:45 DEBUG (MainThread) [privacy_policy_analyzer] Skipping html/House/AlfonsoH.Lopez/javascript as it is a directory.[0m
[36m2023-10-14 20:09:45 DEBUG (MainThread) [privacy_policy_analyzer] Working on JamesA.ThomasJr., House[0m
[36m2023-10-14 20:09:45 DEBUG (MainThread) [privacy_policy_analyzer] Skipping html/House/JamesA.ThomasJr./pdfs as it is a directory.[0m
[36m2023-10-14 20:09:45 DEBUG (MainThread) [privacy_policy_analyzer] Skipping html/House/JamesA.ThomasJr./javascript as it is a directory.[0m
[36m2023-10-14 20:09:46 DEBUG (MainThread) [privacy_policy_analyzer] Working on MarcusT.Evans, House[0m
[36m2023-10-14 20:09:46 DEBUG (MainThread) [privacy_policy_analyzer] Skipping html/House/MarcusT.Evans/pdfs as it is a directory.[0m
[36m2023-10-14 20:09:46 DEBUG (MainThread) [privacy_policy_analyzer] Skipping html/House/MarcusT.Evans/javascript as it is a directory.[0m
[32m2023-10-14 20:09:46 INFO (MainThread) [privacy_policy_analyzer] Privacy Policy presence analysis completed. Results at results/privacy_policy_result.json..[0m
[32m2023-10-14 20:09:46 INFO (MainThread) [link_extractor] Starting link_extractor[0m
[36m2023-10-14 20:09:46 DEBUG (MainThread) [link_extractor] Working on Madelyn"Mady"Rodriguez,House[0m
[36m2023-10-14 20:09:46 DEBUG (MainThread) [link_extractor] Skipping html/House/Madelyn"Mady"Rodriguez/pdfs as it is a directory.[0m
[36m2023-10-14 20:09:46 DEBUG (MainThread) [link_extractor] Skipping html/House/Madelyn"Mady"Rodriguez/javascript as it is a directory.[0m
[36m2023-10-14 20:09:46 DEBUG (MainThread) [link_extractor] 0 inbound links, 0 outbound links[0m
[36m2023-10-14 20:09:46 DEBUG (MainThread) [link_extractor] Working on AlfonsoH.Lopez,House[0m
[36m2023-10-14 20:09:46 DEBUG (MainThread) [filelock] Attempting to acquire lock 139796573009520 on /home/js/.cache/python-tldextract/3.10.12.final__usr__7d8fdf__tldextract-3.6.0/publicsuffix.org-tlds/de84b5ca2167d4c83e38fb162f2e8738.tldextract.json.lock[0m
[36m2023-10-14 20:09:46 DEBUG (MainThread) [filelock] Lock 139796573009520 acquired on /home/js/.cache/python-tldextract/3.10.12.final__usr__7d8fdf__tldextract-3.6.0/publicsuffix.org-tlds/de84b5ca2167d4c83e38fb162f2e8738.tldextract.json.lock[0m
[36m2023-10-14 20:09:46 DEBUG (MainThread) [filelock] Attempting to release lock 139796573009520 on /home/js/.cache/python-tldextract/3.10.12.final__usr__7d8fdf__tldextract-3.6.0/publicsuffix.org-tlds/de84b5ca2167d4c83e38fb162f2e8738.tldextract.json.lock[0m
[36m2023-10-14 20:09:46 DEBUG (MainThread) [filelock] Lock 139796573009520 released on /home/js/.cache/python-tldextract/3.10.12.final__usr__7d8fdf__tldextract-3.6.0/publicsuffix.org-tlds/de84b5ca2167d4c83e38fb162f2e8738.tldextract.json.lock[0m
[36m2023-10-14 20:09:46 DEBUG (MainThread) [link_extractor] Skipping html/House/AlfonsoH.Lopez/pdfs as it is a directory.[0m
[36m2023-10-14 20:09:46 DEBUG (MainThread) [link_extractor] Skipping html/House/AlfonsoH.Lopez/javascript as it is a directory.[0m
[36m2023-10-14 20:09:47 DEBUG (MainThread) [link_extractor] 153 inbound links, 136 outbound links[0m
[36m2023-10-14 20:09:47 DEBUG (MainThread) [link_extractor] Working on JamesA.ThomasJr.,House[0m
[36m2023-10-14 20:09:47 DEBUG (MainThread) [link_extractor] Skipping html/House/JamesA.ThomasJr./pdfs as it is a directory.[0m
[36m2023-10-14 20:09:47 DEBUG (MainThread) [link_extractor] Skipping html/House/JamesA.ThomasJr./javascript as it is a directory.[0m
[36m2023-10-14 20:09:47 DEBUG (MainThread) [link_extractor] 40 inbound links, 14 outbound links[0m
[36m2023-10-14 20:09:47 DEBUG (MainThread) [link_extractor] Working on MarcusT.Evans,House[0m
[36m2023-10-14 20:09:47 DEBUG (MainThread) [link_extractor] Skipping html/House/MarcusT.Evans/pdfs as it is a directory.[0m
[36m2023-10-14 20:09:47 DEBUG (MainThread) [link_extractor] Skipping html/House/MarcusT.Evans/javascript as it is a directory.[0m
[36m2023-10-14 20:09:47 DEBUG (MainThread) [link_extractor] 42 inbound links, 35 outbound links[0m
[32m2023-10-14 20:09:47 INFO (MainThread) [link_extractor] Completed link_extractor![0m
[32m2023-10-14 20:09:47 INFO (MainThread) [form_extractor] Starting form_extractor[0m
[36m2023-10-14 20:09:47 DEBUG (MainThread) [form_extractor] Working on Madelyn"Mady"Rodriguez,House[0m
[36m2023-10-14 20:09:47 DEBUG (MainThread) [form_extractor] extracted fields for Madelyn"Mady"Rodriguez-House:[][0m
[36m2023-10-14 20:09:47 DEBUG (MainThread) [form_extractor] Working on AlfonsoH.Lopez,House[0m
[36m2023-10-14 20:09:47 DEBUG (MainThread) [utils] Skipping html/House/AlfonsoH.Lopez/pdfs as it is a directory.[0m
[36m2023-10-14 20:09:47 DEBUG (MainThread) [utils] Skipping html/House/AlfonsoH.Lopez/javascript as it is a directory.[0m
[36m2023-10-14 20:09:48 DEBUG (MainThread) [form_extractor] extracted fields for AlfonsoH.Lopez-House:['', 'Host Fundraiser', 'Last Name', 'Message', 'First Name', 'Make Calls', 'Social Media Blitz', 'Address', 'Knock on Doors', 'Email'][0m
[36m2023-10-14 20:09:48 DEBUG (MainThread) [form_extractor] Working on JamesA.ThomasJr.,House[0m
[36m2023-10-14 20:09:48 DEBUG (MainThread) [form_extractor] extracted fields for JamesA.ThomasJr.-House:[][0m
[36m2023-10-14 20:09:48 DEBUG (MainThread) [form_extractor] Working on MarcusT.Evans,House[0m
[36m2023-10-14 20:09:48 DEBUG (MainThread) [form_extractor] extracted fields for MarcusT.Evans-House:[][0m
[32m2023-10-14 20:09:48 INFO (MainThread) [form_extractor] Completed form_extractor![0m
