[36m2023-10-05 17:24:49 DEBUG (MainThread) [utils] Chromedriver setup successful[0m
[32m2023-10-05 17:24:49 INFO (MainThread) [website_downloader] Download already completed[0m
[32m2023-10-05 17:24:49 INFO (MainThread) [privacy_policy_analyzer] Starting privacy policy presence analysis.[0m
[36m2023-10-05 17:24:49 DEBUG (MainThread) [privacy_policy_analyzer] Working on Madelyn "Mady" Rodriguez, active_delegate[0m
[36m2023-10-05 17:24:49 DEBUG (MainThread) [privacy_policy_analyzer] Working on Alfonso H. Lopez, active_delegate[0m
[36m2023-10-05 17:24:49 DEBUG (MainThread) [privacy_policy_analyzer] Working on James A. Thomas Jr., active_delegate[0m
[36m2023-10-05 17:24:49 DEBUG (MainThread) [privacy_policy_analyzer] Working on Marcus T. Evans, active_delegate[0m
[32m2023-10-05 17:24:49 INFO (MainThread) [privacy_policy_analyzer] Privacy Policy presence analysis completed. Results at results/privacy_policy_result.json..[0m
[32m2023-10-05 17:24:49 INFO (MainThread) [link_extractor] Starting link_extractor[0m
[36m2023-10-05 17:24:49 DEBUG (MainThread) [link_extractor] Working on Madelyn "Mady" Rodriguez,active_delegate[0m
[36m2023-10-05 17:24:49 DEBUG (MainThread) [link_extractor] 0 inbound links, 0 outbound links[0m
[36m2023-10-05 17:24:49 DEBUG (MainThread) [link_extractor] Working on Alfonso H. Lopez,active_delegate[0m
[36m2023-10-05 17:24:49 DEBUG (MainThread) [link_extractor] 0 inbound links, 0 outbound links[0m
[36m2023-10-05 17:24:49 DEBUG (MainThread) [link_extractor] Working on James A. Thomas Jr.,active_delegate[0m
[36m2023-10-05 17:24:49 DEBUG (MainThread) [link_extractor] 0 inbound links, 0 outbound links[0m
[36m2023-10-05 17:24:49 DEBUG (MainThread) [link_extractor] Working on Marcus T. Evans,active_delegate[0m
[36m2023-10-05 17:24:49 DEBUG (MainThread) [link_extractor] 0 inbound links, 0 outbound links[0m
[32m2023-10-05 17:24:49 INFO (MainThread) [link_extractor] Completed link_extractor![0m
[32m2023-10-05 17:24:49 INFO (MainThread) [form_extractor] Starting form_extractor[0m
[36m2023-10-05 17:24:49 DEBUG (MainThread) [form_extractor] Working on Madelyn "Mady" Rodriguez,active_delegate[0m
[36m2023-10-05 17:24:49 DEBUG (MainThread) [form_extractor] extracted fields for Madelyn "Mady" Rodriguez-active_delegate:[][0m
[36m2023-10-05 17:24:49 DEBUG (MainThread) [form_extractor] Working on Alfonso H. Lopez,active_delegate[0m
[36m2023-10-05 17:24:49 DEBUG (MainThread) [form_extractor] extracted fields for Alfonso H. Lopez-active_delegate:[][0m
[36m2023-10-05 17:24:49 DEBUG (MainThread) [form_extractor] Working on James A. Thomas Jr.,active_delegate[0m
[36m2023-10-05 17:24:49 DEBUG (MainThread) [form_extractor] extracted fields for James A. Thomas Jr.-active_delegate:[][0m
[36m2023-10-05 17:24:49 DEBUG (MainThread) [form_extractor] Working on Marcus T. Evans,active_delegate[0m
[36m2023-10-05 17:24:49 DEBUG (MainThread) [form_extractor] extracted fields for Marcus T. Evans-active_delegate:[][0m
[32m2023-10-05 17:24:49 INFO (MainThread) [form_extractor] Completed form_extractor![0m
