[32m2023-10-23 16:55:43 INFO (MainThread) [website_downloader] Download already completed[0m
[32m2023-10-23 16:55:43 INFO (MainThread) [privacy_policy_analyzer] Starting privacy policy presence analysis.[0m
[36m2023-10-23 16:55:43 DEBUG (MainThread) [privacy_policy_analyzer] Working on JamesVTully, House[0m
[36m2023-10-23 16:55:43 DEBUG (MainThread) [privacy_policy_analyzer] Working on LukeETorian, House[0m
[36m2023-10-23 16:55:43 DEBUG (MainThread) [privacy_policy_analyzer] Working on BrianaDSewell, House[0m
[36m2023-10-23 16:55:43 DEBUG (MainThread) [privacy_policy_analyzer] Working on KannanSrinivasan, House[0m
[36m2023-10-23 16:55:43 DEBUG (MainThread) [privacy_policy_analyzer] Working on AtoosaRReaser, House[0m
[36m2023-10-23 16:55:43 DEBUG (MainThread) [privacy_policy_analyzer] Working on ChrisKHarnisch, House[0m
[36m2023-10-23 16:55:43 DEBUG (MainThread) [privacy_policy_analyzer] Working on DavidAReid, House[0m
[36m2023-10-23 16:55:43 DEBUG (MainThread) [privacy_policy_analyzer] Working on FernandoJMartyMartinez, House[0m
[36m2023-10-23 16:55:43 DEBUG (MainThread) [privacy_policy_analyzer] Working on RobertLRobBanseJr, House[0m
[36m2023-10-23 16:55:43 DEBUG (MainThread) [privacy_policy_analyzer] Working on GearyMHiggins, House[0m
[36m2023-10-23 16:55:43 DEBUG (MainThread) [privacy_policy_analyzer] Working on GraceEMorrison, House[0m
[32m2023-10-23 16:55:43 INFO (MainThread) [privacy_policy_analyzer] Privacy Policy presence analysis completed. Results at results/privacy_policy_result.json..[0m
[32m2023-10-23 16:55:43 INFO (MainThread) [link_extractor] Starting link_extractor[0m
[36m2023-10-23 16:55:43 DEBUG (MainThread) [link_extractor] Working on JamesVTully,House[0m
[36m2023-10-23 16:55:43 DEBUG (MainThread) [link_extractor] 0 inbound links, 0 outbound links[0m
[36m2023-10-23 16:55:43 DEBUG (MainThread) [link_extractor] Working on LukeETorian,House[0m
[36m2023-10-23 16:55:43 DEBUG (MainThread) [link_extractor] 0 inbound links, 0 outbound links[0m
[36m2023-10-23 16:55:43 DEBUG (MainThread) [link_extractor] Working on BrianaDSewell,House[0m
[36m2023-10-23 16:55:43 DEBUG (MainThread) [link_extractor] 0 inbound links, 0 outbound links[0m
[36m2023-10-23 16:55:43 DEBUG (MainThread) [link_extractor] Working on KannanSrinivasan,House[0m
[36m2023-10-23 16:55:43 DEBUG (MainThread) [link_extractor] 0 inbound links, 0 outbound links[0m
[36m2023-10-23 16:55:43 DEBUG (MainThread) [link_extractor] Working on AtoosaRReaser,House[0m
[36m2023-10-23 16:55:43 DEBUG (MainThread) [link_extractor] 0 inbound links, 0 outbound links[0m
[36m2023-10-23 16:55:43 DEBUG (MainThread) [link_extractor] Working on ChrisKHarnisch,House[0m
[36m2023-10-23 16:55:43 DEBUG (MainThread) [link_extractor] 0 inbound links, 0 outbound links[0m
[36m2023-10-23 16:55:43 DEBUG (MainThread) [link_extractor] Working on DavidAReid,House[0m
[36m2023-10-23 16:55:43 DEBUG (MainThread) [link_extractor] 0 inbound links, 0 outbound links[0m
[36m2023-10-23 16:55:43 DEBUG (MainThread) [link_extractor] Working on FernandoJMartyMartinez,House[0m
[36m2023-10-23 16:55:43 DEBUG (MainThread) [link_extractor] 0 inbound links, 0 outbound links[0m
[36m2023-10-23 16:55:43 DEBUG (MainThread) [link_extractor] Working on RobertLRobBanseJr,House[0m
[36m2023-10-23 16:55:43 DEBUG (MainThread) [link_extractor] 0 inbound links, 0 outbound links[0m
[36m2023-10-23 16:55:43 DEBUG (MainThread) [link_extractor] Working on GearyMHiggins,House[0m
[36m2023-10-23 16:55:43 DEBUG (MainThread) [link_extractor] 0 inbound links, 0 outbound links[0m
[36m2023-10-23 16:55:43 DEBUG (MainThread) [link_extractor] Working on GraceEMorrison,House[0m
[36m2023-10-23 16:55:43 DEBUG (MainThread) [link_extractor] 0 inbound links, 0 outbound links[0m
[32m2023-10-23 16:55:43 INFO (MainThread) [link_extractor] Completed link_extractor![0m
[32m2023-10-23 16:55:43 INFO (MainThread) [form_extractor] Starting form_extractor[0m
[36m2023-10-23 16:55:43 DEBUG (MainThread) [form_extractor] Working on JamesVTully,House[0m
[36m2023-10-23 16:55:43 DEBUG (MainThread) [form_extractor] extracted fields for JamesVTully-House:[][0m
[36m2023-10-23 16:55:43 DEBUG (MainThread) [form_extractor] Working on LukeETorian,House[0m
[36m2023-10-23 16:55:43 DEBUG (MainThread) [form_extractor] extracted fields for LukeETorian-House:[][0m
[36m2023-10-23 16:55:43 DEBUG (MainThread) [form_extractor] Working on BrianaDSewell,House[0m
[36m2023-10-23 16:55:43 DEBUG (MainThread) [form_extractor] extracted fields for BrianaDSewell-House:[][0m
[36m2023-10-23 16:55:43 DEBUG (MainThread) [form_extractor] Working on KannanSrinivasan,House[0m
[36m2023-10-23 16:55:43 DEBUG (MainThread) [form_extractor] extracted fields for KannanSrinivasan-House:[][0m
[36m2023-10-23 16:55:43 DEBUG (MainThread) [form_extractor] Working on AtoosaRReaser,House[0m
[36m2023-10-23 16:55:43 DEBUG (MainThread) [form_extractor] extracted fields for AtoosaRReaser-House:[][0m
[36m2023-10-23 16:55:43 DEBUG (MainThread) [form_extractor] Working on ChrisKHarnisch,House[0m
[36m2023-10-23 16:55:43 DEBUG (MainThread) [form_extractor] extracted fields for ChrisKHarnisch-House:[][0m
[36m2023-10-23 16:55:43 DEBUG (MainThread) [form_extractor] Working on DavidAReid,House[0m
[36m2023-10-23 16:55:43 DEBUG (MainThread) [form_extractor] extracted fields for DavidAReid-House:[][0m
[36m2023-10-23 16:55:43 DEBUG (MainThread) [form_extractor] Working on FernandoJMartyMartinez,House[0m
[36m2023-10-23 16:55:43 DEBUG (MainThread) [form_extractor] extracted fields for FernandoJMartyMartinez-House:[][0m
[36m2023-10-23 16:55:43 DEBUG (MainThread) [form_extractor] Working on RobertLRobBanseJr,House[0m
[36m2023-10-23 16:55:43 DEBUG (MainThread) [form_extractor] extracted fields for RobertLRobBanseJr-House:[][0m
[36m2023-10-23 16:55:43 DEBUG (MainThread) [form_extractor] Working on GearyMHiggins,House[0m
[36m2023-10-23 16:55:43 DEBUG (MainThread) [form_extractor] extracted fields for GearyMHiggins-House:[][0m
[36m2023-10-23 16:55:43 DEBUG (MainThread) [form_extractor] Working on GraceEMorrison,House[0m
[36m2023-10-23 16:55:43 DEBUG (MainThread) [form_extractor] extracted fields for GraceEMorrison-House:[][0m
[32m2023-10-23 16:55:43 INFO (MainThread) [form_extractor] Completed form_extractor![0m
