[32m2023-10-23 01:04:59 INFO (MainThread) [scrapy.utils.log] Scrapy 2.11.0 started (bot: scrapybot)[0m
[32m2023-10-23 01:04:59 INFO (MainThread) [scrapy.utils.log] Versions: lxml 4.9.3.0, libxml2 2.10.3, cssselect 1.2.0, parsel 1.8.1, w3lib 2.1.2, Twisted 22.10.0, Python 3.10.12 (main, Jun 11 2023, 05:26:28) [GCC 11.4.0], pyOpenSSL 23.2.0 (OpenSSL 3.1.3 19 Sep 2023), cryptography 41.0.4, Platform Linux-5.15.90.1-microsoft-standard-WSL2-x86_64-with-glibc2.35[0m
[32m2023-10-23 01:04:59 INFO (MainThread) [scrapy.addons] Enabled addons:
[][0m
[33m2023-10-23 01:04:59 WARNING (MainThread) [py.warnings] /home/js/.local/lib/python3.10/site-packages/scrapy/utils/request.py:254: ScrapyDeprecationWarning: '2.6' is a deprecated value for the 'REQUEST_FINGERPRINTER_IMPLEMENTATION' setting.

It is also the default value. In other words, it is normal to get this warning if you have not defined a value for the 'REQUEST_FINGERPRINTER_IMPLEMENTATION' setting. This is so for backward compatibility reasons, but it will change in a future version of Scrapy.

See the documentation of the 'REQUEST_FINGERPRINTER_IMPLEMENTATION' setting for information on how to handle this deprecation.
  return cls(crawler)
[0m
[36m2023-10-23 01:04:59 DEBUG (MainThread) [scrapy.utils.log] Using reactor: twisted.internet.epollreactor.EPollReactor[0m
[32m2023-10-23 01:04:59 INFO (MainThread) [scrapy.extensions.telnet] Telnet Password: 47b36a4a1a7b9c72[0m
[32m2023-10-23 01:04:59 INFO (MainThread) [scrapy.middleware] Enabled extensions:
['scrapy.extensions.corestats.CoreStats',
 'scrapy.extensions.telnet.TelnetConsole',
 'scrapy.extensions.memusage.MemoryUsage',
 'scrapy.extensions.logstats.LogStats'][0m
[32m2023-10-23 01:04:59 INFO (MainThread) [scrapy.crawler] Overridden settings:
{'CONCURRENT_REQUESTS_PER_DOMAIN': 1,
 'DEPTH_PRIORITY': 1,
 'DOWNLOAD_DELAY': 0.5,
 'DOWNLOAD_TIMEOUT': 20,
 'ROBOTSTXT_OBEY': True,
 'SCHEDULER_DISK_QUEUE': 'scrapy.squeues.PickleFifoDiskQueue',
 'SCHEDULER_MEMORY_QUEUE': 'scrapy.squeues.FifoMemoryQueue'}[0m
[33m2023-10-23 01:04:59 WARNING (MainThread) [scrapy.middleware] Disabled scrapy_selenium.SeleniumMiddleware: SELENIUM_DRIVER_NAME and SELENIUM_DRIVER_EXECUTABLE_PATH must be set[0m
[32m2023-10-23 01:04:59 INFO (MainThread) [scrapy.middleware] Enabled downloader middlewares:
['scrapy.downloadermiddlewares.robotstxt.RobotsTxtMiddleware',
 'scrapy.downloadermiddlewares.httpauth.HttpAuthMiddleware',
 'scrapy.downloadermiddlewares.downloadtimeout.DownloadTimeoutMiddleware',
 'scrapy.downloadermiddlewares.defaultheaders.DefaultHeadersMiddleware',
 'scrapy.downloadermiddlewares.useragent.UserAgentMiddleware',
 'scrapy.downloadermiddlewares.retry.RetryMiddleware',
 'scrapy.downloadermiddlewares.redirect.MetaRefreshMiddleware',
 'scrapy.downloadermiddlewares.httpcompression.HttpCompressionMiddleware',
 'scrapy.downloadermiddlewares.redirect.RedirectMiddleware',
 'scrapy.downloadermiddlewares.cookies.CookiesMiddleware',
 'scrapy.downloadermiddlewares.httpproxy.HttpProxyMiddleware',
 'scrapy.downloadermiddlewares.stats.DownloaderStats'][0m
[32m2023-10-23 01:04:59 INFO (MainThread) [scrapy.middleware] Enabled spider middlewares:
['scrapy.spidermiddlewares.httperror.HttpErrorMiddleware',
 'scrapy.spidermiddlewares.offsite.OffsiteMiddleware',
 'scrapy.spidermiddlewares.referer.RefererMiddleware',
 'scrapy.spidermiddlewares.urllength.UrlLengthMiddleware',
 'scrapy.spidermiddlewares.depth.DepthMiddleware'][0m
[32m2023-10-23 01:04:59 INFO (MainThread) [scrapy.middleware] Enabled item pipelines:
[][0m
[32m2023-10-23 01:04:59 INFO (MainThread) [scrapy.core.engine] Spider opened[0m
[32m2023-10-23 01:04:59 INFO (MainThread) [scrapy.extensions.logstats] Crawled 0 pages (at 0 pages/min), scraped 0 items (at 0 items/min)[0m
[32m2023-10-23 01:04:59 INFO (MainThread) [scrapy.extensions.telnet] Telnet console listening on 127.0.0.1:6023[0m
[32m2023-10-23 01:04:59 INFO (MainThread) [website_downloader] ----------download started-----------[0m
[32m2023-10-23 01:04:59 INFO (MainThread) [website_downloader] Working on VictoriaALuevanos->Senate->victorialuevanos.com[0m
[32m2023-10-23 01:04:59 INFO (MainThread) [website_downloader] Working on LuellenHoffmanMaskeny->House->https://www.Hoffman4Reston.com[0m
[32m2023-10-23 01:04:59 INFO (MainThread) [website_downloader] Working on ElizabethBBennett-Parker->House->https://www.elizabethfordelegate.com[0m
[32m2023-10-23 01:04:59 INFO (MainThread) [website_downloader] Working on KarrieKDelaney->House->https://www.karriedelaney.com[0m
[32m2023-10-23 01:04:59 INFO (MainThread) [website_downloader] Working on NhanCHuynh->House->huynhforvirginia.com[0m
[36m2023-10-23 01:04:59 DEBUG (MainThread) [scrapy.dupefilters] Filtered duplicate request: <GET https://> - no more duplicates will be shown (see DUPEFILTER_DEBUG to show all duplicates)[0m
[32m2023-10-23 01:04:59 INFO (MainThread) [website_downloader] Working on WilliamRBillDeSteph->Senate->www.billdesteph.com[0m
[32m2023-10-23 01:04:59 INFO (MainThread) [website_downloader] Working on AngeliaWilliamsGraves->Senate->angeliawilliamsgraves.com[0m
[32m2023-10-23 01:04:59 INFO (MainThread) [website_downloader] Working on JamesAThomasJr->House->https://www.thomasforvirginia.com[0m
[32m2023-10-23 01:04:59 INFO (MainThread) [website_downloader] Working on DanIHelmer->House->https://www.danhelmer.com[0m
[32m2023-10-23 01:04:59 INFO (MainThread) [website_downloader] Working on KarenAKeys-Gamarra->House->karenkeysgamarra.com[0m
[32m2023-10-23 01:04:59 INFO (MainThread) [website_downloader] Working on AaronRRouse->Senate->rouseforsenate.com[0m
[32m2023-10-23 01:04:59 INFO (MainThread) [website_downloader] Working on KevinHAdams->Senate->kevinadamsforsenate.com[0m
[32m2023-10-23 01:04:59 INFO (MainThread) [website_downloader] Working on RichardCRipSullivanJr->House->ripsullivan.com[0m
[31m2023-10-23 01:04:59 ERROR (MainThread) [scrapy.downloadermiddlewares.robotstxt] Error downloading <GET https:///robots.txt>: Empty domain[0m
Traceback (most recent call last):
  File "/home/js/.local/lib/python3.10/site-packages/twisted/internet/defer.py", line 1693, in _inlineCallbacks
    result = context.run(
  File "/home/js/.local/lib/python3.10/site-packages/twisted/python/failure.py", line 518, in throwExceptionIntoGenerator
    return g.throw(self.type, self.value, self.tb)
  File "/home/js/.local/lib/python3.10/site-packages/scrapy/core/downloader/middleware.py", line 54, in process_request
    return (yield download_func(request=request, spider=spider))
  File "/home/js/.local/lib/python3.10/site-packages/scrapy/utils/defer.py", line 81, in mustbe_deferred
    result = f(*args, **kw)
  File "/home/js/.local/lib/python3.10/site-packages/scrapy/core/downloader/handlers/__init__.py", line 86, in download_request
    return cast(Deferred, handler.download_request(request, spider))
  File "/home/js/.local/lib/python3.10/site-packages/scrapy/core/downloader/handlers/http11.py", line 72, in download_request
    return agent.download_request(request)
  File "/home/js/.local/lib/python3.10/site-packages/scrapy/core/downloader/handlers/http11.py", line 375, in download_request
    d = agent.request(
  File "/home/js/.local/lib/python3.10/site-packages/twisted/web/client.py", line 1148, in request
    endpoint = self._getEndpoint(parsedURI)
  File "/home/js/.local/lib/python3.10/site-packages/twisted/web/client.py", line 1132, in _getEndpoint
    return self._endpointFactory.endpointForURI(uri)
  File "/home/js/.local/lib/python3.10/site-packages/twisted/web/client.py", line 1003, in endpointForURI
    connectionCreator = self._policyForHTTPS.creatorForNetloc(
  File "/home/js/.local/lib/python3.10/site-packages/scrapy/core/downloader/contextfactory.py", line 105, in creatorForNetloc
    return ScrapyClientTLSOptions(
  File "/home/js/.local/lib/python3.10/site-packages/scrapy/core/downloader/tls.py", line 44, in __init__
    super().__init__(hostname, ctx)
  File "/home/js/.local/lib/python3.10/site-packages/twisted/internet/_sslverify.py", line 1124, in __init__
    self._hostnameBytes = _idnaBytes(hostname)
  File "/home/js/.local/lib/python3.10/site-packages/twisted/internet/_idna.py", line 31, in _idnaBytes
    return idna.encode(text)
  File "/home/js/.local/lib/python3.10/site-packages/idna/core.py", line 355, in encode
    raise IDNAError('Empty domain')
idna.core.IDNAError: Empty domain
[36m2023-10-23 01:04:59 DEBUG (MainThread) [scrapy.core.engine] Crawled (200) <GET https://www.elizabethfordelegate.com/robots.txt> (referer: None)[0m
[36m2023-10-23 01:04:59 DEBUG (MainThread) [scrapy.core.engine] Crawled (200) <GET https://www.hoffman4reston.com/robots.txt> (referer: None)[0m
[36m2023-10-23 01:04:59 DEBUG (MainThread) [scrapy.core.engine] Crawled (301) <GET https://www.danhelmer.com/robots.txt> (referer: None)[0m
[36m2023-10-23 01:04:59 DEBUG (MainThread) [scrapy.core.engine] Crawled (200) <GET https://www.karriedelaney.com/robots.txt> (referer: None)[0m
[36m2023-10-23 01:04:59 DEBUG (MainThread) [scrapy.core.engine] Crawled (200) <GET https://www.thomasforvirginia.com/robots.txt> (referer: None)[0m
[32m2023-10-23 01:05:00 INFO (MainThread) [website_downloader] Logging error from the error handler[0m
[31m2023-10-23 01:05:00 ERROR (MainThread) [website_downloader] <twisted.python.failure.Failure idna.core.IDNAError: Empty domain>[0m
[36m2023-10-23 01:05:00 DEBUG (MainThread) [scrapy.core.engine] Crawled (301) <GET https://www.hoffman4reston.com> (referer: None)[0m
[36m2023-10-23 01:05:00 DEBUG (MainThread) [scrapy.core.engine] Crawled (200) <GET https://www.karriedelaney.com> (referer: None)[0m
[36m2023-10-23 01:05:00 DEBUG (MainThread) [scrapy.core.engine] Crawled (200) <GET https://www.elizabethfordelegate.com> (referer: None)[0m
[36m2023-10-23 01:05:00 DEBUG (MainThread) [website_downloader] https://www.hoffman4reston.com, 301, https://www.Hoffman4Reston.com[0m
[31m2023-10-23 01:05:00 ERROR (MainThread) [website_downloader] 301 error on url https://www.hoffman4reston.com
[0m
[32m2023-10-23 01:05:00 INFO (MainThread) [website_downloader] Saving https://www.hoffman4reston.com, Path -> html/House/LuellenHoffmanMaskeny/www.Hoffman4Reston.com301 Moved Permanently16980375002488792[0m
[36m2023-10-23 01:05:00 DEBUG (MainThread) [website_downloader] https://maskeny4va.com/ ignored. Outbound link.[0m
[36m2023-10-23 01:05:00 DEBUG (MainThread) [website_downloader] https://www.karriedelaney.com, 200, https://www.karriedelaney.com[0m
[32m2023-10-23 01:05:00 INFO (MainThread) [website_downloader] Saving https://www.karriedelaney.com, Path -> html/House/KarrieKDelaney/www.karriedelaney.comKarrie Delaney for Delegate - Home16980375002553918[0m
[36m2023-10-23 01:05:00 DEBUG (MainThread) [website_downloader] # ignored[0m
[36m2023-10-23 01:05:00 DEBUG (MainThread) [website_downloader] Found link: https://www.karriedelaney.com/[0m
[36m2023-10-23 01:05:00 DEBUG (MainThread) [website_downloader] Found link: https://www.karriedelaney.com/[0m
[36m2023-10-23 01:05:00 DEBUG (MainThread) [website_downloader] Found link: https://www.karriedelaney.com/meet-karrie.html[0m
[36m2023-10-23 01:05:00 DEBUG (MainThread) [website_downloader] Found link: https://www.karriedelaney.com/issues.html[0m
[36m2023-10-23 01:05:00 DEBUG (MainThread) [website_downloader] Found link: https://www.karriedelaney.com/contact.html[0m
[36m2023-10-23 01:05:00 DEBUG (MainThread) [website_downloader] https://secure.actblue.com/donate/karrie-delaney-for-delegate-1 ignored. Outbound link.[0m
[36m2023-10-23 01:05:00 DEBUG (MainThread) [website_downloader] # ignored[0m
[36m2023-10-23 01:05:00 DEBUG (MainThread) [website_downloader] https://secure.actblue.com/donate/karrie-delaney-for-delegate-1 ignored. Outbound link.[0m
[36m2023-10-23 01:05:00 DEBUG (MainThread) [website_downloader] Found link: https://www.karriedelaney.com/meet-karrie.html[0m
[36m2023-10-23 01:05:00 DEBUG (MainThread) [website_downloader] None ignored[0m
[36m2023-10-23 01:05:00 DEBUG (MainThread) [website_downloader] None ignored[0m
[36m2023-10-23 01:05:00 DEBUG (MainThread) [website_downloader] None ignored[0m
[36m2023-10-23 01:05:00 DEBUG (MainThread) [website_downloader] Found link: https://www.karriedelaney.com/issues.html[0m
[36m2023-10-23 01:05:00 DEBUG (MainThread) [website_downloader] https://secure.actblue.com/donate/karrie-delaney-for-delegate-1 ignored. Outbound link.[0m
[36m2023-10-23 01:05:00 DEBUG (MainThread) [website_downloader] Found link: https://www.karriedelaney.com/contact.html[0m
[36m2023-10-23 01:05:00 DEBUG (MainThread) [website_downloader] https://www.facebook.com/DelegateKarrieDelaney ignored. Outbound link.[0m
[36m2023-10-23 01:05:00 DEBUG (MainThread) [website_downloader] https://twitter.com/KarrieKDelaney ignored. Outbound link.[0m
[36m2023-10-23 01:05:00 DEBUG (MainThread) [website_downloader] mailto:delkdelaney@house.virginia.gov ignored[0m
[36m2023-10-23 01:05:00 DEBUG (MainThread) [website_downloader] Found link: https://www.karriedelaney.com/contact.html[0m
[36m2023-10-23 01:05:00 DEBUG (MainThread) [website_downloader] # ignored[0m
[36m2023-10-23 01:05:00 DEBUG (MainThread) [website_downloader] Found link: https://www.karriedelaney.com/[0m
[36m2023-10-23 01:05:00 DEBUG (MainThread) [website_downloader] https://www.elizabethfordelegate.com, 200, https://www.elizabethfordelegate.com[0m
[32m2023-10-23 01:05:00 INFO (MainThread) [website_downloader] Saving https://www.elizabethfordelegate.com, Path -> html/House/ElizabethBBennett-Parker/www.elizabethfordelegate.comElizabeth Bennett-Parker | House of Delegates - 45th District16980375002846577[0m
[36m2023-10-23 01:05:00 DEBUG (MainThread) [website_downloader] Found link: https://www.elizabethfordelegate.com/[0m
[36m2023-10-23 01:05:00 DEBUG (MainThread) [website_downloader] Found link: https://www.elizabethfordelegate.com/meet-elizabeth[0m
[36m2023-10-23 01:05:00 DEBUG (MainThread) [website_downloader] https://actionnetwork.org/forms/sign-up-for-delegate-elizabeth-bennett-parkers-newsletter ignored. Outbound link.[0m
[36m2023-10-23 01:05:00 DEBUG (MainThread) [website_downloader] Found link: https://www.elizabethfordelegate.com/achievements-and-endorsements[0m
[36m2023-10-23 01:05:00 DEBUG (MainThread) [website_downloader] Found link: https://www.karriedelaney.com/meet-karrie.html[0m
[36m2023-10-23 01:05:00 DEBUG (MainThread) [website_downloader] Found link: https://www.karriedelaney.com/issues.html[0m
[36m2023-10-23 01:05:00 DEBUG (MainThread) [website_downloader] Found link: https://www.karriedelaney.com/contact.html[0m
[36m2023-10-23 01:05:00 DEBUG (MainThread) [website_downloader] https://secure.actblue.com/donate/karrie-delaney-for-delegate-1 ignored. Outbound link.[0m
[36m2023-10-23 01:05:00 DEBUG (MainThread) [website_downloader] Found link: https://www.elizabethfordelegate.com/elizabeth-s-priorities[0m
[36m2023-10-23 01:05:00 DEBUG (MainThread) [website_downloader] Found link: https://www.elizabethfordelegate.com/contact-elizabeth[0m
[36m2023-10-23 01:05:00 DEBUG (MainThread) [website_downloader] Found link: https://www.elizabethfordelegate.com/voter-information[0m
[36m2023-10-23 01:05:00 DEBUG (MainThread) [website_downloader] Found link: https://www.elizabethfordelegate.com/[0m
[36m2023-10-23 01:05:00 DEBUG (MainThread) [website_downloader] Found link: https://www.elizabethfordelegate.com/meet-elizabeth[0m
[36m2023-10-23 01:05:00 DEBUG (MainThread) [website_downloader] https://actionnetwork.org/forms/sign-up-for-delegate-elizabeth-bennett-parkers-newsletter ignored. Outbound link.[0m
[36m2023-10-23 01:05:00 DEBUG (MainThread) [website_downloader] Found link: https://www.elizabethfordelegate.com/achievements-and-endorsements[0m
[36m2023-10-23 01:05:00 DEBUG (MainThread) [website_downloader] Found link: https://www.elizabethfordelegate.com/elizabeth-s-priorities[0m
[36m2023-10-23 01:05:00 DEBUG (MainThread) [website_downloader] Found link: https://www.elizabethfordelegate.com/contact-elizabeth[0m
[36m2023-10-23 01:05:00 DEBUG (MainThread) [website_downloader] Found link: https://www.elizabethfordelegate.com/voter-information[0m
[36m2023-10-23 01:05:00 DEBUG (MainThread) [website_downloader] https://secure.actblue.com/donate/elect-elizabeth-bennett-parker-1 ignored. Outbound link.[0m
[36m2023-10-23 01:05:00 DEBUG (MainThread) [website_downloader] Found link: https://www.elizabethfordelegate.com/[0m
[36m2023-10-23 01:05:00 DEBUG (MainThread) [website_downloader] Found link: https://www.elizabethfordelegate.com/meet-elizabeth[0m
[36m2023-10-23 01:05:00 DEBUG (MainThread) [website_downloader] https://actionnetwork.org/forms/sign-up-for-delegate-elizabeth-bennett-parkers-newsletter ignored. Outbound link.[0m
[36m2023-10-23 01:05:00 DEBUG (MainThread) [website_downloader] Found link: https://www.elizabethfordelegate.com/achievements-and-endorsements[0m
[36m2023-10-23 01:05:00 DEBUG (MainThread) [website_downloader] Found link: https://www.elizabethfordelegate.com/elizabeth-s-priorities[0m
[36m2023-10-23 01:05:00 DEBUG (MainThread) [website_downloader] Found link: https://www.elizabethfordelegate.com/contact-elizabeth[0m
[36m2023-10-23 01:05:00 DEBUG (MainThread) [website_downloader] Found link: https://www.elizabethfordelegate.com/voter-information[0m
[36m2023-10-23 01:05:00 DEBUG (MainThread) [website_downloader] Found link: https://www.elizabethfordelegate.com/[0m
[36m2023-10-23 01:05:00 DEBUG (MainThread) [website_downloader] Found link: https://www.elizabethfordelegate.com/meet-elizabeth[0m
[36m2023-10-23 01:05:00 DEBUG (MainThread) [website_downloader] https://actionnetwork.org/forms/sign-up-for-delegate-elizabeth-bennett-parkers-newsletter ignored. Outbound link.[0m
[36m2023-10-23 01:05:00 DEBUG (MainThread) [website_downloader] Found link: https://www.elizabethfordelegate.com/achievements-and-endorsements[0m
[36m2023-10-23 01:05:00 DEBUG (MainThread) [website_downloader] Found link: https://www.elizabethfordelegate.com/elizabeth-s-priorities[0m
[36m2023-10-23 01:05:00 DEBUG (MainThread) [website_downloader] Found link: https://www.elizabethfordelegate.com/contact-elizabeth[0m
[36m2023-10-23 01:05:00 DEBUG (MainThread) [website_downloader] Found link: https://www.elizabethfordelegate.com/voter-information[0m
[36m2023-10-23 01:05:00 DEBUG (MainThread) [website_downloader] https://secure.actblue.com/donate/elect-elizabeth-bennett-parker-1 ignored. Outbound link.[0m
[36m2023-10-23 01:05:00 DEBUG (MainThread) [website_downloader] https://actionnetwork.org/forms/sign-up-for-delegate-elizabeth-bennett-parkers-newsletter ignored. Outbound link.[0m
[36m2023-10-23 01:05:00 DEBUG (MainThread) [website_downloader] https://secure.actblue.com/donate/elect-elizabeth-bennett-parker-1 ignored. Outbound link.[0m
[36m2023-10-23 01:05:00 DEBUG (MainThread) [website_downloader] Found link: https://www.elizabethfordelegate.com/pages/cookie-policy[0m
[36m2023-10-23 01:05:00 DEBUG (MainThread) [scrapy.core.engine] Crawled (301) <GET https://www.danhelmer.com> (referer: None)[0m
[36m2023-10-23 01:05:00 DEBUG (MainThread) [website_downloader] https://www.danhelmer.com, 301, https://www.danhelmer.com[0m
[31m2023-10-23 01:05:00 ERROR (MainThread) [website_downloader] 301 error on url https://www.danhelmer.com
[0m
[32m2023-10-23 01:05:00 INFO (MainThread) [website_downloader] Saving https://www.danhelmer.com, Path -> html/House/DanIHelmer/www.danhelmer.com169803750052839[0m
[36m2023-10-23 01:05:00 DEBUG (MainThread) [website_downloader] No Links... https://www.danhelmer.com, https://www.danhelmer.com, 301[0m
[36m2023-10-23 01:05:00 DEBUG (MainThread) [scrapy.core.engine] Crawled (200) <GET https://www.thomasforvirginia.com> (referer: None)[0m
[36m2023-10-23 01:05:00 DEBUG (MainThread) [website_downloader] https://www.thomasforvirginia.com, 200, https://www.thomasforvirginia.com[0m
[32m2023-10-23 01:05:00 INFO (MainThread) [website_downloader] Saving https://www.thomasforvirginia.com, Path -> html/House/JamesAThomasJr/www.thomasforvirginia.comThomas for VA - James Thomas for Virginia16980375007802467[0m
[36m2023-10-23 01:05:00 DEBUG (MainThread) [website_downloader] Found link: https://www.thomasforvirginia.com/[0m
[36m2023-10-23 01:05:00 DEBUG (MainThread) [website_downloader] Found link: https://www.thomasforvirginia.com/es[0m
[36m2023-10-23 01:05:00 DEBUG (MainThread) [website_downloader] Found link: https://www.thomasforvirginia.com/홈[0m
[36m2023-10-23 01:05:00 DEBUG (MainThread) [website_downloader] Found link: https://www.thomasforvirginia.com/[0m
[36m2023-10-23 01:05:00 DEBUG (MainThread) [website_downloader] Found link: https://www.thomasforvirginia.com/about[0m
[36m2023-10-23 01:05:00 DEBUG (MainThread) [website_downloader] Found link: https://www.thomasforvirginia.com/issues[0m
[36m2023-10-23 01:05:00 DEBUG (MainThread) [website_downloader] Found link: https://www.thomasforvirginia.com/join[0m
[36m2023-10-23 01:05:00 DEBUG (MainThread) [website_downloader] Found link: https://www.thomasforvirginia.com/[0m
[36m2023-10-23 01:05:00 DEBUG (MainThread) [website_downloader] Found link: https://www.thomasforvirginia.com/about/[0m
[36m2023-10-23 01:05:00 DEBUG (MainThread) [website_downloader] Found link: https://www.thomasforvirginia.com/issues/[0m
[36m2023-10-23 01:05:00 DEBUG (MainThread) [website_downloader] Found link: https://www.thomasforvirginia.com/join/[0m
[36m2023-10-23 01:05:00 DEBUG (MainThread) [website_downloader] Found link: https://www.thomasforvirginia.com/[0m
[36m2023-10-23 01:05:00 DEBUG (MainThread) [website_downloader] Found link: https://www.thomasforvirginia.com/es[0m
[36m2023-10-23 01:05:00 DEBUG (MainThread) [website_downloader] Found link: https://www.thomasforvirginia.com/홈[0m
[36m2023-10-23 01:05:00 DEBUG (MainThread) [website_downloader] https://www.facebook.com/thomasforvirginia ignored. Outbound link.[0m
[36m2023-10-23 01:05:00 DEBUG (MainThread) [website_downloader] https://twitter.com/JamesThomasVA ignored. Outbound link.[0m
[36m2023-10-23 01:05:00 DEBUG (MainThread) [website_downloader] https://secure.anedot.com/thomas-for-virginia/6ac6b149-f38c-4eb5-b3f4-020343e2f9f8 ignored. Outbound link.[0m
[36m2023-10-23 01:05:00 DEBUG (MainThread) [website_downloader] https://www.cafepress.com/jamesthomasforvirginia ignored. Outbound link.[0m
[36m2023-10-23 01:05:00 DEBUG (MainThread) [website_downloader] Found link: https://www.thomasforvirginia.com/about/[0m
[36m2023-10-23 01:05:00 DEBUG (MainThread) [scrapy.core.engine] Crawled (200) <GET https://www.karriedelaney.com/meet-karrie.html> (referer: https://www.karriedelaney.com)[0m
[36m2023-10-23 01:05:00 DEBUG (MainThread) [website_downloader] Found link: https://www.thomasforvirginia.com/issues/[0m
[36m2023-10-23 01:05:00 DEBUG (MainThread) [website_downloader] Found link: https://www.thomasforvirginia.com/join/[0m
[36m2023-10-23 01:05:00 DEBUG (MainThread) [website_downloader] https://www.karriedelaney.com/meet-karrie.html, 200, https://www.karriedelaney.com/meet-karrie.html[0m
[32m2023-10-23 01:05:00 INFO (MainThread) [website_downloader] Saving https://www.karriedelaney.com/meet-karrie.html, Path -> html/House/KarrieKDelaney/www.karriedelaney.com|meet-karrie.html16980375009346921[0m
[36m2023-10-23 01:05:00 DEBUG (MainThread) [website_downloader] # ignored[0m
[36m2023-10-23 01:05:00 DEBUG (MainThread) [website_downloader] Found link: https://www.karriedelaney.com/[0m
[36m2023-10-23 01:05:00 DEBUG (MainThread) [website_downloader] Found link: https://www.karriedelaney.com/[0m
[36m2023-10-23 01:05:00 DEBUG (MainThread) [website_downloader] Found link: https://www.karriedelaney.com/issues.html[0m
[36m2023-10-23 01:05:00 DEBUG (MainThread) [website_downloader] Found link: https://www.karriedelaney.com/contact.html[0m
[36m2023-10-23 01:05:00 DEBUG (MainThread) [website_downloader] https://secure.actblue.com/donate/karrie-delaney-for-delegate-1 ignored. Outbound link.[0m
[36m2023-10-23 01:05:00 DEBUG (MainThread) [website_downloader] # ignored[0m
[36m2023-10-23 01:05:00 DEBUG (MainThread) [website_downloader] None ignored[0m
[36m2023-10-23 01:05:00 DEBUG (MainThread) [website_downloader] None ignored[0m
[36m2023-10-23 01:05:00 DEBUG (MainThread) [website_downloader] # ignored[0m
[36m2023-10-23 01:05:00 DEBUG (MainThread) [website_downloader] Found link: https://www.karriedelaney.com/[0m
[36m2023-10-23 01:05:00 DEBUG (MainThread) [scrapy.core.engine] Crawled (200) <GET https://www.elizabethfordelegate.com/meet-elizabeth> (referer: https://www.elizabethfordelegate.com)[0m
[36m2023-10-23 01:05:00 DEBUG (MainThread) [website_downloader] Found link: https://www.karriedelaney.com/issues.html[0m
[36m2023-10-23 01:05:00 DEBUG (MainThread) [website_downloader] Found link: https://www.karriedelaney.com/contact.html[0m
[36m2023-10-23 01:05:00 DEBUG (MainThread) [website_downloader] https://secure.actblue.com/donate/karrie-delaney-for-delegate-1 ignored. Outbound link.[0m
[36m2023-10-23 01:05:01 DEBUG (MainThread) [scrapy.core.engine] Crawled (301) <GET https://www.thomasforvirginia.com/es> (referer: https://www.thomasforvirginia.com)[0m
[36m2023-10-23 01:05:01 DEBUG (MainThread) [website_downloader] https://www.elizabethfordelegate.com/meet-elizabeth, 200, https://www.elizabethfordelegate.com/meet-elizabeth[0m
[32m2023-10-23 01:05:01 INFO (MainThread) [website_downloader] Saving https://www.elizabethfordelegate.com/meet-elizabeth, Path -> html/House/ElizabethBBennett-Parker/www.elizabethfordelegate.com|meet-elizabeth16980375010612137[0m
[36m2023-10-23 01:05:01 DEBUG (MainThread) [website_downloader] Found link: https://www.elizabethfordelegate.com/[0m
[36m2023-10-23 01:05:01 DEBUG (MainThread) [website_downloader] https://actionnetwork.org/forms/sign-up-for-delegate-elizabeth-bennett-parkers-newsletter ignored. Outbound link.[0m
[36m2023-10-23 01:05:01 DEBUG (MainThread) [website_downloader] Found link: https://www.elizabethfordelegate.com/achievements-and-endorsements[0m
[36m2023-10-23 01:05:01 DEBUG (MainThread) [website_downloader] Found link: https://www.elizabethfordelegate.com/elizabeth-s-priorities[0m
[36m2023-10-23 01:05:01 DEBUG (MainThread) [website_downloader] Found link: https://www.elizabethfordelegate.com/contact-elizabeth[0m
[36m2023-10-23 01:05:01 DEBUG (MainThread) [website_downloader] Found link: https://www.elizabethfordelegate.com/voter-information[0m
[36m2023-10-23 01:05:01 DEBUG (MainThread) [website_downloader] Found link: https://www.elizabethfordelegate.com/[0m
[36m2023-10-23 01:05:01 DEBUG (MainThread) [website_downloader] https://actionnetwork.org/forms/sign-up-for-delegate-elizabeth-bennett-parkers-newsletter ignored. Outbound link.[0m
[36m2023-10-23 01:05:01 DEBUG (MainThread) [website_downloader] Found link: https://www.elizabethfordelegate.com/achievements-and-endorsements[0m
[36m2023-10-23 01:05:01 DEBUG (MainThread) [website_downloader] Found link: https://www.elizabethfordelegate.com/elizabeth-s-priorities[0m
[36m2023-10-23 01:05:01 DEBUG (MainThread) [website_downloader] Found link: https://www.elizabethfordelegate.com/contact-elizabeth[0m
[36m2023-10-23 01:05:01 DEBUG (MainThread) [website_downloader] Found link: https://www.elizabethfordelegate.com/voter-information[0m
[36m2023-10-23 01:05:01 DEBUG (MainThread) [website_downloader] https://secure.actblue.com/donate/elect-elizabeth-bennett-parker-1 ignored. Outbound link.[0m
[36m2023-10-23 01:05:01 DEBUG (MainThread) [website_downloader] Found link: https://www.elizabethfordelegate.com/[0m
[36m2023-10-23 01:05:01 DEBUG (MainThread) [website_downloader] https://actionnetwork.org/forms/sign-up-for-delegate-elizabeth-bennett-parkers-newsletter ignored. Outbound link.[0m
[36m2023-10-23 01:05:01 DEBUG (MainThread) [website_downloader] Found link: https://www.elizabethfordelegate.com/achievements-and-endorsements[0m
[36m2023-10-23 01:05:01 DEBUG (MainThread) [website_downloader] Found link: https://www.elizabethfordelegate.com/elizabeth-s-priorities[0m
[36m2023-10-23 01:05:01 DEBUG (MainThread) [website_downloader] Found link: https://www.elizabethfordelegate.com/contact-elizabeth[0m
[36m2023-10-23 01:05:01 DEBUG (MainThread) [website_downloader] Found link: https://www.elizabethfordelegate.com/voter-information[0m
[36m2023-10-23 01:05:01 DEBUG (MainThread) [website_downloader] Found link: https://www.elizabethfordelegate.com/[0m
[36m2023-10-23 01:05:01 DEBUG (MainThread) [website_downloader] https://actionnetwork.org/forms/sign-up-for-delegate-elizabeth-bennett-parkers-newsletter ignored. Outbound link.[0m
[36m2023-10-23 01:05:01 DEBUG (MainThread) [website_downloader] Found link: https://www.elizabethfordelegate.com/achievements-and-endorsements[0m
[36m2023-10-23 01:05:01 DEBUG (MainThread) [website_downloader] Found link: https://www.elizabethfordelegate.com/elizabeth-s-priorities[0m
[36m2023-10-23 01:05:01 DEBUG (MainThread) [website_downloader] Found link: https://www.elizabethfordelegate.com/contact-elizabeth[0m
[36m2023-10-23 01:05:01 DEBUG (MainThread) [website_downloader] Found link: https://www.elizabethfordelegate.com/voter-information[0m
[36m2023-10-23 01:05:01 DEBUG (MainThread) [website_downloader] https://secure.actblue.com/donate/elect-elizabeth-bennett-parker-1 ignored. Outbound link.[0m
[36m2023-10-23 01:05:01 DEBUG (MainThread) [website_downloader] Found link: https://www.elizabethfordelegate.com/pages/cookie-policy[0m
[36m2023-10-23 01:05:01 DEBUG (MainThread) [website_downloader] https://www.thomasforvirginia.com/es, 301, https://www.thomasforvirginia.com/es[0m
[31m2023-10-23 01:05:01 ERROR (MainThread) [website_downloader] 301 error on url https://www.thomasforvirginia.com/es
[0m
[32m2023-10-23 01:05:01 INFO (MainThread) [website_downloader] Saving https://www.thomasforvirginia.com/es, Path -> html/House/JamesAThomasJr/www.thomasforvirginia.com|es16980375011483867[0m
[36m2023-10-23 01:05:01 DEBUG (MainThread) [website_downloader] No Links... https://www.thomasforvirginia.com/es, https://www.thomasforvirginia.com/es, 301[0m
[36m2023-10-23 01:05:01 DEBUG (MainThread) [scrapy.core.engine] Crawled (200) <GET https://www.karriedelaney.com/issues.html> (referer: https://www.karriedelaney.com)[0m
[36m2023-10-23 01:05:01 DEBUG (MainThread) [scrapy.core.engine] Crawled (404) <GET https://www.thomasforvirginia.com/%ED%99%88> (referer: https://www.thomasforvirginia.com)[0m
[36m2023-10-23 01:05:01 DEBUG (MainThread) [scrapy.core.engine] Crawled (200) <GET https://www.elizabethfordelegate.com/achievements-and-endorsements> (referer: https://www.elizabethfordelegate.com)[0m
[36m2023-10-23 01:05:01 DEBUG (MainThread) [website_downloader] https://www.karriedelaney.com/issues.html, 200, https://www.karriedelaney.com/issues.html[0m
[32m2023-10-23 01:05:01 INFO (MainThread) [website_downloader] Saving https://www.karriedelaney.com/issues.html, Path -> html/House/KarrieKDelaney/www.karriedelaney.com|issues.html16980375016122062[0m
[36m2023-10-23 01:05:01 DEBUG (MainThread) [website_downloader] # ignored[0m
[36m2023-10-23 01:05:01 DEBUG (MainThread) [website_downloader] Found link: https://www.karriedelaney.com/[0m
[36m2023-10-23 01:05:01 DEBUG (MainThread) [website_downloader] Found link: https://www.karriedelaney.com/[0m
[36m2023-10-23 01:05:01 DEBUG (MainThread) [website_downloader] Found link: https://www.karriedelaney.com/contact.html[0m
[36m2023-10-23 01:05:01 DEBUG (MainThread) [website_downloader] https://secure.actblue.com/donate/karrie-delaney-for-delegate-1 ignored. Outbound link.[0m
[36m2023-10-23 01:05:01 DEBUG (MainThread) [website_downloader] # ignored[0m
[36m2023-10-23 01:05:01 DEBUG (MainThread) [website_downloader] None ignored[0m
[36m2023-10-23 01:05:01 DEBUG (MainThread) [website_downloader] None ignored[0m
[36m2023-10-23 01:05:01 DEBUG (MainThread) [website_downloader] None ignored[0m
[36m2023-10-23 01:05:01 DEBUG (MainThread) [website_downloader] None ignored[0m
[36m2023-10-23 01:05:01 DEBUG (MainThread) [website_downloader] None ignored[0m
[36m2023-10-23 01:05:01 DEBUG (MainThread) [website_downloader] None ignored[0m
[36m2023-10-23 01:05:01 DEBUG (MainThread) [website_downloader] # ignored[0m
[36m2023-10-23 01:05:01 DEBUG (MainThread) [website_downloader] Found link: https://www.karriedelaney.com/[0m
[36m2023-10-23 01:05:01 DEBUG (MainThread) [website_downloader] Found link: https://www.karriedelaney.com/contact.html[0m
[32m2023-10-23 01:05:01 INFO (MainThread) [website_downloader] Logging error from the error handler[0m
[31m2023-10-23 01:05:01 ERROR (MainThread) [website_downloader] <twisted.python.failure.Failure scrapy.spidermiddlewares.httperror.HttpError: Ignoring non-200 response>[0m
[36m2023-10-23 01:05:01 DEBUG (MainThread) [website_downloader] https://secure.actblue.com/donate/karrie-delaney-for-delegate-1 ignored. Outbound link.[0m
[36m2023-10-23 01:05:01 DEBUG (MainThread) [website_downloader] https://www.elizabethfordelegate.com/achievements-and-endorsements, 200, https://www.elizabethfordelegate.com/achievements-and-endorsements[0m
[32m2023-10-23 01:05:01 INFO (MainThread) [website_downloader] Saving https://www.elizabethfordelegate.com/achievements-and-endorsements, Path -> html/House/ElizabethBBennett-Parker/www.elizabethfordelegate.com|achievements-and-endorsements16980375017066433[0m
[36m2023-10-23 01:05:01 DEBUG (MainThread) [website_downloader] Found link: https://www.elizabethfordelegate.com/[0m
[36m2023-10-23 01:05:01 DEBUG (MainThread) [website_downloader] https://actionnetwork.org/forms/sign-up-for-delegate-elizabeth-bennett-parkers-newsletter ignored. Outbound link.[0m
[36m2023-10-23 01:05:01 DEBUG (MainThread) [website_downloader] Found link: https://www.elizabethfordelegate.com/elizabeth-s-priorities[0m
[36m2023-10-23 01:05:01 DEBUG (MainThread) [website_downloader] Found link: https://www.elizabethfordelegate.com/contact-elizabeth[0m
[36m2023-10-23 01:05:01 DEBUG (MainThread) [website_downloader] Found link: https://www.elizabethfordelegate.com/voter-information[0m
[36m2023-10-23 01:05:01 DEBUG (MainThread) [website_downloader] Found link: https://www.elizabethfordelegate.com/[0m
[36m2023-10-23 01:05:01 DEBUG (MainThread) [website_downloader] https://actionnetwork.org/forms/sign-up-for-delegate-elizabeth-bennett-parkers-newsletter ignored. Outbound link.[0m
[36m2023-10-23 01:05:01 DEBUG (MainThread) [website_downloader] Found link: https://www.elizabethfordelegate.com/elizabeth-s-priorities[0m
[36m2023-10-23 01:05:01 DEBUG (MainThread) [website_downloader] Found link: https://www.elizabethfordelegate.com/contact-elizabeth[0m
[36m2023-10-23 01:05:01 DEBUG (MainThread) [website_downloader] Found link: https://www.elizabethfordelegate.com/voter-information[0m
[36m2023-10-23 01:05:01 DEBUG (MainThread) [website_downloader] https://secure.actblue.com/donate/elect-elizabeth-bennett-parker-1 ignored. Outbound link.[0m
[36m2023-10-23 01:05:01 DEBUG (MainThread) [website_downloader] Found link: https://www.elizabethfordelegate.com/[0m
[36m2023-10-23 01:05:01 DEBUG (MainThread) [website_downloader] https://actionnetwork.org/forms/sign-up-for-delegate-elizabeth-bennett-parkers-newsletter ignored. Outbound link.[0m
[36m2023-10-23 01:05:01 DEBUG (MainThread) [website_downloader] Found link: https://www.elizabethfordelegate.com/elizabeth-s-priorities[0m
[36m2023-10-23 01:05:01 DEBUG (MainThread) [website_downloader] Found link: https://www.elizabethfordelegate.com/contact-elizabeth[0m
[36m2023-10-23 01:05:01 DEBUG (MainThread) [website_downloader] Found link: https://www.elizabethfordelegate.com/voter-information[0m
[36m2023-10-23 01:05:01 DEBUG (MainThread) [website_downloader] Found link: https://www.elizabethfordelegate.com/[0m
[36m2023-10-23 01:05:01 DEBUG (MainThread) [website_downloader] https://actionnetwork.org/forms/sign-up-for-delegate-elizabeth-bennett-parkers-newsletter ignored. Outbound link.[0m
[36m2023-10-23 01:05:01 DEBUG (MainThread) [website_downloader] Found link: https://www.elizabethfordelegate.com/elizabeth-s-priorities[0m
[36m2023-10-23 01:05:01 DEBUG (MainThread) [website_downloader] Found link: https://www.elizabethfordelegate.com/contact-elizabeth[0m
[36m2023-10-23 01:05:01 DEBUG (MainThread) [website_downloader] Found link: https://www.elizabethfordelegate.com/voter-information[0m
[36m2023-10-23 01:05:01 DEBUG (MainThread) [website_downloader] https://secure.actblue.com/donate/elect-elizabeth-bennett-parker-1 ignored. Outbound link.[0m
[36m2023-10-23 01:05:01 DEBUG (MainThread) [website_downloader] Found link: https://www.elizabethfordelegate.com/pages/cookie-policy[0m
[36m2023-10-23 01:05:02 DEBUG (MainThread) [scrapy.core.engine] Crawled (301) <GET https://www.thomasforvirginia.com/about> (referer: https://www.thomasforvirginia.com)[0m
[36m2023-10-23 01:05:02 DEBUG (MainThread) [scrapy.core.engine] Crawled (200) <GET https://www.karriedelaney.com/contact.html> (referer: https://www.karriedelaney.com)[0m
[36m2023-10-23 01:05:02 DEBUG (MainThread) [website_downloader] https://www.thomasforvirginia.com/about, 301, https://www.thomasforvirginia.com/about[0m
[31m2023-10-23 01:05:02 ERROR (MainThread) [website_downloader] 301 error on url https://www.thomasforvirginia.com/about
[0m
[32m2023-10-23 01:05:02 INFO (MainThread) [website_downloader] Saving https://www.thomasforvirginia.com/about, Path -> html/House/JamesAThomasJr/www.thomasforvirginia.com|about16980375021772227[0m
[36m2023-10-23 01:05:02 DEBUG (MainThread) [website_downloader] No Links... https://www.thomasforvirginia.com/about, https://www.thomasforvirginia.com/about, 301[0m
[36m2023-10-23 01:05:02 DEBUG (MainThread) [website_downloader] https://www.karriedelaney.com/contact.html, 200, https://www.karriedelaney.com/contact.html[0m
[32m2023-10-23 01:05:02 INFO (MainThread) [website_downloader] Saving https://www.karriedelaney.com/contact.html, Path -> html/House/KarrieKDelaney/www.karriedelaney.com|contact.html16980375022407775[0m
[36m2023-10-23 01:05:02 DEBUG (MainThread) [website_downloader] # ignored[0m
[36m2023-10-23 01:05:02 DEBUG (MainThread) [website_downloader] Found link: https://www.karriedelaney.com/[0m
[36m2023-10-23 01:05:02 DEBUG (MainThread) [website_downloader] Found link: https://www.karriedelaney.com/[0m
[36m2023-10-23 01:05:02 DEBUG (MainThread) [website_downloader] https://secure.actblue.com/donate/karrie-delaney-for-delegate-1 ignored. Outbound link.[0m
[36m2023-10-23 01:05:02 DEBUG (MainThread) [website_downloader] # ignored[0m
[36m2023-10-23 01:05:02 DEBUG (MainThread) [website_downloader] https://whosmy.virginiageneralassembly.gov/index.php/legislator?search= ignored. Outbound link.[0m
[36m2023-10-23 01:05:02 DEBUG (MainThread) [website_downloader] None ignored[0m
[36m2023-10-23 01:05:02 DEBUG (MainThread) [website_downloader] # ignored[0m
[36m2023-10-23 01:05:02 DEBUG (MainThread) [website_downloader] Found link: https://www.karriedelaney.com/[0m
[36m2023-10-23 01:05:02 DEBUG (MainThread) [website_downloader] https://secure.actblue.com/donate/karrie-delaney-for-delegate-1 ignored. Outbound link.[0m
[36m2023-10-23 01:05:02 DEBUG (MainThread) [scrapy.core.engine] Crawled (200) <GET https://www.elizabethfordelegate.com/elizabeth-s-priorities> (referer: https://www.elizabethfordelegate.com)[0m
[36m2023-10-23 01:05:02 DEBUG (MainThread) [website_downloader] https://www.elizabethfordelegate.com/elizabeth-s-priorities, 200, https://www.elizabethfordelegate.com/elizabeth-s-priorities[0m
[32m2023-10-23 01:05:02 INFO (MainThread) [website_downloader] Saving https://www.elizabethfordelegate.com/elizabeth-s-priorities, Path -> html/House/ElizabethBBennett-Parker/www.elizabethfordelegate.com|elizabeth-s-priorities16980375024371464[0m
[36m2023-10-23 01:05:02 DEBUG (MainThread) [website_downloader] Found link: https://www.elizabethfordelegate.com/[0m
[36m2023-10-23 01:05:02 DEBUG (MainThread) [website_downloader] https://actionnetwork.org/forms/sign-up-for-delegate-elizabeth-bennett-parkers-newsletter ignored. Outbound link.[0m
[36m2023-10-23 01:05:02 DEBUG (MainThread) [website_downloader] Found link: https://www.elizabethfordelegate.com/contact-elizabeth[0m
[36m2023-10-23 01:05:02 DEBUG (MainThread) [website_downloader] Found link: https://www.elizabethfordelegate.com/voter-information[0m
[36m2023-10-23 01:05:02 DEBUG (MainThread) [website_downloader] Found link: https://www.elizabethfordelegate.com/[0m
[36m2023-10-23 01:05:02 DEBUG (MainThread) [website_downloader] https://actionnetwork.org/forms/sign-up-for-delegate-elizabeth-bennett-parkers-newsletter ignored. Outbound link.[0m
[36m2023-10-23 01:05:02 DEBUG (MainThread) [website_downloader] Found link: https://www.elizabethfordelegate.com/contact-elizabeth[0m
[36m2023-10-23 01:05:02 DEBUG (MainThread) [website_downloader] Found link: https://www.elizabethfordelegate.com/voter-information[0m
[36m2023-10-23 01:05:02 DEBUG (MainThread) [website_downloader] https://secure.actblue.com/donate/elect-elizabeth-bennett-parker-1 ignored. Outbound link.[0m
[36m2023-10-23 01:05:02 DEBUG (MainThread) [website_downloader] Found link: https://www.elizabethfordelegate.com/[0m
[36m2023-10-23 01:05:02 DEBUG (MainThread) [website_downloader] https://actionnetwork.org/forms/sign-up-for-delegate-elizabeth-bennett-parkers-newsletter ignored. Outbound link.[0m
[36m2023-10-23 01:05:02 DEBUG (MainThread) [website_downloader] Found link: https://www.elizabethfordelegate.com/contact-elizabeth[0m
[36m2023-10-23 01:05:02 DEBUG (MainThread) [website_downloader] Found link: https://www.elizabethfordelegate.com/voter-information[0m
[36m2023-10-23 01:05:02 DEBUG (MainThread) [website_downloader] Found link: https://www.elizabethfordelegate.com/[0m
[36m2023-10-23 01:05:02 DEBUG (MainThread) [website_downloader] https://actionnetwork.org/forms/sign-up-for-delegate-elizabeth-bennett-parkers-newsletter ignored. Outbound link.[0m
[36m2023-10-23 01:05:02 DEBUG (MainThread) [website_downloader] Found link: https://www.elizabethfordelegate.com/contact-elizabeth[0m
[36m2023-10-23 01:05:02 DEBUG (MainThread) [website_downloader] Found link: https://www.elizabethfordelegate.com/voter-information[0m
[36m2023-10-23 01:05:02 DEBUG (MainThread) [website_downloader] https://secure.actblue.com/donate/elect-elizabeth-bennett-parker-1 ignored. Outbound link.[0m
[36m2023-10-23 01:05:02 DEBUG (MainThread) [website_downloader] https://lis.virginia.gov/cgi-bin/legp604.exe?231+mbr+H334C ignored. Outbound link.[0m
[36m2023-10-23 01:05:02 DEBUG (MainThread) [website_downloader] https://lis.virginia.gov/cgi-bin/legp604.exe?231+mbr+H334F ignored. Outbound link.[0m
[36m2023-10-23 01:05:02 DEBUG (MainThread) [website_downloader] https://lis.virginia.gov/cgi-bin/legp604.exe?231+mbr+H334S ignored. Outbound link.[0m
[36m2023-10-23 01:05:02 DEBUG (MainThread) [website_downloader] https://lis.virginia.gov/cgi-bin/legp604.exe?231+mbr+H334S ignored. Outbound link.[0m
[36m2023-10-23 01:05:02 DEBUG (MainThread) [website_downloader] https://lis.virginia.gov/cgi-bin/legp604.exe?221+mbr+H334C ignored. Outbound link.[0m
[36m2023-10-23 01:05:02 DEBUG (MainThread) [website_downloader] https://lis.virginia.gov/cgi-bin/legp604.exe?221+mbr+H334F ignored. Outbound link.[0m
[36m2023-10-23 01:05:02 DEBUG (MainThread) [website_downloader] https://lis.virginia.gov/cgi-bin/legp604.exe?221+mbr+H334S ignored. Outbound link.[0m
[36m2023-10-23 01:05:02 DEBUG (MainThread) [website_downloader] https://budget.lis.virginia.gov/mbramendment/2022/1/H334/ ignored. Outbound link.[0m
[36m2023-10-23 01:05:02 DEBUG (MainThread) [website_downloader] Found link: https://www.elizabethfordelegate.com/pages/cookie-policy[0m
[36m2023-10-23 01:05:02 DEBUG (MainThread) [scrapy.core.engine] Crawled (301) <GET https://www.thomasforvirginia.com/issues> (referer: https://www.thomasforvirginia.com)[0m
[36m2023-10-23 01:05:02 DEBUG (MainThread) [website_downloader] https://www.thomasforvirginia.com/issues, 301, https://www.thomasforvirginia.com/issues[0m
[31m2023-10-23 01:05:02 ERROR (MainThread) [website_downloader] 301 error on url https://www.thomasforvirginia.com/issues
[0m
[32m2023-10-23 01:05:02 INFO (MainThread) [website_downloader] Saving https://www.thomasforvirginia.com/issues, Path -> html/House/JamesAThomasJr/www.thomasforvirginia.com|issues16980375029592419[0m
[36m2023-10-23 01:05:02 DEBUG (MainThread) [website_downloader] No Links... https://www.thomasforvirginia.com/issues, https://www.thomasforvirginia.com/issues, 301[0m
[36m2023-10-23 01:05:03 DEBUG (MainThread) [scrapy.core.engine] Crawled (200) <GET https://www.elizabethfordelegate.com/contact-elizabeth> (referer: https://www.elizabethfordelegate.com)[0m
[36m2023-10-23 01:05:03 DEBUG (MainThread) [website_downloader] https://www.elizabethfordelegate.com/contact-elizabeth, 200, https://www.elizabethfordelegate.com/contact-elizabeth[0m
[32m2023-10-23 01:05:03 INFO (MainThread) [website_downloader] Saving https://www.elizabethfordelegate.com/contact-elizabeth, Path -> html/House/ElizabethBBennett-Parker/www.elizabethfordelegate.com|contact-elizabeth16980375031833732[0m
[36m2023-10-23 01:05:03 DEBUG (MainThread) [website_downloader] Found link: https://www.elizabethfordelegate.com/[0m
[36m2023-10-23 01:05:03 DEBUG (MainThread) [website_downloader] https://actionnetwork.org/forms/sign-up-for-delegate-elizabeth-bennett-parkers-newsletter ignored. Outbound link.[0m
[36m2023-10-23 01:05:03 DEBUG (MainThread) [website_downloader] Found link: https://www.elizabethfordelegate.com/voter-information[0m
[36m2023-10-23 01:05:03 DEBUG (MainThread) [website_downloader] Found link: https://www.elizabethfordelegate.com/[0m
[36m2023-10-23 01:05:03 DEBUG (MainThread) [website_downloader] https://actionnetwork.org/forms/sign-up-for-delegate-elizabeth-bennett-parkers-newsletter ignored. Outbound link.[0m
[36m2023-10-23 01:05:03 DEBUG (MainThread) [website_downloader] Found link: https://www.elizabethfordelegate.com/voter-information[0m
[36m2023-10-23 01:05:03 DEBUG (MainThread) [website_downloader] https://secure.actblue.com/donate/elect-elizabeth-bennett-parker-1 ignored. Outbound link.[0m
[36m2023-10-23 01:05:03 DEBUG (MainThread) [website_downloader] Found link: https://www.elizabethfordelegate.com/[0m
[36m2023-10-23 01:05:03 DEBUG (MainThread) [website_downloader] https://actionnetwork.org/forms/sign-up-for-delegate-elizabeth-bennett-parkers-newsletter ignored. Outbound link.[0m
[36m2023-10-23 01:05:03 DEBUG (MainThread) [website_downloader] Found link: https://www.elizabethfordelegate.com/voter-information[0m
[36m2023-10-23 01:05:03 DEBUG (MainThread) [website_downloader] Found link: https://www.elizabethfordelegate.com/[0m
[36m2023-10-23 01:05:03 DEBUG (MainThread) [website_downloader] https://actionnetwork.org/forms/sign-up-for-delegate-elizabeth-bennett-parkers-newsletter ignored. Outbound link.[0m
[36m2023-10-23 01:05:03 DEBUG (MainThread) [website_downloader] Found link: https://www.elizabethfordelegate.com/voter-information[0m
[36m2023-10-23 01:05:03 DEBUG (MainThread) [website_downloader] https://secure.actblue.com/donate/elect-elizabeth-bennett-parker-1 ignored. Outbound link.[0m
[36m2023-10-23 01:05:03 DEBUG (MainThread) [website_downloader] https://whosmy.virginiageneralassembly.gov/ ignored. Outbound link.[0m
[36m2023-10-23 01:05:03 DEBUG (MainThread) [website_downloader] mailto:DelEBennett-Parker@house.virginia.gov ignored[0m
[36m2023-10-23 01:05:03 DEBUG (MainThread) [website_downloader] https://actionnetwork.org/forms/sign-up-for-delegate-elizabeth-bennett-parkers-newsletter ignored. Outbound link.[0m
[36m2023-10-23 01:05:03 DEBUG (MainThread) [website_downloader] Found link: https://www.elizabethfordelegate.com/pages/cookie-policy[0m
[36m2023-10-23 01:05:03 DEBUG (MainThread) [scrapy.core.engine] Crawled (301) <GET https://www.thomasforvirginia.com/join> (referer: https://www.thomasforvirginia.com)[0m
[36m2023-10-23 01:05:03 DEBUG (MainThread) [website_downloader] https://www.thomasforvirginia.com/join, 301, https://www.thomasforvirginia.com/join[0m
[31m2023-10-23 01:05:03 ERROR (MainThread) [website_downloader] 301 error on url https://www.thomasforvirginia.com/join
[0m
[32m2023-10-23 01:05:03 INFO (MainThread) [website_downloader] Saving https://www.thomasforvirginia.com/join, Path -> html/House/JamesAThomasJr/www.thomasforvirginia.com|join16980375034116375[0m
[36m2023-10-23 01:05:03 DEBUG (MainThread) [website_downloader] No Links... https://www.thomasforvirginia.com/join, https://www.thomasforvirginia.com/join, 301[0m
[36m2023-10-23 01:05:03 DEBUG (MainThread) [scrapy.core.engine] Crawled (200) <GET https://www.elizabethfordelegate.com/voter-information> (referer: https://www.elizabethfordelegate.com)[0m
[36m2023-10-23 01:05:03 DEBUG (MainThread) [website_downloader] https://www.elizabethfordelegate.com/voter-information, 200, https://www.elizabethfordelegate.com/voter-information[0m
[32m2023-10-23 01:05:03 INFO (MainThread) [website_downloader] Saving https://www.elizabethfordelegate.com/voter-information, Path -> html/House/ElizabethBBennett-Parker/www.elizabethfordelegate.com|voter-information16980375039312332[0m
[36m2023-10-23 01:05:03 DEBUG (MainThread) [website_downloader] Found link: https://www.elizabethfordelegate.com/[0m
[36m2023-10-23 01:05:03 DEBUG (MainThread) [website_downloader] https://actionnetwork.org/forms/sign-up-for-delegate-elizabeth-bennett-parkers-newsletter ignored. Outbound link.[0m
[36m2023-10-23 01:05:03 DEBUG (MainThread) [website_downloader] Found link: https://www.elizabethfordelegate.com/[0m
[36m2023-10-23 01:05:03 DEBUG (MainThread) [website_downloader] https://actionnetwork.org/forms/sign-up-for-delegate-elizabeth-bennett-parkers-newsletter ignored. Outbound link.[0m
[36m2023-10-23 01:05:03 DEBUG (MainThread) [website_downloader] https://secure.actblue.com/donate/elect-elizabeth-bennett-parker-1 ignored. Outbound link.[0m
[36m2023-10-23 01:05:03 DEBUG (MainThread) [website_downloader] Found link: https://www.elizabethfordelegate.com/[0m
[36m2023-10-23 01:05:03 DEBUG (MainThread) [website_downloader] https://actionnetwork.org/forms/sign-up-for-delegate-elizabeth-bennett-parkers-newsletter ignored. Outbound link.[0m
[36m2023-10-23 01:05:03 DEBUG (MainThread) [website_downloader] Found link: https://www.elizabethfordelegate.com/[0m
[36m2023-10-23 01:05:03 DEBUG (MainThread) [website_downloader] https://actionnetwork.org/forms/sign-up-for-delegate-elizabeth-bennett-parkers-newsletter ignored. Outbound link.[0m
[36m2023-10-23 01:05:03 DEBUG (MainThread) [website_downloader] https://secure.actblue.com/donate/elect-elizabeth-bennett-parker-1 ignored. Outbound link.[0m
[36m2023-10-23 01:05:03 DEBUG (MainThread) [website_downloader] https://vote.elections.virginia.gov/VoterInformation ignored. Outbound link.[0m
[36m2023-10-23 01:05:03 DEBUG (MainThread) [website_downloader] https://vote.arlingtonva.us/Early-Voting ignored. Outbound link.[0m
[36m2023-10-23 01:05:03 DEBUG (MainThread) [website_downloader] https://www.alexandriava.gov/elections/info/default.aspx?id=1720 ignored. Outbound link.[0m
[36m2023-10-23 01:05:03 DEBUG (MainThread) [website_downloader] https://www.fairfaxcounty.gov/elections/early-voting ignored. Outbound link.[0m
[36m2023-10-23 01:05:03 DEBUG (MainThread) [website_downloader] https://vote.elections.virginia.gov/VoterInformation/Lookup/absentee ignored. Outbound link.[0m
[36m2023-10-23 01:05:03 DEBUG (MainThread) [website_downloader] https://vote.elections.virginia.gov/VoterInformation/Lookup/polling ignored. Outbound link.[0m
[36m2023-10-23 01:05:03 DEBUG (MainThread) [website_downloader] Found link: https://www.elizabethfordelegate.com/pages/cookie-policy[0m
[36m2023-10-23 01:05:04 DEBUG (MainThread) [scrapy.core.engine] Crawled (200) <GET https://www.thomasforvirginia.com/about/> (referer: https://www.thomasforvirginia.com)[0m
[36m2023-10-23 01:05:04 DEBUG (MainThread) [website_downloader] https://www.thomasforvirginia.com/about/, 200, https://www.thomasforvirginia.com/about/[0m
[32m2023-10-23 01:05:04 INFO (MainThread) [website_downloader] Saving https://www.thomasforvirginia.com/about/, Path -> html/House/JamesAThomasJr/www.thomasforvirginia.com|about|16980375041852508[0m
[36m2023-10-23 01:05:04 DEBUG (MainThread) [website_downloader] Found link: https://www.thomasforvirginia.com/[0m
[36m2023-10-23 01:05:04 DEBUG (MainThread) [website_downloader] Found link: https://www.thomasforvirginia.com/홈[0m
[36m2023-10-23 01:05:04 DEBUG (MainThread) [website_downloader] Found link: https://www.thomasforvirginia.com/[0m
[36m2023-10-23 01:05:04 DEBUG (MainThread) [website_downloader] Found link: https://www.thomasforvirginia.com/[0m
[36m2023-10-23 01:05:04 DEBUG (MainThread) [website_downloader] Found link: https://www.thomasforvirginia.com/issues/[0m
[36m2023-10-23 01:05:04 DEBUG (MainThread) [website_downloader] Found link: https://www.thomasforvirginia.com/join/[0m
[36m2023-10-23 01:05:04 DEBUG (MainThread) [website_downloader] Found link: https://www.thomasforvirginia.com/[0m
[36m2023-10-23 01:05:04 DEBUG (MainThread) [website_downloader] Found link: https://www.thomasforvirginia.com/홈[0m
[36m2023-10-23 01:05:04 DEBUG (MainThread) [website_downloader] https://www.facebook.com/thomasforvirginia ignored. Outbound link.[0m
[36m2023-10-23 01:05:04 DEBUG (MainThread) [website_downloader] https://twitter.com/JamesThomasVA ignored. Outbound link.[0m
[36m2023-10-23 01:05:04 DEBUG (MainThread) [website_downloader] Found link: https://www.thomasforvirginia.com/join/[0m
[36m2023-10-23 01:05:04 DEBUG (MainThread) [scrapy.core.engine] Crawled (200) <GET https://www.thomasforvirginia.com/issues/> (referer: https://www.thomasforvirginia.com)[0m
[36m2023-10-23 01:05:04 DEBUG (MainThread) [website_downloader] https://www.thomasforvirginia.com/issues/, 200, https://www.thomasforvirginia.com/issues/[0m
[32m2023-10-23 01:05:04 INFO (MainThread) [website_downloader] Saving https://www.thomasforvirginia.com/issues/, Path -> html/House/JamesAThomasJr/www.thomasforvirginia.com|issues|16980375048091831[0m
[36m2023-10-23 01:05:04 DEBUG (MainThread) [website_downloader] Found link: https://www.thomasforvirginia.com/[0m
[36m2023-10-23 01:05:04 DEBUG (MainThread) [website_downloader] Found link: https://www.thomasforvirginia.com/홈[0m
[36m2023-10-23 01:05:04 DEBUG (MainThread) [website_downloader] Found link: https://www.thomasforvirginia.com/[0m
[36m2023-10-23 01:05:04 DEBUG (MainThread) [website_downloader] Found link: https://www.thomasforvirginia.com/[0m
[36m2023-10-23 01:05:04 DEBUG (MainThread) [website_downloader] Found link: https://www.thomasforvirginia.com/join/[0m
[36m2023-10-23 01:05:04 DEBUG (MainThread) [website_downloader] Found link: https://www.thomasforvirginia.com/[0m
[36m2023-10-23 01:05:04 DEBUG (MainThread) [website_downloader] Found link: https://www.thomasforvirginia.com/홈[0m
[36m2023-10-23 01:05:04 DEBUG (MainThread) [website_downloader] https://www.facebook.com/thomasforvirginia ignored. Outbound link.[0m
[36m2023-10-23 01:05:04 DEBUG (MainThread) [website_downloader] https://twitter.com/JamesThomasVA ignored. Outbound link.[0m
[36m2023-10-23 01:05:04 DEBUG (MainThread) [website_downloader] Found link: https://www.thomasforvirginia.com/join/[0m
[36m2023-10-23 01:05:05 DEBUG (MainThread) [scrapy.core.engine] Crawled (200) <GET https://www.thomasforvirginia.com/join/> (referer: https://www.thomasforvirginia.com)[0m
[36m2023-10-23 01:05:05 DEBUG (MainThread) [website_downloader] https://www.thomasforvirginia.com/join/, 200, https://www.thomasforvirginia.com/join/[0m
[32m2023-10-23 01:05:05 INFO (MainThread) [website_downloader] Saving https://www.thomasforvirginia.com/join/, Path -> html/House/JamesAThomasJr/www.thomasforvirginia.com|join|16980375054582093[0m
[36m2023-10-23 01:05:05 DEBUG (MainThread) [website_downloader] Found link: https://www.thomasforvirginia.com/[0m
[36m2023-10-23 01:05:05 DEBUG (MainThread) [website_downloader] Found link: https://www.thomasforvirginia.com/홈[0m
[36m2023-10-23 01:05:05 DEBUG (MainThread) [website_downloader] Found link: https://www.thomasforvirginia.com/[0m
[36m2023-10-23 01:05:05 DEBUG (MainThread) [website_downloader] Found link: https://www.thomasforvirginia.com/[0m
[36m2023-10-23 01:05:05 DEBUG (MainThread) [website_downloader] Found link: https://www.thomasforvirginia.com/[0m
[36m2023-10-23 01:05:05 DEBUG (MainThread) [website_downloader] Found link: https://www.thomasforvirginia.com/홈[0m
[36m2023-10-23 01:05:05 DEBUG (MainThread) [website_downloader] mailto:info@thomasforvirginia.com ignored[0m
[36m2023-10-23 01:05:05 DEBUG (MainThread) [website_downloader] https://secure.anedot.com/thomas-for-virginia/6ac6b149-f38c-4eb5-b3f4-020343e2f9f8 ignored. Outbound link.[0m
[36m2023-10-23 01:05:05 DEBUG (MainThread) [website_downloader] https://vote.elections.virginia.gov/Registration/DmvLookup ignored. Outbound link.[0m
[36m2023-10-23 01:05:05 DEBUG (MainThread) [website_downloader] https://vote.elections.virginia.gov/VoterInformation/Lookup/absentee ignored. Outbound link.[0m
[36m2023-10-23 01:05:05 DEBUG (MainThread) [website_downloader] https://whosmy.virginiageneralassembly.gov/ ignored. Outbound link.[0m
[36m2023-10-23 01:05:05 DEBUG (MainThread) [website_downloader] https://www.facebook.com/thomasforvirginia ignored. Outbound link.[0m
[36m2023-10-23 01:05:05 DEBUG (MainThread) [website_downloader] https://twitter.com/JamesThomasVA ignored. Outbound link.[0m
[36m2023-10-23 01:05:06 DEBUG (MainThread) [scrapy.core.engine] Crawled (200) <GET https://www.elizabethfordelegate.com/pages/cookie-policy> (referer: https://www.elizabethfordelegate.com)[0m
[36m2023-10-23 01:05:06 DEBUG (MainThread) [website_downloader] https://www.elizabethfordelegate.com/pages/cookie-policy, 200, https://www.elizabethfordelegate.com/pages/cookie-policy[0m
[32m2023-10-23 01:05:06 INFO (MainThread) [website_downloader] Saving https://www.elizabethfordelegate.com/pages/cookie-policy, Path -> html/House/ElizabethBBennett-Parker/www.elizabethfordelegate.com|pages|cookie-policy1698037506467463[0m
[36m2023-10-23 01:05:06 DEBUG (MainThread) [website_downloader] https://support.microsoft.com/en-gb/help/17442/windows-internet-explorer-delete-manage-cookies ignored. Outbound link.[0m
[36m2023-10-23 01:05:06 DEBUG (MainThread) [website_downloader] https://support.google.com/chrome/answer/95647?co=GENIE.Platform%3DDesktop&hl=en ignored. Outbound link.[0m
[36m2023-10-23 01:05:06 DEBUG (MainThread) [website_downloader] https://support.mozilla.org/en-US/kb/enable-and-disable-cookies-website-preferences ignored. Outbound link.[0m
[36m2023-10-23 01:05:06 DEBUG (MainThread) [website_downloader] https://support.apple.com/en-gb/guide/safari/sfri11471/mac ignored. Outbound link.[0m
[36m2023-10-23 01:05:06 DEBUG (MainThread) [website_downloader] https://www.strikingly.com ignored. Outbound link.[0m
[36m2023-10-23 01:05:06 DEBUG (MainThread) [website_downloader] https://www.strikingly.com ignored. Outbound link.[0m
[36m2023-10-23 01:05:06 DEBUG (MainThread) [website_downloader] https://www.youtube.com/channel/UC4I-TRQbiWfEdDvldAXg5ew ignored. Outbound link.[0m
[36m2023-10-23 01:05:06 DEBUG (MainThread) [website_downloader] https://www.facebook.com/strikingly/ ignored. Outbound link.[0m
[36m2023-10-23 01:05:06 DEBUG (MainThread) [website_downloader] https://twitter.com/strikingly ignored. Outbound link.[0m
[36m2023-10-23 01:05:06 DEBUG (MainThread) [website_downloader] https://www.sxl.cn ignored. Outbound link.[0m
[32m2023-10-23 01:05:06 INFO (MainThread) [scrapy.core.engine] Closing spider (finished)[0m
[32m2023-10-23 01:05:06 INFO (MainThread) [scrapy.statscollectors] Dumping Scrapy stats:
{'downloader/exception_count': 2,
 'downloader/exception_type_count/idna.core.IDNAError': 2,
 'downloader/request_bytes': 17811,
 'downloader/request_count': 29,
 'downloader/request_method_count/GET': 29,
 'downloader/response_bytes': 474690,
 'downloader/response_count': 27,
 'downloader/response_status_count/200': 19,
 'downloader/response_status_count/301': 7,
 'downloader/response_status_count/404': 1,
 'dupefilter/filtered': 148,
 'elapsed_time_seconds': 7.249689,
 'finish_reason': 'finished',
 'finish_time': datetime.datetime(2023, 10, 23, 5, 5, 6, 485632, tzinfo=datetime.timezone.utc),
 'httpcompression/response_bytes': 1973668,
 'httpcompression/response_count': 19,
 'log_count/DEBUG': 332,
 'log_count/ERROR': 9,
 'log_count/INFO': 47,
 'log_count/WARNING': 2,
 'memusage/max': 112263168,
 'memusage/startup': 112263168,
 'request_depth_max': 2,
 'response_received_count': 27,
 "robotstxt/exception_count/<class 'idna.core.IDNAError'>": 1,
 'robotstxt/request_count': 6,
 'robotstxt/response_count': 5,
 'robotstxt/response_status_count/200': 4,
 'robotstxt/response_status_count/301': 1,
 'scheduler/dequeued': 23,
 'scheduler/dequeued/memory': 23,
 'scheduler/enqueued': 23,
 'scheduler/enqueued/memory': 23,
 'start_time': datetime.datetime(2023, 10, 23, 5, 4, 59, 235943, tzinfo=datetime.timezone.utc)}[0m
[32m2023-10-23 01:05:06 INFO (MainThread) [scrapy.core.engine] Spider closed (finished)[0m
[32m2023-10-23 01:05:06 INFO (MainThread) [website_downloader] ----Time taken in seconds----:7.539863586425781[0m
[32m2023-10-23 01:05:06 INFO (MainThread) [scrapy.utils.log] Scrapy 2.11.0 started (bot: scrapybot)[0m
[32m2023-10-23 01:05:06 INFO (MainThread) [scrapy.utils.log] Versions: lxml 4.9.3.0, libxml2 2.10.3, cssselect 1.2.0, parsel 1.8.1, w3lib 2.1.2, Twisted 22.10.0, Python 3.10.12 (main, Jun 11 2023, 05:26:28) [GCC 11.4.0], pyOpenSSL 23.2.0 (OpenSSL 3.1.3 19 Sep 2023), cryptography 41.0.4, Platform Linux-5.15.90.1-microsoft-standard-WSL2-x86_64-with-glibc2.35[0m
[32m2023-10-23 01:05:06 INFO (MainThread) [scrapy.addons] Enabled addons:
[][0m
[33m2023-10-23 01:05:06 WARNING (MainThread) [py.warnings] /home/js/.local/lib/python3.10/site-packages/scrapy/utils/request.py:254: ScrapyDeprecationWarning: '2.6' is a deprecated value for the 'REQUEST_FINGERPRINTER_IMPLEMENTATION' setting.

It is also the default value. In other words, it is normal to get this warning if you have not defined a value for the 'REQUEST_FINGERPRINTER_IMPLEMENTATION' setting. This is so for backward compatibility reasons, but it will change in a future version of Scrapy.

See the documentation of the 'REQUEST_FINGERPRINTER_IMPLEMENTATION' setting for information on how to handle this deprecation.
  return cls(crawler)
[0m
[36m2023-10-23 01:05:06 DEBUG (MainThread) [scrapy.utils.log] Using reactor: twisted.internet.epollreactor.EPollReactor[0m
[32m2023-10-23 01:05:06 INFO (MainThread) [scrapy.extensions.telnet] Telnet Password: 9b4908c8054bff06[0m
[32m2023-10-23 01:05:06 INFO (MainThread) [scrapy.middleware] Enabled extensions:
['scrapy.extensions.corestats.CoreStats',
 'scrapy.extensions.telnet.TelnetConsole',
 'scrapy.extensions.memusage.MemoryUsage',
 'scrapy.extensions.logstats.LogStats'][0m
[32m2023-10-23 01:05:06 INFO (MainThread) [scrapy.crawler] Overridden settings:
{'CONCURRENT_REQUESTS_PER_DOMAIN': 1,
 'DEPTH_PRIORITY': 1,
 'DOWNLOAD_DELAY': 0.5,
 'DOWNLOAD_TIMEOUT': 20,
 'ROBOTSTXT_OBEY': True,
 'SCHEDULER_DISK_QUEUE': 'scrapy.squeues.PickleFifoDiskQueue',
 'SCHEDULER_MEMORY_QUEUE': 'scrapy.squeues.FifoMemoryQueue'}[0m
[33m2023-10-23 01:05:06 WARNING (MainThread) [scrapy.middleware] Disabled scrapy_selenium.SeleniumMiddleware: SELENIUM_DRIVER_NAME and SELENIUM_DRIVER_EXECUTABLE_PATH must be set[0m
[32m2023-10-23 01:05:06 INFO (MainThread) [scrapy.middleware] Enabled downloader middlewares:
['scrapy.downloadermiddlewares.robotstxt.RobotsTxtMiddleware',
 'scrapy.downloadermiddlewares.httpauth.HttpAuthMiddleware',
 'scrapy.downloadermiddlewares.downloadtimeout.DownloadTimeoutMiddleware',
 'scrapy.downloadermiddlewares.defaultheaders.DefaultHeadersMiddleware',
 'scrapy.downloadermiddlewares.useragent.UserAgentMiddleware',
 'scrapy.downloadermiddlewares.retry.RetryMiddleware',
 'scrapy.downloadermiddlewares.redirect.MetaRefreshMiddleware',
 'scrapy.downloadermiddlewares.httpcompression.HttpCompressionMiddleware',
 'scrapy.downloadermiddlewares.redirect.RedirectMiddleware',
 'scrapy.downloadermiddlewares.cookies.CookiesMiddleware',
 'scrapy.downloadermiddlewares.httpproxy.HttpProxyMiddleware',
 'scrapy.downloadermiddlewares.stats.DownloaderStats'][0m
[32m2023-10-23 01:05:06 INFO (MainThread) [scrapy.middleware] Enabled spider middlewares:
['scrapy.spidermiddlewares.httperror.HttpErrorMiddleware',
 'scrapy.spidermiddlewares.offsite.OffsiteMiddleware',
 'scrapy.spidermiddlewares.referer.RefererMiddleware',
 'scrapy.spidermiddlewares.urllength.UrlLengthMiddleware',
 'scrapy.spidermiddlewares.depth.DepthMiddleware'][0m
[32m2023-10-23 01:05:06 INFO (MainThread) [scrapy.middleware] Enabled item pipelines:
[][0m
[32m2023-10-23 01:05:06 INFO (MainThread) [scrapy.core.engine] Spider opened[0m
[32m2023-10-23 01:05:06 INFO (MainThread) [scrapy.extensions.logstats] Crawled 0 pages (at 0 pages/min), scraped 0 items (at 0 items/min)[0m
[32m2023-10-23 01:05:06 INFO (MainThread) [scrapy.extensions.telnet] Telnet console listening on 127.0.0.1:6023[0m
