[36m2023-10-05 15:14:27 DEBUG (MainThread) [utils] Chromedriver not found. Downloading and installing at chromedriver[0m
[33m2023-10-05 15:15:18 WARNING (MainThread) [chromedriver.installer.utils] Can not find chromedriver for currently installed chrome version.[0m
[36m2023-10-05 15:15:18 DEBUG (MainThread) [root] Can not download chromedriver.[0m
[31m2023-10-05 15:15:18 ERROR (MainThread) [utils] Chromedriver setup failed. Download the proper chromedriver file at chromedriver[0m
[31m2023-10-05 15:15:18 ERROR (MainThread) [website_downloader] Error setting up selenium..[0m
[32m2023-10-05 15:15:18 INFO (MainThread) [privacy_policy_analyzer] Starting privacy policy presence analysis.[0m
[36m2023-10-05 15:15:18 DEBUG (MainThread) [privacy_policy_analyzer] Working on Madelyn "Mady" Rodriguez, active_delegate[0m
[36m2023-10-05 15:15:18 DEBUG (MainThread) [privacy_policy_analyzer] Working on Alfonso H. Lopez, active_delegate[0m
[36m2023-10-05 15:15:18 DEBUG (MainThread) [privacy_policy_analyzer] Working on James A. Thomas Jr., active_delegate[0m
[36m2023-10-05 15:15:18 DEBUG (MainThread) [privacy_policy_analyzer] Working on Marcus T. Evans, active_delegate[0m
[32m2023-10-05 15:15:18 INFO (MainThread) [privacy_policy_analyzer] Privacy Policy presence analysis completed. Results at results/privacy_policy_result.json..[0m
[32m2023-10-05 15:15:18 INFO (MainThread) [link_extractor] Starting link_extractor[0m
[36m2023-10-05 15:15:18 DEBUG (MainThread) [link_extractor] Working on Madelyn "Mady" Rodriguez,active_delegate[0m
[36m2023-10-05 15:15:18 DEBUG (MainThread) [link_extractor] 0 inbound links, 0 outbound links[0m
[36m2023-10-05 15:15:18 DEBUG (MainThread) [link_extractor] Working on Alfonso H. Lopez,active_delegate[0m
[36m2023-10-05 15:15:18 DEBUG (MainThread) [link_extractor] 0 inbound links, 0 outbound links[0m
[36m2023-10-05 15:15:18 DEBUG (MainThread) [link_extractor] Working on James A. Thomas Jr.,active_delegate[0m
[36m2023-10-05 15:15:18 DEBUG (MainThread) [link_extractor] 0 inbound links, 0 outbound links[0m
[36m2023-10-05 15:15:18 DEBUG (MainThread) [link_extractor] Working on Marcus T. Evans,active_delegate[0m
[36m2023-10-05 15:15:18 DEBUG (MainThread) [link_extractor] 0 inbound links, 0 outbound links[0m
[32m2023-10-05 15:15:18 INFO (MainThread) [link_extractor] Completed link_extractor![0m
[32m2023-10-05 15:15:18 INFO (MainThread) [form_extractor] Starting form_extractor[0m
[36m2023-10-05 15:15:18 DEBUG (MainThread) [form_extractor] Working on Madelyn "Mady" Rodriguez,active_delegate[0m
[36m2023-10-05 15:15:18 DEBUG (MainThread) [form_extractor] extracted fields for Madelyn "Mady" Rodriguez-active_delegate:[][0m
[36m2023-10-05 15:15:18 DEBUG (MainThread) [form_extractor] Working on Alfonso H. Lopez,active_delegate[0m
[36m2023-10-05 15:15:18 DEBUG (MainThread) [form_extractor] extracted fields for Alfonso H. Lopez-active_delegate:[][0m
[36m2023-10-05 15:15:18 DEBUG (MainThread) [form_extractor] Working on James A. Thomas Jr.,active_delegate[0m
[36m2023-10-05 15:15:18 DEBUG (MainThread) [form_extractor] extracted fields for James A. Thomas Jr.-active_delegate:[][0m
[36m2023-10-05 15:15:18 DEBUG (MainThread) [form_extractor] Working on Marcus T. Evans,active_delegate[0m
[36m2023-10-05 15:15:18 DEBUG (MainThread) [form_extractor] extracted fields for Marcus T. Evans-active_delegate:[][0m
[32m2023-10-05 15:15:18 INFO (MainThread) [form_extractor] Completed form_extractor![0m
