[32m2023-10-23 01:28:36 INFO (MainThread) [website_downloader] Download already completed[0m
[32m2023-10-23 01:28:36 INFO (MainThread) [privacy_policy_analyzer] Starting privacy policy presence analysis.[0m
[36m2023-10-23 01:28:36 DEBUG (MainThread) [privacy_policy_analyzer] Working on RichardCRipSullivanJr, House[0m
[36m2023-10-23 01:28:36 DEBUG (MainThread) [privacy_policy_analyzer] Working on KarenAKeys-Gamarra, House[0m
[36m2023-10-23 01:28:36 DEBUG (MainThread) [privacy_policy_analyzer] Working on NhanCHuynh, House[0m
[36m2023-10-23 01:28:36 DEBUG (MainThread) [privacy_policy_analyzer] Working on VictoriaALuevanos, Senate[0m
[36m2023-10-23 01:28:36 DEBUG (MainThread) [privacy_policy_analyzer] Working on WilliamRBillDeSteph, Senate[0m
[36m2023-10-23 01:28:36 DEBUG (MainThread) [privacy_policy_analyzer] Working on AngeliaWilliamsGraves, Senate[0m
[36m2023-10-23 01:28:36 DEBUG (MainThread) [privacy_policy_analyzer] Working on AaronRRouse, Senate[0m
[36m2023-10-23 01:28:36 DEBUG (MainThread) [privacy_policy_analyzer] Working on KevinHAdams, Senate[0m
[32m2023-10-23 01:28:36 INFO (MainThread) [privacy_policy_analyzer] Privacy Policy presence analysis completed. Results at results/privacy_policy_result.json..[0m
[32m2023-10-23 01:28:36 INFO (MainThread) [link_extractor] Starting link_extractor[0m
[36m2023-10-23 01:28:36 DEBUG (MainThread) [link_extractor] Working on RichardCRipSullivanJr,House[0m
[36m2023-10-23 01:28:36 DEBUG (MainThread) [link_extractor] 0 inbound links, 0 outbound links[0m
[36m2023-10-23 01:28:36 DEBUG (MainThread) [link_extractor] Working on KarenAKeys-Gamarra,House[0m
[36m2023-10-23 01:28:36 DEBUG (MainThread) [link_extractor] 0 inbound links, 0 outbound links[0m
[36m2023-10-23 01:28:36 DEBUG (MainThread) [link_extractor] Working on NhanCHuynh,House[0m
[36m2023-10-23 01:28:36 DEBUG (MainThread) [link_extractor] 0 inbound links, 0 outbound links[0m
[36m2023-10-23 01:28:36 DEBUG (MainThread) [link_extractor] Working on VictoriaALuevanos,Senate[0m
[36m2023-10-23 01:28:36 DEBUG (MainThread) [link_extractor] 0 inbound links, 0 outbound links[0m
[36m2023-10-23 01:28:36 DEBUG (MainThread) [link_extractor] Working on WilliamRBillDeSteph,Senate[0m
[36m2023-10-23 01:28:36 DEBUG (MainThread) [link_extractor] 0 inbound links, 0 outbound links[0m
[36m2023-10-23 01:28:36 DEBUG (MainThread) [link_extractor] Working on AngeliaWilliamsGraves,Senate[0m
[36m2023-10-23 01:28:36 DEBUG (MainThread) [link_extractor] 0 inbound links, 0 outbound links[0m
[36m2023-10-23 01:28:36 DEBUG (MainThread) [link_extractor] Working on AaronRRouse,Senate[0m
[36m2023-10-23 01:28:36 DEBUG (MainThread) [link_extractor] 0 inbound links, 0 outbound links[0m
[36m2023-10-23 01:28:36 DEBUG (MainThread) [link_extractor] Working on KevinHAdams,Senate[0m
[36m2023-10-23 01:28:36 DEBUG (MainThread) [link_extractor] 0 inbound links, 0 outbound links[0m
[32m2023-10-23 01:28:36 INFO (MainThread) [link_extractor] Completed link_extractor![0m
[32m2023-10-23 01:28:36 INFO (MainThread) [form_extractor] Starting form_extractor[0m
[36m2023-10-23 01:28:36 DEBUG (MainThread) [form_extractor] Working on RichardCRipSullivanJr,House[0m
[36m2023-10-23 01:28:36 DEBUG (MainThread) [form_extractor] extracted fields for RichardCRipSullivanJr-House:[][0m
[36m2023-10-23 01:28:36 DEBUG (MainThread) [form_extractor] Working on KarenAKeys-Gamarra,House[0m
[36m2023-10-23 01:28:36 DEBUG (MainThread) [form_extractor] extracted fields for KarenAKeys-Gamarra-House:[][0m
[36m2023-10-23 01:28:36 DEBUG (MainThread) [form_extractor] Working on NhanCHuynh,House[0m
[36m2023-10-23 01:28:36 DEBUG (MainThread) [form_extractor] extracted fields for NhanCHuynh-House:[][0m
[36m2023-10-23 01:28:36 DEBUG (MainThread) [form_extractor] Working on VictoriaALuevanos,Senate[0m
[36m2023-10-23 01:28:36 DEBUG (MainThread) [form_extractor] extracted fields for VictoriaALuevanos-Senate:[][0m
[36m2023-10-23 01:28:36 DEBUG (MainThread) [form_extractor] Working on WilliamRBillDeSteph,Senate[0m
[36m2023-10-23 01:28:36 DEBUG (MainThread) [form_extractor] extracted fields for WilliamRBillDeSteph-Senate:[][0m
[36m2023-10-23 01:28:36 DEBUG (MainThread) [form_extractor] Working on AngeliaWilliamsGraves,Senate[0m
[36m2023-10-23 01:28:36 DEBUG (MainThread) [form_extractor] extracted fields for AngeliaWilliamsGraves-Senate:[][0m
[36m2023-10-23 01:28:36 DEBUG (MainThread) [form_extractor] Working on AaronRRouse,Senate[0m
[36m2023-10-23 01:28:36 DEBUG (MainThread) [form_extractor] extracted fields for AaronRRouse-Senate:[][0m
[36m2023-10-23 01:28:36 DEBUG (MainThread) [form_extractor] Working on KevinHAdams,Senate[0m
[36m2023-10-23 01:28:36 DEBUG (MainThread) [form_extractor] extracted fields for KevinHAdams-Senate:[][0m
[32m2023-10-23 01:28:36 INFO (MainThread) [form_extractor] Completed form_extractor![0m
