[32m2023-10-23 15:32:34 INFO (MainThread) [website_downloader] Download already completed[0m
[32m2023-10-23 15:32:34 INFO (MainThread) [privacy_policy_analyzer] Starting privacy policy presence analysis.[0m
[36m2023-10-23 15:32:34 DEBUG (MainThread) [privacy_policy_analyzer] Working on NhanCHuynh, House[0m
[36m2023-10-23 15:32:34 DEBUG (MainThread) [privacy_policy_analyzer] Working on DanIHelmer, House[0m
[36m2023-10-23 15:32:34 DEBUG (MainThread) [privacy_policy_analyzer] Skipping html/House/DanIHelmer/pdfs as it is a directory.[0m
[36m2023-10-23 15:32:34 DEBUG (MainThread) [privacy_policy_analyzer] Working on JamesAThomasJr, House[0m
[36m2023-10-23 15:32:34 DEBUG (MainThread) [privacy_policy_analyzer] Skipping html/House/JamesAThomasJr/pdfs as it is a directory.[0m
[36m2023-10-23 15:32:34 DEBUG (MainThread) [privacy_policy_analyzer] Working on BillCWoolfIII, Senate[0m
[36m2023-10-23 15:32:34 DEBUG (MainThread) [privacy_policy_analyzer] Privacy policy link using keyword privacy: {'Privacy Policy': 'https://www.woolf4va.com/privacy-policy'} in html/Senate/BillCWoolfIII/www.woolf4va.com|about16980895300141995[0m
[36m2023-10-23 15:32:34 DEBUG (MainThread) [privacy_policy_analyzer] Privacy policy link using keyword policy: {'Privacy Policy': 'https://www.woolf4va.com/privacy-policy'} in html/Senate/BillCWoolfIII/www.woolf4va.com|about16980895300141995[0m
[36m2023-10-23 15:32:34 DEBUG (MainThread) [privacy_policy_analyzer] Privacy policy link using keyword terms: {'Terms &\xa0Conditions': 'https://www.woolf4va.com/terms-conditions'} in html/Senate/BillCWoolfIII/www.woolf4va.com|about16980895300141995[0m
[36m2023-10-23 15:32:34 DEBUG (MainThread) [privacy_policy_analyzer] Privacy policy link using keyword conditions: {'Terms &\xa0Conditions': 'https://www.woolf4va.com/terms-conditions'} in html/Senate/BillCWoolfIII/www.woolf4va.com|about16980895300141995[0m
[36m2023-10-23 15:32:34 DEBUG (MainThread) [privacy_policy_analyzer] Privacy policy link using keyword privacy: {'Privacy Policy': 'https://www.woolf4va.com/privacy-policy'} in html/Senate/BillCWoolfIII/www.woolf4va.com|vote16980895320175369[0m
[36m2023-10-23 15:32:34 DEBUG (MainThread) [privacy_policy_analyzer] Privacy policy link using keyword policy: {'Privacy Policy': 'https://www.woolf4va.com/privacy-policy'} in html/Senate/BillCWoolfIII/www.woolf4va.com|vote16980895320175369[0m
[36m2023-10-23 15:32:34 DEBUG (MainThread) [privacy_policy_analyzer] Privacy policy link using keyword terms: {'Terms &\xa0Conditions': 'https://www.woolf4va.com/terms-conditions'} in html/Senate/BillCWoolfIII/www.woolf4va.com|vote16980895320175369[0m
[36m2023-10-23 15:32:34 DEBUG (MainThread) [privacy_policy_analyzer] Privacy policy link using keyword conditions: {'Terms &\xa0Conditions': 'https://www.woolf4va.com/terms-conditions'} in html/Senate/BillCWoolfIII/www.woolf4va.com|vote16980895320175369[0m
[36m2023-10-23 15:32:34 DEBUG (MainThread) [privacy_policy_analyzer] Privacy policy link using keyword privacy: {'Privacy Policy': 'https://www.woolf4va.com/privacy-policy'} in html/Senate/BillCWoolfIII/www.woolf4va.com|privacy-policy1698089534179965[0m
[36m2023-10-23 15:32:34 DEBUG (MainThread) [privacy_policy_analyzer] Privacy policy link using keyword policy: {'Privacy Policy': 'https://www.woolf4va.com/privacy-policy'} in html/Senate/BillCWoolfIII/www.woolf4va.com|privacy-policy1698089534179965[0m
[36m2023-10-23 15:32:34 DEBUG (MainThread) [privacy_policy_analyzer] Privacy policy link using keyword terms: {'Terms &\xa0Conditions': 'https://www.woolf4va.com/terms-conditions'} in html/Senate/BillCWoolfIII/www.woolf4va.com|privacy-policy1698089534179965[0m
[36m2023-10-23 15:32:34 DEBUG (MainThread) [privacy_policy_analyzer] Privacy policy link using keyword conditions: {'Terms &\xa0Conditions': 'https://www.woolf4va.com/terms-conditions'} in html/Senate/BillCWoolfIII/www.woolf4va.com|privacy-policy1698089534179965[0m
[36m2023-10-23 15:32:34 DEBUG (MainThread) [privacy_policy_analyzer] Skipping html/Senate/BillCWoolfIII/pdfs as it is a directory.[0m
[36m2023-10-23 15:32:34 DEBUG (MainThread) [privacy_policy_analyzer] Privacy policy link using keyword statement: {'Read the full statement here>>': 'https://us8.campaign-archive.com/?e=[UNIQID]&u=2ffbabc3c1a2e41c593cadaba&id=55c8a7596d'} in html/Senate/BillCWoolfIII/www.woolf4va.com|news16980895307364786[0m
[36m2023-10-23 15:32:34 DEBUG (MainThread) [privacy_policy_analyzer] Privacy policy link using keyword privacy: {'Privacy Policy': 'https://www.woolf4va.com/privacy-policy'} in html/Senate/BillCWoolfIII/www.woolf4va.com|news16980895307364786[0m
[36m2023-10-23 15:32:34 DEBUG (MainThread) [privacy_policy_analyzer] Privacy policy link using keyword policy: {'Privacy Policy': 'https://www.woolf4va.com/privacy-policy'} in html/Senate/BillCWoolfIII/www.woolf4va.com|news16980895307364786[0m
[36m2023-10-23 15:32:34 DEBUG (MainThread) [privacy_policy_analyzer] Privacy policy link using keyword terms: {'Terms &\xa0Conditions': 'https://www.woolf4va.com/terms-conditions'} in html/Senate/BillCWoolfIII/www.woolf4va.com|news16980895307364786[0m
[36m2023-10-23 15:32:34 DEBUG (MainThread) [privacy_policy_analyzer] Privacy policy link using keyword conditions: {'Terms &\xa0Conditions': 'https://www.woolf4va.com/terms-conditions'} in html/Senate/BillCWoolfIII/www.woolf4va.com|news16980895307364786[0m
[36m2023-10-23 15:32:34 DEBUG (MainThread) [privacy_policy_analyzer] Privacy policy link using keyword privacy: {'Privacy Policy': 'https://www.woolf4va.com/privacy-policy'} in html/Senate/BillCWoolfIII/www.woolf4va.com|join-team-woolf1698089532776532[0m
[36m2023-10-23 15:32:34 DEBUG (MainThread) [privacy_policy_analyzer] Privacy policy link using keyword policy: {'Privacy Policy': 'https://www.woolf4va.com/privacy-policy'} in html/Senate/BillCWoolfIII/www.woolf4va.com|join-team-woolf1698089532776532[0m
[36m2023-10-23 15:32:34 DEBUG (MainThread) [privacy_policy_analyzer] Privacy policy link using keyword terms: {'Terms &\xa0Conditions': 'https://www.woolf4va.com/terms-conditions'} in html/Senate/BillCWoolfIII/www.woolf4va.com|join-team-woolf1698089532776532[0m
[36m2023-10-23 15:32:34 DEBUG (MainThread) [privacy_policy_analyzer] Privacy policy link using keyword conditions: {'Terms &\xa0Conditions': 'https://www.woolf4va.com/terms-conditions'} in html/Senate/BillCWoolfIII/www.woolf4va.com|join-team-woolf1698089532776532[0m
[36m2023-10-23 15:32:34 DEBUG (MainThread) [privacy_policy_analyzer] Privacy policy link using keyword privacy: {'Privacy Policy': 'https://www.woolf4va.com/privacy-policy'} in html/Senate/BillCWoolfIII/www.woolf4va.com|district-30-plan16980895314046602[0m
[36m2023-10-23 15:32:34 DEBUG (MainThread) [privacy_policy_analyzer] Privacy policy link using keyword policy: {'Privacy Policy': 'https://www.woolf4va.com/privacy-policy'} in html/Senate/BillCWoolfIII/www.woolf4va.com|district-30-plan16980895314046602[0m
[36m2023-10-23 15:32:34 DEBUG (MainThread) [privacy_policy_analyzer] Privacy policy link using keyword terms: {'Terms &\xa0Conditions': 'https://www.woolf4va.com/terms-conditions'} in html/Senate/BillCWoolfIII/www.woolf4va.com|district-30-plan16980895314046602[0m
[36m2023-10-23 15:32:34 DEBUG (MainThread) [privacy_policy_analyzer] Privacy policy link using keyword conditions: {'Terms &\xa0Conditions': 'https://www.woolf4va.com/terms-conditions'} in html/Senate/BillCWoolfIII/www.woolf4va.com|district-30-plan16980895314046602[0m
[36m2023-10-23 15:32:34 DEBUG (MainThread) [privacy_policy_analyzer] Privacy policy link using keyword privacy: {'Privacy Policy': 'https://www.woolf4va.com/privacy-policy'} in html/Senate/BillCWoolfIII/www.woolf4va.com|endorsements16980895334573603[0m
[36m2023-10-23 15:32:34 DEBUG (MainThread) [privacy_policy_analyzer] Privacy policy link using keyword policy: {'Privacy Policy': 'https://www.woolf4va.com/privacy-policy'} in html/Senate/BillCWoolfIII/www.woolf4va.com|endorsements16980895334573603[0m
[36m2023-10-23 15:32:34 DEBUG (MainThread) [privacy_policy_analyzer] Privacy policy link using keyword terms: {'Terms &\xa0Conditions': 'https://www.woolf4va.com/terms-conditions'} in html/Senate/BillCWoolfIII/www.woolf4va.com|endorsements16980895334573603[0m
[36m2023-10-23 15:32:34 DEBUG (MainThread) [privacy_policy_analyzer] Privacy policy link using keyword conditions: {'Terms &\xa0Conditions': 'https://www.woolf4va.com/terms-conditions'} in html/Senate/BillCWoolfIII/www.woolf4va.com|endorsements16980895334573603[0m
[36m2023-10-23 15:32:34 DEBUG (MainThread) [privacy_policy_analyzer] Privacy policy link using keyword privacy: {'Privacy Policy': 'https://www.woolf4va.com/privacy-policy'} in html/Senate/BillCWoolfIII/www.woolf4va.com|terms-conditions16980895347801917[0m
[36m2023-10-23 15:32:34 DEBUG (MainThread) [privacy_policy_analyzer] Privacy policy link using keyword policy: {'Privacy Policy': 'https://www.woolf4va.com/privacy-policy'} in html/Senate/BillCWoolfIII/www.woolf4va.com|terms-conditions16980895347801917[0m
[36m2023-10-23 15:32:34 DEBUG (MainThread) [privacy_policy_analyzer] Privacy policy link using keyword terms: {'Terms &\xa0Conditions': 'https://www.woolf4va.com/terms-conditions'} in html/Senate/BillCWoolfIII/www.woolf4va.com|terms-conditions16980895347801917[0m
[36m2023-10-23 15:32:34 DEBUG (MainThread) [privacy_policy_analyzer] Privacy policy link using keyword conditions: {'Terms &\xa0Conditions': 'https://www.woolf4va.com/terms-conditions'} in html/Senate/BillCWoolfIII/www.woolf4va.com|terms-conditions16980895347801917[0m
[36m2023-10-23 15:32:34 DEBUG (MainThread) [privacy_policy_analyzer] Privacy policy link using keyword privacy: {'Privacy Policy': 'https://www.woolf4va.com/privacy-policy'} in html/Senate/BillCWoolfIII/www.woolf4va.comWoolf_for_VA1698089529331632[0m
[36m2023-10-23 15:32:34 DEBUG (MainThread) [privacy_policy_analyzer] Privacy policy link using keyword policy: {'Privacy Policy': 'https://www.woolf4va.com/privacy-policy'} in html/Senate/BillCWoolfIII/www.woolf4va.comWoolf_for_VA1698089529331632[0m
[36m2023-10-23 15:32:34 DEBUG (MainThread) [privacy_policy_analyzer] Privacy policy link using keyword terms: {'Terms &\xa0Conditions': 'https://www.woolf4va.com/terms-conditions'} in html/Senate/BillCWoolfIII/www.woolf4va.comWoolf_for_VA1698089529331632[0m
[36m2023-10-23 15:32:34 DEBUG (MainThread) [privacy_policy_analyzer] Privacy policy link using keyword conditions: {'Terms &\xa0Conditions': 'https://www.woolf4va.com/terms-conditions'} in html/Senate/BillCWoolfIII/www.woolf4va.comWoolf_for_VA1698089529331632[0m
[36m2023-10-23 15:32:34 DEBUG (MainThread) [privacy_policy_analyzer] Working on RussetWPerry, Senate[0m
[36m2023-10-23 15:32:34 DEBUG (MainThread) [privacy_policy_analyzer] Privacy policy link using keyword privacy: {'Privacy Policy': 'https://policies.google.com/privacy'} in html/Senate/RussetWPerry/russetperry.comVirginia_Senate_-_Russet_Perry_for_Senate1698089529181084[0m
[36m2023-10-23 15:32:34 DEBUG (MainThread) [privacy_policy_analyzer] Privacy policy link using keyword policy: {'Privacy Policy': 'https://policies.google.com/privacy'} in html/Senate/RussetWPerry/russetperry.comVirginia_Senate_-_Russet_Perry_for_Senate1698089529181084[0m
[36m2023-10-23 15:32:34 DEBUG (MainThread) [privacy_policy_analyzer] Privacy policy link using keyword terms: {'Terms of Service': 'https://policies.google.com/terms'} in html/Senate/RussetWPerry/russetperry.comVirginia_Senate_-_Russet_Perry_for_Senate1698089529181084[0m
[36m2023-10-23 15:32:34 DEBUG (MainThread) [privacy_policy_analyzer] Skipping html/Senate/RussetWPerry/pdfs as it is a directory.[0m
[36m2023-10-23 15:32:34 DEBUG (MainThread) [privacy_policy_analyzer] Working on DavidAHenshaw, Senate[0m
[36m2023-10-23 15:32:34 DEBUG (MainThread) [privacy_policy_analyzer] Privacy policy link using keyword privacy: {'Privacy Policy': 'https://www.henshaw4va.com/privacy/'} in html/Senate/DavidAHenshaw/www.henshaw4va.com|about|16980895322171345[0m
[36m2023-10-23 15:32:34 DEBUG (MainThread) [privacy_policy_analyzer] Privacy policy link using keyword policy: {'Privacy Policy': 'https://www.henshaw4va.com/privacy/'} in html/Senate/DavidAHenshaw/www.henshaw4va.com|about|16980895322171345[0m
[36m2023-10-23 15:32:34 DEBUG (MainThread) [privacy_policy_analyzer] Privacy policy link using keyword privacy: {'Privacy Policy': 'https://www.henshaw4va.com/privacy/'} in html/Senate/DavidAHenshaw/www.henshaw4va.com|privacy|16980895347206995[0m
[36m2023-10-23 15:32:34 DEBUG (MainThread) [privacy_policy_analyzer] Privacy policy link using keyword policy: {'Privacy Policy': 'https://www.henshaw4va.com/privacy/'} in html/Senate/DavidAHenshaw/www.henshaw4va.com|privacy|16980895347206995[0m
[36m2023-10-23 15:32:34 DEBUG (MainThread) [privacy_policy_analyzer] Skipping html/Senate/DavidAHenshaw/pdfs as it is a directory.[0m
[36m2023-10-23 15:32:34 DEBUG (MainThread) [privacy_policy_analyzer] Privacy policy link using keyword privacy: {'Privacy Policy': 'https://www.henshaw4va.com/privacy/'} in html/Senate/DavidAHenshaw/www.henshaw4va.com|issues|16980895330666935[0m
[36m2023-10-23 15:32:34 DEBUG (MainThread) [privacy_policy_analyzer] Privacy policy link using keyword policy: {'Privacy Policy': 'https://www.henshaw4va.com/privacy/'} in html/Senate/DavidAHenshaw/www.henshaw4va.com|issues|16980895330666935[0m
[36m2023-10-23 15:32:34 DEBUG (MainThread) [privacy_policy_analyzer] Privacy policy link using keyword privacy: {'Privacy Policy': 'https://www.henshaw4va.com/privacy/'} in html/Senate/DavidAHenshaw/www.henshaw4va.com|volunteer|16980895338853767[0m
[36m2023-10-23 15:32:34 DEBUG (MainThread) [privacy_policy_analyzer] Privacy policy link using keyword policy: {'Privacy Policy': 'https://www.henshaw4va.com/privacy/'} in html/Senate/DavidAHenshaw/www.henshaw4va.com|volunteer|16980895338853767[0m
[36m2023-10-23 15:32:34 DEBUG (MainThread) [privacy_policy_analyzer] Privacy policy link using keyword privacy: {'Privacy Policy': 'https://www.henshaw4va.com/privacy/'} in html/Senate/DavidAHenshaw/www.henshaw4va.comDavid_Henshaw_for_Virginia_Senate16980895309788299[0m
[36m2023-10-23 15:32:34 DEBUG (MainThread) [privacy_policy_analyzer] Privacy policy link using keyword policy: {'Privacy Policy': 'https://www.henshaw4va.com/privacy/'} in html/Senate/DavidAHenshaw/www.henshaw4va.comDavid_Henshaw_for_Virginia_Senate16980895309788299[0m
[32m2023-10-23 15:32:34 INFO (MainThread) [privacy_policy_analyzer] Privacy Policy presence analysis completed. Results at results/privacy_policy_result.json..[0m
[32m2023-10-23 15:32:34 INFO (MainThread) [link_extractor] Starting link_extractor[0m
[36m2023-10-23 15:32:34 DEBUG (MainThread) [link_extractor] Working on NhanCHuynh,House[0m
[36m2023-10-23 15:32:34 DEBUG (MainThread) [link_extractor] 0 inbound links, 0 outbound links[0m
[36m2023-10-23 15:32:34 DEBUG (MainThread) [link_extractor] Working on DanIHelmer,House[0m
[36m2023-10-23 15:32:34 DEBUG (MainThread) [link_extractor] Skipping html/House/DanIHelmer/pdfs as it is a directory.[0m
[36m2023-10-23 15:32:34 DEBUG (MainThread) [link_extractor] 0 inbound links, 0 outbound links[0m
[36m2023-10-23 15:32:34 DEBUG (MainThread) [link_extractor] Working on JamesAThomasJr,House[0m
[36m2023-10-23 15:32:34 DEBUG (MainThread) [filelock] Attempting to acquire lock 140561018693824 on /home/js/.cache/python-tldextract/3.10.12.final__usr__7d8fdf__tldextract-3.6.0/publicsuffix.org-tlds/de84b5ca2167d4c83e38fb162f2e8738.tldextract.json.lock[0m
[36m2023-10-23 15:32:34 DEBUG (MainThread) [filelock] Lock 140561018693824 acquired on /home/js/.cache/python-tldextract/3.10.12.final__usr__7d8fdf__tldextract-3.6.0/publicsuffix.org-tlds/de84b5ca2167d4c83e38fb162f2e8738.tldextract.json.lock[0m
[36m2023-10-23 15:32:34 DEBUG (MainThread) [filelock] Attempting to release lock 140561018693824 on /home/js/.cache/python-tldextract/3.10.12.final__usr__7d8fdf__tldextract-3.6.0/publicsuffix.org-tlds/de84b5ca2167d4c83e38fb162f2e8738.tldextract.json.lock[0m
[36m2023-10-23 15:32:34 DEBUG (MainThread) [filelock] Lock 140561018693824 released on /home/js/.cache/python-tldextract/3.10.12.final__usr__7d8fdf__tldextract-3.6.0/publicsuffix.org-tlds/de84b5ca2167d4c83e38fb162f2e8738.tldextract.json.lock[0m
[36m2023-10-23 15:32:34 DEBUG (MainThread) [link_extractor] Skipping html/House/JamesAThomasJr/pdfs as it is a directory.[0m
[36m2023-10-23 15:32:34 DEBUG (MainThread) [link_extractor] 40 inbound links, 14 outbound links[0m
[36m2023-10-23 15:32:34 DEBUG (MainThread) [link_extractor] Working on BillCWoolfIII,Senate[0m
[36m2023-10-23 15:32:34 DEBUG (MainThread) [link_extractor] Skipping html/Senate/BillCWoolfIII/pdfs as it is a directory.[0m
[36m2023-10-23 15:32:34 DEBUG (MainThread) [link_extractor] 81 inbound links, 44 outbound links[0m
[36m2023-10-23 15:32:34 DEBUG (MainThread) [link_extractor] Working on RussetWPerry,Senate[0m
[36m2023-10-23 15:32:35 DEBUG (MainThread) [link_extractor] Skipping html/Senate/RussetWPerry/pdfs as it is a directory.[0m
[36m2023-10-23 15:32:35 DEBUG (MainThread) [link_extractor] 453 inbound links, 212 outbound links[0m
[36m2023-10-23 15:32:35 DEBUG (MainThread) [link_extractor] Working on DavidAHenshaw,Senate[0m
[36m2023-10-23 15:32:35 DEBUG (MainThread) [link_extractor] Skipping html/Senate/DavidAHenshaw/pdfs as it is a directory.[0m
[36m2023-10-23 15:32:35 DEBUG (MainThread) [link_extractor] 32 inbound links, 15 outbound links[0m
[32m2023-10-23 15:32:35 INFO (MainThread) [link_extractor] Completed link_extractor![0m
[32m2023-10-23 15:32:35 INFO (MainThread) [form_extractor] Starting form_extractor[0m
[36m2023-10-23 15:32:35 DEBUG (MainThread) [form_extractor] Working on NhanCHuynh,House[0m
[36m2023-10-23 15:32:35 DEBUG (MainThread) [form_extractor] extracted fields for NhanCHuynh-House:[][0m
[36m2023-10-23 15:32:35 DEBUG (MainThread) [form_extractor] Working on DanIHelmer,House[0m
[36m2023-10-23 15:32:35 DEBUG (MainThread) [utils] Skipping html/House/DanIHelmer/pdfs as it is a directory.[0m
[36m2023-10-23 15:32:35 DEBUG (MainThread) [form_extractor] extracted fields for DanIHelmer-House:[][0m
[36m2023-10-23 15:32:35 DEBUG (MainThread) [form_extractor] Working on JamesAThomasJr,House[0m
[36m2023-10-23 15:32:35 DEBUG (MainThread) [form_extractor] extracted fields for JamesAThomasJr-House:[][0m
[36m2023-10-23 15:32:35 DEBUG (MainThread) [form_extractor] Working on BillCWoolfIII,Senate[0m
[36m2023-10-23 15:32:35 DEBUG (MainThread) [form_extractor] extracted fields for BillCWoolfIII-Senate:[][0m
[36m2023-10-23 15:32:35 DEBUG (MainThread) [form_extractor] Working on RussetWPerry,Senate[0m
[36m2023-10-23 15:32:35 DEBUG (MainThread) [form_extractor] extracted fields for RussetWPerry-Senate:[][0m
[36m2023-10-23 15:32:35 DEBUG (MainThread) [form_extractor] Working on DavidAHenshaw,Senate[0m
[36m2023-10-23 15:32:35 DEBUG (MainThread) [utils] Skipping html/Senate/DavidAHenshaw/pdfs as it is a directory.[0m
[36m2023-10-23 15:32:35 DEBUG (MainThread) [form_extractor] extracted fields for DavidAHenshaw-Senate:[][0m
[32m2023-10-23 15:32:35 INFO (MainThread) [form_extractor] Completed form_extractor![0m
