[32m2023-10-22 23:43:05 INFO (MainThread) [scrapy.utils.log] Scrapy 2.11.0 started (bot: scrapybot)[0m
[32m2023-10-22 23:43:05 INFO (MainThread) [scrapy.utils.log] Versions: lxml 4.9.3.0, libxml2 2.10.3, cssselect 1.2.0, parsel 1.8.1, w3lib 2.1.2, Twisted 22.10.0, Python 3.10.12 (main, Jun 11 2023, 05:26:28) [GCC 11.4.0], pyOpenSSL 23.2.0 (OpenSSL 3.1.3 19 Sep 2023), cryptography 41.0.4, Platform Linux-5.15.90.1-microsoft-standard-WSL2-x86_64-with-glibc2.35[0m
[32m2023-10-22 23:43:05 INFO (MainThread) [scrapy.addons] Enabled addons:
[][0m
[33m2023-10-22 23:43:05 WARNING (MainThread) [py.warnings] /home/js/.local/lib/python3.10/site-packages/scrapy/utils/request.py:254: ScrapyDeprecationWarning: '2.6' is a deprecated value for the 'REQUEST_FINGERPRINTER_IMPLEMENTATION' setting.

It is also the default value. In other words, it is normal to get this warning if you have not defined a value for the 'REQUEST_FINGERPRINTER_IMPLEMENTATION' setting. This is so for backward compatibility reasons, but it will change in a future version of Scrapy.

See the documentation of the 'REQUEST_FINGERPRINTER_IMPLEMENTATION' setting for information on how to handle this deprecation.
  return cls(crawler)
[0m
[36m2023-10-22 23:43:05 DEBUG (MainThread) [scrapy.utils.log] Using reactor: twisted.internet.epollreactor.EPollReactor[0m
[32m2023-10-22 23:43:05 INFO (MainThread) [scrapy.extensions.telnet] Telnet Password: d9d761fb6160ad42[0m
[32m2023-10-22 23:43:05 INFO (MainThread) [scrapy.middleware] Enabled extensions:
['scrapy.extensions.corestats.CoreStats',
 'scrapy.extensions.telnet.TelnetConsole',
 'scrapy.extensions.memusage.MemoryUsage',
 'scrapy.extensions.logstats.LogStats'][0m
[32m2023-10-22 23:43:05 INFO (MainThread) [scrapy.crawler] Overridden settings:
{'CONCURRENT_REQUESTS_PER_DOMAIN': 1,
 'DEPTH_PRIORITY': 1,
 'DOWNLOAD_DELAY': 0.5,
 'DOWNLOAD_TIMEOUT': 20,
 'ROBOTSTXT_OBEY': True,
 'SCHEDULER_DISK_QUEUE': 'scrapy.squeues.PickleFifoDiskQueue',
 'SCHEDULER_MEMORY_QUEUE': 'scrapy.squeues.FifoMemoryQueue'}[0m
[33m2023-10-22 23:43:05 WARNING (MainThread) [scrapy.middleware] Disabled scrapy_selenium.SeleniumMiddleware: SELENIUM_DRIVER_NAME and SELENIUM_DRIVER_EXECUTABLE_PATH must be set[0m
[32m2023-10-22 23:43:05 INFO (MainThread) [scrapy.middleware] Enabled downloader middlewares:
['scrapy.downloadermiddlewares.robotstxt.RobotsTxtMiddleware',
 'scrapy.downloadermiddlewares.httpauth.HttpAuthMiddleware',
 'scrapy.downloadermiddlewares.downloadtimeout.DownloadTimeoutMiddleware',
 'scrapy.downloadermiddlewares.defaultheaders.DefaultHeadersMiddleware',
 'scrapy.downloadermiddlewares.useragent.UserAgentMiddleware',
 'scrapy.downloadermiddlewares.retry.RetryMiddleware',
 'scrapy.downloadermiddlewares.redirect.MetaRefreshMiddleware',
 'scrapy.downloadermiddlewares.httpcompression.HttpCompressionMiddleware',
 'scrapy.downloadermiddlewares.redirect.RedirectMiddleware',
 'scrapy.downloadermiddlewares.cookies.CookiesMiddleware',
 'scrapy.downloadermiddlewares.httpproxy.HttpProxyMiddleware',
 'scrapy.downloadermiddlewares.stats.DownloaderStats'][0m
[32m2023-10-22 23:43:05 INFO (MainThread) [scrapy.middleware] Enabled spider middlewares:
['scrapy.spidermiddlewares.httperror.HttpErrorMiddleware',
 'scrapy.spidermiddlewares.offsite.OffsiteMiddleware',
 'scrapy.spidermiddlewares.referer.RefererMiddleware',
 'scrapy.spidermiddlewares.urllength.UrlLengthMiddleware',
 'scrapy.spidermiddlewares.depth.DepthMiddleware'][0m
[32m2023-10-22 23:43:05 INFO (MainThread) [scrapy.middleware] Enabled item pipelines:
[][0m
[32m2023-10-22 23:43:05 INFO (MainThread) [scrapy.core.engine] Spider opened[0m
[32m2023-10-22 23:43:05 INFO (MainThread) [scrapy.extensions.logstats] Crawled 0 pages (at 0 pages/min), scraped 0 items (at 0 items/min)[0m
[32m2023-10-22 23:43:05 INFO (MainThread) [scrapy.extensions.telnet] Telnet console listening on 127.0.0.1:6023[0m
[32m2023-10-22 23:43:05 INFO (MainThread) [__main__] ----------download started-----------[0m
[32m2023-10-22 23:43:05 INFO (MainThread) [__main__] Working on AngeliaWilliamsGraves->Senate->angeliawilliamsgraves.com[0m
[32m2023-10-22 23:43:05 INFO (MainThread) [__main__] Working on NhanCHuynh->House->huynhforvirginia.com[0m
[36m2023-10-22 23:43:05 DEBUG (MainThread) [scrapy.dupefilters] Filtered duplicate request: <GET https://> - no more duplicates will be shown (see DUPEFILTER_DEBUG to show all duplicates)[0m
[32m2023-10-22 23:43:05 INFO (MainThread) [__main__] Working on JessicaLAnderson->House->jessicaandersonforvirginia.com[0m
[32m2023-10-22 23:43:05 INFO (MainThread) [__main__] Working on SaraHRatcliffe->House->saraforva.com[0m
[32m2023-10-22 23:43:05 INFO (MainThread) [__main__] Working on TerryGKilgore->House->delegatekilgore.com[0m
[32m2023-10-22 23:43:05 INFO (MainThread) [__main__] Working on RachelALevy->House->rachelfordelegate.org[0m
[32m2023-10-22 23:43:05 INFO (MainThread) [__main__] Working on NicholasSOlenik->House->olenik.us[0m
[32m2023-10-22 23:43:05 INFO (MainThread) [__main__] Working on ChrisKHarnisch->House->chris4va.com[0m
[32m2023-10-22 23:43:05 INFO (MainThread) [__main__] Working on Michelle-AnnELopesMaldonado->House->michelle4va.com[0m
[32m2023-10-22 23:43:05 INFO (MainThread) [__main__] Working on DavidLOwen->House->votedavidowen.com[0m
[32m2023-10-22 23:43:05 INFO (MainThread) [__main__] Working on BonitaGraceAnthony->House->www.bonitaforva.com[0m
[32m2023-10-22 23:43:05 INFO (MainThread) [__main__] Working on JohnTStirrup->House->stirrupfordelegate.com[0m
[32m2023-10-22 23:43:05 INFO (MainThread) [__main__] Working on JenniferBBoysko->Senate->jenniferboysko.com[0m
[32m2023-10-22 23:43:05 INFO (MainThread) [__main__] Working on JeremySMcPike->Senate->www.mcpike4va.com[0m
[32m2023-10-22 23:43:05 INFO (MainThread) [__main__] Working on PatrickAHope->House->hopeforvirginia.org[0m
[32m2023-10-22 23:43:05 INFO (MainThread) [__main__] Working on KannanSrinivasan->House->kannanfordelegate.com[0m
[32m2023-10-22 23:43:05 INFO (MainThread) [__main__] Working on LeonardBLacey->House->laceyfordelegate.org[0m
[32m2023-10-22 23:43:05 INFO (MainThread) [__main__] Working on RobertLRobBanseJr->House->robbanse.com[0m
[32m2023-10-22 23:43:05 INFO (MainThread) [__main__] Working on GregoryJMoulthrop->Senate->gregmoulthrop.com[0m
[32m2023-10-22 23:43:05 INFO (MainThread) [__main__] Working on WilliamDBillWiley->House->electbillwiley.com[0m
[32m2023-10-22 23:43:05 INFO (MainThread) [__main__] Working on ACCordoza->House->cordozaforvirginia.com[0m
[32m2023-10-22 23:43:05 INFO (MainThread) [__main__] Working on CarrieEmersonCoyner->House->rudycoyner.com[0m
[32m2023-10-22 23:43:05 INFO (MainThread) [__main__] Working on KimberlyPopeAdams->House->kimadamsforva.com[0m
[32m2023-10-22 23:43:05 INFO (MainThread) [__main__] Working on NikkiNRattrayBaldwin->Senate->nikkibaldwin.com[0m
[32m2023-10-22 23:43:05 INFO (MainThread) [__main__] Working on MatthewJMattLang->Senate->www.langforva.com[0m
[32m2023-10-22 23:43:05 INFO (MainThread) [__main__] Working on AlexQAskew->House->alexaskew.com[0m
[32m2023-10-22 23:43:05 INFO (MainThread) [__main__] Working on JamesVTully->House->tullyforvirginia.com[0m
[32m2023-10-22 23:43:05 INFO (MainThread) [__main__] Working on BrianaDSewell->House->sewellfordelegate.com[0m
[32m2023-10-22 23:43:05 INFO (MainThread) [__main__] Working on MichaelJJones->House->mikejonesfordelegate.com[0m
[32m2023-10-22 23:43:05 INFO (MainThread) [__main__] Working on LamontBagby->Senate->lamontbagby.org[0m
[32m2023-10-22 23:43:05 INFO (MainThread) [__main__] Working on TonyOWilt->House->https://www.wiltfordelegate.com[0m
[32m2023-10-22 23:43:05 INFO (MainThread) [__main__] Working on AmandaEBatten->House->www.amandabatten.com[0m
[32m2023-10-22 23:43:05 INFO (MainThread) [__main__] Working on KarenAKeys-Gamarra->House->karenkeysgamarra.com[0m
[32m2023-10-22 23:43:05 INFO (MainThread) [__main__] Working on JosephPJoeMcNamara->House->joeforva.com[0m
[32m2023-10-22 23:43:05 INFO (MainThread) [__main__] Working on ClintonLJenkins->Senate->clintonforvirginia.com[0m
[32m2023-10-22 23:43:05 INFO (MainThread) [__main__] Working on MikeLVanMeter->Senate->vanmeterforva.com[0m
[32m2023-10-22 23:43:05 INFO (MainThread) [__main__] Working on LukeETorian->House->www.delegatetorian.com[0m
[32m2023-10-22 23:43:05 INFO (MainThread) [__main__] Working on KevinHAdams->Senate->kevinadamsforsenate.com[0m
[32m2023-10-22 23:43:05 INFO (MainThread) [__main__] Working on VivianEWatts->House->vivianwatts.com[0m
[32m2023-10-22 23:43:05 INFO (MainThread) [__main__] Working on JackieHopeGlass->House->delegatejackieglass.com[0m
[32m2023-10-22 23:43:05 INFO (MainThread) [__main__] Working on CandiPatriceMundonKing->House->candikingforva.com[0m
[32m2023-10-22 23:43:05 INFO (MainThread) [__main__] Working on TaraADurant->Senate->taradurant.com[0m
[32m2023-10-22 23:43:05 INFO (MainThread) [__main__] Working on RichardCRipSullivanJr->House->ripsullivan.com[0m
[32m2023-10-22 23:43:05 INFO (MainThread) [__main__] Working on JadeDHarris->Senate->jadeharrisva.com[0m
[32m2023-10-22 23:43:05 INFO (MainThread) [__main__] Working on PhilMHernandez->House->www.philforvirginia.com[0m
[32m2023-10-22 23:43:05 INFO (MainThread) [__main__] Working on EricFDitri->Senate->ericditri.com[0m
[32m2023-10-22 23:43:05 INFO (MainThread) [__main__] Working on PATrishWhite-Boyd->Senate->trishwhite-boyd.com[0m
[32m2023-10-22 23:43:05 INFO (MainThread) [__main__] Working on MichaelBFeggans->House->michaelfeggans.com[0m
[32m2023-10-22 23:43:05 INFO (MainThread) [__main__] Working on WrenMWilliams->House->wrenwilliamsva.com[0m
[32m2023-10-22 23:43:05 INFO (MainThread) [__main__] Working on RLeeWareJr->House->delegateleeware.net[0m
[32m2023-10-22 23:43:05 INFO (MainThread) [__main__] Working on GearyMHiggins->House->www.gearyhiggins.com[0m
[32m2023-10-22 23:43:05 INFO (MainThread) [__main__] Working on LesRAdams->House->lesadams.org[0m
[32m2023-10-22 23:43:05 INFO (MainThread) [__main__] Working on RaeCCousins->House->www.raecousins.com[0m
[32m2023-10-22 23:43:05 INFO (MainThread) [__main__] Working on WendellSWalker->House->www.wendellwalker.org[0m
[32m2023-10-22 23:43:05 INFO (MainThread) [__main__] Working on HOttoWachsmannJr->House->ottowachsmann.com[0m
[32m2023-10-22 23:43:05 INFO (MainThread) [__main__] Working on SuhasSubramanyam->Senate->suhasforvirginia.com[0m
[32m2023-10-22 23:43:05 INFO (MainThread) [__main__] Working on CatAPorterfield->House->catporterfield.com[0m
[32m2023-10-22 23:43:05 INFO (MainThread) [__main__] Working on GlenHSturtevantJr->Senate->glensturtevant.com[0m
[32m2023-10-22 23:43:05 INFO (MainThread) [__main__] Working on EllenHCampbell->House->https:\\www.campbellfordelegate.com[0m
[32m2023-10-22 23:43:05 INFO (MainThread) [__main__] Working on HFBuddyFowlerJr->House->https:\\www.buddyfowler.com[0m
[32m2023-10-22 23:43:05 INFO (MainThread) [__main__] Working on MarkJPeake->Senate->peakeforsenate.com[0m
[32m2023-10-22 23:43:05 INFO (MainThread) [__main__] Working on WilliamRBillDeSteph->Senate->www.billdesteph.com[0m
[32m2023-10-22 23:43:05 INFO (MainThread) [__main__] Working on IanTravisLovejoy->House->votelovejoy.com[0m
[32m2023-10-22 23:43:05 INFO (MainThread) [__main__] Working on DestinyLLevereBolling->House->destinyforvirginia.com[0m
[32m2023-10-22 23:43:05 INFO (MainThread) [__main__] Working on MarkLEarleyJr->House->markearleyforva.com[0m
[32m2023-10-22 23:43:05 INFO (MainThread) [__main__] Working on TMontyMason->Senate->masonforvirginia.com[0m
[32m2023-10-22 23:43:05 INFO (MainThread) [__main__] Working on JohnSitkaIII->House->sitkafordelegate.com[0m
[32m2023-10-22 23:43:05 INFO (MainThread) [__main__] Working on JoelLGriffin->Senate->joelgriffinva.com[0m
[32m2023-10-22 23:43:05 INFO (MainThread) [__main__] Working on ScottASurovell->Senate->https://www.scottsurovell.com[0m
[32m2023-10-22 23:43:05 INFO (MainThread) [__main__] Working on MarkBVafiades->Senate->markforva.com[0m
[32m2023-10-22 23:43:05 INFO (MainThread) [__main__] Working on LRileyShaia->House->rileyfordelegate.com[0m
[32m2023-10-22 23:43:05 INFO (MainThread) [__main__] Working on JamesAJayLeftwichJr->House->www.jayleftwich.com[0m
[32m2023-10-22 23:43:05 INFO (MainThread) [__main__] Working on TravisSNembhard->House->nembhardforvirginia.com[0m
[32m2023-10-22 23:43:05 INFO (MainThread) [__main__] Working on SSamRasoul->House->sam4va.com[0m
[32m2023-10-22 23:43:05 INFO (MainThread) [__main__] Working on NBaxterEnnis->House->https://baxterennis.com[0m
[32m2023-10-22 23:43:05 INFO (MainThread) [__main__] Working on DaveACranceJr->House->www.dave4va.com[0m
[32m2023-10-22 23:43:05 INFO (MainThread) [__main__] Working on JasonSBallard->House->ballardfordelegate.com[0m
[32m2023-10-22 23:43:05 INFO (MainThread) [__main__] Working on RobertSBloxomJr->House->robbloxom100.com[0m
[32m2023-10-22 23:43:05 INFO (MainThread) [__main__] Working on NickJFreitas->House->nickforva.com[0m
[32m2023-10-22 23:43:05 INFO (MainThread) [__main__] Working on JoshEThomas->House->jetforva.com[0m
[32m2023-10-22 23:43:05 INFO (MainThread) [__main__] Working on MichaelACherry->House->mikecherryforva.com[0m
[32m2023-10-22 23:43:05 INFO (MainThread) [__main__] Working on SteveDHarvey->House->steveharveyvirginia.com[0m
[32m2023-10-22 23:43:05 INFO (MainThread) [__main__] Working on MajorMikeWebb->House->https://www.MajorMikeWebb.org[0m
[32m2023-10-22 23:43:05 INFO (MainThread) [__main__] Working on JoshuaGCole->House->www.jgcole.org[0m
[32m2023-10-22 23:43:05 INFO (MainThread) [__main__] Working on MarkDObenshain->Senate->www.markobenshain.com[0m
[32m2023-10-22 23:43:05 INFO (MainThread) [__main__] Working on CECliffHayesJr->House->cliffhayes.com[0m
[32m2023-10-22 23:43:05 INFO (MainThread) [__main__] Working on MichaelJWebert->House->michael-webert.com[0m
[32m2023-10-22 23:43:05 INFO (MainThread) [__main__] Working on JDDannyDiggs->Senate->www.diggsforsenate.com[0m
[32m2023-10-22 23:43:05 INFO (MainThread) [__main__] Working on MarcusBSimon->House->www.marcussimon.com[0m
[32m2023-10-22 23:43:05 INFO (MainThread) [__main__] Working on FernandoJMartyMartinez->House->martyfordelegate.com[0m
[32m2023-10-22 23:43:05 INFO (MainThread) [__main__] Working on ThomasATomGarrettJr->House->https://www.tomfordelegate.com[0m
[32m2023-10-22 23:43:05 INFO (MainThread) [__main__] Working on BetsyBCarr->House->betsycarr.org[0m
[36m2023-10-22 23:43:05 DEBUG (MainThread) [scrapy.downloadermiddlewares.retry] Retrying <GET https://www.majormikewebb.org/robots.txt> (failed 1 times): DNS lookup failed: no results for hostname lookup: www.majormikewebb.org.[0m
[32m2023-10-22 23:43:05 INFO (MainThread) [__main__] Working on JuanPabloSegura->Senate->https://jpsva.com[0m
[32m2023-10-22 23:43:05 INFO (MainThread) [__main__] Working on AndrewBAndyPittman->House->andyfornorfolk.com[0m
[32m2023-10-22 23:43:05 INFO (MainThread) [__main__] Working on KathyKLTran->House->www.kathyfordelegate.com[0m
[32m2023-10-22 23:43:05 INFO (MainThread) [__main__] Working on AaronRRouse->Senate->rouseforsenate.com[0m
[32m2023-10-22 23:43:05 INFO (MainThread) [__main__] Working on MonicaLGary->Senate->www.monicagary.com[0m
[32m2023-10-22 23:43:05 INFO (MainThread) [__main__] Working on ToddEPillion->Senate->www.toddpillion.com[0m
[32m2023-10-22 23:43:05 INFO (MainThread) [__main__] Working on DavidWMarsden->Senate->marsdenforsenate.nationbuilder.com[0m
[32m2023-10-22 23:43:05 INFO (MainThread) [__main__] Working on MarcusTEvans->House->marcusforva15.com[0m
[32m2023-10-22 23:43:05 INFO (MainThread) [__main__] Working on JamesWWillMorefield->House->http://www.willmorefield.com[0m
[31m2023-10-22 23:43:05 ERROR (MainThread) [scrapy.downloadermiddlewares.robotstxt] Error downloading <GET https:///robots.txt>: Empty domain[0m
Traceback (most recent call last):
  File "/home/js/.local/lib/python3.10/site-packages/twisted/internet/defer.py", line 1693, in _inlineCallbacks
    result = context.run(
  File "/home/js/.local/lib/python3.10/site-packages/twisted/python/failure.py", line 518, in throwExceptionIntoGenerator
    return g.throw(self.type, self.value, self.tb)
  File "/home/js/.local/lib/python3.10/site-packages/scrapy/core/downloader/middleware.py", line 54, in process_request
    return (yield download_func(request=request, spider=spider))
  File "/home/js/.local/lib/python3.10/site-packages/scrapy/utils/defer.py", line 81, in mustbe_deferred
    result = f(*args, **kw)
  File "/home/js/.local/lib/python3.10/site-packages/scrapy/core/downloader/handlers/__init__.py", line 86, in download_request
    return cast(Deferred, handler.download_request(request, spider))
  File "/home/js/.local/lib/python3.10/site-packages/scrapy/core/downloader/handlers/http11.py", line 72, in download_request
    return agent.download_request(request)
  File "/home/js/.local/lib/python3.10/site-packages/scrapy/core/downloader/handlers/http11.py", line 375, in download_request
    d = agent.request(
  File "/home/js/.local/lib/python3.10/site-packages/twisted/web/client.py", line 1148, in request
    endpoint = self._getEndpoint(parsedURI)
  File "/home/js/.local/lib/python3.10/site-packages/twisted/web/client.py", line 1132, in _getEndpoint
    return self._endpointFactory.endpointForURI(uri)
  File "/home/js/.local/lib/python3.10/site-packages/twisted/web/client.py", line 1003, in endpointForURI
    connectionCreator = self._policyForHTTPS.creatorForNetloc(
  File "/home/js/.local/lib/python3.10/site-packages/scrapy/core/downloader/contextfactory.py", line 105, in creatorForNetloc
    return ScrapyClientTLSOptions(
  File "/home/js/.local/lib/python3.10/site-packages/scrapy/core/downloader/tls.py", line 44, in __init__
    super().__init__(hostname, ctx)
  File "/home/js/.local/lib/python3.10/site-packages/twisted/internet/_sslverify.py", line 1124, in __init__
    self._hostnameBytes = _idnaBytes(hostname)
  File "/home/js/.local/lib/python3.10/site-packages/twisted/internet/_idna.py", line 31, in _idnaBytes
    return idna.encode(text)
  File "/home/js/.local/lib/python3.10/site-packages/idna/core.py", line 355, in encode
    raise IDNAError('Empty domain')
idna.core.IDNAError: Empty domain
[32m2023-10-22 23:43:05 INFO (MainThread) [__main__] Working on ShellyASimonds->House->www.simondsfordelegate.com[0m
[32m2023-10-22 23:43:05 INFO (MainThread) [__main__] Working on LashrecseDAird->Senate->lashrecseaird.com[0m
[32m2023-10-22 23:43:05 INFO (MainThread) [__main__] Working on VictoriaALuevanos->Senate->victorialuevanos.com[0m
[32m2023-10-22 23:43:05 INFO (MainThread) [__main__] Working on IsraelDO'Quinn->House->israeloquinn.com[0m
[32m2023-10-22 23:43:05 INFO (MainThread) [__main__] Working on DonLScottJr->House->leaderdonscott.com[0m
[32m2023-10-22 23:43:05 INFO (MainThread) [__main__] Working on GhazalaFHashmi->Senate->ghazalahashmi.com[0m
[32m2023-10-22 23:43:05 INFO (MainThread) [__main__] Working on KatrinaECallsen->House->katrinacallsen.com[0m
[32m2023-10-22 23:43:05 INFO (MainThread) [__main__] Working on ChrisSRunion->House->chrisrunion.com[0m
[32m2023-10-22 23:43:05 INFO (MainThread) [__main__] Working on MichaelJDillender->House->mikedillenderva.com[0m
[32m2023-10-22 23:43:05 INFO (MainThread) [__main__] Working on DavidLBulova->House->www.davidbulova.com[0m
[32m2023-10-22 23:43:05 INFO (MainThread) [__main__] Working on EmilyMarieBrewer->Senate->https://www.brewerforva.com[0m
[36m2023-10-22 23:43:05 DEBUG (MainThread) [scrapy.core.engine] Crawled (200) <GET https://baxterennis.com/robots.txt> (referer: None)[0m
[36m2023-10-22 23:43:05 DEBUG (MainThread) [scrapy.core.engine] Crawled (200) <GET https://www.tomfordelegate.com/robots.txt> (referer: None)[0m
[32m2023-10-22 23:43:05 INFO (MainThread) [__main__] Working on TimothyPGriffin->House->griffinforvirginia.com[0m
[32m2023-10-22 23:43:05 INFO (MainThread) [__main__] Working on HollyMSeibold->House->www.hollyseibold.com[0m
[32m2023-10-22 23:43:05 INFO (MainThread) [__main__] Working on RyanTMcDougle->Senate->ryanmcdougle.com[0m
[32m2023-10-22 23:43:05 INFO (MainThread) [__main__] Working on CToddGilbert->House->delegatetoddgilbert.com[0m
[36m2023-10-22 23:43:05 DEBUG (MainThread) [scrapy.downloadermiddlewares.retry] Retrying <GET http://www.willmorefield.com/robots.txt> (failed 1 times): DNS lookup failed: no results for hostname lookup: www.willmorefield.com.[0m
[32m2023-10-22 23:43:05 INFO (MainThread) [__main__] Working on AnneFerrellTata->House->teamtata.org[0m
[32m2023-10-22 23:43:05 INFO (MainThread) [__main__] Working on EmilyGScott->Senate->scottforstatesenate.org[0m
[32m2023-10-22 23:43:05 INFO (MainThread) [__main__] Working on JenniferDCarrollFoy->Senate->jennifercarrollfoy.com[0m
[32m2023-10-22 23:43:05 INFO (MainThread) [__main__] Working on KellyKConvirs-Fowler->House->delegatefowler.com[0m
[32m2023-10-22 23:43:05 INFO (MainThread) [__main__] Working on AtoosaRReaser->House->atoosareaser.com[0m
[32m2023-10-22 23:43:05 INFO (MainThread) [__main__] Working on AnthonyWTonyGoodwin->Senate->www.agoodwinforportsmouth.com[0m
[32m2023-10-22 23:43:05 INFO (MainThread) [__main__] Working on RandallKWolf->House->wolf4delegate.com[0m
[32m2023-10-22 23:43:05 INFO (MainThread) [__main__] Working on FrankMRuffJr->Senate->senatorfrankruff.com[0m
[32m2023-10-22 23:43:05 INFO (MainThread) [__main__] Working on DavidAReid->House->delegatedavidreid.com[0m
[32m2023-10-22 23:43:05 INFO (MainThread) [__main__] Working on SaddamAzlanSalim->Senate->salimforsenate.com[0m
[32m2023-10-22 23:43:05 INFO (MainThread) [__main__] Working on SchuylerTVanValkenburg->Senate->vanvalkenburg4va.com[0m
[32m2023-10-22 23:43:05 INFO (MainThread) [__main__] Working on SharonEAshurst->House->sharon4vahd20.com[0m
[32m2023-10-22 23:43:05 INFO (MainThread) [__main__] Working on SusannaSGibson->House->susannagibson.com[0m
[32m2023-10-22 23:43:05 INFO (MainThread) [__main__] Working on BarryDKnight->House->www.barryknight.com[0m
[32m2023-10-22 23:43:05 INFO (MainThread) [__main__] Working on WilliamMBillStanleyJr->Senate->stanleyforsenate.com[0m
[32m2023-10-22 23:43:05 INFO (MainThread) [__main__] Working on StellaGPekarsky->Senate->stellapekarsky.com[0m
[32m2023-10-22 23:43:05 INFO (MainThread) [__main__] Working on MKeithHodges->House->keithhodges98.com[0m
[32m2023-10-22 23:43:05 INFO (MainThread) [__main__] Working on DeborahIRenieGates->Senate->www.friendsofreniegates.com[0m
[32m2023-10-22 23:43:05 INFO (MainThread) [__main__] Working on LeePetersIII->House->petersforvirginia.com[0m
[32m2023-10-22 23:43:05 INFO (MainThread) [__main__] Working on WilliamPDavis->House->davisfordelegate.com[0m
[32m2023-10-22 23:43:05 INFO (MainThread) [__main__] Working on LauraJaneHCohen->House->laurajanecohen.com[0m
[32m2023-10-22 23:43:05 INFO (MainThread) [__main__] Working on JeionAWard->House->jeionward.com[0m
[32m2023-10-22 23:43:05 INFO (MainThread) [__main__] Working on LillianVFranklin->House->lilyfordelegate.com[0m
[32m2023-10-22 23:43:05 INFO (MainThread) [__main__] Working on ChristopherTHead->Senate->chrisheadva.com[0m
[32m2023-10-22 23:43:05 INFO (MainThread) [__main__] Working on SiobhanSDunnavant->Senate->dunnavantdelivers.com[0m
[32m2023-10-22 23:43:05 INFO (MainThread) [__main__] Working on CharnieleLHerring->House->charnieleherring.com[0m
[32m2023-10-22 23:43:05 INFO (MainThread) [__main__] Working on RichardHStuart->Senate->www.stuartforsenate.com[0m
[32m2023-10-22 23:43:05 INFO (MainThread) [__main__] Working on JoliciaAWard->Senate->www.joliciaforva.org[0m
[32m2023-10-22 23:43:05 INFO (MainThread) [__main__] Working on JChristianChrisObenshain->House->www.obenshainfordelegate.com[0m
[32m2023-10-22 23:43:05 INFO (MainThread) [__main__] Working on KimATaylor->House->kimtaylorva.com[0m
[32m2023-10-22 23:43:05 INFO (MainThread) [__main__] Working on MarkDSickles->House->marksickles.com[0m
[32m2023-10-22 23:43:05 INFO (MainThread) [__main__] Working on NadariusEClark->House->clarkfordelegate.com[0m
[32m2023-10-22 23:43:05 INFO (MainThread) [__main__] Working on JohnJMcGuireIII->Senate->mcguireforvirginia.com[0m
[32m2023-10-22 23:43:05 INFO (MainThread) [__main__] Working on RodneyTWillett->House->www.rodwillett.com[0m
[32m2023-10-22 23:43:05 INFO (MainThread) [__main__] Working on GraceEMorrison->House->gracefordelegate.com[0m
[32m2023-10-22 23:43:05 INFO (MainThread) [__main__] Working on KennethDKenReid->Senate->kenreid.org[0m
[36m2023-10-22 23:43:05 DEBUG (MainThread) [scrapy.core.engine] Crawled (200) <GET https://www.brewerforva.com/robots.txt> (referer: None)[0m
[36m2023-10-22 23:43:05 DEBUG (MainThread) [scrapy.downloadermiddlewares.retry] Retrying <GET http://www.willmorefield.com/robots.txt> (failed 2 times): DNS lookup failed: no results for hostname lookup: www.willmorefield.com.[0m
[36m2023-10-22 23:43:05 DEBUG (MainThread) [scrapy.downloadermiddlewares.retry] Retrying <GET https://www.majormikewebb.org/robots.txt> (failed 2 times): DNS lookup failed: no results for hostname lookup: www.majormikewebb.org.[0m
[36m2023-10-22 23:43:06 DEBUG (MainThread) [scrapy.core.engine] Crawled (403) <GET https://baxterennis.com> (referer: None)[0m
[32m2023-10-22 23:43:06 INFO (MainThread) [__main__] Logging error from the error handler[0m
[31m2023-10-22 23:43:06 ERROR (MainThread) [__main__] <twisted.python.failure.Failure idna.core.IDNAError: Empty domain>[0m
[36m2023-10-22 23:43:06 DEBUG (MainThread) [scrapy.core.engine] Crawled (403) <GET https://www.brewerforva.com> (referer: None)[0m
[36m2023-10-22 23:43:06 DEBUG (MainThread) [scrapy.core.engine] Crawled (403) <GET https://www.tomfordelegate.com> (referer: None)[0m
[32m2023-10-22 23:43:06 INFO (MainThread) [__main__] Logging error from the error handler[0m
[31m2023-10-22 23:43:06 ERROR (MainThread) [__main__] <twisted.python.failure.Failure scrapy.spidermiddlewares.httperror.HttpError: Ignoring non-200 response>[0m
[32m2023-10-22 23:43:06 INFO (MainThread) [__main__] Logging error from the error handler[0m
[31m2023-10-22 23:43:06 ERROR (MainThread) [__main__] <twisted.python.failure.Failure scrapy.spidermiddlewares.httperror.HttpError: Ignoring non-200 response>[0m
[32m2023-10-22 23:43:06 INFO (MainThread) [__main__] Logging error from the error handler[0m
[31m2023-10-22 23:43:06 ERROR (MainThread) [__main__] <twisted.python.failure.Failure scrapy.spidermiddlewares.httperror.HttpError: Ignoring non-200 response>[0m
[31m2023-10-22 23:43:06 ERROR (MainThread) [scrapy.downloadermiddlewares.retry] Gave up retrying <GET https://www.majormikewebb.org/robots.txt> (failed 3 times): DNS lookup failed: no results for hostname lookup: www.majormikewebb.org.[0m
[31m2023-10-22 23:43:06 ERROR (MainThread) [scrapy.downloadermiddlewares.robotstxt] Error downloading <GET https://www.majormikewebb.org/robots.txt>: DNS lookup failed: no results for hostname lookup: www.majormikewebb.org.[0m
Traceback (most recent call last):
  File "/home/js/.local/lib/python3.10/site-packages/twisted/internet/defer.py", line 1693, in _inlineCallbacks
    result = context.run(
  File "/home/js/.local/lib/python3.10/site-packages/twisted/python/failure.py", line 518, in throwExceptionIntoGenerator
    return g.throw(self.type, self.value, self.tb)
  File "/home/js/.local/lib/python3.10/site-packages/scrapy/core/downloader/middleware.py", line 54, in process_request
    return (yield download_func(request=request, spider=spider))
  File "/home/js/.local/lib/python3.10/site-packages/twisted/internet/defer.py", line 892, in _runCallbacks
    current.result = callback(  # type: ignore[misc]
  File "/home/js/.local/lib/python3.10/site-packages/twisted/internet/endpoints.py", line 1022, in startConnectionAttempts
    raise error.DNSLookupError(
twisted.internet.error.DNSLookupError: DNS lookup failed: no results for hostname lookup: www.majormikewebb.org.
[31m2023-10-22 23:43:06 ERROR (MainThread) [scrapy.downloadermiddlewares.retry] Gave up retrying <GET http://www.willmorefield.com/robots.txt> (failed 3 times): DNS lookup failed: no results for hostname lookup: www.willmorefield.com.[0m
[31m2023-10-22 23:43:06 ERROR (MainThread) [scrapy.downloadermiddlewares.robotstxt] Error downloading <GET http://www.willmorefield.com/robots.txt>: DNS lookup failed: no results for hostname lookup: www.willmorefield.com.[0m
Traceback (most recent call last):
  File "/home/js/.local/lib/python3.10/site-packages/twisted/internet/defer.py", line 1693, in _inlineCallbacks
    result = context.run(
  File "/home/js/.local/lib/python3.10/site-packages/twisted/python/failure.py", line 518, in throwExceptionIntoGenerator
    return g.throw(self.type, self.value, self.tb)
  File "/home/js/.local/lib/python3.10/site-packages/scrapy/core/downloader/middleware.py", line 54, in process_request
    return (yield download_func(request=request, spider=spider))
  File "/home/js/.local/lib/python3.10/site-packages/twisted/internet/defer.py", line 892, in _runCallbacks
    current.result = callback(  # type: ignore[misc]
  File "/home/js/.local/lib/python3.10/site-packages/twisted/internet/endpoints.py", line 1022, in startConnectionAttempts
    raise error.DNSLookupError(
twisted.internet.error.DNSLookupError: DNS lookup failed: no results for hostname lookup: www.willmorefield.com.
[36m2023-10-22 23:43:07 DEBUG (MainThread) [scrapy.downloadermiddlewares.retry] Retrying <GET https://www.majormikewebb.org> (failed 1 times): DNS lookup failed: no results for hostname lookup: www.majormikewebb.org.[0m
[36m2023-10-22 23:43:07 DEBUG (MainThread) [scrapy.downloadermiddlewares.retry] Retrying <GET http://www.willmorefield.com> (failed 1 times): DNS lookup failed: no results for hostname lookup: www.willmorefield.com.[0m
[36m2023-10-22 23:43:07 DEBUG (MainThread) [scrapy.downloadermiddlewares.retry] Retrying <GET https://www.majormikewebb.org> (failed 2 times): DNS lookup failed: no results for hostname lookup: www.majormikewebb.org.[0m
[36m2023-10-22 23:43:07 DEBUG (MainThread) [scrapy.downloadermiddlewares.retry] Retrying <GET http://www.willmorefield.com> (failed 2 times): DNS lookup failed: no results for hostname lookup: www.willmorefield.com.[0m
[31m2023-10-22 23:43:08 ERROR (MainThread) [scrapy.downloadermiddlewares.retry] Gave up retrying <GET http://www.willmorefield.com> (failed 3 times): DNS lookup failed: no results for hostname lookup: www.willmorefield.com.[0m
[32m2023-10-22 23:43:08 INFO (MainThread) [__main__] Logging error from the error handler[0m
[31m2023-10-22 23:43:08 ERROR (MainThread) [__main__] <twisted.python.failure.Failure twisted.internet.error.DNSLookupError: DNS lookup failed: no results for hostname lookup: www.willmorefield.com.>[0m
[31m2023-10-22 23:43:08 ERROR (MainThread) [scrapy.downloadermiddlewares.retry] Gave up retrying <GET https://www.majormikewebb.org> (failed 3 times): DNS lookup failed: no results for hostname lookup: www.majormikewebb.org.[0m
[32m2023-10-22 23:43:08 INFO (MainThread) [__main__] Logging error from the error handler[0m
[31m2023-10-22 23:43:08 ERROR (MainThread) [__main__] <twisted.python.failure.Failure twisted.internet.error.DNSLookupError: DNS lookup failed: no results for hostname lookup: www.majormikewebb.org.>[0m
[36m2023-10-22 23:43:17 DEBUG (MainThread) [scrapy.downloadermiddlewares.retry] Retrying <GET https://www.wiltfordelegate.com/robots.txt> (failed 1 times): Connection was refused by other side: 111: Connection refused.[0m
[36m2023-10-22 23:43:17 DEBUG (MainThread) [scrapy.downloadermiddlewares.retry] Retrying <GET https://www.scottsurovell.com/robots.txt> (failed 1 times): Connection was refused by other side: 111: Connection refused.[0m
[36m2023-10-22 23:43:17 DEBUG (MainThread) [scrapy.downloadermiddlewares.retry] Retrying <GET https://jpsva.com/robots.txt> (failed 1 times): Connection was refused by other side: 111: Connection refused.[0m
[36m2023-10-22 23:43:29 DEBUG (MainThread) [scrapy.downloadermiddlewares.retry] Retrying <GET https://www.wiltfordelegate.com/robots.txt> (failed 2 times): Connection was refused by other side: 111: Connection refused.[0m
[36m2023-10-22 23:43:29 DEBUG (MainThread) [scrapy.downloadermiddlewares.retry] Retrying <GET https://www.scottsurovell.com/robots.txt> (failed 2 times): Connection was refused by other side: 111: Connection refused.[0m
[36m2023-10-22 23:43:29 DEBUG (MainThread) [scrapy.downloadermiddlewares.retry] Retrying <GET https://jpsva.com/robots.txt> (failed 2 times): Connection was refused by other side: 111: Connection refused.[0m
[31m2023-10-22 23:43:41 ERROR (MainThread) [scrapy.downloadermiddlewares.retry] Gave up retrying <GET https://www.wiltfordelegate.com/robots.txt> (failed 3 times): Connection was refused by other side: 111: Connection refused.[0m
[31m2023-10-22 23:43:41 ERROR (MainThread) [scrapy.downloadermiddlewares.robotstxt] Error downloading <GET https://www.wiltfordelegate.com/robots.txt>: Connection was refused by other side: 111: Connection refused.[0m
Traceback (most recent call last):
  File "/home/js/.local/lib/python3.10/site-packages/scrapy/core/downloader/middleware.py", line 54, in process_request
    return (yield download_func(request=request, spider=spider))
twisted.internet.error.ConnectionRefusedError: Connection was refused by other side: 111: Connection refused.
[31m2023-10-22 23:43:41 ERROR (MainThread) [scrapy.downloadermiddlewares.retry] Gave up retrying <GET https://www.scottsurovell.com/robots.txt> (failed 3 times): Connection was refused by other side: 111: Connection refused.[0m
[31m2023-10-22 23:43:41 ERROR (MainThread) [scrapy.downloadermiddlewares.robotstxt] Error downloading <GET https://www.scottsurovell.com/robots.txt>: Connection was refused by other side: 111: Connection refused.[0m
Traceback (most recent call last):
  File "/home/js/.local/lib/python3.10/site-packages/scrapy/core/downloader/middleware.py", line 54, in process_request
    return (yield download_func(request=request, spider=spider))
twisted.internet.error.ConnectionRefusedError: Connection was refused by other side: 111: Connection refused.
[31m2023-10-22 23:43:41 ERROR (MainThread) [scrapy.downloadermiddlewares.retry] Gave up retrying <GET https://jpsva.com/robots.txt> (failed 3 times): Connection was refused by other side: 111: Connection refused.[0m
[31m2023-10-22 23:43:41 ERROR (MainThread) [scrapy.downloadermiddlewares.robotstxt] Error downloading <GET https://jpsva.com/robots.txt>: Connection was refused by other side: 111: Connection refused.[0m
Traceback (most recent call last):
  File "/home/js/.local/lib/python3.10/site-packages/scrapy/core/downloader/middleware.py", line 54, in process_request
    return (yield download_func(request=request, spider=spider))
twisted.internet.error.ConnectionRefusedError: Connection was refused by other side: 111: Connection refused.
[36m2023-10-22 23:43:53 DEBUG (MainThread) [scrapy.downloadermiddlewares.retry] Retrying <GET https://www.scottsurovell.com> (failed 1 times): Connection was refused by other side: 111: Connection refused.[0m
[36m2023-10-22 23:43:53 DEBUG (MainThread) [scrapy.downloadermiddlewares.retry] Retrying <GET https://www.wiltfordelegate.com> (failed 1 times): Connection was refused by other side: 111: Connection refused.[0m
[36m2023-10-22 23:43:53 DEBUG (MainThread) [scrapy.downloadermiddlewares.retry] Retrying <GET https://jpsva.com> (failed 1 times): Connection was refused by other side: 111: Connection refused.[0m
[32m2023-10-22 23:44:05 INFO (MainThread) [scrapy.extensions.logstats] Crawled 6 pages (at 6 pages/min), scraped 0 items (at 0 items/min)[0m
[36m2023-10-22 23:44:05 DEBUG (MainThread) [scrapy.downloadermiddlewares.retry] Retrying <GET https://www.wiltfordelegate.com> (failed 2 times): Connection was refused by other side: 111: Connection refused.[0m
[36m2023-10-22 23:44:05 DEBUG (MainThread) [scrapy.downloadermiddlewares.retry] Retrying <GET https://jpsva.com> (failed 2 times): Connection was refused by other side: 111: Connection refused.[0m
[36m2023-10-22 23:44:06 DEBUG (MainThread) [scrapy.downloadermiddlewares.retry] Retrying <GET https://www.scottsurovell.com> (failed 2 times): Connection was refused by other side: 111: Connection refused.[0m
[31m2023-10-22 23:44:18 ERROR (MainThread) [scrapy.downloadermiddlewares.retry] Gave up retrying <GET https://www.wiltfordelegate.com> (failed 3 times): Connection was refused by other side: 111: Connection refused.[0m
[31m2023-10-22 23:44:18 ERROR (MainThread) [scrapy.downloadermiddlewares.retry] Gave up retrying <GET https://jpsva.com> (failed 3 times): Connection was refused by other side: 111: Connection refused.[0m
[32m2023-10-22 23:44:18 INFO (MainThread) [__main__] Logging error from the error handler[0m
[31m2023-10-22 23:44:18 ERROR (MainThread) [__main__] <twisted.python.failure.Failure twisted.internet.error.ConnectionRefusedError: Connection was refused by other side: 111: Connection refused.>[0m
[32m2023-10-22 23:44:18 INFO (MainThread) [__main__] Logging error from the error handler[0m
[31m2023-10-22 23:44:18 ERROR (MainThread) [__main__] <twisted.python.failure.Failure twisted.internet.error.ConnectionRefusedError: Connection was refused by other side: 111: Connection refused.>[0m
[31m2023-10-22 23:44:19 ERROR (MainThread) [scrapy.downloadermiddlewares.retry] Gave up retrying <GET https://www.scottsurovell.com> (failed 3 times): Connection was refused by other side: 111: Connection refused.[0m
[32m2023-10-22 23:44:19 INFO (MainThread) [__main__] Logging error from the error handler[0m
[31m2023-10-22 23:44:19 ERROR (MainThread) [__main__] <twisted.python.failure.Failure twisted.internet.error.ConnectionRefusedError: Connection was refused by other side: 111: Connection refused.>[0m
[32m2023-10-22 23:44:19 INFO (MainThread) [scrapy.core.engine] Closing spider (finished)[0m
[32m2023-10-22 23:44:19 INFO (MainThread) [scrapy.statscollectors] Dumping Scrapy stats:
{'downloader/exception_count': 32,
 'downloader/exception_type_count/idna.core.IDNAError': 2,
 'downloader/exception_type_count/twisted.internet.error.ConnectionRefusedError': 18,
 'downloader/exception_type_count/twisted.internet.error.DNSLookupError': 12,
 'downloader/request_bytes': 14647,
 'downloader/request_count': 38,
 'downloader/request_method_count/GET': 38,
 'downloader/response_bytes': 17321,
 'downloader/response_count': 6,
 'downloader/response_status_count/200': 3,
 'downloader/response_status_count/403': 3,
 'dupefilter/filtered': 143,
 'elapsed_time_seconds': 74.807617,
 'finish_reason': 'finished',
 'finish_time': datetime.datetime(2023, 10, 23, 3, 44, 19, 997766, tzinfo=datetime.timezone.utc),
 'httpcompression/response_bytes': 17728,
 'httpcompression/response_count': 6,
 'log_count/DEBUG': 28,
 'log_count/ERROR': 25,
 'log_count/INFO': 173,
 'log_count/WARNING': 2,
 'memusage/max': 74399744,
 'memusage/startup': 66658304,
 'response_received_count': 6,
 'retry/count': 20,
 'retry/max_reached': 10,
 'retry/reason_count/twisted.internet.error.ConnectionRefusedError': 12,
 'retry/reason_count/twisted.internet.error.DNSLookupError': 8,
 "robotstxt/exception_count/<class 'idna.core.IDNAError'>": 1,
 "robotstxt/exception_count/<class 'twisted.internet.error.ConnectionRefusedError'>": 3,
 "robotstxt/exception_count/<class 'twisted.internet.error.DNSLookupError'>": 2,
 'robotstxt/request_count': 9,
 'robotstxt/response_count': 3,
 'robotstxt/response_status_count/200': 3,
 'scheduler/dequeued': 19,
 'scheduler/dequeued/memory': 19,
 'scheduler/enqueued': 19,
 'scheduler/enqueued/memory': 19,
 'start_time': datetime.datetime(2023, 10, 23, 3, 43, 5, 190149, tzinfo=datetime.timezone.utc)}[0m
[32m2023-10-22 23:44:19 INFO (MainThread) [scrapy.core.engine] Spider closed (finished)[0m
[32m2023-10-22 23:44:20 INFO (MainThread) [__main__] ----Time taken in seconds----:74.94280672073364[0m
